==============================================================================
= 20.09.2019 12:44:53                                                        =
==============================================================================
There was an error during the execution of this program.
The application might become unstable and even useless.
It's recommended that you save your work and close this application.

Invalid floating point operation.

------------------------------------------------------------------------------
Exception log with detailed tech info. Generated on 20.09.2019 12:44:52.
You may send it to the application vendor, helping him to understand what had happened.
 Application title: Альфа-Склад
 Application file: D:\Users\Admin\YandexDisk\AlphaSklad22\win32\debug\AlphaSklad.exe
------------------------------------------------------------------------------
Exception class: EInvalidOp
Exception message: Invalid floating point operation.
Exception address: 70FCADF3
------------------------------------------------------------------------------
Main thread ID = 10784
Exception thread ID = 10784
------------------------------------------------------------------------------
Call stack for main thread
Stack list, generated 20.09.2019 12:44:52
[7776FB4C]{ntdll.dll   } ZwGetContextThread
------------------------------------------------------------------------------
System   : Windows Server 2016 Server, Version: 6.2, Build: 23F0, ""
Processor: Intel,      Intel(R) Xeon(R) CPU E3-1220L V2 @ 2.30GHz, 2300 MHz MMX SSE SSE2 SSE3 SSSE3 SSE41 SSE42 64 bits DEP
Memory: 16221; free 8674
Display  : 1920x1080 pixels, 32 bpp
------------------------------------------------------------------------------
List of loaded modules:
[00400000] D:\Users\Admin\YandexDisk\AlphaSklad22\win32\debug\AlphaSklad.exe
           2.0.1.147 - 2.0.1.147
           Альфа-Склад
           Unit versioning information:
             JCL\source\common JclUnitVersioningProviders.pas 30b46b307c41c5832a4c12ebc44521872bc2145e 2011-09-02 22:07:50 +0000
[10000000] C:\Program Files (x86)\Common Files\System\msadc\msadcer.dll
           6.2.14393.0 - 10.0.14393.0 (rs1_release.160715-1616)
           OLE DB Cursor Engine Resources
[39670000] C:\Windows\System32\1033\SQLNCLIR11.RLL
           2011.110.2100.60 - 2011.0110.2100.060 ((SQL11_RTM).120210-1846 )
           Microsoft SQL Server Native Client 11.0
[46480000] C:\Windows\system32\security.dll
           6.2.14393.0 - 10.0.14393.0 (rs1_release.160715-1616)
           Security Support Provider Interface
[59A70000] C:\Windows\SYSTEM32\DUser.dll
           6.2.14393.0 - 10.0.14393.0 (rs1_release.160715-1616)
           Windows DirectUser Engine
[5B410000] C:\Program Files (x86)\Common Files\microsoft shared\ink\tiptsf.dll
           6.2.14393.2636 - 10.0.14393.0 (rs1_release.160715-1616)
           Инфраструктура текстовых служб сенсорной клавиатуры и панели рукописного ввода
[5D4B0000] C:\Windows\AppPatch\AcGenral.DLL
           6.2.14393.3053 - 10.0.14393.3053 (rs1_release_inmarket.190612-1836)
           Windows Compatibility DLL
[63260000] C:\Windows\SYSTEM32\oleacc.dll
           7.2.14393.2969 - 7.2.14393.2969 (rs1_release.190503-1820)
           Active Accessibility Core Component
[6D7C0000] C:\Windows\SYSTEM32\tsappcmp.dll
           6.2.14393.0 - 10.0.14393.0 (rs1_release.160715-1616)
           DLL-библиотека совместимости приложения служб удаленных рабочих столов
[6E610000] C:\Windows\SYSTEM32\iertutil.dll
           11.0.14393.3115 - 11.00.14393.0 (rs1_release.160715-1616)
           Служебная программа времени выполнения для Internet Explorer
[6E850000] C:\Windows\SYSTEM32\urlmon.dll
           11.0.14393.3179 - 11.00.14393.0 (rs1_release.160715-1616)
           Расширения OLE32 для Win32
[6F6A0000] C:\Windows\SYSTEM32\atlthunk.dll
           6.2.14393.2457 - 10.0.14393.2457 (rs1_release_inmarket.180822-1743)
           atlthunk.dll
[6F6B0000] C:\Windows\SYSTEM32\samcli.dll
           6.2.14393.0 - 10.0.14393.0 (rs1_release.160715-1616)
           Security Accounts Manager Client DLL
[6F9B0000] C:\Windows\SYSTEM32\mswstr10.dll
           4.0.9801.1 - 4.00.9765.0
           Библиотека сортировки Microsoft Jet
[6FA60000] C:\Program Files (x86)\Common Files\System\msadc\msadce.dll
           6.2.14393.2608 - 10.0.14393.2608 (rs1_release.181024-1742)
           OLE DB Cursor Engine
[70BB0000] C:\Windows\system32\RESUTILS.DLL
           6.2.14393.2879 - 10.0.14393.0 (rs1_release.160715-1616)
           Библиотека DLL служебной программы ресурсов кластера (Майкрософт)
[70C00000] C:\Windows\system32\ntdsapi.dll
           6.2.14393.0 - 10.0.14393.0 (rs1_release.160715-1616)
           Active Directory Domain Services API
[70C20000] C:\Windows\SYSTEM32\cryptdll.dll
           6.2.14393.2969 - 10.0.14393.2969 (rs1_release.190503-1820)
           Cryptography Manager
[70C40000] C:\Windows\SYSTEM32\NtlmShared.dll
           6.2.14393.2791 - 10.0.14393.2791 (rs1_release.190205-1511)
           NTLM Shared Functionality
[70C50000] C:\Windows\System32\msv1_0.DLL
           6.2.14393.3024 - 10.0.14393.0 (rs1_release.160715-1616)
           Microsoft Authentication Package v1.0
[70CB0000] C:\Windows\System32\Kerberos.DLL
           6.2.14393.3143 - 10.0.14393.0 (rs1_release.160715-1616)
           Пакет безопасности Kerberos
[70D90000] C:\Windows\System32\MSVCR100.dll
           10.0.40219.473 - 10.00.40219.473
           Microsoft® C Runtime Library
[70E50000] C:\Windows\System32\sqlncli11.dll
           2011.110.2100.60 - 2011.0110.2100.060 ((SQL11_RTM).120210-1846 )
           Microsoft SQL Server Native Client 11.0
[71130000] C:\Windows\System32\comsvcs.dll
           2001.12.10941.16384 - 2001.12.10941.16384 (rs1_release_inmarket.190313-1855)
           COM+ Services
[71280000] C:\Windows\SYSTEM32\DPAPI.dll
           6.2.14393.0 - 10.0.14393.0 (rs1_release.160715-1616)
           Data Protection API
[71290000] C:\Program Files (x86)\Common Files\System\Ole DB\oledb32.dll
           6.2.14393.2758 - 10.0.14393.2758 (rs1_release_1.190104-1904)
           OLE DB Core Services
[71360000] C:\Windows\SYSTEM32\MSDART.DLL
           6.2.14393.0 - 10.0.14393.0 (rs1_release.160715-1616)
           OLE DB Runtime Routines
[71390000] C:\Program Files (x86)\Common Files\System\ado\msado15.dll
           6.2.14393.3024 - 10.0.14393.3024 (rs1_release.190530-2002)
           ActiveX Data Objects
[71510000] C:\Windows\SYSTEM32\DSPARSE.DLL
           6.2.14393.0 - 10.0.14393.0 (rs1_release.160715-1616)
           Active Directory Domain Services API
[71720000] C:\Windows\system32\ncryptsslp.dll
           6.2.14393.2457 - 10.0.14393.2457 (rs1_release_inmarket.180822-1743)
           Microsoft SChannel Provider
[71740000] C:\Windows\SYSTEM32\NTASN1.dll
           6.2.14393.0 - 10.0.14393.0 (rs1_release.160715-1616)
           Microsoft ASN.1 API
[71770000] C:\Windows\SYSTEM32\ncrypt.dll
           6.2.14393.2457 - 10.0.14393.0 (rs1_release.160715-1616)
           Маршрутизатор Windows NCrypt
[71790000] C:\Windows\SYSTEM32\mskeyprotect.dll
           6.2.14393.2457 - 10.0.14393.0 (rs1_release.160715-1616)
           Поставщик защиты ключей (Майкрософт)
[717D0000] C:\Windows\SYSTEM32\sxs.dll
           6.2.14393.0 - 10.0.14393.0 (rs1_release.160715-1616)
           Fusion 2.5
[71C80000] C:\Windows\SYSTEM32\dwmapi.dll
           6.2.14393.206 - 10.0.14393.0 (rs1_release.160715-1616)
           Интерфейс API диспетчера окон рабочего стола (Майкрософт)
[720C0000] C:\Windows\System32\LOGONCLI.DLL
           6.2.14393.2007 - 10.0.14393.2007 (rs1_release.171231-1800)
           Net Logon Client DLL
[720F0000] C:\Windows\system32\CLUSAPI.DLL
           6.2.14393.2879 - 10.0.14393.0 (rs1_release.160715-1616)
           Библиотека API кластера
[72790000] C:\Windows\SYSTEM32\DNSAPI.dll
           6.2.14393.2999 - 10.0.14393.0 (rs1_release.160715-1616)
           Динамическая библиотека API DNS-клиента
[72B60000] C:\Windows\System32\dbghelp.dll
           6.2.14321.1024 - 10.0.14321.1024 (rs1_release.160715-1616)
           Windows Image Helper
[72DA0000] C:\Windows\SYSTEM32\UxTheme.dll
           6.2.14393.2248 - 10.0.14393.0 (rs1_release.160715-1616)
           Библиотека тем UxTheme (Microsoft)
[72EB0000] C:\Windows\SYSTEM32\WINSTA.dll
           6.2.14393.0 - 10.0.14393.0 (rs1_release.160715-1616)
           Winstation Library
[72F00000] C:\Windows\SYSTEM32\wtsapi32.dll
           6.2.14393.0 - 10.0.14393.0 (rs1_release.160715-1616)
           Windows Remote Desktop Session Host Server SDK APIs
[72F10000] C:\Windows\system32\mswsock.dll
           6.2.14393.0 - 10.0.14393.0 (rs1_release.160715-1616)
           Расширение поставщика службы API Microsoft Windows Sockets 2.0
[732F0000] C:\Windows\system32\apphelp.dll
           6.2.14393.0 - 10.0.14393.0 (rs1_release.160715-1616)
           Клиентская библиотека совместимости приложений
[73390000] C:\Windows\System32\schannel.dll
           6.2.14393.3024 - 10.0.14393.0 (rs1_release.160715-1616)
           Поставщик безопасности TLS/SSL
[73400000] C:\Windows\system32\secur32.dll
           6.2.14393.2273 - 10.0.14393.2273 (rs1_release_1.180427-1811)
           Security Support Provider Interface
[734A0000] C:\Windows\System32\NETUTILS.DLL
           6.2.14393.0 - 10.0.14393.0 (rs1_release.160715-1616)
           Net Win32 API Helpers DLL
[734B0000] C:\Windows\SYSTEM32\IPHLPAPI.DLL
           6.2.14393.2339 - 10.0.14393.0 (rs1_release.160715-1616)
           API вспомогательного приложения IP
[73580000] C:\Windows\SYSTEM32\MSACM32.dll
           6.2.14393.0 - 10.0.14393.0 (rs1_release.160715-1616)
           Фильтр диспетчера аудиосжатия Microsoft
[735A0000] C:\Windows\SYSTEM32\MPR.dll
           6.2.14393.2879 - 10.0.14393.0 (rs1_release.160715-1616)
           Библиотека маршрутизации для нескольких служб доступа
[73600000] C:\Windows\SYSTEM32\USERENV.dll
           6.2.14393.3024 - 10.0.14393.0 (rs1_release.160715-1616)
           Userenv
[73690000] C:\Windows\WinSxS\x86_microsoft.windows.common-controls_6595b64144ccf1df_6.0.14393.3053_none_c58d796d97be2a63\comctl32.dll
           6.10.14393.3053 - 6.10 (rs1_release_inmarket.190612-1836)
           Библиотека элементов управления взаимодействия с пользователем
[738A0000] C:\Windows\SYSTEM32\wsock32.dll
           6.2.14393.0 - 10.0.14393.0 (rs1_release.160715-1616)
           Windows Socket 32-Bit DLL
[73AE0000] C:\Windows\SYSTEM32\bcrypt.dll
           6.2.14393.2969 - 10.0.14393.0 (rs1_release.160715-1616)
           Библиотека криптографических примитивов Windows
[73C90000] C:\Windows\System32\NETAPI32.dll
           6.2.14393.0 - 10.0.14393.0 (rs1_release.160715-1616)
           Net Win32 API DLL
[73CB0000] C:\Windows\SYSTEM32\WINMMBASE.dll
           6.2.14393.0 - 10.0.14393.0 (rs1_release.160715-1616)
           Base Multimedia Extension API DLL
[73D60000] C:\Windows\SYSTEM32\WINSPOOL.DRV
           6.2.14393.2848 - 10.0.14393.1715 (rs1_release_inmarket.170906-1810)
           Драйвер диспетчера очереди Windows
[73DD0000] C:\Windows\SYSTEM32\VERSION.dll
           6.2.14393.0 - 10.0.14393.0 (rs1_release.160715-1616)
           Version Checking and File Installation Libraries
[741A0000] C:\Windows\SYSTEM32\WINMM.dll
           6.2.14393.0 - 10.0.14393.0 (rs1_release.160715-1616)
           MCI API DLL
[741D0000] C:\Windows\System32\CRYPTBASE.dll
           6.2.14393.0 - 10.0.14393.0 (rs1_release.160715-1616)
           Base cryptographic API DLL
[741E0000] C:\Windows\System32\SspiCli.dll
           6.2.14393.2580 - 10.0.14393.2580 (rs1_release_inmarket.181009-1745)
           Security Support Provider Interface
[74200000] C:\Windows\System32\ole32.dll
           6.2.14393.3053 - 10.0.14393.1198 (rs1_release_sec.170427-1353)
           Microsoft OLE для Windows
[742F0000] C:\Windows\System32\ADVAPI32.dll
           6.2.14393.2515 - 10.0.14393.0 (rs1_release.160715-1616)
           Расширенная библиотека API Windows 32
[74370000] C:\Windows\System32\win32u.dll
           6.2.14393.51 - 10.0.14393.51 (rs1_release_inmarket.160801-1836)
           Win32u
[74390000] C:\Windows\System32\crypt32.dll
           6.2.14393.2214 - 10.0.14393.0 (rs1_release.160715-1616)
           API32 криптографии
[74920000] C:\Windows\System32\NSI.dll
           6.2.14393.2515 - 10.0.14393.2515 (rs1_release_1.180830-1044)
           NSI User-mode interface DLL
[74930000] C:\Windows\System32\MSASN1.dll
           6.2.14393.0 - 10.0.14393.0 (rs1_release.160715-1616)
           ASN.1 Runtime APIs
[74940000] C:\Windows\System32\gdi32full.dll
           6.2.14393.3179 - 10.0.14393.3179 (rs1_release_1.190806-2245)
           GDI Client DLL
[74AA0000] C:\Windows\System32\RPCRT4.dll
           6.2.14393.3115 - 10.0.14393.0 (rs1_release.160715-1616)
           Библиотека удаленного вызова процедур
[74B70000] C:\Windows\System32\comdlg32.dll
           6.2.14393.2828 - 10.0.14393.0 (rs1_release.160715-1616)
           Библиотека общих диалоговых окон
[74CB0000] C:\Windows\System32\imagehlp.dll
           6.2.14393.0 - 10.0.14393.0 (rs1_release.160715-1616)
           Windows NT Image Helper
[74CD0000] C:\Windows\System32\msvcp_win.dll
           6.2.14393.2999 - 10.0.14393.2999 (rs1_release_inmarket.190520-1518)
           Microsoft® C Runtime Library
[74F30000] C:\Windows\System32\powrprof.dll
           6.2.14393.0 - 10.0.14393.0 (rs1_release.160715-1616)
           DLL модуля поддержки профиля управления питанием
[74F80000] C:\Windows\System32\combase.dll
           6.2.14393.3085 - 10.0.14393.1198 (rs1_release_sec.170427-1353)
           Microsoft COM для Windows
[75190000] C:\Windows\System32\GDI32.dll
           6.2.14393.2848 - 10.0.14393.2848 (rs1_release.190305-1856)
           GDI Client DLL
[751C0000] C:\Windows\System32\sechost.dll
           6.2.14393.2515 - 10.0.14393.0 (rs1_release.160715-1616)
           Host for SCM/SDDL/LSA Lookup APIs
[75210000] C:\Windows\System32\windows.storage.dll
           6.2.14393.3115 - 10.0.14393.0 (rs1_release.160715-1616)
           API хранения Microsoft WinRT
[75780000] C:\Windows\System32\PSAPI.dll
           6.2.14393.0 - 10.0.14393.0 (rs1_release.160715-1616)
           Process Status Helper
[75790000] C:\Windows\System32\clbcatq.dll
           2001.12.10941.16384 - 2001.12.10941.16384 (rs1_release.160715-1616)
           COM+ Configuration Catalog
[75820000] C:\Windows\System32\ucrtbase.dll
           6.2.14393.2999 - 10.0.14393.2999 (rs1_release_inmarket.190520-1518)
           Microsoft® C Runtime Library
[75900000] C:\Windows\System32\bcryptPrimitives.dll
           6.2.14393.2828 - 10.0.14393.2828 (rs1_release_inmarket.190216-1457)
           Windows Cryptographic Primitives Library
[75960000] C:\Windows\System32\cfgmgr32.dll
           6.2.14393.0 - 10.0.14393.0 (rs1_release.160715-1616)
           Configuration Manager DLL
[759A0000] C:\Windows\System32\WS2_32.dll
           6.2.14393.206 - 10.0.14393.0 (rs1_release.160715-1616)
           32-разрядная библиотека Windows Socket 2.0
[75A70000] C:\Windows\System32\KERNEL32.DLL
           6.2.14393.2969 - 10.0.14393.2430 (rs1_release_inmarket_aim.180806-1810)
           Библиотека клиента Windows NT BASE API
[75B50000] C:\Windows\System32\msvcrt.dll
           7.0.14393.2457 - 7.0.14393.2457 (rs1_release_inmarket.180822-1743)
           Windows NT CRT DLL
[75C10000] C:\Windows\System32\SHLWAPI.dll
           6.2.14393.0 - 10.0.14393.0 (rs1_release.160715-1616)
           Библиотека небольших программ оболочки
[75C60000] C:\Windows\System32\MSCTF.dll
           6.2.14393.3143 - 10.0.14393.0 (rs1_release.160715-1616)
           Серверная библиотека MSCTF
[75DA0000] C:\Windows\System32\USER32.dll
           6.2.14393.2273 - 10.0.14393.0 (rs1_release.160715-1616)
           Многопользовательская библиотека клиента USER API Windows
[75F00000] C:\Windows\System32\kernel.appcore.dll
           6.2.14393.2312 - 10.0.14393.2312 (rs1_release.180607-1919)
           AppModel API Host
[75F60000] C:\Windows\System32\shcore.dll
           6.2.14393.2969 - 10.0.14393.0 (rs1_release.160715-1616)
           SHCORE
[75FF0000] C:\Windows\System32\IMM32.DLL
           6.2.14393.0 - 10.0.14393.0 (rs1_release.160715-1616)
           Multi-User Windows IMM32 API Client DLL
[76020000] C:\Windows\System32\profapi.dll
           6.2.14393.0 - 10.0.14393.0 (rs1_release.160715-1616)
           User Profile Basic API
[76030000] C:\Windows\System32\KERNELBASE.dll
           6.2.14393.3085 - 10.0.14393.2430 (rs1_release_inmarket_aim.180806-1810)
           Библиотека клиента Windows NT BASE API
[76280000] C:\Windows\System32\OLEAUT32.dll
           6.2.14393.3181 - 10.0.14393.3181 (rs1_release_inmarket.190815-1633)
           OLEAUT32.DLL
[76320000] C:\Windows\System32\SHELL32.dll
           6.2.14393.3085 - 10.0.14393.0 (rs1_release.160715-1616)
           Общая библиотека оболочки Windows
[77700000] C:\Windows\SYSTEM32\ntdll.dll
           6.2.14393.2969 - 10.0.14393.2430 (rs1_release_inmarket_aim.180806-1810)
           Системная библиотека NT
------------------------------------------------------------------------------
Active Controls hierarchy:
TPageControl "Pages"
TSaleProd "SaleProd"
------------------------------------------------------------------------------

==============================================================================
= 20.09.2019 12:45:41                                                        =
==============================================================================
There was an error during the execution of this program.
The application might become unstable and even useless.
It's recommended that you save your work and close this application.

Access violation at address 7142324E in module 'msado15.dll'. Write of address 19D62007.

------------------------------------------------------------------------------
Exception log with detailed tech info. Generated on 20.09.2019 12:45:40.
You may send it to the application vendor, helping him to understand what had happened.
 Application title: Альфа-Склад
 Application file: D:\Users\Admin\YandexDisk\AlphaSklad22\win32\debug\AlphaSklad.exe
------------------------------------------------------------------------------
Exception class: EAccessViolation
Exception message: Access violation at address 7142324E in module 'msado15.dll'. Write of address 19D62007.
Exception address: 7142324E
------------------------------------------------------------------------------
Main thread ID = 10784
Exception thread ID = 10784
------------------------------------------------------------------------------
Exception stack
Stack list, generated 20.09.2019 12:44:52
[7776FB4C]{ntdll.dll   } ZwGetContextThread
------------------------------------------------------------------------------
Call stack for main thread
Stack list, generated 20.09.2019 12:45:40
[7776FB4C]{ntdll.dll   } ZwGetContextThread
------------------------------------------------------------------------------
System   : Windows Server 2016 Server, Version: 6.2, Build: 23F0, ""
Processor: Intel,      Intel(R) Xeon(R) CPU E3-1220L V2 @ 2.30GHz, 2300 MHz MMX SSE SSE2 SSE3 SSSE3 SSE41 SSE42 64 bits DEP
Memory: 16221; free 8726
Display  : 1920x1080 pixels, 32 bpp
------------------------------------------------------------------------------
List of loaded modules:
[00400000] D:\Users\Admin\YandexDisk\AlphaSklad22\win32\debug\AlphaSklad.exe
           2.0.1.147 - 2.0.1.147
           Альфа-Склад
           Unit versioning information:
             JCL\source\common JclUnitVersioningProviders.pas 30b46b307c41c5832a4c12ebc44521872bc2145e 2011-09-02 22:07:50 +0000
[10000000] C:\Program Files (x86)\Common Files\System\msadc\msadcer.dll
           6.2.14393.0 - 10.0.14393.0 (rs1_release.160715-1616)
           OLE DB Cursor Engine Resources
[39670000] C:\Windows\System32\1033\SQLNCLIR11.RLL
           2011.110.2100.60 - 2011.0110.2100.060 ((SQL11_RTM).120210-1846 )
           Microsoft SQL Server Native Client 11.0
[46480000] C:\Windows\system32\security.dll
           6.2.14393.0 - 10.0.14393.0 (rs1_release.160715-1616)
           Security Support Provider Interface
[59A70000] C:\Windows\SYSTEM32\DUser.dll
           6.2.14393.0 - 10.0.14393.0 (rs1_release.160715-1616)
           Windows DirectUser Engine
[5B410000] C:\Program Files (x86)\Common Files\microsoft shared\ink\tiptsf.dll
           6.2.14393.2636 - 10.0.14393.0 (rs1_release.160715-1616)
           Инфраструктура текстовых служб сенсорной клавиатуры и панели рукописного ввода
[5D4B0000] C:\Windows\AppPatch\AcGenral.DLL
           6.2.14393.3053 - 10.0.14393.3053 (rs1_release_inmarket.190612-1836)
           Windows Compatibility DLL
[63260000] C:\Windows\SYSTEM32\oleacc.dll
           7.2.14393.2969 - 7.2.14393.2969 (rs1_release.190503-1820)
           Active Accessibility Core Component
[6D7C0000] C:\Windows\SYSTEM32\tsappcmp.dll
           6.2.14393.0 - 10.0.14393.0 (rs1_release.160715-1616)
           DLL-библиотека совместимости приложения служб удаленных рабочих столов
[6E610000] C:\Windows\SYSTEM32\iertutil.dll
           11.0.14393.3115 - 11.00.14393.0 (rs1_release.160715-1616)
           Служебная программа времени выполнения для Internet Explorer
[6E850000] C:\Windows\SYSTEM32\urlmon.dll
           11.0.14393.3179 - 11.00.14393.0 (rs1_release.160715-1616)
           Расширения OLE32 для Win32
[6F6A0000] C:\Windows\SYSTEM32\atlthunk.dll
           6.2.14393.2457 - 10.0.14393.2457 (rs1_release_inmarket.180822-1743)
           atlthunk.dll
[6F6B0000] C:\Windows\SYSTEM32\samcli.dll
           6.2.14393.0 - 10.0.14393.0 (rs1_release.160715-1616)
           Security Accounts Manager Client DLL
[6F6D0000] C:\Windows\system32\msdadiag.dll
           6.2.14393.0 - 10.0.14393.0 (rs1_release.160715-1616)
           Built-In Diagnostics
[6F9B0000] C:\Windows\SYSTEM32\mswstr10.dll
           4.0.9801.1 - 4.00.9765.0
           Библиотека сортировки Microsoft Jet
[6FA60000] C:\Program Files (x86)\Common Files\System\msadc\msadce.dll
           6.2.14393.2608 - 10.0.14393.2608 (rs1_release.181024-1742)
           OLE DB Cursor Engine
[70BB0000] C:\Windows\system32\RESUTILS.DLL
           6.2.14393.2879 - 10.0.14393.0 (rs1_release.160715-1616)
           Библиотека DLL служебной программы ресурсов кластера (Майкрософт)
[70C00000] C:\Windows\system32\ntdsapi.dll
           6.2.14393.0 - 10.0.14393.0 (rs1_release.160715-1616)
           Active Directory Domain Services API
[70C20000] C:\Windows\SYSTEM32\cryptdll.dll
           6.2.14393.2969 - 10.0.14393.2969 (rs1_release.190503-1820)
           Cryptography Manager
[70C40000] C:\Windows\SYSTEM32\NtlmShared.dll
           6.2.14393.2791 - 10.0.14393.2791 (rs1_release.190205-1511)
           NTLM Shared Functionality
[70C50000] C:\Windows\System32\msv1_0.DLL
           6.2.14393.3024 - 10.0.14393.0 (rs1_release.160715-1616)
           Microsoft Authentication Package v1.0
[70CB0000] C:\Windows\System32\Kerberos.DLL
           6.2.14393.3143 - 10.0.14393.0 (rs1_release.160715-1616)
           Пакет безопасности Kerberos
[70D90000] C:\Windows\System32\MSVCR100.dll
           10.0.40219.473 - 10.00.40219.473
           Microsoft® C Runtime Library
[70E50000] C:\Windows\System32\sqlncli11.dll
           2011.110.2100.60 - 2011.0110.2100.060 ((SQL11_RTM).120210-1846 )
           Microsoft SQL Server Native Client 11.0
[71130000] C:\Windows\System32\comsvcs.dll
           2001.12.10941.16384 - 2001.12.10941.16384 (rs1_release_inmarket.190313-1855)
           COM+ Services
[71280000] C:\Windows\SYSTEM32\DPAPI.dll
           6.2.14393.0 - 10.0.14393.0 (rs1_release.160715-1616)
           Data Protection API
[71290000] C:\Program Files (x86)\Common Files\System\Ole DB\oledb32.dll
           6.2.14393.2758 - 10.0.14393.2758 (rs1_release_1.190104-1904)
           OLE DB Core Services
[71360000] C:\Windows\SYSTEM32\MSDART.DLL
           6.2.14393.0 - 10.0.14393.0 (rs1_release.160715-1616)
           OLE DB Runtime Routines
[71390000] C:\Program Files (x86)\Common Files\System\ado\msado15.dll
           6.2.14393.3024 - 10.0.14393.3024 (rs1_release.190530-2002)
           ActiveX Data Objects
[71510000] C:\Windows\SYSTEM32\DSPARSE.DLL
           6.2.14393.0 - 10.0.14393.0 (rs1_release.160715-1616)
           Active Directory Domain Services API
[71720000] C:\Windows\system32\ncryptsslp.dll
           6.2.14393.2457 - 10.0.14393.2457 (rs1_release_inmarket.180822-1743)
           Microsoft SChannel Provider
[71740000] C:\Windows\SYSTEM32\NTASN1.dll
           6.2.14393.0 - 10.0.14393.0 (rs1_release.160715-1616)
           Microsoft ASN.1 API
[71770000] C:\Windows\SYSTEM32\ncrypt.dll
           6.2.14393.2457 - 10.0.14393.0 (rs1_release.160715-1616)
           Маршрутизатор Windows NCrypt
[71790000] C:\Windows\SYSTEM32\mskeyprotect.dll
           6.2.14393.2457 - 10.0.14393.0 (rs1_release.160715-1616)
           Поставщик защиты ключей (Майкрософт)
[717D0000] C:\Windows\SYSTEM32\sxs.dll
           6.2.14393.0 - 10.0.14393.0 (rs1_release.160715-1616)
           Fusion 2.5
[71C80000] C:\Windows\SYSTEM32\dwmapi.dll
           6.2.14393.206 - 10.0.14393.0 (rs1_release.160715-1616)
           Интерфейс API диспетчера окон рабочего стола (Майкрософт)
[720C0000] C:\Windows\System32\LOGONCLI.DLL
           6.2.14393.2007 - 10.0.14393.2007 (rs1_release.171231-1800)
           Net Logon Client DLL
[720F0000] C:\Windows\system32\CLUSAPI.DLL
           6.2.14393.2879 - 10.0.14393.0 (rs1_release.160715-1616)
           Библиотека API кластера
[72790000] C:\Windows\SYSTEM32\DNSAPI.dll
           6.2.14393.2999 - 10.0.14393.0 (rs1_release.160715-1616)
           Динамическая библиотека API DNS-клиента
[72B60000] C:\Windows\System32\dbghelp.dll
           6.2.14321.1024 - 10.0.14321.1024 (rs1_release.160715-1616)
           Windows Image Helper
[72DA0000] C:\Windows\SYSTEM32\UxTheme.dll
           6.2.14393.2248 - 10.0.14393.0 (rs1_release.160715-1616)
           Библиотека тем UxTheme (Microsoft)
[72EB0000] C:\Windows\SYSTEM32\WINSTA.dll
           6.2.14393.0 - 10.0.14393.0 (rs1_release.160715-1616)
           Winstation Library
[72F00000] C:\Windows\SYSTEM32\wtsapi32.dll
           6.2.14393.0 - 10.0.14393.0 (rs1_release.160715-1616)
           Windows Remote Desktop Session Host Server SDK APIs
[72F10000] C:\Windows\system32\mswsock.dll
           6.2.14393.0 - 10.0.14393.0 (rs1_release.160715-1616)
           Расширение поставщика службы API Microsoft Windows Sockets 2.0
[732F0000] C:\Windows\system32\apphelp.dll
           6.2.14393.0 - 10.0.14393.0 (rs1_release.160715-1616)
           Клиентская библиотека совместимости приложений
[73390000] C:\Windows\System32\schannel.dll
           6.2.14393.3024 - 10.0.14393.0 (rs1_release.160715-1616)
           Поставщик безопасности TLS/SSL
[73400000] C:\Windows\system32\secur32.dll
           6.2.14393.2273 - 10.0.14393.2273 (rs1_release_1.180427-1811)
           Security Support Provider Interface
[734A0000] C:\Windows\System32\NETUTILS.DLL
           6.2.14393.0 - 10.0.14393.0 (rs1_release.160715-1616)
           Net Win32 API Helpers DLL
[734B0000] C:\Windows\SYSTEM32\IPHLPAPI.DLL
           6.2.14393.2339 - 10.0.14393.0 (rs1_release.160715-1616)
           API вспомогательного приложения IP
[73580000] C:\Windows\SYSTEM32\MSACM32.dll
           6.2.14393.0 - 10.0.14393.0 (rs1_release.160715-1616)
           Фильтр диспетчера аудиосжатия Microsoft
[735A0000] C:\Windows\SYSTEM32\MPR.dll
           6.2.14393.2879 - 10.0.14393.0 (rs1_release.160715-1616)
           Библиотека маршрутизации для нескольких служб доступа
[73600000] C:\Windows\SYSTEM32\USERENV.dll
           6.2.14393.3024 - 10.0.14393.0 (rs1_release.160715-1616)
           Userenv
[73690000] C:\Windows\WinSxS\x86_microsoft.windows.common-controls_6595b64144ccf1df_6.0.14393.3053_none_c58d796d97be2a63\comctl32.dll
           6.10.14393.3053 - 6.10 (rs1_release_inmarket.190612-1836)
           Библиотека элементов управления взаимодействия с пользователем
[738A0000] C:\Windows\SYSTEM32\wsock32.dll
           6.2.14393.0 - 10.0.14393.0 (rs1_release.160715-1616)
           Windows Socket 32-Bit DLL
[73AE0000] C:\Windows\SYSTEM32\bcrypt.dll
           6.2.14393.2969 - 10.0.14393.0 (rs1_release.160715-1616)
           Библиотека криптографических примитивов Windows
[73C90000] C:\Windows\System32\NETAPI32.dll
           6.2.14393.0 - 10.0.14393.0 (rs1_release.160715-1616)
           Net Win32 API DLL
[73CB0000] C:\Windows\SYSTEM32\WINMMBASE.dll
           6.2.14393.0 - 10.0.14393.0 (rs1_release.160715-1616)
           Base Multimedia Extension API DLL
[73D60000] C:\Windows\SYSTEM32\WINSPOOL.DRV
           6.2.14393.2848 - 10.0.14393.1715 (rs1_release_inmarket.170906-1810)
           Драйвер диспетчера очереди Windows
[73DD0000] C:\Windows\SYSTEM32\VERSION.dll
           6.2.14393.0 - 10.0.14393.0 (rs1_release.160715-1616)
           Version Checking and File Installation Libraries
[741A0000] C:\Windows\SYSTEM32\WINMM.dll
           6.2.14393.0 - 10.0.14393.0 (rs1_release.160715-1616)
           MCI API DLL
[741D0000] C:\Windows\System32\CRYPTBASE.dll
           6.2.14393.0 - 10.0.14393.0 (rs1_release.160715-1616)
           Base cryptographic API DLL
[741E0000] C:\Windows\System32\SspiCli.dll
           6.2.14393.2580 - 10.0.14393.2580 (rs1_release_inmarket.181009-1745)
           Security Support Provider Interface
[74200000] C:\Windows\System32\ole32.dll
           6.2.14393.3053 - 10.0.14393.1198 (rs1_release_sec.170427-1353)
           Microsoft OLE для Windows
[742F0000] C:\Windows\System32\ADVAPI32.dll
           6.2.14393.2515 - 10.0.14393.0 (rs1_release.160715-1616)
           Расширенная библиотека API Windows 32
[74370000] C:\Windows\System32\win32u.dll
           6.2.14393.51 - 10.0.14393.51 (rs1_release_inmarket.160801-1836)
           Win32u
[74390000] C:\Windows\System32\crypt32.dll
           6.2.14393.2214 - 10.0.14393.0 (rs1_release.160715-1616)
           API32 криптографии
[74920000] C:\Windows\System32\NSI.dll
           6.2.14393.2515 - 10.0.14393.2515 (rs1_release_1.180830-1044)
           NSI User-mode interface DLL
[74930000] C:\Windows\System32\MSASN1.dll
           6.2.14393.0 - 10.0.14393.0 (rs1_release.160715-1616)
           ASN.1 Runtime APIs
[74940000] C:\Windows\System32\gdi32full.dll
           6.2.14393.3179 - 10.0.14393.3179 (rs1_release_1.190806-2245)
           GDI Client DLL
[74AA0000] C:\Windows\System32\RPCRT4.dll
           6.2.14393.3115 - 10.0.14393.0 (rs1_release.160715-1616)
           Библиотека удаленного вызова процедур
[74B70000] C:\Windows\System32\comdlg32.dll
           6.2.14393.2828 - 10.0.14393.0 (rs1_release.160715-1616)
           Библиотека общих диалоговых окон
[74CB0000] C:\Windows\System32\imagehlp.dll
           6.2.14393.0 - 10.0.14393.0 (rs1_release.160715-1616)
           Windows NT Image Helper
[74CD0000] C:\Windows\System32\msvcp_win.dll
           6.2.14393.2999 - 10.0.14393.2999 (rs1_release_inmarket.190520-1518)
           Microsoft® C Runtime Library
[74F30000] C:\Windows\System32\powrprof.dll
           6.2.14393.0 - 10.0.14393.0 (rs1_release.160715-1616)
           DLL модуля поддержки профиля управления питанием
[74F80000] C:\Windows\System32\combase.dll
           6.2.14393.3085 - 10.0.14393.1198 (rs1_release_sec.170427-1353)
           Microsoft COM для Windows
[75190000] C:\Windows\System32\GDI32.dll
           6.2.14393.2848 - 10.0.14393.2848 (rs1_release.190305-1856)
           GDI Client DLL
[751C0000] C:\Windows\System32\sechost.dll
           6.2.14393.2515 - 10.0.14393.0 (rs1_release.160715-1616)
           Host for SCM/SDDL/LSA Lookup APIs
[75210000] C:\Windows\System32\windows.storage.dll
           6.2.14393.3115 - 10.0.14393.0 (rs1_release.160715-1616)
           API хранения Microsoft WinRT
[75780000] C:\Windows\System32\PSAPI.dll
           6.2.14393.0 - 10.0.14393.0 (rs1_release.160715-1616)
           Process Status Helper
[75790000] C:\Windows\System32\clbcatq.dll
           2001.12.10941.16384 - 2001.12.10941.16384 (rs1_release.160715-1616)
           COM+ Configuration Catalog
[75820000] C:\Windows\System32\ucrtbase.dll
           6.2.14393.2999 - 10.0.14393.2999 (rs1_release_inmarket.190520-1518)
           Microsoft® C Runtime Library
[75900000] C:\Windows\System32\bcryptPrimitives.dll
           6.2.14393.2828 - 10.0.14393.2828 (rs1_release_inmarket.190216-1457)
           Windows Cryptographic Primitives Library
[75960000] C:\Windows\System32\cfgmgr32.dll
           6.2.14393.0 - 10.0.14393.0 (rs1_release.160715-1616)
           Configuration Manager DLL
[759A0000] C:\Windows\System32\WS2_32.dll
           6.2.14393.206 - 10.0.14393.0 (rs1_release.160715-1616)
           32-разрядная библиотека Windows Socket 2.0
[75A70000] C:\Windows\System32\KERNEL32.DLL
           6.2.14393.2969 - 10.0.14393.2430 (rs1_release_inmarket_aim.180806-1810)
           Библиотека клиента Windows NT BASE API
[75B50000] C:\Windows\System32\msvcrt.dll
           7.0.14393.2457 - 7.0.14393.2457 (rs1_release_inmarket.180822-1743)
           Windows NT CRT DLL
[75C10000] C:\Windows\System32\SHLWAPI.dll
           6.2.14393.0 - 10.0.14393.0 (rs1_release.160715-1616)
           Библиотека небольших программ оболочки
[75C60000] C:\Windows\System32\MSCTF.dll
           6.2.14393.3143 - 10.0.14393.0 (rs1_release.160715-1616)
           Серверная библиотека MSCTF
[75DA0000] C:\Windows\System32\USER32.dll
           6.2.14393.2273 - 10.0.14393.0 (rs1_release.160715-1616)
           Многопользовательская библиотека клиента USER API Windows
[75F00000] C:\Windows\System32\kernel.appcore.dll
           6.2.14393.2312 - 10.0.14393.2312 (rs1_release.180607-1919)
           AppModel API Host
[75F60000] C:\Windows\System32\shcore.dll
           6.2.14393.2969 - 10.0.14393.0 (rs1_release.160715-1616)
           SHCORE
[75FF0000] C:\Windows\System32\IMM32.DLL
           6.2.14393.0 - 10.0.14393.0 (rs1_release.160715-1616)
           Multi-User Windows IMM32 API Client DLL
[76020000] C:\Windows\System32\profapi.dll
           6.2.14393.0 - 10.0.14393.0 (rs1_release.160715-1616)
           User Profile Basic API
[76030000] C:\Windows\System32\KERNELBASE.dll
           6.2.14393.3085 - 10.0.14393.2430 (rs1_release_inmarket_aim.180806-1810)
           Библиотека клиента Windows NT BASE API
[76280000] C:\Windows\System32\OLEAUT32.dll
           6.2.14393.3181 - 10.0.14393.3181 (rs1_release_inmarket.190815-1633)
           OLEAUT32.DLL
[76320000] C:\Windows\System32\SHELL32.dll
           6.2.14393.3085 - 10.0.14393.0 (rs1_release.160715-1616)
           Общая библиотека оболочки Windows
[77700000] C:\Windows\SYSTEM32\ntdll.dll
           6.2.14393.2969 - 10.0.14393.2430 (rs1_release_inmarket_aim.180806-1810)
           Системная библиотека NT
------------------------------------------------------------------------------
Active Controls hierarchy:
TJvDBUltimGrid "JvDBUltimGrid1"
TTabSheet "TabSheet1"
TPageControl "PageControl1"
TMainForm "MainForm"
------------------------------------------------------------------------------

==============================================================================
= 20.09.2019 12:45:43                                                        =
==============================================================================
There was an error during the execution of this program.
The application might become unstable and even useless.
It's recommended that you save your work and close this application.

Access violation at address 713F1486 in module 'msado15.dll'. Read of address 00250030.

------------------------------------------------------------------------------
Exception log with detailed tech info. Generated on 20.09.2019 12:45:43.
You may send it to the application vendor, helping him to understand what had happened.
 Application title: Альфа-Склад
 Application file: D:\Users\Admin\YandexDisk\AlphaSklad22\win32\debug\AlphaSklad.exe
------------------------------------------------------------------------------
Exception class: EAccessViolation
Exception message: Access violation at address 713F1486 in module 'msado15.dll'. Read of address 00250030.
Exception address: 713F1486
------------------------------------------------------------------------------
Main thread ID = 10784
Exception thread ID = 10784
------------------------------------------------------------------------------
Exception stack
Stack list, generated 20.09.2019 12:45:40
[7776FB4C]{ntdll.dll   } ZwGetContextThread
------------------------------------------------------------------------------
Call stack for main thread
Stack list, generated 20.09.2019 12:45:43
[7776FB4C]{ntdll.dll   } ZwGetContextThread
------------------------------------------------------------------------------
System   : Windows Server 2016 Server, Version: 6.2, Build: 23F0, ""
Processor: Intel,      Intel(R) Xeon(R) CPU E3-1220L V2 @ 2.30GHz, 2300 MHz MMX SSE SSE2 SSE3 SSSE3 SSE41 SSE42 64 bits DEP
Memory: 16221; free 8726
Display  : 1920x1080 pixels, 32 bpp
------------------------------------------------------------------------------
List of loaded modules:
[00400000] D:\Users\Admin\YandexDisk\AlphaSklad22\win32\debug\AlphaSklad.exe
           2.0.1.147 - 2.0.1.147
           Альфа-Склад
           Unit versioning information:
             JCL\source\common JclUnitVersioningProviders.pas 30b46b307c41c5832a4c12ebc44521872bc2145e 2011-09-02 22:07:50 +0000
[10000000] C:\Program Files (x86)\Common Files\System\msadc\msadcer.dll
           6.2.14393.0 - 10.0.14393.0 (rs1_release.160715-1616)
           OLE DB Cursor Engine Resources
[39670000] C:\Windows\System32\1033\SQLNCLIR11.RLL
           2011.110.2100.60 - 2011.0110.2100.060 ((SQL11_RTM).120210-1846 )
           Microsoft SQL Server Native Client 11.0
[46480000] C:\Windows\system32\security.dll
           6.2.14393.0 - 10.0.14393.0 (rs1_release.160715-1616)
           Security Support Provider Interface
[59A70000] C:\Windows\SYSTEM32\DUser.dll
           6.2.14393.0 - 10.0.14393.0 (rs1_release.160715-1616)
           Windows DirectUser Engine
[5B410000] C:\Program Files (x86)\Common Files\microsoft shared\ink\tiptsf.dll
           6.2.14393.2636 - 10.0.14393.0 (rs1_release.160715-1616)
           Инфраструктура текстовых служб сенсорной клавиатуры и панели рукописного ввода
[5D4B0000] C:\Windows\AppPatch\AcGenral.DLL
           6.2.14393.3053 - 10.0.14393.3053 (rs1_release_inmarket.190612-1836)
           Windows Compatibility DLL
[63260000] C:\Windows\SYSTEM32\oleacc.dll
           7.2.14393.2969 - 7.2.14393.2969 (rs1_release.190503-1820)
           Active Accessibility Core Component
[6D7C0000] C:\Windows\SYSTEM32\tsappcmp.dll
           6.2.14393.0 - 10.0.14393.0 (rs1_release.160715-1616)
           DLL-библиотека совместимости приложения служб удаленных рабочих столов
[6E610000] C:\Windows\SYSTEM32\iertutil.dll
           11.0.14393.3115 - 11.00.14393.0 (rs1_release.160715-1616)
           Служебная программа времени выполнения для Internet Explorer
[6E850000] C:\Windows\SYSTEM32\urlmon.dll
           11.0.14393.3179 - 11.00.14393.0 (rs1_release.160715-1616)
           Расширения OLE32 для Win32
[6F6A0000] C:\Windows\SYSTEM32\atlthunk.dll
           6.2.14393.2457 - 10.0.14393.2457 (rs1_release_inmarket.180822-1743)
           atlthunk.dll
[6F6B0000] C:\Windows\SYSTEM32\samcli.dll
           6.2.14393.0 - 10.0.14393.0 (rs1_release.160715-1616)
           Security Accounts Manager Client DLL
[6F6D0000] C:\Windows\system32\msdadiag.dll
           6.2.14393.0 - 10.0.14393.0 (rs1_release.160715-1616)
           Built-In Diagnostics
[6F9B0000] C:\Windows\SYSTEM32\mswstr10.dll
           4.0.9801.1 - 4.00.9765.0
           Библиотека сортировки Microsoft Jet
[6FA60000] C:\Program Files (x86)\Common Files\System\msadc\msadce.dll
           6.2.14393.2608 - 10.0.14393.2608 (rs1_release.181024-1742)
           OLE DB Cursor Engine
[70BB0000] C:\Windows\system32\RESUTILS.DLL
           6.2.14393.2879 - 10.0.14393.0 (rs1_release.160715-1616)
           Библиотека DLL служебной программы ресурсов кластера (Майкрософт)
[70C00000] C:\Windows\system32\ntdsapi.dll
           6.2.14393.0 - 10.0.14393.0 (rs1_release.160715-1616)
           Active Directory Domain Services API
[70C20000] C:\Windows\SYSTEM32\cryptdll.dll
           6.2.14393.2969 - 10.0.14393.2969 (rs1_release.190503-1820)
           Cryptography Manager
[70C40000] C:\Windows\SYSTEM32\NtlmShared.dll
           6.2.14393.2791 - 10.0.14393.2791 (rs1_release.190205-1511)
           NTLM Shared Functionality
[70C50000] C:\Windows\System32\msv1_0.DLL
           6.2.14393.3024 - 10.0.14393.0 (rs1_release.160715-1616)
           Microsoft Authentication Package v1.0
[70CB0000] C:\Windows\System32\Kerberos.DLL
           6.2.14393.3143 - 10.0.14393.0 (rs1_release.160715-1616)
           Пакет безопасности Kerberos
[70D90000] C:\Windows\System32\MSVCR100.dll
           10.0.40219.473 - 10.00.40219.473
           Microsoft® C Runtime Library
[70E50000] C:\Windows\System32\sqlncli11.dll
           2011.110.2100.60 - 2011.0110.2100.060 ((SQL11_RTM).120210-1846 )
           Microsoft SQL Server Native Client 11.0
[71130000] C:\Windows\System32\comsvcs.dll
           2001.12.10941.16384 - 2001.12.10941.16384 (rs1_release_inmarket.190313-1855)
           COM+ Services
[71280000] C:\Windows\SYSTEM32\DPAPI.dll
           6.2.14393.0 - 10.0.14393.0 (rs1_release.160715-1616)
           Data Protection API
[71290000] C:\Program Files (x86)\Common Files\System\Ole DB\oledb32.dll
           6.2.14393.2758 - 10.0.14393.2758 (rs1_release_1.190104-1904)
           OLE DB Core Services
[71360000] C:\Windows\SYSTEM32\MSDART.DLL
           6.2.14393.0 - 10.0.14393.0 (rs1_release.160715-1616)
           OLE DB Runtime Routines
[71390000] C:\Program Files (x86)\Common Files\System\ado\msado15.dll
           6.2.14393.3024 - 10.0.14393.3024 (rs1_release.190530-2002)
           ActiveX Data Objects
[71510000] C:\Windows\SYSTEM32\DSPARSE.DLL
           6.2.14393.0 - 10.0.14393.0 (rs1_release.160715-1616)
           Active Directory Domain Services API
[71720000] C:\Windows\system32\ncryptsslp.dll
           6.2.14393.2457 - 10.0.14393.2457 (rs1_release_inmarket.180822-1743)
           Microsoft SChannel Provider
[71740000] C:\Windows\SYSTEM32\NTASN1.dll
           6.2.14393.0 - 10.0.14393.0 (rs1_release.160715-1616)
           Microsoft ASN.1 API
[71770000] C:\Windows\SYSTEM32\ncrypt.dll
           6.2.14393.2457 - 10.0.14393.0 (rs1_release.160715-1616)
           Маршрутизатор Windows NCrypt
[71790000] C:\Windows\SYSTEM32\mskeyprotect.dll
           6.2.14393.2457 - 10.0.14393.0 (rs1_release.160715-1616)
           Поставщик защиты ключей (Майкрософт)
[717D0000] C:\Windows\SYSTEM32\sxs.dll
           6.2.14393.0 - 10.0.14393.0 (rs1_release.160715-1616)
           Fusion 2.5
[71C80000] C:\Windows\SYSTEM32\dwmapi.dll
           6.2.14393.206 - 10.0.14393.0 (rs1_release.160715-1616)
           Интерфейс API диспетчера окон рабочего стола (Майкрософт)
[720C0000] C:\Windows\System32\LOGONCLI.DLL
           6.2.14393.2007 - 10.0.14393.2007 (rs1_release.171231-1800)
           Net Logon Client DLL
[720F0000] C:\Windows\system32\CLUSAPI.DLL
           6.2.14393.2879 - 10.0.14393.0 (rs1_release.160715-1616)
           Библиотека API кластера
[72790000] C:\Windows\SYSTEM32\DNSAPI.dll
           6.2.14393.2999 - 10.0.14393.0 (rs1_release.160715-1616)
           Динамическая библиотека API DNS-клиента
[72B60000] C:\Windows\System32\dbghelp.dll
           6.2.14321.1024 - 10.0.14321.1024 (rs1_release.160715-1616)
           Windows Image Helper
[72DA0000] C:\Windows\SYSTEM32\UxTheme.dll
           6.2.14393.2248 - 10.0.14393.0 (rs1_release.160715-1616)
           Библиотека тем UxTheme (Microsoft)
[72EB0000] C:\Windows\SYSTEM32\WINSTA.dll
           6.2.14393.0 - 10.0.14393.0 (rs1_release.160715-1616)
           Winstation Library
[72F00000] C:\Windows\SYSTEM32\wtsapi32.dll
           6.2.14393.0 - 10.0.14393.0 (rs1_release.160715-1616)
           Windows Remote Desktop Session Host Server SDK APIs
[72F10000] C:\Windows\system32\mswsock.dll
           6.2.14393.0 - 10.0.14393.0 (rs1_release.160715-1616)
           Расширение поставщика службы API Microsoft Windows Sockets 2.0
[732F0000] C:\Windows\system32\apphelp.dll
           6.2.14393.0 - 10.0.14393.0 (rs1_release.160715-1616)
           Клиентская библиотека совместимости приложений
[73390000] C:\Windows\System32\schannel.dll
           6.2.14393.3024 - 10.0.14393.0 (rs1_release.160715-1616)
           Поставщик безопасности TLS/SSL
[73400000] C:\Windows\system32\secur32.dll
           6.2.14393.2273 - 10.0.14393.2273 (rs1_release_1.180427-1811)
           Security Support Provider Interface
[734A0000] C:\Windows\System32\NETUTILS.DLL
           6.2.14393.0 - 10.0.14393.0 (rs1_release.160715-1616)
           Net Win32 API Helpers DLL
[734B0000] C:\Windows\SYSTEM32\IPHLPAPI.DLL
           6.2.14393.2339 - 10.0.14393.0 (rs1_release.160715-1616)
           API вспомогательного приложения IP
[73580000] C:\Windows\SYSTEM32\MSACM32.dll
           6.2.14393.0 - 10.0.14393.0 (rs1_release.160715-1616)
           Фильтр диспетчера аудиосжатия Microsoft
[735A0000] C:\Windows\SYSTEM32\MPR.dll
           6.2.14393.2879 - 10.0.14393.0 (rs1_release.160715-1616)
           Библиотека маршрутизации для нескольких служб доступа
[73600000] C:\Windows\SYSTEM32\USERENV.dll
           6.2.14393.3024 - 10.0.14393.0 (rs1_release.160715-1616)
           Userenv
[73690000] C:\Windows\WinSxS\x86_microsoft.windows.common-controls_6595b64144ccf1df_6.0.14393.3053_none_c58d796d97be2a63\comctl32.dll
           6.10.14393.3053 - 6.10 (rs1_release_inmarket.190612-1836)
           Библиотека элементов управления взаимодействия с пользователем
[738A0000] C:\Windows\SYSTEM32\wsock32.dll
           6.2.14393.0 - 10.0.14393.0 (rs1_release.160715-1616)
           Windows Socket 32-Bit DLL
[73AE0000] C:\Windows\SYSTEM32\bcrypt.dll
           6.2.14393.2969 - 10.0.14393.0 (rs1_release.160715-1616)
           Библиотека криптографических примитивов Windows
[73C90000] C:\Windows\System32\NETAPI32.dll
           6.2.14393.0 - 10.0.14393.0 (rs1_release.160715-1616)
           Net Win32 API DLL
[73CB0000] C:\Windows\SYSTEM32\WINMMBASE.dll
           6.2.14393.0 - 10.0.14393.0 (rs1_release.160715-1616)
           Base Multimedia Extension API DLL
[73D60000] C:\Windows\SYSTEM32\WINSPOOL.DRV
           6.2.14393.2848 - 10.0.14393.1715 (rs1_release_inmarket.170906-1810)
           Драйвер диспетчера очереди Windows
[73DD0000] C:\Windows\SYSTEM32\VERSION.dll
           6.2.14393.0 - 10.0.14393.0 (rs1_release.160715-1616)
           Version Checking and File Installation Libraries
[741A0000] C:\Windows\SYSTEM32\WINMM.dll
           6.2.14393.0 - 10.0.14393.0 (rs1_release.160715-1616)
           MCI API DLL
[741D0000] C:\Windows\System32\CRYPTBASE.dll
           6.2.14393.0 - 10.0.14393.0 (rs1_release.160715-1616)
           Base cryptographic API DLL
[741E0000] C:\Windows\System32\SspiCli.dll
           6.2.14393.2580 - 10.0.14393.2580 (rs1_release_inmarket.181009-1745)
           Security Support Provider Interface
[74200000] C:\Windows\System32\ole32.dll
           6.2.14393.3053 - 10.0.14393.1198 (rs1_release_sec.170427-1353)
           Microsoft OLE для Windows
[742F0000] C:\Windows\System32\ADVAPI32.dll
           6.2.14393.2515 - 10.0.14393.0 (rs1_release.160715-1616)
           Расширенная библиотека API Windows 32
[74370000] C:\Windows\System32\win32u.dll
           6.2.14393.51 - 10.0.14393.51 (rs1_release_inmarket.160801-1836)
           Win32u
[74390000] C:\Windows\System32\crypt32.dll
           6.2.14393.2214 - 10.0.14393.0 (rs1_release.160715-1616)
           API32 криптографии
[74920000] C:\Windows\System32\NSI.dll
           6.2.14393.2515 - 10.0.14393.2515 (rs1_release_1.180830-1044)
           NSI User-mode interface DLL
[74930000] C:\Windows\System32\MSASN1.dll
           6.2.14393.0 - 10.0.14393.0 (rs1_release.160715-1616)
           ASN.1 Runtime APIs
[74940000] C:\Windows\System32\gdi32full.dll
           6.2.14393.3179 - 10.0.14393.3179 (rs1_release_1.190806-2245)
           GDI Client DLL
[74AA0000] C:\Windows\System32\RPCRT4.dll
           6.2.14393.3115 - 10.0.14393.0 (rs1_release.160715-1616)
           Библиотека удаленного вызова процедур
[74B70000] C:\Windows\System32\comdlg32.dll
           6.2.14393.2828 - 10.0.14393.0 (rs1_release.160715-1616)
           Библиотека общих диалоговых окон
[74CB0000] C:\Windows\System32\imagehlp.dll
           6.2.14393.0 - 10.0.14393.0 (rs1_release.160715-1616)
           Windows NT Image Helper
[74CD0000] C:\Windows\System32\msvcp_win.dll
           6.2.14393.2999 - 10.0.14393.2999 (rs1_release_inmarket.190520-1518)
           Microsoft® C Runtime Library
[74F30000] C:\Windows\System32\powrprof.dll
           6.2.14393.0 - 10.0.14393.0 (rs1_release.160715-1616)
           DLL модуля поддержки профиля управления питанием
[74F80000] C:\Windows\System32\combase.dll
           6.2.14393.3085 - 10.0.14393.1198 (rs1_release_sec.170427-1353)
           Microsoft COM для Windows
[75190000] C:\Windows\System32\GDI32.dll
           6.2.14393.2848 - 10.0.14393.2848 (rs1_release.190305-1856)
           GDI Client DLL
[751C0000] C:\Windows\System32\sechost.dll
           6.2.14393.2515 - 10.0.14393.0 (rs1_release.160715-1616)
           Host for SCM/SDDL/LSA Lookup APIs
[75210000] C:\Windows\System32\windows.storage.dll
           6.2.14393.3115 - 10.0.14393.0 (rs1_release.160715-1616)
           API хранения Microsoft WinRT
[75780000] C:\Windows\System32\PSAPI.dll
           6.2.14393.0 - 10.0.14393.0 (rs1_release.160715-1616)
           Process Status Helper
[75790000] C:\Windows\System32\clbcatq.dll
           2001.12.10941.16384 - 2001.12.10941.16384 (rs1_release.160715-1616)
           COM+ Configuration Catalog
[75820000] C:\Windows\System32\ucrtbase.dll
           6.2.14393.2999 - 10.0.14393.2999 (rs1_release_inmarket.190520-1518)
           Microsoft® C Runtime Library
[75900000] C:\Windows\System32\bcryptPrimitives.dll
           6.2.14393.2828 - 10.0.14393.2828 (rs1_release_inmarket.190216-1457)
           Windows Cryptographic Primitives Library
[75960000] C:\Windows\System32\cfgmgr32.dll
           6.2.14393.0 - 10.0.14393.0 (rs1_release.160715-1616)
           Configuration Manager DLL
[759A0000] C:\Windows\System32\WS2_32.dll
           6.2.14393.206 - 10.0.14393.0 (rs1_release.160715-1616)
           32-разрядная библиотека Windows Socket 2.0
[75A70000] C:\Windows\System32\KERNEL32.DLL
           6.2.14393.2969 - 10.0.14393.2430 (rs1_release_inmarket_aim.180806-1810)
           Библиотека клиента Windows NT BASE API
[75B50000] C:\Windows\System32\msvcrt.dll
           7.0.14393.2457 - 7.0.14393.2457 (rs1_release_inmarket.180822-1743)
           Windows NT CRT DLL
[75C10000] C:\Windows\System32\SHLWAPI.dll
           6.2.14393.0 - 10.0.14393.0 (rs1_release.160715-1616)
           Библиотека небольших программ оболочки
[75C60000] C:\Windows\System32\MSCTF.dll
           6.2.14393.3143 - 10.0.14393.0 (rs1_release.160715-1616)
           Серверная библиотека MSCTF
[75DA0000] C:\Windows\System32\USER32.dll
           6.2.14393.2273 - 10.0.14393.0 (rs1_release.160715-1616)
           Многопользовательская библиотека клиента USER API Windows
[75F00000] C:\Windows\System32\kernel.appcore.dll
           6.2.14393.2312 - 10.0.14393.2312 (rs1_release.180607-1919)
           AppModel API Host
[75F60000] C:\Windows\System32\shcore.dll
           6.2.14393.2969 - 10.0.14393.0 (rs1_release.160715-1616)
           SHCORE
[75FF0000] C:\Windows\System32\IMM32.DLL
           6.2.14393.0 - 10.0.14393.0 (rs1_release.160715-1616)
           Multi-User Windows IMM32 API Client DLL
[76020000] C:\Windows\System32\profapi.dll
           6.2.14393.0 - 10.0.14393.0 (rs1_release.160715-1616)
           User Profile Basic API
[76030000] C:\Windows\System32\KERNELBASE.dll
           6.2.14393.3085 - 10.0.14393.2430 (rs1_release_inmarket_aim.180806-1810)
           Библиотека клиента Windows NT BASE API
[76280000] C:\Windows\System32\OLEAUT32.dll
           6.2.14393.3181 - 10.0.14393.3181 (rs1_release_inmarket.190815-1633)
           OLEAUT32.DLL
[76320000] C:\Windows\System32\SHELL32.dll
           6.2.14393.3085 - 10.0.14393.0 (rs1_release.160715-1616)
           Общая библиотека оболочки Windows
[77700000] C:\Windows\SYSTEM32\ntdll.dll
           6.2.14393.2969 - 10.0.14393.2430 (rs1_release_inmarket_aim.180806-1810)
           Системная библиотека NT
------------------------------------------------------------------------------

==============================================================================
= 20.09.2019 12:45:49                                                        =
==============================================================================
There was an error during the execution of this program.
The application might become unstable and even useless.
It's recommended that you save your work and close this application.

Access violation at address 7000B9D0 in module 'AlphaSklad.exe'. Read of address 7000B9D0.

------------------------------------------------------------------------------
Exception log with detailed tech info. Generated on 20.09.2019 12:45:49.
You may send it to the application vendor, helping him to understand what had happened.
 Application title: Альфа-Склад
 Application file: D:\Users\Admin\YandexDisk\AlphaSklad22\win32\debug\AlphaSklad.exe
------------------------------------------------------------------------------
Exception class: EAccessViolation
Exception message: Access violation at address 7000B9D0 in module 'AlphaSklad.exe'. Read of address 7000B9D0.
Exception address: 7000B9D0
------------------------------------------------------------------------------
Main thread ID = 10784
Exception thread ID = 10784
------------------------------------------------------------------------------
Exception stack
Stack list, generated 20.09.2019 12:45:43
[7776FB4C]{ntdll.dll   } ZwGetContextThread
------------------------------------------------------------------------------
Call stack for main thread
Stack list, generated 20.09.2019 12:45:49
[7776FB4C]{ntdll.dll   } ZwGetContextThread
------------------------------------------------------------------------------
System   : Windows Server 2016 Server, Version: 6.2, Build: 23F0, ""
Processor: Intel,      Intel(R) Xeon(R) CPU E3-1220L V2 @ 2.30GHz, 2300 MHz MMX SSE SSE2 SSE3 SSSE3 SSE41 SSE42 64 bits DEP
Memory: 16221; free 8724
Display  : 1920x1080 pixels, 32 bpp
------------------------------------------------------------------------------
List of loaded modules:
[00400000] D:\Users\Admin\YandexDisk\AlphaSklad22\win32\debug\AlphaSklad.exe
           2.0.1.147 - 2.0.1.147
           Альфа-Склад
           Unit versioning information:
             JCL\source\common JclUnitVersioningProviders.pas 30b46b307c41c5832a4c12ebc44521872bc2145e 2011-09-02 22:07:50 +0000
[10000000] C:\Program Files (x86)\Common Files\System\msadc\msadcer.dll
           6.2.14393.0 - 10.0.14393.0 (rs1_release.160715-1616)
           OLE DB Cursor Engine Resources
[39670000] C:\Windows\System32\1033\SQLNCLIR11.RLL
           2011.110.2100.60 - 2011.0110.2100.060 ((SQL11_RTM).120210-1846 )
           Microsoft SQL Server Native Client 11.0
[46480000] C:\Windows\system32\security.dll
           6.2.14393.0 - 10.0.14393.0 (rs1_release.160715-1616)
           Security Support Provider Interface
[59A70000] C:\Windows\SYSTEM32\DUser.dll
           6.2.14393.0 - 10.0.14393.0 (rs1_release.160715-1616)
           Windows DirectUser Engine
[5B410000] C:\Program Files (x86)\Common Files\microsoft shared\ink\tiptsf.dll
           6.2.14393.2636 - 10.0.14393.0 (rs1_release.160715-1616)
           Инфраструктура текстовых служб сенсорной клавиатуры и панели рукописного ввода
[5D4B0000] C:\Windows\AppPatch\AcGenral.DLL
           6.2.14393.3053 - 10.0.14393.3053 (rs1_release_inmarket.190612-1836)
           Windows Compatibility DLL
[63260000] C:\Windows\SYSTEM32\oleacc.dll
           7.2.14393.2969 - 7.2.14393.2969 (rs1_release.190503-1820)
           Active Accessibility Core Component
[6D7C0000] C:\Windows\SYSTEM32\tsappcmp.dll
           6.2.14393.0 - 10.0.14393.0 (rs1_release.160715-1616)
           DLL-библиотека совместимости приложения служб удаленных рабочих столов
[6E610000] C:\Windows\SYSTEM32\iertutil.dll
           11.0.14393.3115 - 11.00.14393.0 (rs1_release.160715-1616)
           Служебная программа времени выполнения для Internet Explorer
[6E850000] C:\Windows\SYSTEM32\urlmon.dll
           11.0.14393.3179 - 11.00.14393.0 (rs1_release.160715-1616)
           Расширения OLE32 для Win32
[6F6A0000] C:\Windows\SYSTEM32\atlthunk.dll
           6.2.14393.2457 - 10.0.14393.2457 (rs1_release_inmarket.180822-1743)
           atlthunk.dll
[6F6B0000] C:\Windows\SYSTEM32\samcli.dll
           6.2.14393.0 - 10.0.14393.0 (rs1_release.160715-1616)
           Security Accounts Manager Client DLL
[6F6D0000] C:\Windows\system32\msdadiag.dll
           6.2.14393.0 - 10.0.14393.0 (rs1_release.160715-1616)
           Built-In Diagnostics
[6F9B0000] C:\Windows\SYSTEM32\mswstr10.dll
           4.0.9801.1 - 4.00.9765.0
           Библиотека сортировки Microsoft Jet
[6FA60000] C:\Program Files (x86)\Common Files\System\msadc\msadce.dll
           6.2.14393.2608 - 10.0.14393.2608 (rs1_release.181024-1742)
           OLE DB Cursor Engine
[70BB0000] C:\Windows\system32\RESUTILS.DLL
           6.2.14393.2879 - 10.0.14393.0 (rs1_release.160715-1616)
           Библиотека DLL служебной программы ресурсов кластера (Майкрософт)
[70C00000] C:\Windows\system32\ntdsapi.dll
           6.2.14393.0 - 10.0.14393.0 (rs1_release.160715-1616)
           Active Directory Domain Services API
[70C20000] C:\Windows\SYSTEM32\cryptdll.dll
           6.2.14393.2969 - 10.0.14393.2969 (rs1_release.190503-1820)
           Cryptography Manager
[70C40000] C:\Windows\SYSTEM32\NtlmShared.dll
           6.2.14393.2791 - 10.0.14393.2791 (rs1_release.190205-1511)
           NTLM Shared Functionality
[70C50000] C:\Windows\System32\msv1_0.DLL
           6.2.14393.3024 - 10.0.14393.0 (rs1_release.160715-1616)
           Microsoft Authentication Package v1.0
[70CB0000] C:\Windows\System32\Kerberos.DLL
           6.2.14393.3143 - 10.0.14393.0 (rs1_release.160715-1616)
           Пакет безопасности Kerberos
[70D90000] C:\Windows\System32\MSVCR100.dll
           10.0.40219.473 - 10.00.40219.473
           Microsoft® C Runtime Library
[70E50000] C:\Windows\System32\sqlncli11.dll
           2011.110.2100.60 - 2011.0110.2100.060 ((SQL11_RTM).120210-1846 )
           Microsoft SQL Server Native Client 11.0
[71130000] C:\Windows\System32\comsvcs.dll
           2001.12.10941.16384 - 2001.12.10941.16384 (rs1_release_inmarket.190313-1855)
           COM+ Services
[71280000] C:\Windows\SYSTEM32\DPAPI.dll
           6.2.14393.0 - 10.0.14393.0 (rs1_release.160715-1616)
           Data Protection API
[71290000] C:\Program Files (x86)\Common Files\System\Ole DB\oledb32.dll
           6.2.14393.2758 - 10.0.14393.2758 (rs1_release_1.190104-1904)
           OLE DB Core Services
[71360000] C:\Windows\SYSTEM32\MSDART.DLL
           6.2.14393.0 - 10.0.14393.0 (rs1_release.160715-1616)
           OLE DB Runtime Routines
[71390000] C:\Program Files (x86)\Common Files\System\ado\msado15.dll
           6.2.14393.3024 - 10.0.14393.3024 (rs1_release.190530-2002)
           ActiveX Data Objects
[71510000] C:\Windows\SYSTEM32\DSPARSE.DLL
           6.2.14393.0 - 10.0.14393.0 (rs1_release.160715-1616)
           Active Directory Domain Services API
[71720000] C:\Windows\system32\ncryptsslp.dll
           6.2.14393.2457 - 10.0.14393.2457 (rs1_release_inmarket.180822-1743)
           Microsoft SChannel Provider
[71740000] C:\Windows\SYSTEM32\NTASN1.dll
           6.2.14393.0 - 10.0.14393.0 (rs1_release.160715-1616)
           Microsoft ASN.1 API
[71770000] C:\Windows\SYSTEM32\ncrypt.dll
           6.2.14393.2457 - 10.0.14393.0 (rs1_release.160715-1616)
           Маршрутизатор Windows NCrypt
[71790000] C:\Windows\SYSTEM32\mskeyprotect.dll
           6.2.14393.2457 - 10.0.14393.0 (rs1_release.160715-1616)
           Поставщик защиты ключей (Майкрософт)
[717D0000] C:\Windows\SYSTEM32\sxs.dll
           6.2.14393.0 - 10.0.14393.0 (rs1_release.160715-1616)
           Fusion 2.5
[71C80000] C:\Windows\SYSTEM32\dwmapi.dll
           6.2.14393.206 - 10.0.14393.0 (rs1_release.160715-1616)
           Интерфейс API диспетчера окон рабочего стола (Майкрософт)
[720C0000] C:\Windows\System32\LOGONCLI.DLL
           6.2.14393.2007 - 10.0.14393.2007 (rs1_release.171231-1800)
           Net Logon Client DLL
[720F0000] C:\Windows\system32\CLUSAPI.DLL
           6.2.14393.2879 - 10.0.14393.0 (rs1_release.160715-1616)
           Библиотека API кластера
[72790000] C:\Windows\SYSTEM32\DNSAPI.dll
           6.2.14393.2999 - 10.0.14393.0 (rs1_release.160715-1616)
           Динамическая библиотека API DNS-клиента
[72B60000] C:\Windows\System32\dbghelp.dll
           6.2.14321.1024 - 10.0.14321.1024 (rs1_release.160715-1616)
           Windows Image Helper
[72DA0000] C:\Windows\SYSTEM32\UxTheme.dll
           6.2.14393.2248 - 10.0.14393.0 (rs1_release.160715-1616)
           Библиотека тем UxTheme (Microsoft)
[72EB0000] C:\Windows\SYSTEM32\WINSTA.dll
           6.2.14393.0 - 10.0.14393.0 (rs1_release.160715-1616)
           Winstation Library
[72F00000] C:\Windows\SYSTEM32\wtsapi32.dll
           6.2.14393.0 - 10.0.14393.0 (rs1_release.160715-1616)
           Windows Remote Desktop Session Host Server SDK APIs
[72F10000] C:\Windows\system32\mswsock.dll
           6.2.14393.0 - 10.0.14393.0 (rs1_release.160715-1616)
           Расширение поставщика службы API Microsoft Windows Sockets 2.0
[732F0000] C:\Windows\system32\apphelp.dll
           6.2.14393.0 - 10.0.14393.0 (rs1_release.160715-1616)
           Клиентская библиотека совместимости приложений
[73390000] C:\Windows\System32\schannel.dll
           6.2.14393.3024 - 10.0.14393.0 (rs1_release.160715-1616)
           Поставщик безопасности TLS/SSL
[73400000] C:\Windows\system32\secur32.dll
           6.2.14393.2273 - 10.0.14393.2273 (rs1_release_1.180427-1811)
           Security Support Provider Interface
[734A0000] C:\Windows\System32\NETUTILS.DLL
           6.2.14393.0 - 10.0.14393.0 (rs1_release.160715-1616)
           Net Win32 API Helpers DLL
[734B0000] C:\Windows\SYSTEM32\IPHLPAPI.DLL
           6.2.14393.2339 - 10.0.14393.0 (rs1_release.160715-1616)
           API вспомогательного приложения IP
[73580000] C:\Windows\SYSTEM32\MSACM32.dll
           6.2.14393.0 - 10.0.14393.0 (rs1_release.160715-1616)
           Фильтр диспетчера аудиосжатия Microsoft
[735A0000] C:\Windows\SYSTEM32\MPR.dll
           6.2.14393.2879 - 10.0.14393.0 (rs1_release.160715-1616)
           Библиотека маршрутизации для нескольких служб доступа
[73600000] C:\Windows\SYSTEM32\USERENV.dll
           6.2.14393.3024 - 10.0.14393.0 (rs1_release.160715-1616)
           Userenv
[73690000] C:\Windows\WinSxS\x86_microsoft.windows.common-controls_6595b64144ccf1df_6.0.14393.3053_none_c58d796d97be2a63\comctl32.dll
           6.10.14393.3053 - 6.10 (rs1_release_inmarket.190612-1836)
           Библиотека элементов управления взаимодействия с пользователем
[738A0000] C:\Windows\SYSTEM32\wsock32.dll
           6.2.14393.0 - 10.0.14393.0 (rs1_release.160715-1616)
           Windows Socket 32-Bit DLL
[73AE0000] C:\Windows\SYSTEM32\bcrypt.dll
           6.2.14393.2969 - 10.0.14393.0 (rs1_release.160715-1616)
           Библиотека криптографических примитивов Windows
[73C90000] C:\Windows\System32\NETAPI32.dll
           6.2.14393.0 - 10.0.14393.0 (rs1_release.160715-1616)
           Net Win32 API DLL
[73CB0000] C:\Windows\SYSTEM32\WINMMBASE.dll
           6.2.14393.0 - 10.0.14393.0 (rs1_release.160715-1616)
           Base Multimedia Extension API DLL
[73D60000] C:\Windows\SYSTEM32\WINSPOOL.DRV
           6.2.14393.2848 - 10.0.14393.1715 (rs1_release_inmarket.170906-1810)
           Драйвер диспетчера очереди Windows
[73DD0000] C:\Windows\SYSTEM32\VERSION.dll
           6.2.14393.0 - 10.0.14393.0 (rs1_release.160715-1616)
           Version Checking and File Installation Libraries
[741A0000] C:\Windows\SYSTEM32\WINMM.dll
           6.2.14393.0 - 10.0.14393.0 (rs1_release.160715-1616)
           MCI API DLL
[741D0000] C:\Windows\System32\CRYPTBASE.dll
           6.2.14393.0 - 10.0.14393.0 (rs1_release.160715-1616)
           Base cryptographic API DLL
[741E0000] C:\Windows\System32\SspiCli.dll
           6.2.14393.2580 - 10.0.14393.2580 (rs1_release_inmarket.181009-1745)
           Security Support Provider Interface
[74200000] C:\Windows\System32\ole32.dll
           6.2.14393.3053 - 10.0.14393.1198 (rs1_release_sec.170427-1353)
           Microsoft OLE для Windows
[742F0000] C:\Windows\System32\ADVAPI32.dll
           6.2.14393.2515 - 10.0.14393.0 (rs1_release.160715-1616)
           Расширенная библиотека API Windows 32
[74370000] C:\Windows\System32\win32u.dll
           6.2.14393.51 - 10.0.14393.51 (rs1_release_inmarket.160801-1836)
           Win32u
[74390000] C:\Windows\System32\crypt32.dll
           6.2.14393.2214 - 10.0.14393.0 (rs1_release.160715-1616)
           API32 криптографии
[74920000] C:\Windows\System32\NSI.dll
           6.2.14393.2515 - 10.0.14393.2515 (rs1_release_1.180830-1044)
           NSI User-mode interface DLL
[74930000] C:\Windows\System32\MSASN1.dll
           6.2.14393.0 - 10.0.14393.0 (rs1_release.160715-1616)
           ASN.1 Runtime APIs
[74940000] C:\Windows\System32\gdi32full.dll
           6.2.14393.3179 - 10.0.14393.3179 (rs1_release_1.190806-2245)
           GDI Client DLL
[74AA0000] C:\Windows\System32\RPCRT4.dll
           6.2.14393.3115 - 10.0.14393.0 (rs1_release.160715-1616)
           Библиотека удаленного вызова процедур
[74B70000] C:\Windows\System32\comdlg32.dll
           6.2.14393.2828 - 10.0.14393.0 (rs1_release.160715-1616)
           Библиотека общих диалоговых окон
[74CB0000] C:\Windows\System32\imagehlp.dll
           6.2.14393.0 - 10.0.14393.0 (rs1_release.160715-1616)
           Windows NT Image Helper
[74CD0000] C:\Windows\System32\msvcp_win.dll
           6.2.14393.2999 - 10.0.14393.2999 (rs1_release_inmarket.190520-1518)
           Microsoft® C Runtime Library
[74F30000] C:\Windows\System32\powrprof.dll
           6.2.14393.0 - 10.0.14393.0 (rs1_release.160715-1616)
           DLL модуля поддержки профиля управления питанием
[74F80000] C:\Windows\System32\combase.dll
           6.2.14393.3085 - 10.0.14393.1198 (rs1_release_sec.170427-1353)
           Microsoft COM для Windows
[75190000] C:\Windows\System32\GDI32.dll
           6.2.14393.2848 - 10.0.14393.2848 (rs1_release.190305-1856)
           GDI Client DLL
[751C0000] C:\Windows\System32\sechost.dll
           6.2.14393.2515 - 10.0.14393.0 (rs1_release.160715-1616)
           Host for SCM/SDDL/LSA Lookup APIs
[75210000] C:\Windows\System32\windows.storage.dll
           6.2.14393.3115 - 10.0.14393.0 (rs1_release.160715-1616)
           API хранения Microsoft WinRT
[75780000] C:\Windows\System32\PSAPI.dll
           6.2.14393.0 - 10.0.14393.0 (rs1_release.160715-1616)
           Process Status Helper
[75790000] C:\Windows\System32\clbcatq.dll
           2001.12.10941.16384 - 2001.12.10941.16384 (rs1_release.160715-1616)
           COM+ Configuration Catalog
[75820000] C:\Windows\System32\ucrtbase.dll
           6.2.14393.2999 - 10.0.14393.2999 (rs1_release_inmarket.190520-1518)
           Microsoft® C Runtime Library
[75900000] C:\Windows\System32\bcryptPrimitives.dll
           6.2.14393.2828 - 10.0.14393.2828 (rs1_release_inmarket.190216-1457)
           Windows Cryptographic Primitives Library
[75960000] C:\Windows\System32\cfgmgr32.dll
           6.2.14393.0 - 10.0.14393.0 (rs1_release.160715-1616)
           Configuration Manager DLL
[759A0000] C:\Windows\System32\WS2_32.dll
           6.2.14393.206 - 10.0.14393.0 (rs1_release.160715-1616)
           32-разрядная библиотека Windows Socket 2.0
[75A70000] C:\Windows\System32\KERNEL32.DLL
           6.2.14393.2969 - 10.0.14393.2430 (rs1_release_inmarket_aim.180806-1810)
           Библиотека клиента Windows NT BASE API
[75B50000] C:\Windows\System32\msvcrt.dll
           7.0.14393.2457 - 7.0.14393.2457 (rs1_release_inmarket.180822-1743)
           Windows NT CRT DLL
[75C10000] C:\Windows\System32\SHLWAPI.dll
           6.2.14393.0 - 10.0.14393.0 (rs1_release.160715-1616)
           Библиотека небольших программ оболочки
[75C60000] C:\Windows\System32\MSCTF.dll
           6.2.14393.3143 - 10.0.14393.0 (rs1_release.160715-1616)
           Серверная библиотека MSCTF
[75DA0000] C:\Windows\System32\USER32.dll
           6.2.14393.2273 - 10.0.14393.0 (rs1_release.160715-1616)
           Многопользовательская библиотека клиента USER API Windows
[75F00000] C:\Windows\System32\kernel.appcore.dll
           6.2.14393.2312 - 10.0.14393.2312 (rs1_release.180607-1919)
           AppModel API Host
[75F60000] C:\Windows\System32\shcore.dll
           6.2.14393.2969 - 10.0.14393.0 (rs1_release.160715-1616)
           SHCORE
[75FF0000] C:\Windows\System32\IMM32.DLL
           6.2.14393.0 - 10.0.14393.0 (rs1_release.160715-1616)
           Multi-User Windows IMM32 API Client DLL
[76020000] C:\Windows\System32\profapi.dll
           6.2.14393.0 - 10.0.14393.0 (rs1_release.160715-1616)
           User Profile Basic API
[76030000] C:\Windows\System32\KERNELBASE.dll
           6.2.14393.3085 - 10.0.14393.2430 (rs1_release_inmarket_aim.180806-1810)
           Библиотека клиента Windows NT BASE API
[76280000] C:\Windows\System32\OLEAUT32.dll
           6.2.14393.3181 - 10.0.14393.3181 (rs1_release_inmarket.190815-1633)
           OLEAUT32.DLL
[76320000] C:\Windows\System32\SHELL32.dll
           6.2.14393.3085 - 10.0.14393.0 (rs1_release.160715-1616)
           Общая библиотека оболочки Windows
[77700000] C:\Windows\SYSTEM32\ntdll.dll
           6.2.14393.2969 - 10.0.14393.2430 (rs1_release_inmarket_aim.180806-1810)
           Системная библиотека NT
------------------------------------------------------------------------------
Active Controls hierarchy:
TJvDBUltimGrid "JvDBUltimGrid1"
TTabSheet "TabSheet1"
TPageControl "PageControl1"
TMainForm "MainForm"
------------------------------------------------------------------------------

==============================================================================
= 20.09.2019 12:57:05                                                        =
==============================================================================
There was an error during the execution of this program.
The application might become unstable and even useless.
It's recommended that you save your work and close this application.

Invalid floating point operation.

------------------------------------------------------------------------------
Exception log with detailed tech info. Generated on 20.09.2019 12:57:04.
You may send it to the application vendor, helping him to understand what had happened.
 Application title: Альфа-Склад
 Application file: D:\Users\Admin\YandexDisk\AlphaSklad22\win32\debug\AlphaSklad.exe
------------------------------------------------------------------------------
Exception class: EInvalidOp
Exception message: Invalid floating point operation.
Exception address: 70FCADF3
------------------------------------------------------------------------------
Main thread ID = 12264
Exception thread ID = 12264
------------------------------------------------------------------------------
Call stack for main thread
Stack list, generated 20.09.2019 12:57:04
[7776FB4C]{ntdll.dll   } ZwGetContextThread
------------------------------------------------------------------------------
System   : Windows Server 2016 Server, Version: 6.2, Build: 23F0, ""
Processor: Intel,      Intel(R) Xeon(R) CPU E3-1220L V2 @ 2.30GHz, 2300 MHz MMX SSE SSE2 SSE3 SSSE3 SSE41 SSE42 64 bits DEP
Memory: 16221; free 8575
Display  : 1920x1080 pixels, 32 bpp
------------------------------------------------------------------------------
List of loaded modules:
[00400000] D:\Users\Admin\YandexDisk\AlphaSklad22\win32\debug\AlphaSklad.exe
           2.0.1.147 - 2.0.1.147
           Альфа-Склад
           Unit versioning information:
             JCL\source\common JclUnitVersioningProviders.pas 30b46b307c41c5832a4c12ebc44521872bc2145e 2011-09-02 22:07:50 +0000
[10000000] C:\Program Files (x86)\Common Files\System\msadc\msadcer.dll
           6.2.14393.0 - 10.0.14393.0 (rs1_release.160715-1616)
           OLE DB Cursor Engine Resources
[39670000] C:\Windows\System32\1033\SQLNCLIR11.RLL
           2011.110.2100.60 - 2011.0110.2100.060 ((SQL11_RTM).120210-1846 )
           Microsoft SQL Server Native Client 11.0
[46480000] C:\Windows\system32\security.dll
           6.2.14393.0 - 10.0.14393.0 (rs1_release.160715-1616)
           Security Support Provider Interface
[59A70000] C:\Windows\SYSTEM32\DUser.dll
           6.2.14393.0 - 10.0.14393.0 (rs1_release.160715-1616)
           Windows DirectUser Engine
[5B410000] C:\Program Files (x86)\Common Files\microsoft shared\ink\tiptsf.dll
           6.2.14393.2636 - 10.0.14393.0 (rs1_release.160715-1616)
           Инфраструктура текстовых служб сенсорной клавиатуры и панели рукописного ввода
[5D4B0000] C:\Windows\AppPatch\AcGenral.DLL
           6.2.14393.3053 - 10.0.14393.3053 (rs1_release_inmarket.190612-1836)
           Windows Compatibility DLL
[63260000] C:\Windows\SYSTEM32\oleacc.dll
           7.2.14393.2969 - 7.2.14393.2969 (rs1_release.190503-1820)
           Active Accessibility Core Component
[6D7C0000] C:\Windows\SYSTEM32\tsappcmp.dll
           6.2.14393.0 - 10.0.14393.0 (rs1_release.160715-1616)
           DLL-библиотека совместимости приложения служб удаленных рабочих столов
[6E610000] C:\Windows\SYSTEM32\iertutil.dll
           11.0.14393.3115 - 11.00.14393.0 (rs1_release.160715-1616)
           Служебная программа времени выполнения для Internet Explorer
[6E850000] C:\Windows\SYSTEM32\urlmon.dll
           11.0.14393.3179 - 11.00.14393.0 (rs1_release.160715-1616)
           Расширения OLE32 для Win32
[6F6A0000] C:\Windows\SYSTEM32\atlthunk.dll
           6.2.14393.2457 - 10.0.14393.2457 (rs1_release_inmarket.180822-1743)
           atlthunk.dll
[6F6B0000] C:\Windows\SYSTEM32\samcli.dll
           6.2.14393.0 - 10.0.14393.0 (rs1_release.160715-1616)
           Security Accounts Manager Client DLL
[6F9B0000] C:\Windows\SYSTEM32\mswstr10.dll
           4.0.9801.1 - 4.00.9765.0
           Библиотека сортировки Microsoft Jet
[6FA60000] C:\Program Files (x86)\Common Files\System\msadc\msadce.dll
           6.2.14393.2608 - 10.0.14393.2608 (rs1_release.181024-1742)
           OLE DB Cursor Engine
[70BB0000] C:\Windows\system32\RESUTILS.DLL
           6.2.14393.2879 - 10.0.14393.0 (rs1_release.160715-1616)
           Библиотека DLL служебной программы ресурсов кластера (Майкрософт)
[70C00000] C:\Windows\system32\ntdsapi.dll
           6.2.14393.0 - 10.0.14393.0 (rs1_release.160715-1616)
           Active Directory Domain Services API
[70C20000] C:\Windows\SYSTEM32\cryptdll.dll
           6.2.14393.2969 - 10.0.14393.2969 (rs1_release.190503-1820)
           Cryptography Manager
[70C40000] C:\Windows\SYSTEM32\NtlmShared.dll
           6.2.14393.2791 - 10.0.14393.2791 (rs1_release.190205-1511)
           NTLM Shared Functionality
[70C50000] C:\Windows\System32\msv1_0.DLL
           6.2.14393.3024 - 10.0.14393.0 (rs1_release.160715-1616)
           Microsoft Authentication Package v1.0
[70CB0000] C:\Windows\System32\Kerberos.DLL
           6.2.14393.3143 - 10.0.14393.0 (rs1_release.160715-1616)
           Пакет безопасности Kerberos
[70D90000] C:\Windows\System32\MSVCR100.dll
           10.0.40219.473 - 10.00.40219.473
           Microsoft® C Runtime Library
[70E50000] C:\Windows\System32\sqlncli11.dll
           2011.110.2100.60 - 2011.0110.2100.060 ((SQL11_RTM).120210-1846 )
           Microsoft SQL Server Native Client 11.0
[71130000] C:\Windows\System32\comsvcs.dll
           2001.12.10941.16384 - 2001.12.10941.16384 (rs1_release_inmarket.190313-1855)
           COM+ Services
[71280000] C:\Windows\SYSTEM32\DPAPI.dll
           6.2.14393.0 - 10.0.14393.0 (rs1_release.160715-1616)
           Data Protection API
[71290000] C:\Program Files (x86)\Common Files\System\Ole DB\oledb32.dll
           6.2.14393.2758 - 10.0.14393.2758 (rs1_release_1.190104-1904)
           OLE DB Core Services
[71360000] C:\Windows\SYSTEM32\MSDART.DLL
           6.2.14393.0 - 10.0.14393.0 (rs1_release.160715-1616)
           OLE DB Runtime Routines
[71390000] C:\Program Files (x86)\Common Files\System\ado\msado15.dll
           6.2.14393.3024 - 10.0.14393.3024 (rs1_release.190530-2002)
           ActiveX Data Objects
[71510000] C:\Windows\SYSTEM32\DSPARSE.DLL
           6.2.14393.0 - 10.0.14393.0 (rs1_release.160715-1616)
           Active Directory Domain Services API
[71720000] C:\Windows\system32\ncryptsslp.dll
           6.2.14393.2457 - 10.0.14393.2457 (rs1_release_inmarket.180822-1743)
           Microsoft SChannel Provider
[71740000] C:\Windows\SYSTEM32\NTASN1.dll
           6.2.14393.0 - 10.0.14393.0 (rs1_release.160715-1616)
           Microsoft ASN.1 API
[71770000] C:\Windows\SYSTEM32\ncrypt.dll
           6.2.14393.2457 - 10.0.14393.0 (rs1_release.160715-1616)
           Маршрутизатор Windows NCrypt
[71790000] C:\Windows\SYSTEM32\mskeyprotect.dll
           6.2.14393.2457 - 10.0.14393.0 (rs1_release.160715-1616)
           Поставщик защиты ключей (Майкрософт)
[717D0000] C:\Windows\SYSTEM32\sxs.dll
           6.2.14393.0 - 10.0.14393.0 (rs1_release.160715-1616)
           Fusion 2.5
[71C80000] C:\Windows\SYSTEM32\dwmapi.dll
           6.2.14393.206 - 10.0.14393.0 (rs1_release.160715-1616)
           Интерфейс API диспетчера окон рабочего стола (Майкрософт)
[720C0000] C:\Windows\System32\LOGONCLI.DLL
           6.2.14393.2007 - 10.0.14393.2007 (rs1_release.171231-1800)
           Net Logon Client DLL
[720F0000] C:\Windows\system32\CLUSAPI.DLL
           6.2.14393.2879 - 10.0.14393.0 (rs1_release.160715-1616)
           Библиотека API кластера
[72790000] C:\Windows\SYSTEM32\DNSAPI.dll
           6.2.14393.2999 - 10.0.14393.0 (rs1_release.160715-1616)
           Динамическая библиотека API DNS-клиента
[72B60000] C:\Windows\System32\dbghelp.dll
           6.2.14321.1024 - 10.0.14321.1024 (rs1_release.160715-1616)
           Windows Image Helper
[72DA0000] C:\Windows\SYSTEM32\UxTheme.dll
           6.2.14393.2248 - 10.0.14393.0 (rs1_release.160715-1616)
           Библиотека тем UxTheme (Microsoft)
[72EB0000] C:\Windows\SYSTEM32\WINSTA.dll
           6.2.14393.0 - 10.0.14393.0 (rs1_release.160715-1616)
           Winstation Library
[72F00000] C:\Windows\SYSTEM32\wtsapi32.dll
           6.2.14393.0 - 10.0.14393.0 (rs1_release.160715-1616)
           Windows Remote Desktop Session Host Server SDK APIs
[72F10000] C:\Windows\system32\mswsock.dll
           6.2.14393.0 - 10.0.14393.0 (rs1_release.160715-1616)
           Расширение поставщика службы API Microsoft Windows Sockets 2.0
[732F0000] C:\Windows\system32\apphelp.dll
           6.2.14393.0 - 10.0.14393.0 (rs1_release.160715-1616)
           Клиентская библиотека совместимости приложений
[73390000] C:\Windows\System32\schannel.dll
           6.2.14393.3024 - 10.0.14393.0 (rs1_release.160715-1616)
           Поставщик безопасности TLS/SSL
[73400000] C:\Windows\system32\secur32.dll
           6.2.14393.2273 - 10.0.14393.2273 (rs1_release_1.180427-1811)
           Security Support Provider Interface
[734A0000] C:\Windows\System32\NETUTILS.DLL
           6.2.14393.0 - 10.0.14393.0 (rs1_release.160715-1616)
           Net Win32 API Helpers DLL
[734B0000] C:\Windows\SYSTEM32\IPHLPAPI.DLL
           6.2.14393.2339 - 10.0.14393.0 (rs1_release.160715-1616)
           API вспомогательного приложения IP
[73580000] C:\Windows\SYSTEM32\MSACM32.dll
           6.2.14393.0 - 10.0.14393.0 (rs1_release.160715-1616)
           Фильтр диспетчера аудиосжатия Microsoft
[735A0000] C:\Windows\SYSTEM32\MPR.dll
           6.2.14393.2879 - 10.0.14393.0 (rs1_release.160715-1616)
           Библиотека маршрутизации для нескольких служб доступа
[73600000] C:\Windows\SYSTEM32\USERENV.dll
           6.2.14393.3024 - 10.0.14393.0 (rs1_release.160715-1616)
           Userenv
[73690000] C:\Windows\WinSxS\x86_microsoft.windows.common-controls_6595b64144ccf1df_6.0.14393.3053_none_c58d796d97be2a63\comctl32.dll
           6.10.14393.3053 - 6.10 (rs1_release_inmarket.190612-1836)
           Библиотека элементов управления взаимодействия с пользователем
[738A0000] C:\Windows\SYSTEM32\wsock32.dll
           6.2.14393.0 - 10.0.14393.0 (rs1_release.160715-1616)
           Windows Socket 32-Bit DLL
[73AE0000] C:\Windows\SYSTEM32\bcrypt.dll
           6.2.14393.2969 - 10.0.14393.0 (rs1_release.160715-1616)
           Библиотека криптографических примитивов Windows
[73C90000] C:\Windows\System32\NETAPI32.dll
           6.2.14393.0 - 10.0.14393.0 (rs1_release.160715-1616)
           Net Win32 API DLL
[73CB0000] C:\Windows\SYSTEM32\WINMMBASE.dll
           6.2.14393.0 - 10.0.14393.0 (rs1_release.160715-1616)
           Base Multimedia Extension API DLL
[73D60000] C:\Windows\SYSTEM32\WINSPOOL.DRV
           6.2.14393.2848 - 10.0.14393.1715 (rs1_release_inmarket.170906-1810)
           Драйвер диспетчера очереди Windows
[73DD0000] C:\Windows\SYSTEM32\VERSION.dll
           6.2.14393.0 - 10.0.14393.0 (rs1_release.160715-1616)
           Version Checking and File Installation Libraries
[741A0000] C:\Windows\SYSTEM32\WINMM.dll
           6.2.14393.0 - 10.0.14393.0 (rs1_release.160715-1616)
           MCI API DLL
[741D0000] C:\Windows\System32\CRYPTBASE.dll
           6.2.14393.0 - 10.0.14393.0 (rs1_release.160715-1616)
           Base cryptographic API DLL
[741E0000] C:\Windows\System32\SspiCli.dll
           6.2.14393.2580 - 10.0.14393.2580 (rs1_release_inmarket.181009-1745)
           Security Support Provider Interface
[74200000] C:\Windows\System32\ole32.dll
           6.2.14393.3053 - 10.0.14393.1198 (rs1_release_sec.170427-1353)
           Microsoft OLE для Windows
[742F0000] C:\Windows\System32\ADVAPI32.dll
           6.2.14393.2515 - 10.0.14393.0 (rs1_release.160715-1616)
           Расширенная библиотека API Windows 32
[74370000] C:\Windows\System32\win32u.dll
           6.2.14393.51 - 10.0.14393.51 (rs1_release_inmarket.160801-1836)
           Win32u
[74390000] C:\Windows\System32\crypt32.dll
           6.2.14393.2214 - 10.0.14393.0 (rs1_release.160715-1616)
           API32 криптографии
[74920000] C:\Windows\System32\NSI.dll
           6.2.14393.2515 - 10.0.14393.2515 (rs1_release_1.180830-1044)
           NSI User-mode interface DLL
[74930000] C:\Windows\System32\MSASN1.dll
           6.2.14393.0 - 10.0.14393.0 (rs1_release.160715-1616)
           ASN.1 Runtime APIs
[74940000] C:\Windows\System32\gdi32full.dll
           6.2.14393.3179 - 10.0.14393.3179 (rs1_release_1.190806-2245)
           GDI Client DLL
[74AA0000] C:\Windows\System32\RPCRT4.dll
           6.2.14393.3115 - 10.0.14393.0 (rs1_release.160715-1616)
           Библиотека удаленного вызова процедур
[74B70000] C:\Windows\System32\comdlg32.dll
           6.2.14393.2828 - 10.0.14393.0 (rs1_release.160715-1616)
           Библиотека общих диалоговых окон
[74CB0000] C:\Windows\System32\imagehlp.dll
           6.2.14393.0 - 10.0.14393.0 (rs1_release.160715-1616)
           Windows NT Image Helper
[74CD0000] C:\Windows\System32\msvcp_win.dll
           6.2.14393.2999 - 10.0.14393.2999 (rs1_release_inmarket.190520-1518)
           Microsoft® C Runtime Library
[74F30000] C:\Windows\System32\powrprof.dll
           6.2.14393.0 - 10.0.14393.0 (rs1_release.160715-1616)
           DLL модуля поддержки профиля управления питанием
[74F80000] C:\Windows\System32\combase.dll
           6.2.14393.3085 - 10.0.14393.1198 (rs1_release_sec.170427-1353)
           Microsoft COM для Windows
[75190000] C:\Windows\System32\GDI32.dll
           6.2.14393.2848 - 10.0.14393.2848 (rs1_release.190305-1856)
           GDI Client DLL
[751C0000] C:\Windows\System32\sechost.dll
           6.2.14393.2515 - 10.0.14393.0 (rs1_release.160715-1616)
           Host for SCM/SDDL/LSA Lookup APIs
[75210000] C:\Windows\System32\windows.storage.dll
           6.2.14393.3115 - 10.0.14393.0 (rs1_release.160715-1616)
           API хранения Microsoft WinRT
[75780000] C:\Windows\System32\PSAPI.dll
           6.2.14393.0 - 10.0.14393.0 (rs1_release.160715-1616)
           Process Status Helper
[75790000] C:\Windows\System32\clbcatq.dll
           2001.12.10941.16384 - 2001.12.10941.16384 (rs1_release.160715-1616)
           COM+ Configuration Catalog
[75820000] C:\Windows\System32\ucrtbase.dll
           6.2.14393.2999 - 10.0.14393.2999 (rs1_release_inmarket.190520-1518)
           Microsoft® C Runtime Library
[75900000] C:\Windows\System32\bcryptPrimitives.dll
           6.2.14393.2828 - 10.0.14393.2828 (rs1_release_inmarket.190216-1457)
           Windows Cryptographic Primitives Library
[75960000] C:\Windows\System32\cfgmgr32.dll
           6.2.14393.0 - 10.0.14393.0 (rs1_release.160715-1616)
           Configuration Manager DLL
[759A0000] C:\Windows\System32\WS2_32.dll
           6.2.14393.206 - 10.0.14393.0 (rs1_release.160715-1616)
           32-разрядная библиотека Windows Socket 2.0
[75A70000] C:\Windows\System32\KERNEL32.DLL
           6.2.14393.2969 - 10.0.14393.2430 (rs1_release_inmarket_aim.180806-1810)
           Библиотека клиента Windows NT BASE API
[75B50000] C:\Windows\System32\msvcrt.dll
           7.0.14393.2457 - 7.0.14393.2457 (rs1_release_inmarket.180822-1743)
           Windows NT CRT DLL
[75C10000] C:\Windows\System32\SHLWAPI.dll
           6.2.14393.0 - 10.0.14393.0 (rs1_release.160715-1616)
           Библиотека небольших программ оболочки
[75C60000] C:\Windows\System32\MSCTF.dll
           6.2.14393.3143 - 10.0.14393.0 (rs1_release.160715-1616)
           Серверная библиотека MSCTF
[75DA0000] C:\Windows\System32\USER32.dll
           6.2.14393.2273 - 10.0.14393.0 (rs1_release.160715-1616)
           Многопользовательская библиотека клиента USER API Windows
[75F00000] C:\Windows\System32\kernel.appcore.dll
           6.2.14393.2312 - 10.0.14393.2312 (rs1_release.180607-1919)
           AppModel API Host
[75F60000] C:\Windows\System32\shcore.dll
           6.2.14393.2969 - 10.0.14393.0 (rs1_release.160715-1616)
           SHCORE
[75FF0000] C:\Windows\System32\IMM32.DLL
           6.2.14393.0 - 10.0.14393.0 (rs1_release.160715-1616)
           Multi-User Windows IMM32 API Client DLL
[76020000] C:\Windows\System32\profapi.dll
           6.2.14393.0 - 10.0.14393.0 (rs1_release.160715-1616)
           User Profile Basic API
[76030000] C:\Windows\System32\KERNELBASE.dll
           6.2.14393.3085 - 10.0.14393.2430 (rs1_release_inmarket_aim.180806-1810)
           Библиотека клиента Windows NT BASE API
[76280000] C:\Windows\System32\OLEAUT32.dll
           6.2.14393.3181 - 10.0.14393.3181 (rs1_release_inmarket.190815-1633)
           OLEAUT32.DLL
[76320000] C:\Windows\System32\SHELL32.dll
           6.2.14393.3085 - 10.0.14393.0 (rs1_release.160715-1616)
           Общая библиотека оболочки Windows
[77700000] C:\Windows\SYSTEM32\ntdll.dll
           6.2.14393.2969 - 10.0.14393.2430 (rs1_release_inmarket_aim.180806-1810)
           Системная библиотека NT
------------------------------------------------------------------------------
Active Controls hierarchy:
TPageControl "Pages"
TSaleProd "SaleProd"
------------------------------------------------------------------------------
