==============================================================================
= 09.09.2019 14:36:14                                                        =
==============================================================================
There was an error during the execution of this program.
The application might become unstable and even useless.
It's recommended that you save your work and close this application.

Invalid variant operation.

------------------------------------------------------------------------------
Exception log with detailed tech info. Generated on 09.09.2019 14:36:14.
You may send it to the application vendor, helping him to understand what had happened.
 Application title: Альфа-Склад
 Application file: D:\Users\Admin\YandexDisk\AlphaSklad22\win32\debug\AlphaSklad.exe
------------------------------------------------------------------------------
Exception class: EVariantInvalidOpError
Exception message: Invalid variant operation.
Exception address: 00439C18
------------------------------------------------------------------------------
Main thread ID = 9356
Exception thread ID = 9356
------------------------------------------------------------------------------
Call stack for main thread
Stack list, generated 09.09.2019 14:36:14
[7785FB4C]{ntdll.dll   } ZwGetContextThread
------------------------------------------------------------------------------
System   : Windows Server 2016 Server, Version: 6.2, Build: 23F0, ""
Processor: Intel,      Intel(R) Xeon(R) CPU E3-1220L V2 @ 2.30GHz, 2300 MHz MMX SSE SSE2 SSE3 SSSE3 SSE41 SSE42 64 bits DEP
Memory: 16221; free 9048
Display  : 1696x905 pixels, 32 bpp
------------------------------------------------------------------------------
List of loaded modules:
[00400000] D:\Users\Admin\YandexDisk\AlphaSklad22\win32\debug\AlphaSklad.exe
           2.0.1.147 - 2.0.1.147
           Альфа-Склад
           Unit versioning information:
             JCL\source\common JclUnitVersioningProviders.pas 30b46b307c41c5832a4c12ebc44521872bc2145e 2011-09-02 22:07:50 +0000
[10000000] C:\Program Files (x86)\Common Files\System\msadc\msadcer.dll
           6.2.14393.0 - 10.0.14393.0 (rs1_release.160715-1616)
           OLE DB Cursor Engine Resources
[39670000] C:\Windows\System32\1033\SQLNCLIR11.RLL
           2011.110.2100.60 - 2011.0110.2100.060 ((SQL11_RTM).120210-1846 )
           Microsoft SQL Server Native Client 11.0
[46480000] C:\Windows\system32\security.dll
           6.2.14393.0 - 10.0.14393.0 (rs1_release.160715-1616)
           Security Support Provider Interface
[66490000] C:\Program Files (x86)\Common Files\microsoft shared\ink\tiptsf.dll
           6.2.14393.2636 - 10.0.14393.0 (rs1_release.160715-1616)
           Инфраструктура текстовых служб сенсорной клавиатуры и панели рукописного ввода
[676A0000] C:\Windows\AppPatch\AcGenral.DLL
           6.2.14393.3053 - 10.0.14393.3053 (rs1_release_inmarket.190612-1836)
           Windows Compatibility DLL
[6D7D0000] C:\Windows\SYSTEM32\tsappcmp.dll
           6.2.14393.0 - 10.0.14393.0 (rs1_release.160715-1616)
           DLL-библиотека совместимости приложения служб удаленных рабочих столов
[6E6A0000] C:\Windows\SYSTEM32\iertutil.dll
           11.0.14393.3115 - 11.00.14393.0 (rs1_release.160715-1616)
           Служебная программа времени выполнения для Internet Explorer
[6E8E0000] C:\Windows\SYSTEM32\urlmon.dll
           11.0.14393.3179 - 11.00.14393.0 (rs1_release.160715-1616)
           Расширения OLE32 для Win32
[6F720000] C:\Windows\SYSTEM32\oleacc.dll
           7.2.14393.2969 - 7.2.14393.2969 (rs1_release.190503-1820)
           Active Accessibility Core Component
[6F7A0000] C:\Windows\SYSTEM32\samcli.dll
           6.2.14393.0 - 10.0.14393.0 (rs1_release.160715-1616)
           Security Accounts Manager Client DLL
[6FFB0000] C:\Program Files (x86)\Common Files\System\msadc\msadce.dll
           6.2.14393.2608 - 10.0.14393.2608 (rs1_release.181024-1742)
           OLE DB Cursor Engine
[703D0000] C:\Windows\system32\RESUTILS.DLL
           6.2.14393.2879 - 10.0.14393.0 (rs1_release.160715-1616)
           Библиотека DLL служебной программы ресурсов кластера (Майкрософт)
[70420000] C:\Windows\system32\ntdsapi.dll
           6.2.14393.0 - 10.0.14393.0 (rs1_release.160715-1616)
           Active Directory Domain Services API
[70440000] C:\Windows\SYSTEM32\cryptdll.dll
           6.2.14393.2969 - 10.0.14393.2969 (rs1_release.190503-1820)
           Cryptography Manager
[70460000] C:\Windows\SYSTEM32\NtlmShared.dll
           6.2.14393.2791 - 10.0.14393.2791 (rs1_release.190205-1511)
           NTLM Shared Functionality
[70470000] C:\Windows\System32\msv1_0.DLL
           6.2.14393.3024 - 10.0.14393.0 (rs1_release.160715-1616)
           Microsoft Authentication Package v1.0
[704D0000] C:\Windows\System32\Kerberos.DLL
           6.2.14393.3143 - 10.0.14393.0 (rs1_release.160715-1616)
           Пакет безопасности Kerberos
[705B0000] C:\Windows\System32\MSVCR100.dll
           10.0.40219.473 - 10.00.40219.473
           Microsoft® C Runtime Library
[70670000] C:\Windows\System32\sqlncli11.dll
           2011.110.2100.60 - 2011.0110.2100.060 ((SQL11_RTM).120210-1846 )
           Microsoft SQL Server Native Client 11.0
[70950000] C:\Windows\System32\comsvcs.dll
           2001.12.10941.16384 - 2001.12.10941.16384 (rs1_release_inmarket.190313-1855)
           COM+ Services
[70AA0000] C:\Windows\SYSTEM32\DPAPI.dll
           6.2.14393.0 - 10.0.14393.0 (rs1_release.160715-1616)
           Data Protection API
[70AB0000] C:\Program Files (x86)\Common Files\System\Ole DB\oledb32.dll
           6.2.14393.2758 - 10.0.14393.2758 (rs1_release_1.190104-1904)
           OLE DB Core Services
[70B80000] C:\Windows\SYSTEM32\MSDART.DLL
           6.2.14393.0 - 10.0.14393.0 (rs1_release.160715-1616)
           OLE DB Runtime Routines
[70BB0000] C:\Program Files (x86)\Common Files\System\ado\msado15.dll
           6.2.14393.3024 - 10.0.14393.3024 (rs1_release.190530-2002)
           ActiveX Data Objects
[71880000] C:\Windows\SYSTEM32\DSPARSE.DLL
           6.2.14393.0 - 10.0.14393.0 (rs1_release.160715-1616)
           Active Directory Domain Services API
[718D0000] C:\Windows\SYSTEM32\sxs.dll
           6.2.14393.0 - 10.0.14393.0 (rs1_release.160715-1616)
           Fusion 2.5
[71B00000] C:\Windows\system32\ncryptsslp.dll
           6.2.14393.2457 - 10.0.14393.2457 (rs1_release_inmarket.180822-1743)
           Microsoft SChannel Provider
[71B20000] C:\Windows\SYSTEM32\NTASN1.dll
           6.2.14393.0 - 10.0.14393.0 (rs1_release.160715-1616)
           Microsoft ASN.1 API
[71B50000] C:\Windows\SYSTEM32\ncrypt.dll
           6.2.14393.2457 - 10.0.14393.0 (rs1_release.160715-1616)
           Маршрутизатор Windows NCrypt
[71B70000] C:\Windows\SYSTEM32\mskeyprotect.dll
           6.2.14393.2457 - 10.0.14393.0 (rs1_release.160715-1616)
           Поставщик защиты ключей (Майкрософт)
[71E50000] C:\Windows\SYSTEM32\dwmapi.dll
           6.2.14393.206 - 10.0.14393.0 (rs1_release.160715-1616)
           Интерфейс API диспетчера окон рабочего стола (Майкрософт)
[721A0000] C:\Windows\System32\LOGONCLI.DLL
           6.2.14393.2007 - 10.0.14393.2007 (rs1_release.171231-1800)
           Net Logon Client DLL
[721D0000] C:\Windows\system32\CLUSAPI.DLL
           6.2.14393.2879 - 10.0.14393.0 (rs1_release.160715-1616)
           Библиотека API кластера
[729A0000] C:\Windows\SYSTEM32\DNSAPI.dll
           6.2.14393.2999 - 10.0.14393.0 (rs1_release.160715-1616)
           Динамическая библиотека API DNS-клиента
[72C10000] C:\Windows\System32\dbghelp.dll
           6.2.14321.1024 - 10.0.14321.1024 (rs1_release.160715-1616)
           Windows Image Helper
[732B0000] C:\Windows\SYSTEM32\UxTheme.dll
           6.2.14393.2248 - 10.0.14393.0 (rs1_release.160715-1616)
           Библиотека тем UxTheme (Microsoft)
[73330000] C:\Windows\SYSTEM32\WINSTA.dll
           6.2.14393.0 - 10.0.14393.0 (rs1_release.160715-1616)
           Winstation Library
[73380000] C:\Windows\SYSTEM32\wtsapi32.dll
           6.2.14393.0 - 10.0.14393.0 (rs1_release.160715-1616)
           Windows Remote Desktop Session Host Server SDK APIs
[73390000] C:\Windows\system32\mswsock.dll
           6.2.14393.0 - 10.0.14393.0 (rs1_release.160715-1616)
           Расширение поставщика службы API Microsoft Windows Sockets 2.0
[733E0000] C:\Windows\system32\apphelp.dll
           6.2.14393.0 - 10.0.14393.0 (rs1_release.160715-1616)
           Клиентская библиотека совместимости приложений
[73480000] C:\Windows\System32\schannel.dll
           6.2.14393.3024 - 10.0.14393.0 (rs1_release.160715-1616)
           Поставщик безопасности TLS/SSL
[734F0000] C:\Windows\system32\secur32.dll
           6.2.14393.2273 - 10.0.14393.2273 (rs1_release_1.180427-1811)
           Security Support Provider Interface
[73590000] C:\Windows\SYSTEM32\IPHLPAPI.DLL
           6.2.14393.2339 - 10.0.14393.0 (rs1_release.160715-1616)
           API вспомогательного приложения IP
[736A0000] C:\Windows\SYSTEM32\MPR.dll
           6.2.14393.2879 - 10.0.14393.0 (rs1_release.160715-1616)
           Библиотека маршрутизации для нескольких служб доступа
[736C0000] C:\Windows\SYSTEM32\USERENV.dll
           6.2.14393.3024 - 10.0.14393.0 (rs1_release.160715-1616)
           Userenv
[736E0000] C:\Windows\System32\NETUTILS.DLL
           6.2.14393.0 - 10.0.14393.0 (rs1_release.160715-1616)
           Net Win32 API Helpers DLL
[73850000] C:\Windows\SYSTEM32\MSACM32.dll
           6.2.14393.0 - 10.0.14393.0 (rs1_release.160715-1616)
           Фильтр диспетчера аудиосжатия Microsoft
[73870000] C:\Windows\SYSTEM32\wsock32.dll
           6.2.14393.0 - 10.0.14393.0 (rs1_release.160715-1616)
           Windows Socket 32-Bit DLL
[739C0000] C:\Windows\System32\NETAPI32.dll
           6.2.14393.0 - 10.0.14393.0 (rs1_release.160715-1616)
           Net Win32 API DLL
[73AF0000] C:\Windows\WinSxS\x86_microsoft.windows.common-controls_6595b64144ccf1df_6.0.14393.3053_none_c58d796d97be2a63\comctl32.dll
           6.10.14393.3053 - 6.10 (rs1_release_inmarket.190612-1836)
           Библиотека элементов управления взаимодействия с пользователем
[73D80000] C:\Windows\SYSTEM32\bcrypt.dll
           6.2.14393.2969 - 10.0.14393.0 (rs1_release.160715-1616)
           Библиотека криптографических примитивов Windows
[73E20000] C:\Windows\SYSTEM32\WINMMBASE.dll
           6.2.14393.0 - 10.0.14393.0 (rs1_release.160715-1616)
           Base Multimedia Extension API DLL
[73E90000] C:\Windows\SYSTEM32\WINSPOOL.DRV
           6.2.14393.2848 - 10.0.14393.1715 (rs1_release_inmarket.170906-1810)
           Драйвер диспетчера очереди Windows
[73F00000] C:\Windows\SYSTEM32\VERSION.dll
           6.2.14393.0 - 10.0.14393.0 (rs1_release.160715-1616)
           Version Checking and File Installation Libraries
[74290000] C:\Windows\SYSTEM32\WINMM.dll
           6.2.14393.0 - 10.0.14393.0 (rs1_release.160715-1616)
           MCI API DLL
[742C0000] C:\Windows\System32\CRYPTBASE.dll
           6.2.14393.0 - 10.0.14393.0 (rs1_release.160715-1616)
           Base cryptographic API DLL
[742D0000] C:\Windows\System32\SspiCli.dll
           6.2.14393.2580 - 10.0.14393.2580 (rs1_release_inmarket.181009-1745)
           Security Support Provider Interface
[74470000] C:\Windows\System32\ADVAPI32.dll
           6.2.14393.2515 - 10.0.14393.0 (rs1_release.160715-1616)
           Расширенная библиотека API Windows 32
[744F0000] C:\Windows\System32\ucrtbase.dll
           6.2.14393.2999 - 10.0.14393.2999 (rs1_release_inmarket.190520-1518)
           Microsoft® C Runtime Library
[746C0000] C:\Windows\System32\WS2_32.dll
           6.2.14393.206 - 10.0.14393.0 (rs1_release.160715-1616)
           32-разрядная библиотека Windows Socket 2.0
[74790000] C:\Windows\System32\USER32.dll
           6.2.14393.2273 - 10.0.14393.0 (rs1_release.160715-1616)
           Многопользовательская библиотека клиента USER API Windows
[748F0000] C:\Windows\System32\clbcatq.dll
           2001.12.10941.16384 - 2001.12.10941.16384 (rs1_release.160715-1616)
           COM+ Configuration Catalog
[74980000] C:\Windows\System32\comdlg32.dll
           6.2.14393.2828 - 10.0.14393.0 (rs1_release.160715-1616)
           Библиотека общих диалоговых окон
[74A70000] C:\Windows\System32\bcryptPrimitives.dll
           6.2.14393.2828 - 10.0.14393.2828 (rs1_release_inmarket.190216-1457)
           Windows Cryptographic Primitives Library
[74AD0000] C:\Windows\System32\KERNEL32.DLL
           6.2.14393.2969 - 10.0.14393.2430 (rs1_release_inmarket_aim.180806-1810)
           Библиотека клиента Windows NT BASE API
[74BB0000] C:\Windows\System32\KERNELBASE.dll
           6.2.14393.3085 - 10.0.14393.2430 (rs1_release_inmarket_aim.180806-1810)
           Библиотека клиента Windows NT BASE API
[74D60000] C:\Windows\System32\IMM32.DLL
           6.2.14393.0 - 10.0.14393.0 (rs1_release.160715-1616)
           Multi-User Windows IMM32 API Client DLL
[74D90000] C:\Windows\System32\NSI.dll
           6.2.14393.2515 - 10.0.14393.2515 (rs1_release_1.180830-1044)
           NSI User-mode interface DLL
[74DA0000] C:\Windows\System32\sechost.dll
           6.2.14393.2515 - 10.0.14393.0 (rs1_release.160715-1616)
           Host for SCM/SDDL/LSA Lookup APIs
[74DF0000] C:\Windows\System32\gdi32full.dll
           6.2.14393.3179 - 10.0.14393.3179 (rs1_release_1.190806-2245)
           GDI Client DLL
[74F50000] C:\Windows\System32\windows.storage.dll
           6.2.14393.3115 - 10.0.14393.0 (rs1_release.160715-1616)
           API хранения Microsoft WinRT
[754C0000] C:\Windows\System32\ole32.dll
           6.2.14393.3053 - 10.0.14393.1198 (rs1_release_sec.170427-1353)
           Microsoft OLE для Windows
[755B0000] C:\Windows\System32\GDI32.dll
           6.2.14393.2848 - 10.0.14393.2848 (rs1_release.190305-1856)
           GDI Client DLL
[755E0000] C:\Windows\System32\profapi.dll
           6.2.14393.0 - 10.0.14393.0 (rs1_release.160715-1616)
           User Profile Basic API
[75A00000] C:\Windows\System32\crypt32.dll
           6.2.14393.2214 - 10.0.14393.0 (rs1_release.160715-1616)
           API32 криптографии
[75B80000] C:\Windows\System32\MSCTF.dll
           6.2.14393.3143 - 10.0.14393.0 (rs1_release.160715-1616)
           Серверная библиотека MSCTF
[75CC0000] C:\Windows\System32\SHLWAPI.dll
           6.2.14393.0 - 10.0.14393.0 (rs1_release.160715-1616)
           Библиотека небольших программ оболочки
[75D10000] C:\Windows\System32\MSASN1.dll
           6.2.14393.0 - 10.0.14393.0 (rs1_release.160715-1616)
           ASN.1 Runtime APIs
[75D20000] C:\Windows\System32\imagehlp.dll
           6.2.14393.0 - 10.0.14393.0 (rs1_release.160715-1616)
           Windows NT Image Helper
[75D40000] C:\Windows\System32\combase.dll
           6.2.14393.3085 - 10.0.14393.1198 (rs1_release_sec.170427-1353)
           Microsoft COM для Windows
[75F50000] C:\Windows\System32\msvcp_win.dll
           6.2.14393.2999 - 10.0.14393.2999 (rs1_release_inmarket.190520-1518)
           Microsoft® C Runtime Library
[75FD0000] C:\Windows\System32\SHELL32.dll
           6.2.14393.3085 - 10.0.14393.0 (rs1_release.160715-1616)
           Общая библиотека оболочки Windows
[77410000] C:\Windows\System32\OLEAUT32.dll
           6.2.14393.3181 - 10.0.14393.3181 (rs1_release_inmarket.190815-1633)
           OLEAUT32.DLL
[774B0000] C:\Windows\System32\win32u.dll
           6.2.14393.51 - 10.0.14393.51 (rs1_release_inmarket.160801-1836)
           Win32u
[77520000] C:\Windows\System32\cfgmgr32.dll
           6.2.14393.0 - 10.0.14393.0 (rs1_release.160715-1616)
           Configuration Manager DLL
[77560000] C:\Windows\System32\kernel.appcore.dll
           6.2.14393.2312 - 10.0.14393.2312 (rs1_release.180607-1919)
           AppModel API Host
[77570000] C:\Windows\System32\msvcrt.dll
           7.0.14393.2457 - 7.0.14393.2457 (rs1_release_inmarket.180822-1743)
           Windows NT CRT DLL
[77630000] C:\Windows\System32\PSAPI.dll
           6.2.14393.0 - 10.0.14393.0 (rs1_release.160715-1616)
           Process Status Helper
[77640000] C:\Windows\System32\powrprof.dll
           6.2.14393.0 - 10.0.14393.0 (rs1_release.160715-1616)
           DLL модуля поддержки профиля управления питанием
[77690000] C:\Windows\System32\RPCRT4.dll
           6.2.14393.3115 - 10.0.14393.0 (rs1_release.160715-1616)
           Библиотека удаленного вызова процедур
[77760000] C:\Windows\System32\shcore.dll
           6.2.14393.2969 - 10.0.14393.0 (rs1_release.160715-1616)
           SHCORE
[777F0000] C:\Windows\SYSTEM32\ntdll.dll
           6.2.14393.2969 - 10.0.14393.2430 (rs1_release_inmarket_aim.180806-1810)
           Системная библиотека NT
------------------------------------------------------------------------------
Active Controls hierarchy:
TJvDBUltimGrid "JvDBUltimGrid1"
TTabSheet "TabSheet1"
TPageControl "PageControl1"
TMainForm "MainForm"
------------------------------------------------------------------------------

==============================================================================
= 09.09.2019 14:48:48                                                        =
==============================================================================
There was an error during the execution of this program.
The application might become unstable and even useless.
It's recommended that you save your work and close this application.

Недопустимое число параметров.

------------------------------------------------------------------------------
Exception log with detailed tech info. Generated on 09.09.2019 14:48:48.
You may send it to the application vendor, helping him to understand what had happened.
 Application title: Альфа-Склад
 Application file: D:\Users\Admin\YandexDisk\AlphaSklad22\win32\debug\AlphaSklad.exe
------------------------------------------------------------------------------
Exception class: EOleSysError
Exception message: Недопустимое число параметров.
Exception address: 00530EFF
------------------------------------------------------------------------------
Main thread ID = 9724
Exception thread ID = 9724
------------------------------------------------------------------------------
Call stack for main thread
Stack list, generated 09.09.2019 14:48:48
[7785FB4C]{ntdll.dll   } ZwGetContextThread
------------------------------------------------------------------------------
System   : Windows Server 2016 Server, Version: 6.2, Build: 23F0, ""
Processor: Intel,      Intel(R) Xeon(R) CPU E3-1220L V2 @ 2.30GHz, 2300 MHz MMX SSE SSE2 SSE3 SSSE3 SSE41 SSE42 64 bits DEP
Memory: 16221; free 9011
Display  : 1696x905 pixels, 32 bpp
------------------------------------------------------------------------------
List of loaded modules:
[00400000] D:\Users\Admin\YandexDisk\AlphaSklad22\win32\debug\AlphaSklad.exe
           2.0.1.147 - 2.0.1.147
           Альфа-Склад
           Unit versioning information:
             JCL\source\common JclUnitVersioningProviders.pas 30b46b307c41c5832a4c12ebc44521872bc2145e 2011-09-02 22:07:50 +0000
[10000000] C:\Program Files (x86)\Common Files\System\msadc\msadcer.dll
           6.2.14393.0 - 10.0.14393.0 (rs1_release.160715-1616)
           OLE DB Cursor Engine Resources
[39670000] C:\Windows\System32\1033\SQLNCLIR11.RLL
           2011.110.2100.60 - 2011.0110.2100.060 ((SQL11_RTM).120210-1846 )
           Microsoft SQL Server Native Client 11.0
[46480000] C:\Windows\system32\security.dll
           6.2.14393.0 - 10.0.14393.0 (rs1_release.160715-1616)
           Security Support Provider Interface
[66490000] C:\Program Files (x86)\Common Files\microsoft shared\ink\tiptsf.dll
           6.2.14393.2636 - 10.0.14393.0 (rs1_release.160715-1616)
           Инфраструктура текстовых служб сенсорной клавиатуры и панели рукописного ввода
[676A0000] C:\Windows\AppPatch\AcGenral.DLL
           6.2.14393.3053 - 10.0.14393.3053 (rs1_release_inmarket.190612-1836)
           Windows Compatibility DLL
[6D7D0000] C:\Windows\SYSTEM32\tsappcmp.dll
           6.2.14393.0 - 10.0.14393.0 (rs1_release.160715-1616)
           DLL-библиотека совместимости приложения служб удаленных рабочих столов
[6E6A0000] C:\Windows\SYSTEM32\iertutil.dll
           11.0.14393.3115 - 11.00.14393.0 (rs1_release.160715-1616)
           Служебная программа времени выполнения для Internet Explorer
[6E8E0000] C:\Windows\SYSTEM32\urlmon.dll
           11.0.14393.3179 - 11.00.14393.0 (rs1_release.160715-1616)
           Расширения OLE32 для Win32
[6F720000] C:\Windows\SYSTEM32\oleacc.dll
           7.2.14393.2969 - 7.2.14393.2969 (rs1_release.190503-1820)
           Active Accessibility Core Component
[6F7A0000] C:\Windows\SYSTEM32\samcli.dll
           6.2.14393.0 - 10.0.14393.0 (rs1_release.160715-1616)
           Security Accounts Manager Client DLL
[6FFB0000] C:\Program Files (x86)\Common Files\System\msadc\msadce.dll
           6.2.14393.2608 - 10.0.14393.2608 (rs1_release.181024-1742)
           OLE DB Cursor Engine
[703D0000] C:\Windows\system32\RESUTILS.DLL
           6.2.14393.2879 - 10.0.14393.0 (rs1_release.160715-1616)
           Библиотека DLL служебной программы ресурсов кластера (Майкрософт)
[70420000] C:\Windows\system32\ntdsapi.dll
           6.2.14393.0 - 10.0.14393.0 (rs1_release.160715-1616)
           Active Directory Domain Services API
[70440000] C:\Windows\SYSTEM32\cryptdll.dll
           6.2.14393.2969 - 10.0.14393.2969 (rs1_release.190503-1820)
           Cryptography Manager
[70460000] C:\Windows\SYSTEM32\NtlmShared.dll
           6.2.14393.2791 - 10.0.14393.2791 (rs1_release.190205-1511)
           NTLM Shared Functionality
[70470000] C:\Windows\System32\msv1_0.DLL
           6.2.14393.3024 - 10.0.14393.0 (rs1_release.160715-1616)
           Microsoft Authentication Package v1.0
[704D0000] C:\Windows\System32\Kerberos.DLL
           6.2.14393.3143 - 10.0.14393.0 (rs1_release.160715-1616)
           Пакет безопасности Kerberos
[705B0000] C:\Windows\System32\MSVCR100.dll
           10.0.40219.473 - 10.00.40219.473
           Microsoft® C Runtime Library
[70670000] C:\Windows\System32\sqlncli11.dll
           2011.110.2100.60 - 2011.0110.2100.060 ((SQL11_RTM).120210-1846 )
           Microsoft SQL Server Native Client 11.0
[70950000] C:\Windows\System32\comsvcs.dll
           2001.12.10941.16384 - 2001.12.10941.16384 (rs1_release_inmarket.190313-1855)
           COM+ Services
[70AA0000] C:\Windows\SYSTEM32\DPAPI.dll
           6.2.14393.0 - 10.0.14393.0 (rs1_release.160715-1616)
           Data Protection API
[70AB0000] C:\Program Files (x86)\Common Files\System\Ole DB\oledb32.dll
           6.2.14393.2758 - 10.0.14393.2758 (rs1_release_1.190104-1904)
           OLE DB Core Services
[70B80000] C:\Windows\SYSTEM32\MSDART.DLL
           6.2.14393.0 - 10.0.14393.0 (rs1_release.160715-1616)
           OLE DB Runtime Routines
[70BB0000] C:\Program Files (x86)\Common Files\System\ado\msado15.dll
           6.2.14393.3024 - 10.0.14393.3024 (rs1_release.190530-2002)
           ActiveX Data Objects
[71880000] C:\Windows\SYSTEM32\DSPARSE.DLL
           6.2.14393.0 - 10.0.14393.0 (rs1_release.160715-1616)
           Active Directory Domain Services API
[718D0000] C:\Windows\SYSTEM32\sxs.dll
           6.2.14393.0 - 10.0.14393.0 (rs1_release.160715-1616)
           Fusion 2.5
[71B00000] C:\Windows\system32\ncryptsslp.dll
           6.2.14393.2457 - 10.0.14393.2457 (rs1_release_inmarket.180822-1743)
           Microsoft SChannel Provider
[71B20000] C:\Windows\SYSTEM32\NTASN1.dll
           6.2.14393.0 - 10.0.14393.0 (rs1_release.160715-1616)
           Microsoft ASN.1 API
[71B50000] C:\Windows\SYSTEM32\ncrypt.dll
           6.2.14393.2457 - 10.0.14393.0 (rs1_release.160715-1616)
           Маршрутизатор Windows NCrypt
[71B70000] C:\Windows\SYSTEM32\mskeyprotect.dll
           6.2.14393.2457 - 10.0.14393.0 (rs1_release.160715-1616)
           Поставщик защиты ключей (Майкрософт)
[71E50000] C:\Windows\SYSTEM32\dwmapi.dll
           6.2.14393.206 - 10.0.14393.0 (rs1_release.160715-1616)
           Интерфейс API диспетчера окон рабочего стола (Майкрософт)
[721A0000] C:\Windows\System32\LOGONCLI.DLL
           6.2.14393.2007 - 10.0.14393.2007 (rs1_release.171231-1800)
           Net Logon Client DLL
[721D0000] C:\Windows\system32\CLUSAPI.DLL
           6.2.14393.2879 - 10.0.14393.0 (rs1_release.160715-1616)
           Библиотека API кластера
[729A0000] C:\Windows\SYSTEM32\DNSAPI.dll
           6.2.14393.2999 - 10.0.14393.0 (rs1_release.160715-1616)
           Динамическая библиотека API DNS-клиента
[72C10000] C:\Windows\System32\dbghelp.dll
           6.2.14321.1024 - 10.0.14321.1024 (rs1_release.160715-1616)
           Windows Image Helper
[732B0000] C:\Windows\SYSTEM32\UxTheme.dll
           6.2.14393.2248 - 10.0.14393.0 (rs1_release.160715-1616)
           Библиотека тем UxTheme (Microsoft)
[73330000] C:\Windows\SYSTEM32\WINSTA.dll
           6.2.14393.0 - 10.0.14393.0 (rs1_release.160715-1616)
           Winstation Library
[73380000] C:\Windows\SYSTEM32\wtsapi32.dll
           6.2.14393.0 - 10.0.14393.0 (rs1_release.160715-1616)
           Windows Remote Desktop Session Host Server SDK APIs
[73390000] C:\Windows\system32\mswsock.dll
           6.2.14393.0 - 10.0.14393.0 (rs1_release.160715-1616)
           Расширение поставщика службы API Microsoft Windows Sockets 2.0
[733E0000] C:\Windows\system32\apphelp.dll
           6.2.14393.0 - 10.0.14393.0 (rs1_release.160715-1616)
           Клиентская библиотека совместимости приложений
[73480000] C:\Windows\System32\schannel.dll
           6.2.14393.3024 - 10.0.14393.0 (rs1_release.160715-1616)
           Поставщик безопасности TLS/SSL
[734F0000] C:\Windows\system32\secur32.dll
           6.2.14393.2273 - 10.0.14393.2273 (rs1_release_1.180427-1811)
           Security Support Provider Interface
[73590000] C:\Windows\SYSTEM32\IPHLPAPI.DLL
           6.2.14393.2339 - 10.0.14393.0 (rs1_release.160715-1616)
           API вспомогательного приложения IP
[736A0000] C:\Windows\SYSTEM32\MPR.dll
           6.2.14393.2879 - 10.0.14393.0 (rs1_release.160715-1616)
           Библиотека маршрутизации для нескольких служб доступа
[736C0000] C:\Windows\SYSTEM32\USERENV.dll
           6.2.14393.3024 - 10.0.14393.0 (rs1_release.160715-1616)
           Userenv
[736E0000] C:\Windows\System32\NETUTILS.DLL
           6.2.14393.0 - 10.0.14393.0 (rs1_release.160715-1616)
           Net Win32 API Helpers DLL
[73850000] C:\Windows\SYSTEM32\MSACM32.dll
           6.2.14393.0 - 10.0.14393.0 (rs1_release.160715-1616)
           Фильтр диспетчера аудиосжатия Microsoft
[73870000] C:\Windows\SYSTEM32\wsock32.dll
           6.2.14393.0 - 10.0.14393.0 (rs1_release.160715-1616)
           Windows Socket 32-Bit DLL
[739C0000] C:\Windows\System32\NETAPI32.dll
           6.2.14393.0 - 10.0.14393.0 (rs1_release.160715-1616)
           Net Win32 API DLL
[73AF0000] C:\Windows\WinSxS\x86_microsoft.windows.common-controls_6595b64144ccf1df_6.0.14393.3053_none_c58d796d97be2a63\comctl32.dll
           6.10.14393.3053 - 6.10 (rs1_release_inmarket.190612-1836)
           Библиотека элементов управления взаимодействия с пользователем
[73D80000] C:\Windows\SYSTEM32\bcrypt.dll
           6.2.14393.2969 - 10.0.14393.0 (rs1_release.160715-1616)
           Библиотека криптографических примитивов Windows
[73E20000] C:\Windows\SYSTEM32\WINMMBASE.dll
           6.2.14393.0 - 10.0.14393.0 (rs1_release.160715-1616)
           Base Multimedia Extension API DLL
[73E90000] C:\Windows\SYSTEM32\WINSPOOL.DRV
           6.2.14393.2848 - 10.0.14393.1715 (rs1_release_inmarket.170906-1810)
           Драйвер диспетчера очереди Windows
[73F00000] C:\Windows\SYSTEM32\VERSION.dll
           6.2.14393.0 - 10.0.14393.0 (rs1_release.160715-1616)
           Version Checking and File Installation Libraries
[74290000] C:\Windows\SYSTEM32\WINMM.dll
           6.2.14393.0 - 10.0.14393.0 (rs1_release.160715-1616)
           MCI API DLL
[742C0000] C:\Windows\System32\CRYPTBASE.dll
           6.2.14393.0 - 10.0.14393.0 (rs1_release.160715-1616)
           Base cryptographic API DLL
[742D0000] C:\Windows\System32\SspiCli.dll
           6.2.14393.2580 - 10.0.14393.2580 (rs1_release_inmarket.181009-1745)
           Security Support Provider Interface
[74470000] C:\Windows\System32\ADVAPI32.dll
           6.2.14393.2515 - 10.0.14393.0 (rs1_release.160715-1616)
           Расширенная библиотека API Windows 32
[744F0000] C:\Windows\System32\ucrtbase.dll
           6.2.14393.2999 - 10.0.14393.2999 (rs1_release_inmarket.190520-1518)
           Microsoft® C Runtime Library
[746C0000] C:\Windows\System32\WS2_32.dll
           6.2.14393.206 - 10.0.14393.0 (rs1_release.160715-1616)
           32-разрядная библиотека Windows Socket 2.0
[74790000] C:\Windows\System32\USER32.dll
           6.2.14393.2273 - 10.0.14393.0 (rs1_release.160715-1616)
           Многопользовательская библиотека клиента USER API Windows
[748F0000] C:\Windows\System32\clbcatq.dll
           2001.12.10941.16384 - 2001.12.10941.16384 (rs1_release.160715-1616)
           COM+ Configuration Catalog
[74980000] C:\Windows\System32\comdlg32.dll
           6.2.14393.2828 - 10.0.14393.0 (rs1_release.160715-1616)
           Библиотека общих диалоговых окон
[74A70000] C:\Windows\System32\bcryptPrimitives.dll
           6.2.14393.2828 - 10.0.14393.2828 (rs1_release_inmarket.190216-1457)
           Windows Cryptographic Primitives Library
[74AD0000] C:\Windows\System32\KERNEL32.DLL
           6.2.14393.2969 - 10.0.14393.2430 (rs1_release_inmarket_aim.180806-1810)
           Библиотека клиента Windows NT BASE API
[74BB0000] C:\Windows\System32\KERNELBASE.dll
           6.2.14393.3085 - 10.0.14393.2430 (rs1_release_inmarket_aim.180806-1810)
           Библиотека клиента Windows NT BASE API
[74D60000] C:\Windows\System32\IMM32.DLL
           6.2.14393.0 - 10.0.14393.0 (rs1_release.160715-1616)
           Multi-User Windows IMM32 API Client DLL
[74D90000] C:\Windows\System32\NSI.dll
           6.2.14393.2515 - 10.0.14393.2515 (rs1_release_1.180830-1044)
           NSI User-mode interface DLL
[74DA0000] C:\Windows\System32\sechost.dll
           6.2.14393.2515 - 10.0.14393.0 (rs1_release.160715-1616)
           Host for SCM/SDDL/LSA Lookup APIs
[74DF0000] C:\Windows\System32\gdi32full.dll
           6.2.14393.3179 - 10.0.14393.3179 (rs1_release_1.190806-2245)
           GDI Client DLL
[74F50000] C:\Windows\System32\windows.storage.dll
           6.2.14393.3115 - 10.0.14393.0 (rs1_release.160715-1616)
           API хранения Microsoft WinRT
[754C0000] C:\Windows\System32\ole32.dll
           6.2.14393.3053 - 10.0.14393.1198 (rs1_release_sec.170427-1353)
           Microsoft OLE для Windows
[755B0000] C:\Windows\System32\GDI32.dll
           6.2.14393.2848 - 10.0.14393.2848 (rs1_release.190305-1856)
           GDI Client DLL
[755E0000] C:\Windows\System32\profapi.dll
           6.2.14393.0 - 10.0.14393.0 (rs1_release.160715-1616)
           User Profile Basic API
[75A00000] C:\Windows\System32\crypt32.dll
           6.2.14393.2214 - 10.0.14393.0 (rs1_release.160715-1616)
           API32 криптографии
[75B80000] C:\Windows\System32\MSCTF.dll
           6.2.14393.3143 - 10.0.14393.0 (rs1_release.160715-1616)
           Серверная библиотека MSCTF
[75CC0000] C:\Windows\System32\SHLWAPI.dll
           6.2.14393.0 - 10.0.14393.0 (rs1_release.160715-1616)
           Библиотека небольших программ оболочки
[75D10000] C:\Windows\System32\MSASN1.dll
           6.2.14393.0 - 10.0.14393.0 (rs1_release.160715-1616)
           ASN.1 Runtime APIs
[75D20000] C:\Windows\System32\imagehlp.dll
           6.2.14393.0 - 10.0.14393.0 (rs1_release.160715-1616)
           Windows NT Image Helper
[75D40000] C:\Windows\System32\combase.dll
           6.2.14393.3085 - 10.0.14393.1198 (rs1_release_sec.170427-1353)
           Microsoft COM для Windows
[75F50000] C:\Windows\System32\msvcp_win.dll
           6.2.14393.2999 - 10.0.14393.2999 (rs1_release_inmarket.190520-1518)
           Microsoft® C Runtime Library
[75FD0000] C:\Windows\System32\SHELL32.dll
           6.2.14393.3085 - 10.0.14393.0 (rs1_release.160715-1616)
           Общая библиотека оболочки Windows
[77410000] C:\Windows\System32\OLEAUT32.dll
           6.2.14393.3181 - 10.0.14393.3181 (rs1_release_inmarket.190815-1633)
           OLEAUT32.DLL
[774B0000] C:\Windows\System32\win32u.dll
           6.2.14393.51 - 10.0.14393.51 (rs1_release_inmarket.160801-1836)
           Win32u
[77520000] C:\Windows\System32\cfgmgr32.dll
           6.2.14393.0 - 10.0.14393.0 (rs1_release.160715-1616)
           Configuration Manager DLL
[77560000] C:\Windows\System32\kernel.appcore.dll
           6.2.14393.2312 - 10.0.14393.2312 (rs1_release.180607-1919)
           AppModel API Host
[77570000] C:\Windows\System32\msvcrt.dll
           7.0.14393.2457 - 7.0.14393.2457 (rs1_release_inmarket.180822-1743)
           Windows NT CRT DLL
[77630000] C:\Windows\System32\PSAPI.dll
           6.2.14393.0 - 10.0.14393.0 (rs1_release.160715-1616)
           Process Status Helper
[77640000] C:\Windows\System32\powrprof.dll
           6.2.14393.0 - 10.0.14393.0 (rs1_release.160715-1616)
           DLL модуля поддержки профиля управления питанием
[77690000] C:\Windows\System32\RPCRT4.dll
           6.2.14393.3115 - 10.0.14393.0 (rs1_release.160715-1616)
           Библиотека удаленного вызова процедур
[77760000] C:\Windows\System32\shcore.dll
           6.2.14393.2969 - 10.0.14393.0 (rs1_release.160715-1616)
           SHCORE
[777F0000] C:\Windows\SYSTEM32\ntdll.dll
           6.2.14393.2969 - 10.0.14393.2430 (rs1_release_inmarket_aim.180806-1810)
           Системная библиотека NT
------------------------------------------------------------------------------
Active Controls hierarchy:
TJvDBUltimGrid "JvDBUltimGrid1"
TTabSheet "TabSheet1"
TPageControl "PageControl1"
TMainForm "MainForm"
------------------------------------------------------------------------------

==============================================================================
= 09.09.2019 14:51:57                                                        =
==============================================================================
There was an error during the execution of this program.
The application might become unstable and even useless.
It's recommended that you save your work and close this application.

Член группы не найден.

------------------------------------------------------------------------------
Exception log with detailed tech info. Generated on 09.09.2019 14:51:57.
You may send it to the application vendor, helping him to understand what had happened.
 Application title: Альфа-Склад
 Application file: D:\Users\Admin\YandexDisk\AlphaSklad22\win32\debug\AlphaSklad.exe
------------------------------------------------------------------------------
Exception class: EOleSysError
Exception message: Член группы не найден.
Exception address: 00530EFF
------------------------------------------------------------------------------
Main thread ID = 9656
Exception thread ID = 9656
------------------------------------------------------------------------------
Call stack for main thread
Stack list, generated 09.09.2019 14:51:57
[7785FB4C]{ntdll.dll   } ZwGetContextThread
------------------------------------------------------------------------------
System   : Windows Server 2016 Server, Version: 6.2, Build: 23F0, ""
Processor: Intel,      Intel(R) Xeon(R) CPU E3-1220L V2 @ 2.30GHz, 2300 MHz MMX SSE SSE2 SSE3 SSSE3 SSE41 SSE42 64 bits DEP
Memory: 16221; free 9031
Display  : 1696x905 pixels, 32 bpp
------------------------------------------------------------------------------
List of loaded modules:
[00400000] D:\Users\Admin\YandexDisk\AlphaSklad22\win32\debug\AlphaSklad.exe
           2.0.1.147 - 2.0.1.147
           Альфа-Склад
           Unit versioning information:
             JCL\source\common JclUnitVersioningProviders.pas 30b46b307c41c5832a4c12ebc44521872bc2145e 2011-09-02 22:07:50 +0000
[10000000] C:\Program Files (x86)\Common Files\System\msadc\msadcer.dll
           6.2.14393.0 - 10.0.14393.0 (rs1_release.160715-1616)
           OLE DB Cursor Engine Resources
[39670000] C:\Windows\System32\1033\SQLNCLIR11.RLL
           2011.110.2100.60 - 2011.0110.2100.060 ((SQL11_RTM).120210-1846 )
           Microsoft SQL Server Native Client 11.0
[46480000] C:\Windows\system32\security.dll
           6.2.14393.0 - 10.0.14393.0 (rs1_release.160715-1616)
           Security Support Provider Interface
[66490000] C:\Program Files (x86)\Common Files\microsoft shared\ink\tiptsf.dll
           6.2.14393.2636 - 10.0.14393.0 (rs1_release.160715-1616)
           Инфраструктура текстовых служб сенсорной клавиатуры и панели рукописного ввода
[676A0000] C:\Windows\AppPatch\AcGenral.DLL
           6.2.14393.3053 - 10.0.14393.3053 (rs1_release_inmarket.190612-1836)
           Windows Compatibility DLL
[6D7D0000] C:\Windows\SYSTEM32\tsappcmp.dll
           6.2.14393.0 - 10.0.14393.0 (rs1_release.160715-1616)
           DLL-библиотека совместимости приложения служб удаленных рабочих столов
[6E6A0000] C:\Windows\SYSTEM32\iertutil.dll
           11.0.14393.3115 - 11.00.14393.0 (rs1_release.160715-1616)
           Служебная программа времени выполнения для Internet Explorer
[6E8E0000] C:\Windows\SYSTEM32\urlmon.dll
           11.0.14393.3179 - 11.00.14393.0 (rs1_release.160715-1616)
           Расширения OLE32 для Win32
[6F720000] C:\Windows\SYSTEM32\oleacc.dll
           7.2.14393.2969 - 7.2.14393.2969 (rs1_release.190503-1820)
           Active Accessibility Core Component
[6F7A0000] C:\Windows\SYSTEM32\samcli.dll
           6.2.14393.0 - 10.0.14393.0 (rs1_release.160715-1616)
           Security Accounts Manager Client DLL
[6FFB0000] C:\Program Files (x86)\Common Files\System\msadc\msadce.dll
           6.2.14393.2608 - 10.0.14393.2608 (rs1_release.181024-1742)
           OLE DB Cursor Engine
[703D0000] C:\Windows\system32\RESUTILS.DLL
           6.2.14393.2879 - 10.0.14393.0 (rs1_release.160715-1616)
           Библиотека DLL служебной программы ресурсов кластера (Майкрософт)
[70420000] C:\Windows\system32\ntdsapi.dll
           6.2.14393.0 - 10.0.14393.0 (rs1_release.160715-1616)
           Active Directory Domain Services API
[70440000] C:\Windows\SYSTEM32\cryptdll.dll
           6.2.14393.2969 - 10.0.14393.2969 (rs1_release.190503-1820)
           Cryptography Manager
[70460000] C:\Windows\SYSTEM32\NtlmShared.dll
           6.2.14393.2791 - 10.0.14393.2791 (rs1_release.190205-1511)
           NTLM Shared Functionality
[70470000] C:\Windows\System32\msv1_0.DLL
           6.2.14393.3024 - 10.0.14393.0 (rs1_release.160715-1616)
           Microsoft Authentication Package v1.0
[704D0000] C:\Windows\System32\Kerberos.DLL
           6.2.14393.3143 - 10.0.14393.0 (rs1_release.160715-1616)
           Пакет безопасности Kerberos
[705B0000] C:\Windows\System32\MSVCR100.dll
           10.0.40219.473 - 10.00.40219.473
           Microsoft® C Runtime Library
[70670000] C:\Windows\System32\sqlncli11.dll
           2011.110.2100.60 - 2011.0110.2100.060 ((SQL11_RTM).120210-1846 )
           Microsoft SQL Server Native Client 11.0
[70950000] C:\Windows\System32\comsvcs.dll
           2001.12.10941.16384 - 2001.12.10941.16384 (rs1_release_inmarket.190313-1855)
           COM+ Services
[70AA0000] C:\Windows\SYSTEM32\DPAPI.dll
           6.2.14393.0 - 10.0.14393.0 (rs1_release.160715-1616)
           Data Protection API
[70AB0000] C:\Program Files (x86)\Common Files\System\Ole DB\oledb32.dll
           6.2.14393.2758 - 10.0.14393.2758 (rs1_release_1.190104-1904)
           OLE DB Core Services
[70B80000] C:\Windows\SYSTEM32\MSDART.DLL
           6.2.14393.0 - 10.0.14393.0 (rs1_release.160715-1616)
           OLE DB Runtime Routines
[70BB0000] C:\Program Files (x86)\Common Files\System\ado\msado15.dll
           6.2.14393.3024 - 10.0.14393.3024 (rs1_release.190530-2002)
           ActiveX Data Objects
[71880000] C:\Windows\SYSTEM32\DSPARSE.DLL
           6.2.14393.0 - 10.0.14393.0 (rs1_release.160715-1616)
           Active Directory Domain Services API
[718D0000] C:\Windows\SYSTEM32\sxs.dll
           6.2.14393.0 - 10.0.14393.0 (rs1_release.160715-1616)
           Fusion 2.5
[71B00000] C:\Windows\system32\ncryptsslp.dll
           6.2.14393.2457 - 10.0.14393.2457 (rs1_release_inmarket.180822-1743)
           Microsoft SChannel Provider
[71B20000] C:\Windows\SYSTEM32\NTASN1.dll
           6.2.14393.0 - 10.0.14393.0 (rs1_release.160715-1616)
           Microsoft ASN.1 API
[71B50000] C:\Windows\SYSTEM32\ncrypt.dll
           6.2.14393.2457 - 10.0.14393.0 (rs1_release.160715-1616)
           Маршрутизатор Windows NCrypt
[71B70000] C:\Windows\SYSTEM32\mskeyprotect.dll
           6.2.14393.2457 - 10.0.14393.0 (rs1_release.160715-1616)
           Поставщик защиты ключей (Майкрософт)
[71E50000] C:\Windows\SYSTEM32\dwmapi.dll
           6.2.14393.206 - 10.0.14393.0 (rs1_release.160715-1616)
           Интерфейс API диспетчера окон рабочего стола (Майкрософт)
[721A0000] C:\Windows\System32\LOGONCLI.DLL
           6.2.14393.2007 - 10.0.14393.2007 (rs1_release.171231-1800)
           Net Logon Client DLL
[721D0000] C:\Windows\system32\CLUSAPI.DLL
           6.2.14393.2879 - 10.0.14393.0 (rs1_release.160715-1616)
           Библиотека API кластера
[729A0000] C:\Windows\SYSTEM32\DNSAPI.dll
           6.2.14393.2999 - 10.0.14393.0 (rs1_release.160715-1616)
           Динамическая библиотека API DNS-клиента
[72C10000] C:\Windows\System32\dbghelp.dll
           6.2.14321.1024 - 10.0.14321.1024 (rs1_release.160715-1616)
           Windows Image Helper
[732B0000] C:\Windows\SYSTEM32\UxTheme.dll
           6.2.14393.2248 - 10.0.14393.0 (rs1_release.160715-1616)
           Библиотека тем UxTheme (Microsoft)
[73330000] C:\Windows\SYSTEM32\WINSTA.dll
           6.2.14393.0 - 10.0.14393.0 (rs1_release.160715-1616)
           Winstation Library
[73380000] C:\Windows\SYSTEM32\wtsapi32.dll
           6.2.14393.0 - 10.0.14393.0 (rs1_release.160715-1616)
           Windows Remote Desktop Session Host Server SDK APIs
[73390000] C:\Windows\system32\mswsock.dll
           6.2.14393.0 - 10.0.14393.0 (rs1_release.160715-1616)
           Расширение поставщика службы API Microsoft Windows Sockets 2.0
[733E0000] C:\Windows\system32\apphelp.dll
           6.2.14393.0 - 10.0.14393.0 (rs1_release.160715-1616)
           Клиентская библиотека совместимости приложений
[73480000] C:\Windows\System32\schannel.dll
           6.2.14393.3024 - 10.0.14393.0 (rs1_release.160715-1616)
           Поставщик безопасности TLS/SSL
[734F0000] C:\Windows\system32\secur32.dll
           6.2.14393.2273 - 10.0.14393.2273 (rs1_release_1.180427-1811)
           Security Support Provider Interface
[73590000] C:\Windows\SYSTEM32\IPHLPAPI.DLL
           6.2.14393.2339 - 10.0.14393.0 (rs1_release.160715-1616)
           API вспомогательного приложения IP
[736A0000] C:\Windows\SYSTEM32\MPR.dll
           6.2.14393.2879 - 10.0.14393.0 (rs1_release.160715-1616)
           Библиотека маршрутизации для нескольких служб доступа
[736C0000] C:\Windows\SYSTEM32\USERENV.dll
           6.2.14393.3024 - 10.0.14393.0 (rs1_release.160715-1616)
           Userenv
[736E0000] C:\Windows\System32\NETUTILS.DLL
           6.2.14393.0 - 10.0.14393.0 (rs1_release.160715-1616)
           Net Win32 API Helpers DLL
[73850000] C:\Windows\SYSTEM32\MSACM32.dll
           6.2.14393.0 - 10.0.14393.0 (rs1_release.160715-1616)
           Фильтр диспетчера аудиосжатия Microsoft
[73870000] C:\Windows\SYSTEM32\wsock32.dll
           6.2.14393.0 - 10.0.14393.0 (rs1_release.160715-1616)
           Windows Socket 32-Bit DLL
[739C0000] C:\Windows\System32\NETAPI32.dll
           6.2.14393.0 - 10.0.14393.0 (rs1_release.160715-1616)
           Net Win32 API DLL
[73AF0000] C:\Windows\WinSxS\x86_microsoft.windows.common-controls_6595b64144ccf1df_6.0.14393.3053_none_c58d796d97be2a63\comctl32.dll
           6.10.14393.3053 - 6.10 (rs1_release_inmarket.190612-1836)
           Библиотека элементов управления взаимодействия с пользователем
[73D80000] C:\Windows\SYSTEM32\bcrypt.dll
           6.2.14393.2969 - 10.0.14393.0 (rs1_release.160715-1616)
           Библиотека криптографических примитивов Windows
[73E20000] C:\Windows\SYSTEM32\WINMMBASE.dll
           6.2.14393.0 - 10.0.14393.0 (rs1_release.160715-1616)
           Base Multimedia Extension API DLL
[73E90000] C:\Windows\SYSTEM32\WINSPOOL.DRV
           6.2.14393.2848 - 10.0.14393.1715 (rs1_release_inmarket.170906-1810)
           Драйвер диспетчера очереди Windows
[73F00000] C:\Windows\SYSTEM32\VERSION.dll
           6.2.14393.0 - 10.0.14393.0 (rs1_release.160715-1616)
           Version Checking and File Installation Libraries
[74290000] C:\Windows\SYSTEM32\WINMM.dll
           6.2.14393.0 - 10.0.14393.0 (rs1_release.160715-1616)
           MCI API DLL
[742C0000] C:\Windows\System32\CRYPTBASE.dll
           6.2.14393.0 - 10.0.14393.0 (rs1_release.160715-1616)
           Base cryptographic API DLL
[742D0000] C:\Windows\System32\SspiCli.dll
           6.2.14393.2580 - 10.0.14393.2580 (rs1_release_inmarket.181009-1745)
           Security Support Provider Interface
[74470000] C:\Windows\System32\ADVAPI32.dll
           6.2.14393.2515 - 10.0.14393.0 (rs1_release.160715-1616)
           Расширенная библиотека API Windows 32
[744F0000] C:\Windows\System32\ucrtbase.dll
           6.2.14393.2999 - 10.0.14393.2999 (rs1_release_inmarket.190520-1518)
           Microsoft® C Runtime Library
[746C0000] C:\Windows\System32\WS2_32.dll
           6.2.14393.206 - 10.0.14393.0 (rs1_release.160715-1616)
           32-разрядная библиотека Windows Socket 2.0
[74790000] C:\Windows\System32\USER32.dll
           6.2.14393.2273 - 10.0.14393.0 (rs1_release.160715-1616)
           Многопользовательская библиотека клиента USER API Windows
[748F0000] C:\Windows\System32\clbcatq.dll
           2001.12.10941.16384 - 2001.12.10941.16384 (rs1_release.160715-1616)
           COM+ Configuration Catalog
[74980000] C:\Windows\System32\comdlg32.dll
           6.2.14393.2828 - 10.0.14393.0 (rs1_release.160715-1616)
           Библиотека общих диалоговых окон
[74A70000] C:\Windows\System32\bcryptPrimitives.dll
           6.2.14393.2828 - 10.0.14393.2828 (rs1_release_inmarket.190216-1457)
           Windows Cryptographic Primitives Library
[74AD0000] C:\Windows\System32\KERNEL32.DLL
           6.2.14393.2969 - 10.0.14393.2430 (rs1_release_inmarket_aim.180806-1810)
           Библиотека клиента Windows NT BASE API
[74BB0000] C:\Windows\System32\KERNELBASE.dll
           6.2.14393.3085 - 10.0.14393.2430 (rs1_release_inmarket_aim.180806-1810)
           Библиотека клиента Windows NT BASE API
[74D60000] C:\Windows\System32\IMM32.DLL
           6.2.14393.0 - 10.0.14393.0 (rs1_release.160715-1616)
           Multi-User Windows IMM32 API Client DLL
[74D90000] C:\Windows\System32\NSI.dll
           6.2.14393.2515 - 10.0.14393.2515 (rs1_release_1.180830-1044)
           NSI User-mode interface DLL
[74DA0000] C:\Windows\System32\sechost.dll
           6.2.14393.2515 - 10.0.14393.0 (rs1_release.160715-1616)
           Host for SCM/SDDL/LSA Lookup APIs
[74DF0000] C:\Windows\System32\gdi32full.dll
           6.2.14393.3179 - 10.0.14393.3179 (rs1_release_1.190806-2245)
           GDI Client DLL
[74F50000] C:\Windows\System32\windows.storage.dll
           6.2.14393.3115 - 10.0.14393.0 (rs1_release.160715-1616)
           API хранения Microsoft WinRT
[754C0000] C:\Windows\System32\ole32.dll
           6.2.14393.3053 - 10.0.14393.1198 (rs1_release_sec.170427-1353)
           Microsoft OLE для Windows
[755B0000] C:\Windows\System32\GDI32.dll
           6.2.14393.2848 - 10.0.14393.2848 (rs1_release.190305-1856)
           GDI Client DLL
[755E0000] C:\Windows\System32\profapi.dll
           6.2.14393.0 - 10.0.14393.0 (rs1_release.160715-1616)
           User Profile Basic API
[75A00000] C:\Windows\System32\crypt32.dll
           6.2.14393.2214 - 10.0.14393.0 (rs1_release.160715-1616)
           API32 криптографии
[75B80000] C:\Windows\System32\MSCTF.dll
           6.2.14393.3143 - 10.0.14393.0 (rs1_release.160715-1616)
           Серверная библиотека MSCTF
[75CC0000] C:\Windows\System32\SHLWAPI.dll
           6.2.14393.0 - 10.0.14393.0 (rs1_release.160715-1616)
           Библиотека небольших программ оболочки
[75D10000] C:\Windows\System32\MSASN1.dll
           6.2.14393.0 - 10.0.14393.0 (rs1_release.160715-1616)
           ASN.1 Runtime APIs
[75D20000] C:\Windows\System32\imagehlp.dll
           6.2.14393.0 - 10.0.14393.0 (rs1_release.160715-1616)
           Windows NT Image Helper
[75D40000] C:\Windows\System32\combase.dll
           6.2.14393.3085 - 10.0.14393.1198 (rs1_release_sec.170427-1353)
           Microsoft COM для Windows
[75F50000] C:\Windows\System32\msvcp_win.dll
           6.2.14393.2999 - 10.0.14393.2999 (rs1_release_inmarket.190520-1518)
           Microsoft® C Runtime Library
[75FD0000] C:\Windows\System32\SHELL32.dll
           6.2.14393.3085 - 10.0.14393.0 (rs1_release.160715-1616)
           Общая библиотека оболочки Windows
[77410000] C:\Windows\System32\OLEAUT32.dll
           6.2.14393.3181 - 10.0.14393.3181 (rs1_release_inmarket.190815-1633)
           OLEAUT32.DLL
[774B0000] C:\Windows\System32\win32u.dll
           6.2.14393.51 - 10.0.14393.51 (rs1_release_inmarket.160801-1836)
           Win32u
[77520000] C:\Windows\System32\cfgmgr32.dll
           6.2.14393.0 - 10.0.14393.0 (rs1_release.160715-1616)
           Configuration Manager DLL
[77560000] C:\Windows\System32\kernel.appcore.dll
           6.2.14393.2312 - 10.0.14393.2312 (rs1_release.180607-1919)
           AppModel API Host
[77570000] C:\Windows\System32\msvcrt.dll
           7.0.14393.2457 - 7.0.14393.2457 (rs1_release_inmarket.180822-1743)
           Windows NT CRT DLL
[77630000] C:\Windows\System32\PSAPI.dll
           6.2.14393.0 - 10.0.14393.0 (rs1_release.160715-1616)
           Process Status Helper
[77640000] C:\Windows\System32\powrprof.dll
           6.2.14393.0 - 10.0.14393.0 (rs1_release.160715-1616)
           DLL модуля поддержки профиля управления питанием
[77690000] C:\Windows\System32\RPCRT4.dll
           6.2.14393.3115 - 10.0.14393.0 (rs1_release.160715-1616)
           Библиотека удаленного вызова процедур
[77760000] C:\Windows\System32\shcore.dll
           6.2.14393.2969 - 10.0.14393.0 (rs1_release.160715-1616)
           SHCORE
[777F0000] C:\Windows\SYSTEM32\ntdll.dll
           6.2.14393.2969 - 10.0.14393.2430 (rs1_release_inmarket_aim.180806-1810)
           Системная библиотека NT
------------------------------------------------------------------------------
Active Controls hierarchy:
TJvDBUltimGrid "JvDBUltimGrid1"
TTabSheet "TabSheet1"
TPageControl "PageControl1"
TMainForm "MainForm"
------------------------------------------------------------------------------

==============================================================================
= 09.09.2019 14:53:04                                                        =
==============================================================================
There was an error during the execution of this program.
The application might become unstable and even useless.
It's recommended that you save your work and close this application.

Член группы не найден.

------------------------------------------------------------------------------
Exception log with detailed tech info. Generated on 09.09.2019 14:53:04.
You may send it to the application vendor, helping him to understand what had happened.
 Application title: Альфа-Склад
 Application file: D:\Users\Admin\YandexDisk\AlphaSklad22\win32\debug\AlphaSklad.exe
------------------------------------------------------------------------------
Exception class: EOleSysError
Exception message: Член группы не найден.
Exception address: 00530EFF
------------------------------------------------------------------------------
Main thread ID = 9656
Exception thread ID = 9656
------------------------------------------------------------------------------
Exception stack
Stack list, generated 09.09.2019 14:51:57
[7785FB4C]{ntdll.dll   } ZwGetContextThread
------------------------------------------------------------------------------
Call stack for main thread
Stack list, generated 09.09.2019 14:53:04
[7785FB4C]{ntdll.dll   } ZwGetContextThread
------------------------------------------------------------------------------
System   : Windows Server 2016 Server, Version: 6.2, Build: 23F0, ""
Processor: Intel,      Intel(R) Xeon(R) CPU E3-1220L V2 @ 2.30GHz, 2300 MHz MMX SSE SSE2 SSE3 SSSE3 SSE41 SSE42 64 bits DEP
Memory: 16221; free 8994
Display  : 1696x905 pixels, 32 bpp
------------------------------------------------------------------------------
List of loaded modules:
[00400000] D:\Users\Admin\YandexDisk\AlphaSklad22\win32\debug\AlphaSklad.exe
           2.0.1.147 - 2.0.1.147
           Альфа-Склад
           Unit versioning information:
             JCL\source\common JclUnitVersioningProviders.pas 30b46b307c41c5832a4c12ebc44521872bc2145e 2011-09-02 22:07:50 +0000
[10000000] C:\Program Files (x86)\Common Files\System\msadc\msadcer.dll
           6.2.14393.0 - 10.0.14393.0 (rs1_release.160715-1616)
           OLE DB Cursor Engine Resources
[39670000] C:\Windows\System32\1033\SQLNCLIR11.RLL
           2011.110.2100.60 - 2011.0110.2100.060 ((SQL11_RTM).120210-1846 )
           Microsoft SQL Server Native Client 11.0
[46480000] C:\Windows\system32\security.dll
           6.2.14393.0 - 10.0.14393.0 (rs1_release.160715-1616)
           Security Support Provider Interface
[66490000] C:\Program Files (x86)\Common Files\microsoft shared\ink\tiptsf.dll
           6.2.14393.2636 - 10.0.14393.0 (rs1_release.160715-1616)
           Инфраструктура текстовых служб сенсорной клавиатуры и панели рукописного ввода
[676A0000] C:\Windows\AppPatch\AcGenral.DLL
           6.2.14393.3053 - 10.0.14393.3053 (rs1_release_inmarket.190612-1836)
           Windows Compatibility DLL
[6D7D0000] C:\Windows\SYSTEM32\tsappcmp.dll
           6.2.14393.0 - 10.0.14393.0 (rs1_release.160715-1616)
           DLL-библиотека совместимости приложения служб удаленных рабочих столов
[6E6A0000] C:\Windows\SYSTEM32\iertutil.dll
           11.0.14393.3115 - 11.00.14393.0 (rs1_release.160715-1616)
           Служебная программа времени выполнения для Internet Explorer
[6E8E0000] C:\Windows\SYSTEM32\urlmon.dll
           11.0.14393.3179 - 11.00.14393.0 (rs1_release.160715-1616)
           Расширения OLE32 для Win32
[6F720000] C:\Windows\SYSTEM32\oleacc.dll
           7.2.14393.2969 - 7.2.14393.2969 (rs1_release.190503-1820)
           Active Accessibility Core Component
[6F7A0000] C:\Windows\SYSTEM32\samcli.dll
           6.2.14393.0 - 10.0.14393.0 (rs1_release.160715-1616)
           Security Accounts Manager Client DLL
[6FFB0000] C:\Program Files (x86)\Common Files\System\msadc\msadce.dll
           6.2.14393.2608 - 10.0.14393.2608 (rs1_release.181024-1742)
           OLE DB Cursor Engine
[703D0000] C:\Windows\system32\RESUTILS.DLL
           6.2.14393.2879 - 10.0.14393.0 (rs1_release.160715-1616)
           Библиотека DLL служебной программы ресурсов кластера (Майкрософт)
[70420000] C:\Windows\system32\ntdsapi.dll
           6.2.14393.0 - 10.0.14393.0 (rs1_release.160715-1616)
           Active Directory Domain Services API
[70440000] C:\Windows\SYSTEM32\cryptdll.dll
           6.2.14393.2969 - 10.0.14393.2969 (rs1_release.190503-1820)
           Cryptography Manager
[70460000] C:\Windows\SYSTEM32\NtlmShared.dll
           6.2.14393.2791 - 10.0.14393.2791 (rs1_release.190205-1511)
           NTLM Shared Functionality
[70470000] C:\Windows\System32\msv1_0.DLL
           6.2.14393.3024 - 10.0.14393.0 (rs1_release.160715-1616)
           Microsoft Authentication Package v1.0
[704D0000] C:\Windows\System32\Kerberos.DLL
           6.2.14393.3143 - 10.0.14393.0 (rs1_release.160715-1616)
           Пакет безопасности Kerberos
[705B0000] C:\Windows\System32\MSVCR100.dll
           10.0.40219.473 - 10.00.40219.473
           Microsoft® C Runtime Library
[70670000] C:\Windows\System32\sqlncli11.dll
           2011.110.2100.60 - 2011.0110.2100.060 ((SQL11_RTM).120210-1846 )
           Microsoft SQL Server Native Client 11.0
[70950000] C:\Windows\System32\comsvcs.dll
           2001.12.10941.16384 - 2001.12.10941.16384 (rs1_release_inmarket.190313-1855)
           COM+ Services
[70AA0000] C:\Windows\SYSTEM32\DPAPI.dll
           6.2.14393.0 - 10.0.14393.0 (rs1_release.160715-1616)
           Data Protection API
[70AB0000] C:\Program Files (x86)\Common Files\System\Ole DB\oledb32.dll
           6.2.14393.2758 - 10.0.14393.2758 (rs1_release_1.190104-1904)
           OLE DB Core Services
[70B80000] C:\Windows\SYSTEM32\MSDART.DLL
           6.2.14393.0 - 10.0.14393.0 (rs1_release.160715-1616)
           OLE DB Runtime Routines
[70BB0000] C:\Program Files (x86)\Common Files\System\ado\msado15.dll
           6.2.14393.3024 - 10.0.14393.3024 (rs1_release.190530-2002)
           ActiveX Data Objects
[71880000] C:\Windows\SYSTEM32\DSPARSE.DLL
           6.2.14393.0 - 10.0.14393.0 (rs1_release.160715-1616)
           Active Directory Domain Services API
[718D0000] C:\Windows\SYSTEM32\sxs.dll
           6.2.14393.0 - 10.0.14393.0 (rs1_release.160715-1616)
           Fusion 2.5
[71B00000] C:\Windows\system32\ncryptsslp.dll
           6.2.14393.2457 - 10.0.14393.2457 (rs1_release_inmarket.180822-1743)
           Microsoft SChannel Provider
[71B20000] C:\Windows\SYSTEM32\NTASN1.dll
           6.2.14393.0 - 10.0.14393.0 (rs1_release.160715-1616)
           Microsoft ASN.1 API
[71B50000] C:\Windows\SYSTEM32\ncrypt.dll
           6.2.14393.2457 - 10.0.14393.0 (rs1_release.160715-1616)
           Маршрутизатор Windows NCrypt
[71B70000] C:\Windows\SYSTEM32\mskeyprotect.dll
           6.2.14393.2457 - 10.0.14393.0 (rs1_release.160715-1616)
           Поставщик защиты ключей (Майкрософт)
[71E50000] C:\Windows\SYSTEM32\dwmapi.dll
           6.2.14393.206 - 10.0.14393.0 (rs1_release.160715-1616)
           Интерфейс API диспетчера окон рабочего стола (Майкрософт)
[721A0000] C:\Windows\System32\LOGONCLI.DLL
           6.2.14393.2007 - 10.0.14393.2007 (rs1_release.171231-1800)
           Net Logon Client DLL
[721D0000] C:\Windows\system32\CLUSAPI.DLL
           6.2.14393.2879 - 10.0.14393.0 (rs1_release.160715-1616)
           Библиотека API кластера
[729A0000] C:\Windows\SYSTEM32\DNSAPI.dll
           6.2.14393.2999 - 10.0.14393.0 (rs1_release.160715-1616)
           Динамическая библиотека API DNS-клиента
[72C10000] C:\Windows\System32\dbghelp.dll
           6.2.14321.1024 - 10.0.14321.1024 (rs1_release.160715-1616)
           Windows Image Helper
[732B0000] C:\Windows\SYSTEM32\UxTheme.dll
           6.2.14393.2248 - 10.0.14393.0 (rs1_release.160715-1616)
           Библиотека тем UxTheme (Microsoft)
[73330000] C:\Windows\SYSTEM32\WINSTA.dll
           6.2.14393.0 - 10.0.14393.0 (rs1_release.160715-1616)
           Winstation Library
[73380000] C:\Windows\SYSTEM32\wtsapi32.dll
           6.2.14393.0 - 10.0.14393.0 (rs1_release.160715-1616)
           Windows Remote Desktop Session Host Server SDK APIs
[73390000] C:\Windows\system32\mswsock.dll
           6.2.14393.0 - 10.0.14393.0 (rs1_release.160715-1616)
           Расширение поставщика службы API Microsoft Windows Sockets 2.0
[733E0000] C:\Windows\system32\apphelp.dll
           6.2.14393.0 - 10.0.14393.0 (rs1_release.160715-1616)
           Клиентская библиотека совместимости приложений
[73480000] C:\Windows\System32\schannel.dll
           6.2.14393.3024 - 10.0.14393.0 (rs1_release.160715-1616)
           Поставщик безопасности TLS/SSL
[734F0000] C:\Windows\system32\secur32.dll
           6.2.14393.2273 - 10.0.14393.2273 (rs1_release_1.180427-1811)
           Security Support Provider Interface
[73590000] C:\Windows\SYSTEM32\IPHLPAPI.DLL
           6.2.14393.2339 - 10.0.14393.0 (rs1_release.160715-1616)
           API вспомогательного приложения IP
[736A0000] C:\Windows\SYSTEM32\MPR.dll
           6.2.14393.2879 - 10.0.14393.0 (rs1_release.160715-1616)
           Библиотека маршрутизации для нескольких служб доступа
[736C0000] C:\Windows\SYSTEM32\USERENV.dll
           6.2.14393.3024 - 10.0.14393.0 (rs1_release.160715-1616)
           Userenv
[736E0000] C:\Windows\System32\NETUTILS.DLL
           6.2.14393.0 - 10.0.14393.0 (rs1_release.160715-1616)
           Net Win32 API Helpers DLL
[73850000] C:\Windows\SYSTEM32\MSACM32.dll
           6.2.14393.0 - 10.0.14393.0 (rs1_release.160715-1616)
           Фильтр диспетчера аудиосжатия Microsoft
[73870000] C:\Windows\SYSTEM32\wsock32.dll
           6.2.14393.0 - 10.0.14393.0 (rs1_release.160715-1616)
           Windows Socket 32-Bit DLL
[739C0000] C:\Windows\System32\NETAPI32.dll
           6.2.14393.0 - 10.0.14393.0 (rs1_release.160715-1616)
           Net Win32 API DLL
[73AF0000] C:\Windows\WinSxS\x86_microsoft.windows.common-controls_6595b64144ccf1df_6.0.14393.3053_none_c58d796d97be2a63\comctl32.dll
           6.10.14393.3053 - 6.10 (rs1_release_inmarket.190612-1836)
           Библиотека элементов управления взаимодействия с пользователем
[73D80000] C:\Windows\SYSTEM32\bcrypt.dll
           6.2.14393.2969 - 10.0.14393.0 (rs1_release.160715-1616)
           Библиотека криптографических примитивов Windows
[73E20000] C:\Windows\SYSTEM32\WINMMBASE.dll
           6.2.14393.0 - 10.0.14393.0 (rs1_release.160715-1616)
           Base Multimedia Extension API DLL
[73E90000] C:\Windows\SYSTEM32\WINSPOOL.DRV
           6.2.14393.2848 - 10.0.14393.1715 (rs1_release_inmarket.170906-1810)
           Драйвер диспетчера очереди Windows
[73F00000] C:\Windows\SYSTEM32\VERSION.dll
           6.2.14393.0 - 10.0.14393.0 (rs1_release.160715-1616)
           Version Checking and File Installation Libraries
[74290000] C:\Windows\SYSTEM32\WINMM.dll
           6.2.14393.0 - 10.0.14393.0 (rs1_release.160715-1616)
           MCI API DLL
[742C0000] C:\Windows\System32\CRYPTBASE.dll
           6.2.14393.0 - 10.0.14393.0 (rs1_release.160715-1616)
           Base cryptographic API DLL
[742D0000] C:\Windows\System32\SspiCli.dll
           6.2.14393.2580 - 10.0.14393.2580 (rs1_release_inmarket.181009-1745)
           Security Support Provider Interface
[74470000] C:\Windows\System32\ADVAPI32.dll
           6.2.14393.2515 - 10.0.14393.0 (rs1_release.160715-1616)
           Расширенная библиотека API Windows 32
[744F0000] C:\Windows\System32\ucrtbase.dll
           6.2.14393.2999 - 10.0.14393.2999 (rs1_release_inmarket.190520-1518)
           Microsoft® C Runtime Library
[746C0000] C:\Windows\System32\WS2_32.dll
           6.2.14393.206 - 10.0.14393.0 (rs1_release.160715-1616)
           32-разрядная библиотека Windows Socket 2.0
[74790000] C:\Windows\System32\USER32.dll
           6.2.14393.2273 - 10.0.14393.0 (rs1_release.160715-1616)
           Многопользовательская библиотека клиента USER API Windows
[748F0000] C:\Windows\System32\clbcatq.dll
           2001.12.10941.16384 - 2001.12.10941.16384 (rs1_release.160715-1616)
           COM+ Configuration Catalog
[74980000] C:\Windows\System32\comdlg32.dll
           6.2.14393.2828 - 10.0.14393.0 (rs1_release.160715-1616)
           Библиотека общих диалоговых окон
[74A70000] C:\Windows\System32\bcryptPrimitives.dll
           6.2.14393.2828 - 10.0.14393.2828 (rs1_release_inmarket.190216-1457)
           Windows Cryptographic Primitives Library
[74AD0000] C:\Windows\System32\KERNEL32.DLL
           6.2.14393.2969 - 10.0.14393.2430 (rs1_release_inmarket_aim.180806-1810)
           Библиотека клиента Windows NT BASE API
[74BB0000] C:\Windows\System32\KERNELBASE.dll
           6.2.14393.3085 - 10.0.14393.2430 (rs1_release_inmarket_aim.180806-1810)
           Библиотека клиента Windows NT BASE API
[74D60000] C:\Windows\System32\IMM32.DLL
           6.2.14393.0 - 10.0.14393.0 (rs1_release.160715-1616)
           Multi-User Windows IMM32 API Client DLL
[74D90000] C:\Windows\System32\NSI.dll
           6.2.14393.2515 - 10.0.14393.2515 (rs1_release_1.180830-1044)
           NSI User-mode interface DLL
[74DA0000] C:\Windows\System32\sechost.dll
           6.2.14393.2515 - 10.0.14393.0 (rs1_release.160715-1616)
           Host for SCM/SDDL/LSA Lookup APIs
[74DF0000] C:\Windows\System32\gdi32full.dll
           6.2.14393.3179 - 10.0.14393.3179 (rs1_release_1.190806-2245)
           GDI Client DLL
[74F50000] C:\Windows\System32\windows.storage.dll
           6.2.14393.3115 - 10.0.14393.0 (rs1_release.160715-1616)
           API хранения Microsoft WinRT
[754C0000] C:\Windows\System32\ole32.dll
           6.2.14393.3053 - 10.0.14393.1198 (rs1_release_sec.170427-1353)
           Microsoft OLE для Windows
[755B0000] C:\Windows\System32\GDI32.dll
           6.2.14393.2848 - 10.0.14393.2848 (rs1_release.190305-1856)
           GDI Client DLL
[755E0000] C:\Windows\System32\profapi.dll
           6.2.14393.0 - 10.0.14393.0 (rs1_release.160715-1616)
           User Profile Basic API
[75A00000] C:\Windows\System32\crypt32.dll
           6.2.14393.2214 - 10.0.14393.0 (rs1_release.160715-1616)
           API32 криптографии
[75B80000] C:\Windows\System32\MSCTF.dll
           6.2.14393.3143 - 10.0.14393.0 (rs1_release.160715-1616)
           Серверная библиотека MSCTF
[75CC0000] C:\Windows\System32\SHLWAPI.dll
           6.2.14393.0 - 10.0.14393.0 (rs1_release.160715-1616)
           Библиотека небольших программ оболочки
[75D10000] C:\Windows\System32\MSASN1.dll
           6.2.14393.0 - 10.0.14393.0 (rs1_release.160715-1616)
           ASN.1 Runtime APIs
[75D20000] C:\Windows\System32\imagehlp.dll
           6.2.14393.0 - 10.0.14393.0 (rs1_release.160715-1616)
           Windows NT Image Helper
[75D40000] C:\Windows\System32\combase.dll
           6.2.14393.3085 - 10.0.14393.1198 (rs1_release_sec.170427-1353)
           Microsoft COM для Windows
[75F50000] C:\Windows\System32\msvcp_win.dll
           6.2.14393.2999 - 10.0.14393.2999 (rs1_release_inmarket.190520-1518)
           Microsoft® C Runtime Library
[75FD0000] C:\Windows\System32\SHELL32.dll
           6.2.14393.3085 - 10.0.14393.0 (rs1_release.160715-1616)
           Общая библиотека оболочки Windows
[77410000] C:\Windows\System32\OLEAUT32.dll
           6.2.14393.3181 - 10.0.14393.3181 (rs1_release_inmarket.190815-1633)
           OLEAUT32.DLL
[774B0000] C:\Windows\System32\win32u.dll
           6.2.14393.51 - 10.0.14393.51 (rs1_release_inmarket.160801-1836)
           Win32u
[77520000] C:\Windows\System32\cfgmgr32.dll
           6.2.14393.0 - 10.0.14393.0 (rs1_release.160715-1616)
           Configuration Manager DLL
[77560000] C:\Windows\System32\kernel.appcore.dll
           6.2.14393.2312 - 10.0.14393.2312 (rs1_release.180607-1919)
           AppModel API Host
[77570000] C:\Windows\System32\msvcrt.dll
           7.0.14393.2457 - 7.0.14393.2457 (rs1_release_inmarket.180822-1743)
           Windows NT CRT DLL
[77630000] C:\Windows\System32\PSAPI.dll
           6.2.14393.0 - 10.0.14393.0 (rs1_release.160715-1616)
           Process Status Helper
[77640000] C:\Windows\System32\powrprof.dll
           6.2.14393.0 - 10.0.14393.0 (rs1_release.160715-1616)
           DLL модуля поддержки профиля управления питанием
[77690000] C:\Windows\System32\RPCRT4.dll
           6.2.14393.3115 - 10.0.14393.0 (rs1_release.160715-1616)
           Библиотека удаленного вызова процедур
[77760000] C:\Windows\System32\shcore.dll
           6.2.14393.2969 - 10.0.14393.0 (rs1_release.160715-1616)
           SHCORE
[777F0000] C:\Windows\SYSTEM32\ntdll.dll
           6.2.14393.2969 - 10.0.14393.2430 (rs1_release_inmarket_aim.180806-1810)
           Системная библиотека NT
------------------------------------------------------------------------------
Active Controls hierarchy:
TJvDBUltimGrid "JvDBUltimGrid1"
TTabSheet "TabSheet1"
TPageControl "PageControl1"
TMainForm "MainForm"
------------------------------------------------------------------------------
