==============================================================================
= 05.09.2019 13:27:59                                                        =
==============================================================================
There was an error during the execution of this program.
The application might become unstable and even useless.
It's recommended that you save your work and close this application.

Access violation at address 008FEFC6 in module 'AlphaSklad.exe'. Read of address 05EA3B30.

------------------------------------------------------------------------------
Exception log with detailed tech info. Generated on 05.09.2019 13:27:59.
You may send it to the application vendor, helping him to understand what had happened.
 Application title: Альфа-Склад
 Application file: D:\Users\Admin\YandexDisk\AlphaSklad22\win32\debug\AlphaSklad.exe
------------------------------------------------------------------------------
Exception class: EAccessViolation
Exception message: Access violation at address 008FEFC6 in module 'AlphaSklad.exe'. Read of address 05EA3B30.
Exception address: 008FEFC6
------------------------------------------------------------------------------
Main thread ID = 5536
Exception thread ID = 5536
------------------------------------------------------------------------------
Call stack for main thread
Stack list, generated 05.09.2019 13:27:59
[7721FB4C]{ntdll.dll   } ZwGetContextThread
------------------------------------------------------------------------------
System   : Windows Server 2016 Server, Version: 6.2, Build: 23F0, ""
Processor: Intel,      Intel(R) Xeon(R) CPU E3-1220L V2 @ 2.30GHz, 2300 MHz MMX SSE SSE2 SSE3 SSSE3 SSE41 SSE42 64 bits DEP
Memory: 16221; free 6380
Display  : 1696x905 pixels, 32 bpp
------------------------------------------------------------------------------
List of loaded modules:
[00400000] D:\Users\Admin\YandexDisk\AlphaSklad22\win32\debug\AlphaSklad.exe
           2.0.1.145 - 2.0.1.145
           Альфа-Склад
           Unit versioning information:
             JCL\source\common JclUnitVersioningProviders.pas 30b46b307c41c5832a4c12ebc44521872bc2145e 2011-09-02 22:07:50 +0000
[03DD0000] C:\Windows\WinSxS\x86_microsoft.windows.common-controls_6595b64144ccf1df_6.0.14393.3053_none_c58d796d97be2a63\COMCTL32.dll
           6.10.14393.3053 - 6.10 (rs1_release_inmarket.190612-1836)
           Библиотека элементов управления взаимодействия с пользователем
[10000000] C:\Program Files (x86)\Common Files\System\msadc\msadcer.dll
           6.2.14393.0 - 10.0.14393.0 (rs1_release.160715-1616)
           OLE DB Cursor Engine Resources
[39670000] C:\Windows\System32\1033\SQLNCLIR11.RLL
           2011.110.2100.60 - 2011.0110.2100.060 ((SQL11_RTM).120210-1846 )
           Microsoft SQL Server Native Client 11.0
[46480000] C:\Windows\system32\security.dll
           6.2.14393.0 - 10.0.14393.0 (rs1_release.160715-1616)
           Security Support Provider Interface
[547A0000] C:\Program Files (x86)\Common Files\System\msadc\msadce.dll
           6.2.14393.2608 - 10.0.14393.2608 (rs1_release.181024-1742)
           OLE DB Cursor Engine
[5FC70000] C:\Windows\AppPatch\AcGenral.DLL
           6.2.14393.3053 - 10.0.14393.3053 (rs1_release_inmarket.190612-1836)
           Windows Compatibility DLL
[61210000] C:\Windows\SYSTEM32\oleacc.dll
           7.2.14393.2969 - 7.2.14393.2969 (rs1_release.190503-1820)
           Active Accessibility Core Component
[62440000] C:\Program Files (x86)\Common Files\microsoft shared\ink\tiptsf.dll
           6.2.14393.2636 - 10.0.14393.0 (rs1_release.160715-1616)
           Инфраструктура текстовых служб сенсорной клавиатуры и панели рукописного ввода
[6CFB0000] C:\Windows\System32\MSVCR100.dll
           10.0.40219.473 - 10.00.40219.473
           Microsoft® C Runtime Library
[6D070000] C:\Windows\SYSTEM32\tsappcmp.dll
           6.2.14393.0 - 10.0.14393.0 (rs1_release.160715-1616)
           DLL-библиотека совместимости приложения служб удаленных рабочих столов
[6E150000] C:\Windows\SYSTEM32\iertutil.dll
           11.0.14393.3115 - 11.00.14393.0 (rs1_release.160715-1616)
           Служебная программа времени выполнения для Internet Explorer
[6E390000] C:\Windows\SYSTEM32\urlmon.dll
           11.0.14393.3053 - 11.00.14393.0 (rs1_release.160715-1616)
           Расширения OLE32 для Win32
[6FA20000] C:\Windows\SYSTEM32\samcli.dll
           6.2.14393.0 - 10.0.14393.0 (rs1_release.160715-1616)
           Security Accounts Manager Client DLL
[6FD90000] C:\Windows\system32\RESUTILS.DLL
           6.2.14393.2879 - 10.0.14393.0 (rs1_release.160715-1616)
           Библиотека DLL служебной программы ресурсов кластера (Майкрософт)
[6FDE0000] C:\Windows\system32\ntdsapi.dll
           6.2.14393.0 - 10.0.14393.0 (rs1_release.160715-1616)
           Active Directory Domain Services API
[6FE00000] C:\Windows\SYSTEM32\cryptdll.dll
           6.2.14393.2969 - 10.0.14393.2969 (rs1_release.190503-1820)
           Cryptography Manager
[6FE20000] C:\Windows\SYSTEM32\NtlmShared.dll
           6.2.14393.2791 - 10.0.14393.2791 (rs1_release.190205-1511)
           NTLM Shared Functionality
[6FE30000] C:\Windows\System32\msv1_0.DLL
           6.2.14393.3024 - 10.0.14393.0 (rs1_release.160715-1616)
           Microsoft Authentication Package v1.0
[6FE90000] C:\Windows\System32\Kerberos.DLL
           6.2.14393.3143 - 10.0.14393.0 (rs1_release.160715-1616)
           Пакет безопасности Kerberos
[70030000] C:\Windows\System32\sqlncli11.dll
           2011.110.2100.60 - 2011.0110.2100.060 ((SQL11_RTM).120210-1846 )
           Microsoft SQL Server Native Client 11.0
[70310000] C:\Windows\System32\comsvcs.dll
           2001.12.10941.16384 - 2001.12.10941.16384 (rs1_release_inmarket.190313-1855)
           COM+ Services
[70460000] C:\Windows\SYSTEM32\DPAPI.dll
           6.2.14393.0 - 10.0.14393.0 (rs1_release.160715-1616)
           Data Protection API
[70470000] C:\Program Files (x86)\Common Files\System\Ole DB\oledb32.dll
           6.2.14393.2758 - 10.0.14393.2758 (rs1_release_1.190104-1904)
           OLE DB Core Services
[70540000] C:\Windows\SYSTEM32\MSDART.DLL
           6.2.14393.0 - 10.0.14393.0 (rs1_release.160715-1616)
           OLE DB Runtime Routines
[70570000] C:\Program Files (x86)\Common Files\System\ado\msado15.dll
           6.2.14393.3024 - 10.0.14393.3024 (rs1_release.190530-2002)
           ActiveX Data Objects
[706F0000] C:\Windows\SYSTEM32\DSPARSE.DLL
           6.2.14393.0 - 10.0.14393.0 (rs1_release.160715-1616)
           Active Directory Domain Services API
[713E0000] C:\Windows\system32\ncryptsslp.dll
           6.2.14393.2457 - 10.0.14393.2457 (rs1_release_inmarket.180822-1743)
           Microsoft SChannel Provider
[71400000] C:\Windows\SYSTEM32\mskeyprotect.dll
           6.2.14393.2457 - 10.0.14393.0 (rs1_release.160715-1616)
           Поставщик защиты ключей (Майкрософт)
[71460000] C:\Windows\SYSTEM32\NTASN1.dll
           6.2.14393.0 - 10.0.14393.0 (rs1_release.160715-1616)
           Microsoft ASN.1 API
[71490000] C:\Windows\SYSTEM32\ncrypt.dll
           6.2.14393.2457 - 10.0.14393.0 (rs1_release.160715-1616)
           Маршрутизатор Windows NCrypt
[716B0000] C:\Windows\SYSTEM32\dwmapi.dll
           6.2.14393.206 - 10.0.14393.0 (rs1_release.160715-1616)
           Интерфейс API диспетчера окон рабочего стола (Майкрософт)
[71B60000] C:\Windows\System32\LOGONCLI.DLL
           6.2.14393.2007 - 10.0.14393.2007 (rs1_release.171231-1800)
           Net Logon Client DLL
[71B90000] C:\Windows\system32\CLUSAPI.DLL
           6.2.14393.2879 - 10.0.14393.0 (rs1_release.160715-1616)
           Библиотека API кластера
[72220000] C:\Windows\SYSTEM32\DNSAPI.dll
           6.2.14393.2999 - 10.0.14393.0 (rs1_release.160715-1616)
           Динамическая библиотека API DNS-клиента
[72450000] C:\Windows\System32\dbghelp.dll
           6.2.14321.1024 - 10.0.14321.1024 (rs1_release.160715-1616)
           Windows Image Helper
[72850000] C:\Windows\SYSTEM32\UxTheme.dll
           6.2.14393.2248 - 10.0.14393.0 (rs1_release.160715-1616)
           Библиотека тем UxTheme (Microsoft)
[72960000] C:\Windows\SYSTEM32\WINSTA.dll
           6.2.14393.0 - 10.0.14393.0 (rs1_release.160715-1616)
           Winstation Library
[729B0000] C:\Windows\SYSTEM32\wtsapi32.dll
           6.2.14393.0 - 10.0.14393.0 (rs1_release.160715-1616)
           Windows Remote Desktop Session Host Server SDK APIs
[72D50000] C:\Windows\system32\apphelp.dll
           6.2.14393.0 - 10.0.14393.0 (rs1_release.160715-1616)
           Клиентская библиотека совместимости приложений
[72DF0000] C:\Windows\system32\mswsock.dll
           6.2.14393.0 - 10.0.14393.0 (rs1_release.160715-1616)
           Расширение поставщика службы API Microsoft Windows Sockets 2.0
[72E40000] C:\Windows\System32\schannel.dll
           6.2.14393.3024 - 10.0.14393.0 (rs1_release.160715-1616)
           Поставщик безопасности TLS/SSL
[72EB0000] C:\Windows\system32\secur32.dll
           6.2.14393.2273 - 10.0.14393.2273 (rs1_release_1.180427-1811)
           Security Support Provider Interface
[72F50000] C:\Windows\System32\NETUTILS.DLL
           6.2.14393.0 - 10.0.14393.0 (rs1_release.160715-1616)
           Net Win32 API Helpers DLL
[72F60000] C:\Windows\SYSTEM32\IPHLPAPI.DLL
           6.2.14393.2339 - 10.0.14393.0 (rs1_release.160715-1616)
           API вспомогательного приложения IP
[72F90000] C:\Windows\SYSTEM32\MSACM32.dll
           6.2.14393.0 - 10.0.14393.0 (rs1_release.160715-1616)
           Фильтр диспетчера аудиосжатия Microsoft
[730C0000] C:\Windows\SYSTEM32\MPR.dll
           6.2.14393.2879 - 10.0.14393.0 (rs1_release.160715-1616)
           Библиотека маршрутизации для нескольких служб доступа
[73120000] C:\Windows\SYSTEM32\USERENV.dll
           6.2.14393.3024 - 10.0.14393.0 (rs1_release.160715-1616)
           Userenv
[73140000] C:\Windows\SYSTEM32\wsock32.dll
           6.2.14393.0 - 10.0.14393.0 (rs1_release.160715-1616)
           Windows Socket 32-Bit DLL
[735C0000] C:\Windows\System32\NETAPI32.dll
           6.2.14393.0 - 10.0.14393.0 (rs1_release.160715-1616)
           Net Win32 API DLL
[73740000] C:\Windows\SYSTEM32\bcrypt.dll
           6.2.14393.2969 - 10.0.14393.0 (rs1_release.160715-1616)
           Библиотека криптографических примитивов Windows
[737E0000] C:\Windows\SYSTEM32\WINMMBASE.dll
           6.2.14393.0 - 10.0.14393.0 (rs1_release.160715-1616)
           Base Multimedia Extension API DLL
[73850000] C:\Windows\SYSTEM32\WINSPOOL.DRV
           6.2.14393.2848 - 10.0.14393.1715 (rs1_release_inmarket.170906-1810)
           Драйвер диспетчера очереди Windows
[73C40000] C:\Windows\SYSTEM32\VERSION.dll
           6.2.14393.0 - 10.0.14393.0 (rs1_release.160715-1616)
           Version Checking and File Installation Libraries
[73C50000] C:\Windows\SYSTEM32\WINMM.dll
           6.2.14393.0 - 10.0.14393.0 (rs1_release.160715-1616)
           MCI API DLL
[73C80000] C:\Windows\System32\CRYPTBASE.dll
           6.2.14393.0 - 10.0.14393.0 (rs1_release.160715-1616)
           Base cryptographic API DLL
[73C90000] C:\Windows\System32\SspiCli.dll
           6.2.14393.2580 - 10.0.14393.2580 (rs1_release_inmarket.181009-1745)
           Security Support Provider Interface
[73D10000] C:\Windows\System32\gdi32full.dll
           6.2.14393.3143 - 10.0.14393.3143 (rs1_release.190725-1725)
           GDI Client DLL
[73E70000] C:\Windows\System32\windows.storage.dll
           6.2.14393.3115 - 10.0.14393.0 (rs1_release.160715-1616)
           API хранения Microsoft WinRT
[743E0000] C:\Windows\System32\cfgmgr32.dll
           6.2.14393.0 - 10.0.14393.0 (rs1_release.160715-1616)
           Configuration Manager DLL
[74420000] C:\Windows\System32\imagehlp.dll
           6.2.14393.0 - 10.0.14393.0 (rs1_release.160715-1616)
           Windows NT Image Helper
[74440000] C:\Windows\System32\powrprof.dll
           6.2.14393.0 - 10.0.14393.0 (rs1_release.160715-1616)
           DLL модуля поддержки профиля управления питанием
[74490000] C:\Windows\System32\OLEAUT32.dll
           6.2.14393.3143 - 10.0.14393.3143 (rs1_release.190725-1725)
           OLEAUT32.DLL
[74530000] C:\Windows\System32\bcryptPrimitives.dll
           6.2.14393.2828 - 10.0.14393.2828 (rs1_release_inmarket.190216-1457)
           Windows Cryptographic Primitives Library
[749A0000] C:\Windows\System32\profapi.dll
           6.2.14393.0 - 10.0.14393.0 (rs1_release.160715-1616)
           User Profile Basic API
[74A00000] C:\Windows\System32\SHELL32.dll
           6.2.14393.3085 - 10.0.14393.0 (rs1_release.160715-1616)
           Общая библиотека оболочки Windows
[75DE0000] C:\Windows\System32\kernel.appcore.dll
           6.2.14393.2312 - 10.0.14393.2312 (rs1_release.180607-1919)
           AppModel API Host
[75FC0000] C:\Windows\System32\sechost.dll
           6.2.14393.2515 - 10.0.14393.0 (rs1_release.160715-1616)
           Host for SCM/SDDL/LSA Lookup APIs
[76010000] C:\Windows\System32\ucrtbase.dll
           6.2.14393.2999 - 10.0.14393.2999 (rs1_release_inmarket.190520-1518)
           Microsoft® C Runtime Library
[760F0000] C:\Windows\System32\KERNEL32.DLL
           6.2.14393.2969 - 10.0.14393.2430 (rs1_release_inmarket_aim.180806-1810)
           Библиотека клиента Windows NT BASE API
[761D0000] C:\Windows\System32\comdlg32.dll
           6.2.14393.2828 - 10.0.14393.0 (rs1_release.160715-1616)
           Библиотека общих диалоговых окон
[762C0000] C:\Windows\System32\KERNELBASE.dll
           6.2.14393.3085 - 10.0.14393.2430 (rs1_release_inmarket_aim.180806-1810)
           Библиотека клиента Windows NT BASE API
[76470000] C:\Windows\System32\USER32.dll
           6.2.14393.2273 - 10.0.14393.0 (rs1_release.160715-1616)
           Многопользовательская библиотека клиента USER API Windows
[765D0000] C:\Windows\System32\ADVAPI32.dll
           6.2.14393.2515 - 10.0.14393.0 (rs1_release.160715-1616)
           Расширенная библиотека API Windows 32
[76650000] C:\Windows\System32\RPCRT4.dll
           6.2.14393.3115 - 10.0.14393.0 (rs1_release.160715-1616)
           Библиотека удаленного вызова процедур
[76720000] C:\Windows\System32\msvcrt.dll
           7.0.14393.2457 - 7.0.14393.2457 (rs1_release_inmarket.180822-1743)
           Windows NT CRT DLL
[767E0000] C:\Windows\System32\ole32.dll
           6.2.14393.3053 - 10.0.14393.1198 (rs1_release_sec.170427-1353)
           Microsoft OLE для Windows
[76920000] C:\Windows\System32\clbcatq.dll
           2001.12.10941.16384 - 2001.12.10941.16384 (rs1_release.160715-1616)
           COM+ Configuration Catalog
[769B0000] C:\Windows\System32\GDI32.dll
           6.2.14393.2848 - 10.0.14393.2848 (rs1_release.190305-1856)
           GDI Client DLL
[769F0000] C:\Windows\System32\IMM32.DLL
           6.2.14393.0 - 10.0.14393.0 (rs1_release.160715-1616)
           Multi-User Windows IMM32 API Client DLL
[76A20000] C:\Windows\System32\SHLWAPI.dll
           6.2.14393.0 - 10.0.14393.0 (rs1_release.160715-1616)
           Библиотека небольших программ оболочки
[76A70000] C:\Windows\System32\PSAPI.dll
           6.2.14393.0 - 10.0.14393.0 (rs1_release.160715-1616)
           Process Status Helper
[76A80000] C:\Windows\System32\NSI.dll
           6.2.14393.2515 - 10.0.14393.2515 (rs1_release_1.180830-1044)
           NSI User-mode interface DLL
[76A90000] C:\Windows\System32\crypt32.dll
           6.2.14393.2214 - 10.0.14393.0 (rs1_release.160715-1616)
           API32 криптографии
[76C10000] C:\Windows\System32\WS2_32.dll
           6.2.14393.206 - 10.0.14393.0 (rs1_release.160715-1616)
           32-разрядная библиотека Windows Socket 2.0
[76C80000] C:\Windows\System32\combase.dll
           6.2.14393.3085 - 10.0.14393.1198 (rs1_release_sec.170427-1353)
           Microsoft COM для Windows
[76E90000] C:\Windows\System32\MSCTF.dll
           6.2.14393.3143 - 10.0.14393.0 (rs1_release.160715-1616)
           Серверная библиотека MSCTF
[77070000] C:\Windows\System32\msvcp_win.dll
           6.2.14393.2999 - 10.0.14393.2999 (rs1_release_inmarket.190520-1518)
           Microsoft® C Runtime Library
[770F0000] C:\Windows\System32\MSASN1.dll
           6.2.14393.0 - 10.0.14393.0 (rs1_release.160715-1616)
           ASN.1 Runtime APIs
[77100000] C:\Windows\System32\shcore.dll
           6.2.14393.2969 - 10.0.14393.0 (rs1_release.160715-1616)
           SHCORE
[77190000] C:\Windows\System32\win32u.dll
           6.2.14393.51 - 10.0.14393.51 (rs1_release_inmarket.160801-1836)
           Win32u
[771B0000] C:\Windows\SYSTEM32\ntdll.dll
           6.2.14393.2969 - 10.0.14393.2430 (rs1_release_inmarket_aim.180806-1810)
           Системная библиотека NT
------------------------------------------------------------------------------
Active Controls hierarchy:
TJvDBUltimGrid "JvDBUltimGrid1"
TTabSheet "TabSheet1"
TPageControl "PageControl1"
TMainForm "MainForm"
------------------------------------------------------------------------------

==============================================================================
= 05.09.2019 13:29:38                                                        =
==============================================================================
There was an error during the execution of this program.
The application might become unstable and even useless.
It's recommended that you save your work and close this application.

Access violation at address 008FEFC6 in module 'AlphaSklad.exe'. Read of address 05B13B30.

------------------------------------------------------------------------------
Exception log with detailed tech info. Generated on 05.09.2019 13:29:38.
You may send it to the application vendor, helping him to understand what had happened.
 Application title: Альфа-Склад
 Application file: D:\Users\Admin\YandexDisk\AlphaSklad22\win32\debug\AlphaSklad.exe
------------------------------------------------------------------------------
Exception class: EAccessViolation
Exception message: Access violation at address 008FEFC6 in module 'AlphaSklad.exe'. Read of address 05B13B30.
Exception address: 008FEFC6
------------------------------------------------------------------------------
Main thread ID = 8024
Exception thread ID = 8024
------------------------------------------------------------------------------
Call stack for main thread
Stack list, generated 05.09.2019 13:29:38
[7721FB4C]{ntdll.dll   } ZwGetContextThread
------------------------------------------------------------------------------
System   : Windows Server 2016 Server, Version: 6.2, Build: 23F0, ""
Processor: Intel,      Intel(R) Xeon(R) CPU E3-1220L V2 @ 2.30GHz, 2300 MHz MMX SSE SSE2 SSE3 SSSE3 SSE41 SSE42 64 bits DEP
Memory: 16221; free 6365
Display  : 1696x905 pixels, 32 bpp
------------------------------------------------------------------------------
List of loaded modules:
[00400000] D:\Users\Admin\YandexDisk\AlphaSklad22\win32\debug\AlphaSklad.exe
           2.0.1.145 - 2.0.1.145
           Альфа-Склад
           Unit versioning information:
             JCL\source\common JclUnitVersioningProviders.pas 30b46b307c41c5832a4c12ebc44521872bc2145e 2011-09-02 22:07:50 +0000
[10000000] C:\Program Files (x86)\Common Files\System\msadc\msadcer.dll
           6.2.14393.0 - 10.0.14393.0 (rs1_release.160715-1616)
           OLE DB Cursor Engine Resources
[39670000] C:\Windows\System32\1033\SQLNCLIR11.RLL
           2011.110.2100.60 - 2011.0110.2100.060 ((SQL11_RTM).120210-1846 )
           Microsoft SQL Server Native Client 11.0
[46480000] C:\Windows\system32\security.dll
           6.2.14393.0 - 10.0.14393.0 (rs1_release.160715-1616)
           Security Support Provider Interface
[547A0000] C:\Program Files (x86)\Common Files\System\msadc\msadce.dll
           6.2.14393.2608 - 10.0.14393.2608 (rs1_release.181024-1742)
           OLE DB Cursor Engine
[5FC70000] C:\Windows\AppPatch\AcGenral.DLL
           6.2.14393.3053 - 10.0.14393.3053 (rs1_release_inmarket.190612-1836)
           Windows Compatibility DLL
[61210000] C:\Windows\SYSTEM32\oleacc.dll
           7.2.14393.2969 - 7.2.14393.2969 (rs1_release.190503-1820)
           Active Accessibility Core Component
[62440000] C:\Program Files (x86)\Common Files\microsoft shared\ink\tiptsf.dll
           6.2.14393.2636 - 10.0.14393.0 (rs1_release.160715-1616)
           Инфраструктура текстовых служб сенсорной клавиатуры и панели рукописного ввода
[6CFB0000] C:\Windows\System32\MSVCR100.dll
           10.0.40219.473 - 10.00.40219.473
           Microsoft® C Runtime Library
[6D070000] C:\Windows\SYSTEM32\tsappcmp.dll
           6.2.14393.0 - 10.0.14393.0 (rs1_release.160715-1616)
           DLL-библиотека совместимости приложения служб удаленных рабочих столов
[6E150000] C:\Windows\SYSTEM32\iertutil.dll
           11.0.14393.3115 - 11.00.14393.0 (rs1_release.160715-1616)
           Служебная программа времени выполнения для Internet Explorer
[6E390000] C:\Windows\SYSTEM32\urlmon.dll
           11.0.14393.3053 - 11.00.14393.0 (rs1_release.160715-1616)
           Расширения OLE32 для Win32
[6FA20000] C:\Windows\SYSTEM32\samcli.dll
           6.2.14393.0 - 10.0.14393.0 (rs1_release.160715-1616)
           Security Accounts Manager Client DLL
[6FD90000] C:\Windows\system32\RESUTILS.DLL
           6.2.14393.2879 - 10.0.14393.0 (rs1_release.160715-1616)
           Библиотека DLL служебной программы ресурсов кластера (Майкрософт)
[6FDE0000] C:\Windows\system32\ntdsapi.dll
           6.2.14393.0 - 10.0.14393.0 (rs1_release.160715-1616)
           Active Directory Domain Services API
[6FE00000] C:\Windows\SYSTEM32\cryptdll.dll
           6.2.14393.2969 - 10.0.14393.2969 (rs1_release.190503-1820)
           Cryptography Manager
[6FE20000] C:\Windows\SYSTEM32\NtlmShared.dll
           6.2.14393.2791 - 10.0.14393.2791 (rs1_release.190205-1511)
           NTLM Shared Functionality
[6FE30000] C:\Windows\System32\msv1_0.DLL
           6.2.14393.3024 - 10.0.14393.0 (rs1_release.160715-1616)
           Microsoft Authentication Package v1.0
[6FE90000] C:\Windows\System32\Kerberos.DLL
           6.2.14393.3143 - 10.0.14393.0 (rs1_release.160715-1616)
           Пакет безопасности Kerberos
[70030000] C:\Windows\System32\sqlncli11.dll
           2011.110.2100.60 - 2011.0110.2100.060 ((SQL11_RTM).120210-1846 )
           Microsoft SQL Server Native Client 11.0
[70310000] C:\Windows\System32\comsvcs.dll
           2001.12.10941.16384 - 2001.12.10941.16384 (rs1_release_inmarket.190313-1855)
           COM+ Services
[70460000] C:\Windows\SYSTEM32\DPAPI.dll
           6.2.14393.0 - 10.0.14393.0 (rs1_release.160715-1616)
           Data Protection API
[70470000] C:\Program Files (x86)\Common Files\System\Ole DB\oledb32.dll
           6.2.14393.2758 - 10.0.14393.2758 (rs1_release_1.190104-1904)
           OLE DB Core Services
[70540000] C:\Windows\SYSTEM32\MSDART.DLL
           6.2.14393.0 - 10.0.14393.0 (rs1_release.160715-1616)
           OLE DB Runtime Routines
[70570000] C:\Program Files (x86)\Common Files\System\ado\msado15.dll
           6.2.14393.3024 - 10.0.14393.3024 (rs1_release.190530-2002)
           ActiveX Data Objects
[706F0000] C:\Windows\SYSTEM32\DSPARSE.DLL
           6.2.14393.0 - 10.0.14393.0 (rs1_release.160715-1616)
           Active Directory Domain Services API
[713E0000] C:\Windows\system32\ncryptsslp.dll
           6.2.14393.2457 - 10.0.14393.2457 (rs1_release_inmarket.180822-1743)
           Microsoft SChannel Provider
[71400000] C:\Windows\SYSTEM32\mskeyprotect.dll
           6.2.14393.2457 - 10.0.14393.0 (rs1_release.160715-1616)
           Поставщик защиты ключей (Майкрософт)
[71460000] C:\Windows\SYSTEM32\NTASN1.dll
           6.2.14393.0 - 10.0.14393.0 (rs1_release.160715-1616)
           Microsoft ASN.1 API
[71490000] C:\Windows\SYSTEM32\ncrypt.dll
           6.2.14393.2457 - 10.0.14393.0 (rs1_release.160715-1616)
           Маршрутизатор Windows NCrypt
[716B0000] C:\Windows\SYSTEM32\dwmapi.dll
           6.2.14393.206 - 10.0.14393.0 (rs1_release.160715-1616)
           Интерфейс API диспетчера окон рабочего стола (Майкрософт)
[71B60000] C:\Windows\System32\LOGONCLI.DLL
           6.2.14393.2007 - 10.0.14393.2007 (rs1_release.171231-1800)
           Net Logon Client DLL
[71B90000] C:\Windows\system32\CLUSAPI.DLL
           6.2.14393.2879 - 10.0.14393.0 (rs1_release.160715-1616)
           Библиотека API кластера
[72220000] C:\Windows\SYSTEM32\DNSAPI.dll
           6.2.14393.2999 - 10.0.14393.0 (rs1_release.160715-1616)
           Динамическая библиотека API DNS-клиента
[72450000] C:\Windows\System32\dbghelp.dll
           6.2.14321.1024 - 10.0.14321.1024 (rs1_release.160715-1616)
           Windows Image Helper
[72850000] C:\Windows\SYSTEM32\UxTheme.dll
           6.2.14393.2248 - 10.0.14393.0 (rs1_release.160715-1616)
           Библиотека тем UxTheme (Microsoft)
[72960000] C:\Windows\SYSTEM32\WINSTA.dll
           6.2.14393.0 - 10.0.14393.0 (rs1_release.160715-1616)
           Winstation Library
[729B0000] C:\Windows\SYSTEM32\wtsapi32.dll
           6.2.14393.0 - 10.0.14393.0 (rs1_release.160715-1616)
           Windows Remote Desktop Session Host Server SDK APIs
[72D50000] C:\Windows\system32\apphelp.dll
           6.2.14393.0 - 10.0.14393.0 (rs1_release.160715-1616)
           Клиентская библиотека совместимости приложений
[72DF0000] C:\Windows\system32\mswsock.dll
           6.2.14393.0 - 10.0.14393.0 (rs1_release.160715-1616)
           Расширение поставщика службы API Microsoft Windows Sockets 2.0
[72E40000] C:\Windows\System32\schannel.dll
           6.2.14393.3024 - 10.0.14393.0 (rs1_release.160715-1616)
           Поставщик безопасности TLS/SSL
[72EB0000] C:\Windows\system32\secur32.dll
           6.2.14393.2273 - 10.0.14393.2273 (rs1_release_1.180427-1811)
           Security Support Provider Interface
[72F50000] C:\Windows\System32\NETUTILS.DLL
           6.2.14393.0 - 10.0.14393.0 (rs1_release.160715-1616)
           Net Win32 API Helpers DLL
[72F60000] C:\Windows\SYSTEM32\IPHLPAPI.DLL
           6.2.14393.2339 - 10.0.14393.0 (rs1_release.160715-1616)
           API вспомогательного приложения IP
[72F90000] C:\Windows\SYSTEM32\MSACM32.dll
           6.2.14393.0 - 10.0.14393.0 (rs1_release.160715-1616)
           Фильтр диспетчера аудиосжатия Microsoft
[730C0000] C:\Windows\SYSTEM32\MPR.dll
           6.2.14393.2879 - 10.0.14393.0 (rs1_release.160715-1616)
           Библиотека маршрутизации для нескольких служб доступа
[73120000] C:\Windows\SYSTEM32\USERENV.dll
           6.2.14393.3024 - 10.0.14393.0 (rs1_release.160715-1616)
           Userenv
[73140000] C:\Windows\SYSTEM32\wsock32.dll
           6.2.14393.0 - 10.0.14393.0 (rs1_release.160715-1616)
           Windows Socket 32-Bit DLL
[73150000] C:\Windows\WinSxS\x86_microsoft.windows.common-controls_6595b64144ccf1df_6.0.14393.3053_none_c58d796d97be2a63\comctl32.dll
           6.10.14393.3053 - 6.10 (rs1_release_inmarket.190612-1836)
           Библиотека элементов управления взаимодействия с пользователем
[735C0000] C:\Windows\System32\NETAPI32.dll
           6.2.14393.0 - 10.0.14393.0 (rs1_release.160715-1616)
           Net Win32 API DLL
[73740000] C:\Windows\SYSTEM32\bcrypt.dll
           6.2.14393.2969 - 10.0.14393.0 (rs1_release.160715-1616)
           Библиотека криптографических примитивов Windows
[737E0000] C:\Windows\SYSTEM32\WINMMBASE.dll
           6.2.14393.0 - 10.0.14393.0 (rs1_release.160715-1616)
           Base Multimedia Extension API DLL
[73850000] C:\Windows\SYSTEM32\WINSPOOL.DRV
           6.2.14393.2848 - 10.0.14393.1715 (rs1_release_inmarket.170906-1810)
           Драйвер диспетчера очереди Windows
[73C40000] C:\Windows\SYSTEM32\VERSION.dll
           6.2.14393.0 - 10.0.14393.0 (rs1_release.160715-1616)
           Version Checking and File Installation Libraries
[73C50000] C:\Windows\SYSTEM32\WINMM.dll
           6.2.14393.0 - 10.0.14393.0 (rs1_release.160715-1616)
           MCI API DLL
[73C80000] C:\Windows\System32\CRYPTBASE.dll
           6.2.14393.0 - 10.0.14393.0 (rs1_release.160715-1616)
           Base cryptographic API DLL
[73C90000] C:\Windows\System32\SspiCli.dll
           6.2.14393.2580 - 10.0.14393.2580 (rs1_release_inmarket.181009-1745)
           Security Support Provider Interface
[73D10000] C:\Windows\System32\gdi32full.dll
           6.2.14393.3143 - 10.0.14393.3143 (rs1_release.190725-1725)
           GDI Client DLL
[73E70000] C:\Windows\System32\windows.storage.dll
           6.2.14393.3115 - 10.0.14393.0 (rs1_release.160715-1616)
           API хранения Microsoft WinRT
[743E0000] C:\Windows\System32\cfgmgr32.dll
           6.2.14393.0 - 10.0.14393.0 (rs1_release.160715-1616)
           Configuration Manager DLL
[74420000] C:\Windows\System32\imagehlp.dll
           6.2.14393.0 - 10.0.14393.0 (rs1_release.160715-1616)
           Windows NT Image Helper
[74440000] C:\Windows\System32\powrprof.dll
           6.2.14393.0 - 10.0.14393.0 (rs1_release.160715-1616)
           DLL модуля поддержки профиля управления питанием
[74490000] C:\Windows\System32\OLEAUT32.dll
           6.2.14393.3143 - 10.0.14393.3143 (rs1_release.190725-1725)
           OLEAUT32.DLL
[74530000] C:\Windows\System32\bcryptPrimitives.dll
           6.2.14393.2828 - 10.0.14393.2828 (rs1_release_inmarket.190216-1457)
           Windows Cryptographic Primitives Library
[749A0000] C:\Windows\System32\profapi.dll
           6.2.14393.0 - 10.0.14393.0 (rs1_release.160715-1616)
           User Profile Basic API
[74A00000] C:\Windows\System32\SHELL32.dll
           6.2.14393.3085 - 10.0.14393.0 (rs1_release.160715-1616)
           Общая библиотека оболочки Windows
[75DE0000] C:\Windows\System32\kernel.appcore.dll
           6.2.14393.2312 - 10.0.14393.2312 (rs1_release.180607-1919)
           AppModel API Host
[75FC0000] C:\Windows\System32\sechost.dll
           6.2.14393.2515 - 10.0.14393.0 (rs1_release.160715-1616)
           Host for SCM/SDDL/LSA Lookup APIs
[76010000] C:\Windows\System32\ucrtbase.dll
           6.2.14393.2999 - 10.0.14393.2999 (rs1_release_inmarket.190520-1518)
           Microsoft® C Runtime Library
[760F0000] C:\Windows\System32\KERNEL32.DLL
           6.2.14393.2969 - 10.0.14393.2430 (rs1_release_inmarket_aim.180806-1810)
           Библиотека клиента Windows NT BASE API
[761D0000] C:\Windows\System32\comdlg32.dll
           6.2.14393.2828 - 10.0.14393.0 (rs1_release.160715-1616)
           Библиотека общих диалоговых окон
[762C0000] C:\Windows\System32\KERNELBASE.dll
           6.2.14393.3085 - 10.0.14393.2430 (rs1_release_inmarket_aim.180806-1810)
           Библиотека клиента Windows NT BASE API
[76470000] C:\Windows\System32\USER32.dll
           6.2.14393.2273 - 10.0.14393.0 (rs1_release.160715-1616)
           Многопользовательская библиотека клиента USER API Windows
[765D0000] C:\Windows\System32\ADVAPI32.dll
           6.2.14393.2515 - 10.0.14393.0 (rs1_release.160715-1616)
           Расширенная библиотека API Windows 32
[76650000] C:\Windows\System32\RPCRT4.dll
           6.2.14393.3115 - 10.0.14393.0 (rs1_release.160715-1616)
           Библиотека удаленного вызова процедур
[76720000] C:\Windows\System32\msvcrt.dll
           7.0.14393.2457 - 7.0.14393.2457 (rs1_release_inmarket.180822-1743)
           Windows NT CRT DLL
[767E0000] C:\Windows\System32\ole32.dll
           6.2.14393.3053 - 10.0.14393.1198 (rs1_release_sec.170427-1353)
           Microsoft OLE для Windows
[76920000] C:\Windows\System32\clbcatq.dll
           2001.12.10941.16384 - 2001.12.10941.16384 (rs1_release.160715-1616)
           COM+ Configuration Catalog
[769B0000] C:\Windows\System32\GDI32.dll
           6.2.14393.2848 - 10.0.14393.2848 (rs1_release.190305-1856)
           GDI Client DLL
[769F0000] C:\Windows\System32\IMM32.DLL
           6.2.14393.0 - 10.0.14393.0 (rs1_release.160715-1616)
           Multi-User Windows IMM32 API Client DLL
[76A20000] C:\Windows\System32\SHLWAPI.dll
           6.2.14393.0 - 10.0.14393.0 (rs1_release.160715-1616)
           Библиотека небольших программ оболочки
[76A70000] C:\Windows\System32\PSAPI.dll
           6.2.14393.0 - 10.0.14393.0 (rs1_release.160715-1616)
           Process Status Helper
[76A80000] C:\Windows\System32\NSI.dll
           6.2.14393.2515 - 10.0.14393.2515 (rs1_release_1.180830-1044)
           NSI User-mode interface DLL
[76A90000] C:\Windows\System32\crypt32.dll
           6.2.14393.2214 - 10.0.14393.0 (rs1_release.160715-1616)
           API32 криптографии
[76C10000] C:\Windows\System32\WS2_32.dll
           6.2.14393.206 - 10.0.14393.0 (rs1_release.160715-1616)
           32-разрядная библиотека Windows Socket 2.0
[76C80000] C:\Windows\System32\combase.dll
           6.2.14393.3085 - 10.0.14393.1198 (rs1_release_sec.170427-1353)
           Microsoft COM для Windows
[76E90000] C:\Windows\System32\MSCTF.dll
           6.2.14393.3143 - 10.0.14393.0 (rs1_release.160715-1616)
           Серверная библиотека MSCTF
[77070000] C:\Windows\System32\msvcp_win.dll
           6.2.14393.2999 - 10.0.14393.2999 (rs1_release_inmarket.190520-1518)
           Microsoft® C Runtime Library
[770F0000] C:\Windows\System32\MSASN1.dll
           6.2.14393.0 - 10.0.14393.0 (rs1_release.160715-1616)
           ASN.1 Runtime APIs
[77100000] C:\Windows\System32\shcore.dll
           6.2.14393.2969 - 10.0.14393.0 (rs1_release.160715-1616)
           SHCORE
[77190000] C:\Windows\System32\win32u.dll
           6.2.14393.51 - 10.0.14393.51 (rs1_release_inmarket.160801-1836)
           Win32u
[771B0000] C:\Windows\SYSTEM32\ntdll.dll
           6.2.14393.2969 - 10.0.14393.2430 (rs1_release_inmarket_aim.180806-1810)
           Системная библиотека NT
------------------------------------------------------------------------------
Active Controls hierarchy:
TJvDBUltimGrid "JvDBUltimGrid1"
TTabSheet "TabSheet1"
TPageControl "PageControl1"
TMainForm "MainForm"
------------------------------------------------------------------------------

==============================================================================
= 05.09.2019 13:30:22                                                        =
==============================================================================
There was an error during the execution of this program.
The application might become unstable and even useless.
It's recommended that you save your work and close this application.

Access violation at address 008FEFC6 in module 'AlphaSklad.exe'. Read of address 05B13B30.

------------------------------------------------------------------------------
Exception log with detailed tech info. Generated on 05.09.2019 13:30:22.
You may send it to the application vendor, helping him to understand what had happened.
 Application title: Альфа-Склад
 Application file: D:\Users\Admin\YandexDisk\AlphaSklad22\win32\debug\AlphaSklad.exe
------------------------------------------------------------------------------
Exception class: EAccessViolation
Exception message: Access violation at address 008FEFC6 in module 'AlphaSklad.exe'. Read of address 05B13B30.
Exception address: 008FEFC6
------------------------------------------------------------------------------
Main thread ID = 8024
Exception thread ID = 8024
------------------------------------------------------------------------------
Exception stack
Stack list, generated 05.09.2019 13:29:38
[7721FB4C]{ntdll.dll   } ZwGetContextThread
------------------------------------------------------------------------------
Call stack for main thread
Stack list, generated 05.09.2019 13:30:22
[7721FB4C]{ntdll.dll   } ZwGetContextThread
------------------------------------------------------------------------------
System   : Windows Server 2016 Server, Version: 6.2, Build: 23F0, ""
Processor: Intel,      Intel(R) Xeon(R) CPU E3-1220L V2 @ 2.30GHz, 2300 MHz MMX SSE SSE2 SSE3 SSSE3 SSE41 SSE42 64 bits DEP
Memory: 16221; free 6371
Display  : 1696x905 pixels, 32 bpp
------------------------------------------------------------------------------
List of loaded modules:
[00400000] D:\Users\Admin\YandexDisk\AlphaSklad22\win32\debug\AlphaSklad.exe
           2.0.1.145 - 2.0.1.145
           Альфа-Склад
           Unit versioning information:
             JCL\source\common JclUnitVersioningProviders.pas 30b46b307c41c5832a4c12ebc44521872bc2145e 2011-09-02 22:07:50 +0000
[10000000] C:\Program Files (x86)\Common Files\System\msadc\msadcer.dll
           6.2.14393.0 - 10.0.14393.0 (rs1_release.160715-1616)
           OLE DB Cursor Engine Resources
[39670000] C:\Windows\System32\1033\SQLNCLIR11.RLL
           2011.110.2100.60 - 2011.0110.2100.060 ((SQL11_RTM).120210-1846 )
           Microsoft SQL Server Native Client 11.0
[46480000] C:\Windows\system32\security.dll
           6.2.14393.0 - 10.0.14393.0 (rs1_release.160715-1616)
           Security Support Provider Interface
[547A0000] C:\Program Files (x86)\Common Files\System\msadc\msadce.dll
           6.2.14393.2608 - 10.0.14393.2608 (rs1_release.181024-1742)
           OLE DB Cursor Engine
[5FC70000] C:\Windows\AppPatch\AcGenral.DLL
           6.2.14393.3053 - 10.0.14393.3053 (rs1_release_inmarket.190612-1836)
           Windows Compatibility DLL
[61210000] C:\Windows\SYSTEM32\oleacc.dll
           7.2.14393.2969 - 7.2.14393.2969 (rs1_release.190503-1820)
           Active Accessibility Core Component
[62440000] C:\Program Files (x86)\Common Files\microsoft shared\ink\tiptsf.dll
           6.2.14393.2636 - 10.0.14393.0 (rs1_release.160715-1616)
           Инфраструктура текстовых служб сенсорной клавиатуры и панели рукописного ввода
[6CFB0000] C:\Windows\System32\MSVCR100.dll
           10.0.40219.473 - 10.00.40219.473
           Microsoft® C Runtime Library
[6D070000] C:\Windows\SYSTEM32\tsappcmp.dll
           6.2.14393.0 - 10.0.14393.0 (rs1_release.160715-1616)
           DLL-библиотека совместимости приложения служб удаленных рабочих столов
[6E150000] C:\Windows\SYSTEM32\iertutil.dll
           11.0.14393.3115 - 11.00.14393.0 (rs1_release.160715-1616)
           Служебная программа времени выполнения для Internet Explorer
[6E390000] C:\Windows\SYSTEM32\urlmon.dll
           11.0.14393.3053 - 11.00.14393.0 (rs1_release.160715-1616)
           Расширения OLE32 для Win32
[6FA20000] C:\Windows\SYSTEM32\samcli.dll
           6.2.14393.0 - 10.0.14393.0 (rs1_release.160715-1616)
           Security Accounts Manager Client DLL
[6FD90000] C:\Windows\system32\RESUTILS.DLL
           6.2.14393.2879 - 10.0.14393.0 (rs1_release.160715-1616)
           Библиотека DLL служебной программы ресурсов кластера (Майкрософт)
[6FDE0000] C:\Windows\system32\ntdsapi.dll
           6.2.14393.0 - 10.0.14393.0 (rs1_release.160715-1616)
           Active Directory Domain Services API
[6FE00000] C:\Windows\SYSTEM32\cryptdll.dll
           6.2.14393.2969 - 10.0.14393.2969 (rs1_release.190503-1820)
           Cryptography Manager
[6FE20000] C:\Windows\SYSTEM32\NtlmShared.dll
           6.2.14393.2791 - 10.0.14393.2791 (rs1_release.190205-1511)
           NTLM Shared Functionality
[6FE30000] C:\Windows\System32\msv1_0.DLL
           6.2.14393.3024 - 10.0.14393.0 (rs1_release.160715-1616)
           Microsoft Authentication Package v1.0
[6FE90000] C:\Windows\System32\Kerberos.DLL
           6.2.14393.3143 - 10.0.14393.0 (rs1_release.160715-1616)
           Пакет безопасности Kerberos
[70030000] C:\Windows\System32\sqlncli11.dll
           2011.110.2100.60 - 2011.0110.2100.060 ((SQL11_RTM).120210-1846 )
           Microsoft SQL Server Native Client 11.0
[70310000] C:\Windows\System32\comsvcs.dll
           2001.12.10941.16384 - 2001.12.10941.16384 (rs1_release_inmarket.190313-1855)
           COM+ Services
[70460000] C:\Windows\SYSTEM32\DPAPI.dll
           6.2.14393.0 - 10.0.14393.0 (rs1_release.160715-1616)
           Data Protection API
[70470000] C:\Program Files (x86)\Common Files\System\Ole DB\oledb32.dll
           6.2.14393.2758 - 10.0.14393.2758 (rs1_release_1.190104-1904)
           OLE DB Core Services
[70540000] C:\Windows\SYSTEM32\MSDART.DLL
           6.2.14393.0 - 10.0.14393.0 (rs1_release.160715-1616)
           OLE DB Runtime Routines
[70570000] C:\Program Files (x86)\Common Files\System\ado\msado15.dll
           6.2.14393.3024 - 10.0.14393.3024 (rs1_release.190530-2002)
           ActiveX Data Objects
[706F0000] C:\Windows\SYSTEM32\DSPARSE.DLL
           6.2.14393.0 - 10.0.14393.0 (rs1_release.160715-1616)
           Active Directory Domain Services API
[713E0000] C:\Windows\system32\ncryptsslp.dll
           6.2.14393.2457 - 10.0.14393.2457 (rs1_release_inmarket.180822-1743)
           Microsoft SChannel Provider
[71400000] C:\Windows\SYSTEM32\mskeyprotect.dll
           6.2.14393.2457 - 10.0.14393.0 (rs1_release.160715-1616)
           Поставщик защиты ключей (Майкрософт)
[71460000] C:\Windows\SYSTEM32\NTASN1.dll
           6.2.14393.0 - 10.0.14393.0 (rs1_release.160715-1616)
           Microsoft ASN.1 API
[71490000] C:\Windows\SYSTEM32\ncrypt.dll
           6.2.14393.2457 - 10.0.14393.0 (rs1_release.160715-1616)
           Маршрутизатор Windows NCrypt
[716B0000] C:\Windows\SYSTEM32\dwmapi.dll
           6.2.14393.206 - 10.0.14393.0 (rs1_release.160715-1616)
           Интерфейс API диспетчера окон рабочего стола (Майкрософт)
[71B60000] C:\Windows\System32\LOGONCLI.DLL
           6.2.14393.2007 - 10.0.14393.2007 (rs1_release.171231-1800)
           Net Logon Client DLL
[71B90000] C:\Windows\system32\CLUSAPI.DLL
           6.2.14393.2879 - 10.0.14393.0 (rs1_release.160715-1616)
           Библиотека API кластера
[72220000] C:\Windows\SYSTEM32\DNSAPI.dll
           6.2.14393.2999 - 10.0.14393.0 (rs1_release.160715-1616)
           Динамическая библиотека API DNS-клиента
[72450000] C:\Windows\System32\dbghelp.dll
           6.2.14321.1024 - 10.0.14321.1024 (rs1_release.160715-1616)
           Windows Image Helper
[72850000] C:\Windows\SYSTEM32\UxTheme.dll
           6.2.14393.2248 - 10.0.14393.0 (rs1_release.160715-1616)
           Библиотека тем UxTheme (Microsoft)
[72960000] C:\Windows\SYSTEM32\WINSTA.dll
           6.2.14393.0 - 10.0.14393.0 (rs1_release.160715-1616)
           Winstation Library
[729B0000] C:\Windows\SYSTEM32\wtsapi32.dll
           6.2.14393.0 - 10.0.14393.0 (rs1_release.160715-1616)
           Windows Remote Desktop Session Host Server SDK APIs
[72D50000] C:\Windows\system32\apphelp.dll
           6.2.14393.0 - 10.0.14393.0 (rs1_release.160715-1616)
           Клиентская библиотека совместимости приложений
[72DF0000] C:\Windows\system32\mswsock.dll
           6.2.14393.0 - 10.0.14393.0 (rs1_release.160715-1616)
           Расширение поставщика службы API Microsoft Windows Sockets 2.0
[72E40000] C:\Windows\System32\schannel.dll
           6.2.14393.3024 - 10.0.14393.0 (rs1_release.160715-1616)
           Поставщик безопасности TLS/SSL
[72EB0000] C:\Windows\system32\secur32.dll
           6.2.14393.2273 - 10.0.14393.2273 (rs1_release_1.180427-1811)
           Security Support Provider Interface
[72F50000] C:\Windows\System32\NETUTILS.DLL
           6.2.14393.0 - 10.0.14393.0 (rs1_release.160715-1616)
           Net Win32 API Helpers DLL
[72F60000] C:\Windows\SYSTEM32\IPHLPAPI.DLL
           6.2.14393.2339 - 10.0.14393.0 (rs1_release.160715-1616)
           API вспомогательного приложения IP
[72F90000] C:\Windows\SYSTEM32\MSACM32.dll
           6.2.14393.0 - 10.0.14393.0 (rs1_release.160715-1616)
           Фильтр диспетчера аудиосжатия Microsoft
[730C0000] C:\Windows\SYSTEM32\MPR.dll
           6.2.14393.2879 - 10.0.14393.0 (rs1_release.160715-1616)
           Библиотека маршрутизации для нескольких служб доступа
[73120000] C:\Windows\SYSTEM32\USERENV.dll
           6.2.14393.3024 - 10.0.14393.0 (rs1_release.160715-1616)
           Userenv
[73140000] C:\Windows\SYSTEM32\wsock32.dll
           6.2.14393.0 - 10.0.14393.0 (rs1_release.160715-1616)
           Windows Socket 32-Bit DLL
[73150000] C:\Windows\WinSxS\x86_microsoft.windows.common-controls_6595b64144ccf1df_6.0.14393.3053_none_c58d796d97be2a63\comctl32.dll
           6.10.14393.3053 - 6.10 (rs1_release_inmarket.190612-1836)
           Библиотека элементов управления взаимодействия с пользователем
[735C0000] C:\Windows\System32\NETAPI32.dll
           6.2.14393.0 - 10.0.14393.0 (rs1_release.160715-1616)
           Net Win32 API DLL
[73740000] C:\Windows\SYSTEM32\bcrypt.dll
           6.2.14393.2969 - 10.0.14393.0 (rs1_release.160715-1616)
           Библиотека криптографических примитивов Windows
[737E0000] C:\Windows\SYSTEM32\WINMMBASE.dll
           6.2.14393.0 - 10.0.14393.0 (rs1_release.160715-1616)
           Base Multimedia Extension API DLL
[73850000] C:\Windows\SYSTEM32\WINSPOOL.DRV
           6.2.14393.2848 - 10.0.14393.1715 (rs1_release_inmarket.170906-1810)
           Драйвер диспетчера очереди Windows
[73C40000] C:\Windows\SYSTEM32\VERSION.dll
           6.2.14393.0 - 10.0.14393.0 (rs1_release.160715-1616)
           Version Checking and File Installation Libraries
[73C50000] C:\Windows\SYSTEM32\WINMM.dll
           6.2.14393.0 - 10.0.14393.0 (rs1_release.160715-1616)
           MCI API DLL
[73C80000] C:\Windows\System32\CRYPTBASE.dll
           6.2.14393.0 - 10.0.14393.0 (rs1_release.160715-1616)
           Base cryptographic API DLL
[73C90000] C:\Windows\System32\SspiCli.dll
           6.2.14393.2580 - 10.0.14393.2580 (rs1_release_inmarket.181009-1745)
           Security Support Provider Interface
[73D10000] C:\Windows\System32\gdi32full.dll
           6.2.14393.3143 - 10.0.14393.3143 (rs1_release.190725-1725)
           GDI Client DLL
[73E70000] C:\Windows\System32\windows.storage.dll
           6.2.14393.3115 - 10.0.14393.0 (rs1_release.160715-1616)
           API хранения Microsoft WinRT
[743E0000] C:\Windows\System32\cfgmgr32.dll
           6.2.14393.0 - 10.0.14393.0 (rs1_release.160715-1616)
           Configuration Manager DLL
[74420000] C:\Windows\System32\imagehlp.dll
           6.2.14393.0 - 10.0.14393.0 (rs1_release.160715-1616)
           Windows NT Image Helper
[74440000] C:\Windows\System32\powrprof.dll
           6.2.14393.0 - 10.0.14393.0 (rs1_release.160715-1616)
           DLL модуля поддержки профиля управления питанием
[74490000] C:\Windows\System32\OLEAUT32.dll
           6.2.14393.3143 - 10.0.14393.3143 (rs1_release.190725-1725)
           OLEAUT32.DLL
[74530000] C:\Windows\System32\bcryptPrimitives.dll
           6.2.14393.2828 - 10.0.14393.2828 (rs1_release_inmarket.190216-1457)
           Windows Cryptographic Primitives Library
[749A0000] C:\Windows\System32\profapi.dll
           6.2.14393.0 - 10.0.14393.0 (rs1_release.160715-1616)
           User Profile Basic API
[74A00000] C:\Windows\System32\SHELL32.dll
           6.2.14393.3085 - 10.0.14393.0 (rs1_release.160715-1616)
           Общая библиотека оболочки Windows
[75DE0000] C:\Windows\System32\kernel.appcore.dll
           6.2.14393.2312 - 10.0.14393.2312 (rs1_release.180607-1919)
           AppModel API Host
[75FC0000] C:\Windows\System32\sechost.dll
           6.2.14393.2515 - 10.0.14393.0 (rs1_release.160715-1616)
           Host for SCM/SDDL/LSA Lookup APIs
[76010000] C:\Windows\System32\ucrtbase.dll
           6.2.14393.2999 - 10.0.14393.2999 (rs1_release_inmarket.190520-1518)
           Microsoft® C Runtime Library
[760F0000] C:\Windows\System32\KERNEL32.DLL
           6.2.14393.2969 - 10.0.14393.2430 (rs1_release_inmarket_aim.180806-1810)
           Библиотека клиента Windows NT BASE API
[761D0000] C:\Windows\System32\comdlg32.dll
           6.2.14393.2828 - 10.0.14393.0 (rs1_release.160715-1616)
           Библиотека общих диалоговых окон
[762C0000] C:\Windows\System32\KERNELBASE.dll
           6.2.14393.3085 - 10.0.14393.2430 (rs1_release_inmarket_aim.180806-1810)
           Библиотека клиента Windows NT BASE API
[76470000] C:\Windows\System32\USER32.dll
           6.2.14393.2273 - 10.0.14393.0 (rs1_release.160715-1616)
           Многопользовательская библиотека клиента USER API Windows
[765D0000] C:\Windows\System32\ADVAPI32.dll
           6.2.14393.2515 - 10.0.14393.0 (rs1_release.160715-1616)
           Расширенная библиотека API Windows 32
[76650000] C:\Windows\System32\RPCRT4.dll
           6.2.14393.3115 - 10.0.14393.0 (rs1_release.160715-1616)
           Библиотека удаленного вызова процедур
[76720000] C:\Windows\System32\msvcrt.dll
           7.0.14393.2457 - 7.0.14393.2457 (rs1_release_inmarket.180822-1743)
           Windows NT CRT DLL
[767E0000] C:\Windows\System32\ole32.dll
           6.2.14393.3053 - 10.0.14393.1198 (rs1_release_sec.170427-1353)
           Microsoft OLE для Windows
[76920000] C:\Windows\System32\clbcatq.dll
           2001.12.10941.16384 - 2001.12.10941.16384 (rs1_release.160715-1616)
           COM+ Configuration Catalog
[769B0000] C:\Windows\System32\GDI32.dll
           6.2.14393.2848 - 10.0.14393.2848 (rs1_release.190305-1856)
           GDI Client DLL
[769F0000] C:\Windows\System32\IMM32.DLL
           6.2.14393.0 - 10.0.14393.0 (rs1_release.160715-1616)
           Multi-User Windows IMM32 API Client DLL
[76A20000] C:\Windows\System32\SHLWAPI.dll
           6.2.14393.0 - 10.0.14393.0 (rs1_release.160715-1616)
           Библиотека небольших программ оболочки
[76A70000] C:\Windows\System32\PSAPI.dll
           6.2.14393.0 - 10.0.14393.0 (rs1_release.160715-1616)
           Process Status Helper
[76A80000] C:\Windows\System32\NSI.dll
           6.2.14393.2515 - 10.0.14393.2515 (rs1_release_1.180830-1044)
           NSI User-mode interface DLL
[76A90000] C:\Windows\System32\crypt32.dll
           6.2.14393.2214 - 10.0.14393.0 (rs1_release.160715-1616)
           API32 криптографии
[76C10000] C:\Windows\System32\WS2_32.dll
           6.2.14393.206 - 10.0.14393.0 (rs1_release.160715-1616)
           32-разрядная библиотека Windows Socket 2.0
[76C80000] C:\Windows\System32\combase.dll
           6.2.14393.3085 - 10.0.14393.1198 (rs1_release_sec.170427-1353)
           Microsoft COM для Windows
[76E90000] C:\Windows\System32\MSCTF.dll
           6.2.14393.3143 - 10.0.14393.0 (rs1_release.160715-1616)
           Серверная библиотека MSCTF
[77070000] C:\Windows\System32\msvcp_win.dll
           6.2.14393.2999 - 10.0.14393.2999 (rs1_release_inmarket.190520-1518)
           Microsoft® C Runtime Library
[770F0000] C:\Windows\System32\MSASN1.dll
           6.2.14393.0 - 10.0.14393.0 (rs1_release.160715-1616)
           ASN.1 Runtime APIs
[77100000] C:\Windows\System32\shcore.dll
           6.2.14393.2969 - 10.0.14393.0 (rs1_release.160715-1616)
           SHCORE
[77190000] C:\Windows\System32\win32u.dll
           6.2.14393.51 - 10.0.14393.51 (rs1_release_inmarket.160801-1836)
           Win32u
[771B0000] C:\Windows\SYSTEM32\ntdll.dll
           6.2.14393.2969 - 10.0.14393.2430 (rs1_release_inmarket_aim.180806-1810)
           Системная библиотека NT
------------------------------------------------------------------------------
Active Controls hierarchy:
TJvDBUltimGrid "JvDBUltimGrid1"
TTabSheet "TabSheet1"
TPageControl "PageControl1"
TMainForm "MainForm"
------------------------------------------------------------------------------

==============================================================================
= 05.09.2019 14:27:01                                                        =
==============================================================================
There was an error during the execution of this program.
The application might become unstable and even useless.
It's recommended that you save your work and close this application.

QSklad: Field 'SStorage_Date' not found.

------------------------------------------------------------------------------
Exception log with detailed tech info. Generated on 05.09.2019 14:27:00.
You may send it to the application vendor, helping him to understand what had happened.
 Application title: Альфа-Склад
 Application file: D:\Users\Admin\YandexDisk\AlphaSklad22\win32\debug\AlphaSklad.exe
------------------------------------------------------------------------------
Exception class: EDatabaseError
Exception message: QSklad: Field 'SStorage_Date' not found.
Exception address: 0075BF7E
------------------------------------------------------------------------------
Main thread ID = 8264
Exception thread ID = 8264
------------------------------------------------------------------------------
Call stack for main thread
Stack list, generated 05.09.2019 14:27:00
[7721FB4C]{ntdll.dll   } ZwGetContextThread
------------------------------------------------------------------------------
System   : Windows Server 2016 Server, Version: 6.2, Build: 23F0, ""
Processor: Intel,      Intel(R) Xeon(R) CPU E3-1220L V2 @ 2.30GHz, 2300 MHz MMX SSE SSE2 SSE3 SSSE3 SSE41 SSE42 64 bits DEP
Memory: 16221; free 5672
Display  : 1696x905 pixels, 32 bpp
------------------------------------------------------------------------------
List of loaded modules:
[00400000] D:\Users\Admin\YandexDisk\AlphaSklad22\win32\debug\AlphaSklad.exe
           2.0.1.145 - 2.0.1.145
           Альфа-Склад
           Unit versioning information:
             JCL\source\common JclUnitVersioningProviders.pas 30b46b307c41c5832a4c12ebc44521872bc2145e 2011-09-02 22:07:50 +0000
[10000000] C:\Program Files (x86)\Common Files\System\msadc\msadcer.dll
           6.2.14393.0 - 10.0.14393.0 (rs1_release.160715-1616)
           OLE DB Cursor Engine Resources
[39670000] C:\Windows\System32\1033\SQLNCLIR11.RLL
           2011.110.2100.60 - 2011.0110.2100.060 ((SQL11_RTM).120210-1846 )
           Microsoft SQL Server Native Client 11.0
[46480000] C:\Windows\system32\security.dll
           6.2.14393.0 - 10.0.14393.0 (rs1_release.160715-1616)
           Security Support Provider Interface
[547A0000] C:\Program Files (x86)\Common Files\System\msadc\msadce.dll
           6.2.14393.2608 - 10.0.14393.2608 (rs1_release.181024-1742)
           OLE DB Cursor Engine
[5FC70000] C:\Windows\AppPatch\AcGenral.DLL
           6.2.14393.3053 - 10.0.14393.3053 (rs1_release_inmarket.190612-1836)
           Windows Compatibility DLL
[61210000] C:\Windows\SYSTEM32\oleacc.dll
           7.2.14393.2969 - 7.2.14393.2969 (rs1_release.190503-1820)
           Active Accessibility Core Component
[62440000] C:\Program Files (x86)\Common Files\microsoft shared\ink\tiptsf.dll
           6.2.14393.2636 - 10.0.14393.0 (rs1_release.160715-1616)
           Инфраструктура текстовых служб сенсорной клавиатуры и панели рукописного ввода
[6CFB0000] C:\Windows\System32\MSVCR100.dll
           10.0.40219.473 - 10.00.40219.473
           Microsoft® C Runtime Library
[6D070000] C:\Windows\SYSTEM32\tsappcmp.dll
           6.2.14393.0 - 10.0.14393.0 (rs1_release.160715-1616)
           DLL-библиотека совместимости приложения служб удаленных рабочих столов
[6E150000] C:\Windows\SYSTEM32\iertutil.dll
           11.0.14393.3115 - 11.00.14393.0 (rs1_release.160715-1616)
           Служебная программа времени выполнения для Internet Explorer
[6E390000] C:\Windows\SYSTEM32\urlmon.dll
           11.0.14393.3053 - 11.00.14393.0 (rs1_release.160715-1616)
           Расширения OLE32 для Win32
[6FA20000] C:\Windows\SYSTEM32\samcli.dll
           6.2.14393.0 - 10.0.14393.0 (rs1_release.160715-1616)
           Security Accounts Manager Client DLL
[6FD90000] C:\Windows\system32\RESUTILS.DLL
           6.2.14393.2879 - 10.0.14393.0 (rs1_release.160715-1616)
           Библиотека DLL служебной программы ресурсов кластера (Майкрософт)
[6FDE0000] C:\Windows\system32\ntdsapi.dll
           6.2.14393.0 - 10.0.14393.0 (rs1_release.160715-1616)
           Active Directory Domain Services API
[6FE00000] C:\Windows\SYSTEM32\cryptdll.dll
           6.2.14393.2969 - 10.0.14393.2969 (rs1_release.190503-1820)
           Cryptography Manager
[6FE20000] C:\Windows\SYSTEM32\NtlmShared.dll
           6.2.14393.2791 - 10.0.14393.2791 (rs1_release.190205-1511)
           NTLM Shared Functionality
[6FE30000] C:\Windows\System32\msv1_0.DLL
           6.2.14393.3024 - 10.0.14393.0 (rs1_release.160715-1616)
           Microsoft Authentication Package v1.0
[6FE90000] C:\Windows\System32\Kerberos.DLL
           6.2.14393.3143 - 10.0.14393.0 (rs1_release.160715-1616)
           Пакет безопасности Kerberos
[70030000] C:\Windows\System32\sqlncli11.dll
           2011.110.2100.60 - 2011.0110.2100.060 ((SQL11_RTM).120210-1846 )
           Microsoft SQL Server Native Client 11.0
[70310000] C:\Windows\System32\comsvcs.dll
           2001.12.10941.16384 - 2001.12.10941.16384 (rs1_release_inmarket.190313-1855)
           COM+ Services
[70460000] C:\Windows\SYSTEM32\DPAPI.dll
           6.2.14393.0 - 10.0.14393.0 (rs1_release.160715-1616)
           Data Protection API
[70470000] C:\Program Files (x86)\Common Files\System\Ole DB\oledb32.dll
           6.2.14393.2758 - 10.0.14393.2758 (rs1_release_1.190104-1904)
           OLE DB Core Services
[70540000] C:\Windows\SYSTEM32\MSDART.DLL
           6.2.14393.0 - 10.0.14393.0 (rs1_release.160715-1616)
           OLE DB Runtime Routines
[70570000] C:\Program Files (x86)\Common Files\System\ado\msado15.dll
           6.2.14393.3024 - 10.0.14393.3024 (rs1_release.190530-2002)
           ActiveX Data Objects
[706F0000] C:\Windows\SYSTEM32\DSPARSE.DLL
           6.2.14393.0 - 10.0.14393.0 (rs1_release.160715-1616)
           Active Directory Domain Services API
[713E0000] C:\Windows\system32\ncryptsslp.dll
           6.2.14393.2457 - 10.0.14393.2457 (rs1_release_inmarket.180822-1743)
           Microsoft SChannel Provider
[71400000] C:\Windows\SYSTEM32\mskeyprotect.dll
           6.2.14393.2457 - 10.0.14393.0 (rs1_release.160715-1616)
           Поставщик защиты ключей (Майкрософт)
[71460000] C:\Windows\SYSTEM32\NTASN1.dll
           6.2.14393.0 - 10.0.14393.0 (rs1_release.160715-1616)
           Microsoft ASN.1 API
[71490000] C:\Windows\SYSTEM32\ncrypt.dll
           6.2.14393.2457 - 10.0.14393.0 (rs1_release.160715-1616)
           Маршрутизатор Windows NCrypt
[716B0000] C:\Windows\SYSTEM32\dwmapi.dll
           6.2.14393.206 - 10.0.14393.0 (rs1_release.160715-1616)
           Интерфейс API диспетчера окон рабочего стола (Майкрософт)
[71B60000] C:\Windows\System32\LOGONCLI.DLL
           6.2.14393.2007 - 10.0.14393.2007 (rs1_release.171231-1800)
           Net Logon Client DLL
[71B90000] C:\Windows\system32\CLUSAPI.DLL
           6.2.14393.2879 - 10.0.14393.0 (rs1_release.160715-1616)
           Библиотека API кластера
[72220000] C:\Windows\SYSTEM32\DNSAPI.dll
           6.2.14393.2999 - 10.0.14393.0 (rs1_release.160715-1616)
           Динамическая библиотека API DNS-клиента
[72450000] C:\Windows\System32\dbghelp.dll
           6.2.14321.1024 - 10.0.14321.1024 (rs1_release.160715-1616)
           Windows Image Helper
[72850000] C:\Windows\SYSTEM32\UxTheme.dll
           6.2.14393.2248 - 10.0.14393.0 (rs1_release.160715-1616)
           Библиотека тем UxTheme (Microsoft)
[72960000] C:\Windows\SYSTEM32\WINSTA.dll
           6.2.14393.0 - 10.0.14393.0 (rs1_release.160715-1616)
           Winstation Library
[729B0000] C:\Windows\SYSTEM32\wtsapi32.dll
           6.2.14393.0 - 10.0.14393.0 (rs1_release.160715-1616)
           Windows Remote Desktop Session Host Server SDK APIs
[72D50000] C:\Windows\system32\apphelp.dll
           6.2.14393.0 - 10.0.14393.0 (rs1_release.160715-1616)
           Клиентская библиотека совместимости приложений
[72DF0000] C:\Windows\system32\mswsock.dll
           6.2.14393.0 - 10.0.14393.0 (rs1_release.160715-1616)
           Расширение поставщика службы API Microsoft Windows Sockets 2.0
[72E40000] C:\Windows\System32\schannel.dll
           6.2.14393.3024 - 10.0.14393.0 (rs1_release.160715-1616)
           Поставщик безопасности TLS/SSL
[72EB0000] C:\Windows\system32\secur32.dll
           6.2.14393.2273 - 10.0.14393.2273 (rs1_release_1.180427-1811)
           Security Support Provider Interface
[72F50000] C:\Windows\System32\NETUTILS.DLL
           6.2.14393.0 - 10.0.14393.0 (rs1_release.160715-1616)
           Net Win32 API Helpers DLL
[72F60000] C:\Windows\SYSTEM32\IPHLPAPI.DLL
           6.2.14393.2339 - 10.0.14393.0 (rs1_release.160715-1616)
           API вспомогательного приложения IP
[72F90000] C:\Windows\SYSTEM32\MSACM32.dll
           6.2.14393.0 - 10.0.14393.0 (rs1_release.160715-1616)
           Фильтр диспетчера аудиосжатия Microsoft
[730C0000] C:\Windows\SYSTEM32\MPR.dll
           6.2.14393.2879 - 10.0.14393.0 (rs1_release.160715-1616)
           Библиотека маршрутизации для нескольких служб доступа
[73120000] C:\Windows\SYSTEM32\USERENV.dll
           6.2.14393.3024 - 10.0.14393.0 (rs1_release.160715-1616)
           Userenv
[73140000] C:\Windows\SYSTEM32\wsock32.dll
           6.2.14393.0 - 10.0.14393.0 (rs1_release.160715-1616)
           Windows Socket 32-Bit DLL
[73150000] C:\Windows\WinSxS\x86_microsoft.windows.common-controls_6595b64144ccf1df_6.0.14393.3053_none_c58d796d97be2a63\COMCTL32.dll
           6.10.14393.3053 - 6.10 (rs1_release_inmarket.190612-1836)
           Библиотека элементов управления взаимодействия с пользователем
[735C0000] C:\Windows\System32\NETAPI32.dll
           6.2.14393.0 - 10.0.14393.0 (rs1_release.160715-1616)
           Net Win32 API DLL
[73740000] C:\Windows\SYSTEM32\bcrypt.dll
           6.2.14393.2969 - 10.0.14393.0 (rs1_release.160715-1616)
           Библиотека криптографических примитивов Windows
[737E0000] C:\Windows\SYSTEM32\WINMMBASE.dll
           6.2.14393.0 - 10.0.14393.0 (rs1_release.160715-1616)
           Base Multimedia Extension API DLL
[73850000] C:\Windows\SYSTEM32\WINSPOOL.DRV
           6.2.14393.2848 - 10.0.14393.1715 (rs1_release_inmarket.170906-1810)
           Драйвер диспетчера очереди Windows
[73C40000] C:\Windows\SYSTEM32\VERSION.dll
           6.2.14393.0 - 10.0.14393.0 (rs1_release.160715-1616)
           Version Checking and File Installation Libraries
[73C50000] C:\Windows\SYSTEM32\WINMM.dll
           6.2.14393.0 - 10.0.14393.0 (rs1_release.160715-1616)
           MCI API DLL
[73C80000] C:\Windows\System32\CRYPTBASE.dll
           6.2.14393.0 - 10.0.14393.0 (rs1_release.160715-1616)
           Base cryptographic API DLL
[73C90000] C:\Windows\System32\SspiCli.dll
           6.2.14393.2580 - 10.0.14393.2580 (rs1_release_inmarket.181009-1745)
           Security Support Provider Interface
[73D10000] C:\Windows\System32\gdi32full.dll
           6.2.14393.3143 - 10.0.14393.3143 (rs1_release.190725-1725)
           GDI Client DLL
[73E70000] C:\Windows\System32\windows.storage.dll
           6.2.14393.3115 - 10.0.14393.0 (rs1_release.160715-1616)
           API хранения Microsoft WinRT
[743E0000] C:\Windows\System32\cfgmgr32.dll
           6.2.14393.0 - 10.0.14393.0 (rs1_release.160715-1616)
           Configuration Manager DLL
[74420000] C:\Windows\System32\imagehlp.dll
           6.2.14393.0 - 10.0.14393.0 (rs1_release.160715-1616)
           Windows NT Image Helper
[74440000] C:\Windows\System32\powrprof.dll
           6.2.14393.0 - 10.0.14393.0 (rs1_release.160715-1616)
           DLL модуля поддержки профиля управления питанием
[74490000] C:\Windows\System32\OLEAUT32.dll
           6.2.14393.3143 - 10.0.14393.3143 (rs1_release.190725-1725)
           OLEAUT32.DLL
[74530000] C:\Windows\System32\bcryptPrimitives.dll
           6.2.14393.2828 - 10.0.14393.2828 (rs1_release_inmarket.190216-1457)
           Windows Cryptographic Primitives Library
[749A0000] C:\Windows\System32\profapi.dll
           6.2.14393.0 - 10.0.14393.0 (rs1_release.160715-1616)
           User Profile Basic API
[74A00000] C:\Windows\System32\SHELL32.dll
           6.2.14393.3085 - 10.0.14393.0 (rs1_release.160715-1616)
           Общая библиотека оболочки Windows
[75DE0000] C:\Windows\System32\kernel.appcore.dll
           6.2.14393.2312 - 10.0.14393.2312 (rs1_release.180607-1919)
           AppModel API Host
[75FC0000] C:\Windows\System32\sechost.dll
           6.2.14393.2515 - 10.0.14393.0 (rs1_release.160715-1616)
           Host for SCM/SDDL/LSA Lookup APIs
[76010000] C:\Windows\System32\ucrtbase.dll
           6.2.14393.2999 - 10.0.14393.2999 (rs1_release_inmarket.190520-1518)
           Microsoft® C Runtime Library
[760F0000] C:\Windows\System32\KERNEL32.DLL
           6.2.14393.2969 - 10.0.14393.2430 (rs1_release_inmarket_aim.180806-1810)
           Библиотека клиента Windows NT BASE API
[761D0000] C:\Windows\System32\comdlg32.dll
           6.2.14393.2828 - 10.0.14393.0 (rs1_release.160715-1616)
           Библиотека общих диалоговых окон
[762C0000] C:\Windows\System32\KERNELBASE.dll
           6.2.14393.3085 - 10.0.14393.2430 (rs1_release_inmarket_aim.180806-1810)
           Библиотека клиента Windows NT BASE API
[76470000] C:\Windows\System32\USER32.dll
           6.2.14393.2273 - 10.0.14393.0 (rs1_release.160715-1616)
           Многопользовательская библиотека клиента USER API Windows
[765D0000] C:\Windows\System32\ADVAPI32.dll
           6.2.14393.2515 - 10.0.14393.0 (rs1_release.160715-1616)
           Расширенная библиотека API Windows 32
[76650000] C:\Windows\System32\RPCRT4.dll
           6.2.14393.3115 - 10.0.14393.0 (rs1_release.160715-1616)
           Библиотека удаленного вызова процедур
[76720000] C:\Windows\System32\msvcrt.dll
           7.0.14393.2457 - 7.0.14393.2457 (rs1_release_inmarket.180822-1743)
           Windows NT CRT DLL
[767E0000] C:\Windows\System32\ole32.dll
           6.2.14393.3053 - 10.0.14393.1198 (rs1_release_sec.170427-1353)
           Microsoft OLE для Windows
[76920000] C:\Windows\System32\clbcatq.dll
           2001.12.10941.16384 - 2001.12.10941.16384 (rs1_release.160715-1616)
           COM+ Configuration Catalog
[769B0000] C:\Windows\System32\GDI32.dll
           6.2.14393.2848 - 10.0.14393.2848 (rs1_release.190305-1856)
           GDI Client DLL
[769F0000] C:\Windows\System32\IMM32.DLL
           6.2.14393.0 - 10.0.14393.0 (rs1_release.160715-1616)
           Multi-User Windows IMM32 API Client DLL
[76A20000] C:\Windows\System32\SHLWAPI.dll
           6.2.14393.0 - 10.0.14393.0 (rs1_release.160715-1616)
           Библиотека небольших программ оболочки
[76A70000] C:\Windows\System32\PSAPI.dll
           6.2.14393.0 - 10.0.14393.0 (rs1_release.160715-1616)
           Process Status Helper
[76A80000] C:\Windows\System32\NSI.dll
           6.2.14393.2515 - 10.0.14393.2515 (rs1_release_1.180830-1044)
           NSI User-mode interface DLL
[76A90000] C:\Windows\System32\crypt32.dll
           6.2.14393.2214 - 10.0.14393.0 (rs1_release.160715-1616)
           API32 криптографии
[76C10000] C:\Windows\System32\WS2_32.dll
           6.2.14393.206 - 10.0.14393.0 (rs1_release.160715-1616)
           32-разрядная библиотека Windows Socket 2.0
[76C80000] C:\Windows\System32\combase.dll
           6.2.14393.3085 - 10.0.14393.1198 (rs1_release_sec.170427-1353)
           Microsoft COM для Windows
[76E90000] C:\Windows\System32\MSCTF.dll
           6.2.14393.3143 - 10.0.14393.0 (rs1_release.160715-1616)
           Серверная библиотека MSCTF
[77070000] C:\Windows\System32\msvcp_win.dll
           6.2.14393.2999 - 10.0.14393.2999 (rs1_release_inmarket.190520-1518)
           Microsoft® C Runtime Library
[770F0000] C:\Windows\System32\MSASN1.dll
           6.2.14393.0 - 10.0.14393.0 (rs1_release.160715-1616)
           ASN.1 Runtime APIs
[77100000] C:\Windows\System32\shcore.dll
           6.2.14393.2969 - 10.0.14393.0 (rs1_release.160715-1616)
           SHCORE
[77190000] C:\Windows\System32\win32u.dll
           6.2.14393.51 - 10.0.14393.51 (rs1_release_inmarket.160801-1836)
           Win32u
[771B0000] C:\Windows\SYSTEM32\ntdll.dll
           6.2.14393.2969 - 10.0.14393.2430 (rs1_release_inmarket_aim.180806-1810)
           Системная библиотека NT
------------------------------------------------------------------------------
Active Controls hierarchy:
TJvDBUltimGrid "JvDBUltimGrid1"
TTabSheet "TabSheet1"
TPageControl "PageControl1"
TMainForm "MainForm"
------------------------------------------------------------------------------

==============================================================================
= 05.09.2019 14:39:44                                                        =
==============================================================================
There was an error during the execution of this program.
The application might become unstable and even useless.
It's recommended that you save your work and close this application.

OLE error 800A03EC.

------------------------------------------------------------------------------
Exception log with detailed tech info. Generated on 05.09.2019 14:39:43.
You may send it to the application vendor, helping him to understand what had happened.
 Application title: Альфа-Склад
 Application file: D:\Users\Admin\YandexDisk\AlphaSklad22\win32\debug\AlphaSklad.exe
------------------------------------------------------------------------------
Exception class: EOleException
Exception message: OLE error 800A03EC.
Exception address: 009C1A82
------------------------------------------------------------------------------
Main thread ID = 11024
Exception thread ID = 11024
------------------------------------------------------------------------------
Call stack for main thread
Stack list, generated 05.09.2019 14:39:43
[7721FB4C]{ntdll.dll   } ZwGetContextThread
------------------------------------------------------------------------------
System   : Windows Server 2016 Server, Version: 6.2, Build: 23F0, ""
Processor: Intel,      Intel(R) Xeon(R) CPU E3-1220L V2 @ 2.30GHz, 2300 MHz MMX SSE SSE2 SSE3 SSSE3 SSE41 SSE42 64 bits DEP
Memory: 16221; free 5499
Display  : 1696x905 pixels, 32 bpp
------------------------------------------------------------------------------
List of loaded modules:
[00400000] D:\Users\Admin\YandexDisk\AlphaSklad22\win32\debug\AlphaSklad.exe
           2.0.1.145 - 2.0.1.145
           Альфа-Склад
           Unit versioning information:
             JCL\source\common JclUnitVersioningProviders.pas 30b46b307c41c5832a4c12ebc44521872bc2145e 2011-09-02 22:07:50 +0000
[10000000] C:\Program Files (x86)\Common Files\System\msadc\msadcer.dll
           6.2.14393.0 - 10.0.14393.0 (rs1_release.160715-1616)
           OLE DB Cursor Engine Resources
[39670000] C:\Windows\System32\1033\SQLNCLIR11.RLL
           2011.110.2100.60 - 2011.0110.2100.060 ((SQL11_RTM).120210-1846 )
           Microsoft SQL Server Native Client 11.0
[46480000] C:\Windows\system32\security.dll
           6.2.14393.0 - 10.0.14393.0 (rs1_release.160715-1616)
           Security Support Provider Interface
[547A0000] C:\Program Files (x86)\Common Files\System\msadc\msadce.dll
           6.2.14393.2608 - 10.0.14393.2608 (rs1_release.181024-1742)
           OLE DB Cursor Engine
[5FC70000] C:\Windows\AppPatch\AcGenral.DLL
           6.2.14393.3053 - 10.0.14393.3053 (rs1_release_inmarket.190612-1836)
           Windows Compatibility DLL
[61210000] C:\Windows\SYSTEM32\oleacc.dll
           7.2.14393.2969 - 7.2.14393.2969 (rs1_release.190503-1820)
           Active Accessibility Core Component
[62440000] C:\Program Files (x86)\Common Files\microsoft shared\ink\tiptsf.dll
           6.2.14393.2636 - 10.0.14393.0 (rs1_release.160715-1616)
           Инфраструктура текстовых служб сенсорной клавиатуры и панели рукописного ввода
[6CFB0000] C:\Windows\System32\MSVCR100.dll
           10.0.40219.473 - 10.00.40219.473
           Microsoft® C Runtime Library
[6D070000] C:\Windows\SYSTEM32\tsappcmp.dll
           6.2.14393.0 - 10.0.14393.0 (rs1_release.160715-1616)
           DLL-библиотека совместимости приложения служб удаленных рабочих столов
[6E150000] C:\Windows\SYSTEM32\iertutil.dll
           11.0.14393.3115 - 11.00.14393.0 (rs1_release.160715-1616)
           Служебная программа времени выполнения для Internet Explorer
[6E390000] C:\Windows\SYSTEM32\urlmon.dll
           11.0.14393.3053 - 11.00.14393.0 (rs1_release.160715-1616)
           Расширения OLE32 для Win32
[6FA20000] C:\Windows\SYSTEM32\samcli.dll
           6.2.14393.0 - 10.0.14393.0 (rs1_release.160715-1616)
           Security Accounts Manager Client DLL
[6FD90000] C:\Windows\system32\RESUTILS.DLL
           6.2.14393.2879 - 10.0.14393.0 (rs1_release.160715-1616)
           Библиотека DLL служебной программы ресурсов кластера (Майкрософт)
[6FDE0000] C:\Windows\system32\ntdsapi.dll
           6.2.14393.0 - 10.0.14393.0 (rs1_release.160715-1616)
           Active Directory Domain Services API
[6FE00000] C:\Windows\SYSTEM32\cryptdll.dll
           6.2.14393.2969 - 10.0.14393.2969 (rs1_release.190503-1820)
           Cryptography Manager
[6FE20000] C:\Windows\SYSTEM32\NtlmShared.dll
           6.2.14393.2791 - 10.0.14393.2791 (rs1_release.190205-1511)
           NTLM Shared Functionality
[6FE30000] C:\Windows\System32\msv1_0.DLL
           6.2.14393.3024 - 10.0.14393.0 (rs1_release.160715-1616)
           Microsoft Authentication Package v1.0
[6FE90000] C:\Windows\System32\Kerberos.DLL
           6.2.14393.3143 - 10.0.14393.0 (rs1_release.160715-1616)
           Пакет безопасности Kerberos
[70030000] C:\Windows\System32\sqlncli11.dll
           2011.110.2100.60 - 2011.0110.2100.060 ((SQL11_RTM).120210-1846 )
           Microsoft SQL Server Native Client 11.0
[70310000] C:\Windows\System32\comsvcs.dll
           2001.12.10941.16384 - 2001.12.10941.16384 (rs1_release_inmarket.190313-1855)
           COM+ Services
[70460000] C:\Windows\SYSTEM32\DPAPI.dll
           6.2.14393.0 - 10.0.14393.0 (rs1_release.160715-1616)
           Data Protection API
[70470000] C:\Program Files (x86)\Common Files\System\Ole DB\oledb32.dll
           6.2.14393.2758 - 10.0.14393.2758 (rs1_release_1.190104-1904)
           OLE DB Core Services
[70540000] C:\Windows\SYSTEM32\MSDART.DLL
           6.2.14393.0 - 10.0.14393.0 (rs1_release.160715-1616)
           OLE DB Runtime Routines
[70570000] C:\Program Files (x86)\Common Files\System\ado\msado15.dll
           6.2.14393.3024 - 10.0.14393.3024 (rs1_release.190530-2002)
           ActiveX Data Objects
[706F0000] C:\Windows\SYSTEM32\DSPARSE.DLL
           6.2.14393.0 - 10.0.14393.0 (rs1_release.160715-1616)
           Active Directory Domain Services API
[713E0000] C:\Windows\system32\ncryptsslp.dll
           6.2.14393.2457 - 10.0.14393.2457 (rs1_release_inmarket.180822-1743)
           Microsoft SChannel Provider
[71400000] C:\Windows\SYSTEM32\mskeyprotect.dll
           6.2.14393.2457 - 10.0.14393.0 (rs1_release.160715-1616)
           Поставщик защиты ключей (Майкрософт)
[71460000] C:\Windows\SYSTEM32\NTASN1.dll
           6.2.14393.0 - 10.0.14393.0 (rs1_release.160715-1616)
           Microsoft ASN.1 API
[71490000] C:\Windows\SYSTEM32\ncrypt.dll
           6.2.14393.2457 - 10.0.14393.0 (rs1_release.160715-1616)
           Маршрутизатор Windows NCrypt
[716B0000] C:\Windows\SYSTEM32\dwmapi.dll
           6.2.14393.206 - 10.0.14393.0 (rs1_release.160715-1616)
           Интерфейс API диспетчера окон рабочего стола (Майкрософт)
[718C0000] C:\Windows\SYSTEM32\sxs.dll
           6.2.14393.0 - 10.0.14393.0 (rs1_release.160715-1616)
           Fusion 2.5
[71B60000] C:\Windows\System32\LOGONCLI.DLL
           6.2.14393.2007 - 10.0.14393.2007 (rs1_release.171231-1800)
           Net Logon Client DLL
[71B90000] C:\Windows\system32\CLUSAPI.DLL
           6.2.14393.2879 - 10.0.14393.0 (rs1_release.160715-1616)
           Библиотека API кластера
[72220000] C:\Windows\SYSTEM32\DNSAPI.dll
           6.2.14393.2999 - 10.0.14393.0 (rs1_release.160715-1616)
           Динамическая библиотека API DNS-клиента
[72450000] C:\Windows\System32\dbghelp.dll
           6.2.14321.1024 - 10.0.14321.1024 (rs1_release.160715-1616)
           Windows Image Helper
[72850000] C:\Windows\SYSTEM32\UxTheme.dll
           6.2.14393.2248 - 10.0.14393.0 (rs1_release.160715-1616)
           Библиотека тем UxTheme (Microsoft)
[72960000] C:\Windows\SYSTEM32\WINSTA.dll
           6.2.14393.0 - 10.0.14393.0 (rs1_release.160715-1616)
           Winstation Library
[729B0000] C:\Windows\SYSTEM32\wtsapi32.dll
           6.2.14393.0 - 10.0.14393.0 (rs1_release.160715-1616)
           Windows Remote Desktop Session Host Server SDK APIs
[72D50000] C:\Windows\system32\apphelp.dll
           6.2.14393.0 - 10.0.14393.0 (rs1_release.160715-1616)
           Клиентская библиотека совместимости приложений
[72DF0000] C:\Windows\system32\mswsock.dll
           6.2.14393.0 - 10.0.14393.0 (rs1_release.160715-1616)
           Расширение поставщика службы API Microsoft Windows Sockets 2.0
[72E40000] C:\Windows\System32\schannel.dll
           6.2.14393.3024 - 10.0.14393.0 (rs1_release.160715-1616)
           Поставщик безопасности TLS/SSL
[72EB0000] C:\Windows\system32\secur32.dll
           6.2.14393.2273 - 10.0.14393.2273 (rs1_release_1.180427-1811)
           Security Support Provider Interface
[72F50000] C:\Windows\System32\NETUTILS.DLL
           6.2.14393.0 - 10.0.14393.0 (rs1_release.160715-1616)
           Net Win32 API Helpers DLL
[72F60000] C:\Windows\SYSTEM32\IPHLPAPI.DLL
           6.2.14393.2339 - 10.0.14393.0 (rs1_release.160715-1616)
           API вспомогательного приложения IP
[72F90000] C:\Windows\SYSTEM32\MSACM32.dll
           6.2.14393.0 - 10.0.14393.0 (rs1_release.160715-1616)
           Фильтр диспетчера аудиосжатия Microsoft
[730C0000] C:\Windows\SYSTEM32\MPR.dll
           6.2.14393.2879 - 10.0.14393.0 (rs1_release.160715-1616)
           Библиотека маршрутизации для нескольких служб доступа
[73120000] C:\Windows\SYSTEM32\USERENV.dll
           6.2.14393.3024 - 10.0.14393.0 (rs1_release.160715-1616)
           Userenv
[73140000] C:\Windows\SYSTEM32\wsock32.dll
           6.2.14393.0 - 10.0.14393.0 (rs1_release.160715-1616)
           Windows Socket 32-Bit DLL
[73150000] C:\Windows\WinSxS\x86_microsoft.windows.common-controls_6595b64144ccf1df_6.0.14393.3053_none_c58d796d97be2a63\comctl32.dll
           6.10.14393.3053 - 6.10 (rs1_release_inmarket.190612-1836)
           Библиотека элементов управления взаимодействия с пользователем
[735C0000] C:\Windows\System32\NETAPI32.dll
           6.2.14393.0 - 10.0.14393.0 (rs1_release.160715-1616)
           Net Win32 API DLL
[73740000] C:\Windows\SYSTEM32\bcrypt.dll
           6.2.14393.2969 - 10.0.14393.0 (rs1_release.160715-1616)
           Библиотека криптографических примитивов Windows
[737E0000] C:\Windows\SYSTEM32\WINMMBASE.dll
           6.2.14393.0 - 10.0.14393.0 (rs1_release.160715-1616)
           Base Multimedia Extension API DLL
[73850000] C:\Windows\SYSTEM32\WINSPOOL.DRV
           6.2.14393.2848 - 10.0.14393.1715 (rs1_release_inmarket.170906-1810)
           Драйвер диспетчера очереди Windows
[73C40000] C:\Windows\SYSTEM32\VERSION.dll
           6.2.14393.0 - 10.0.14393.0 (rs1_release.160715-1616)
           Version Checking and File Installation Libraries
[73C50000] C:\Windows\SYSTEM32\WINMM.dll
           6.2.14393.0 - 10.0.14393.0 (rs1_release.160715-1616)
           MCI API DLL
[73C80000] C:\Windows\System32\CRYPTBASE.dll
           6.2.14393.0 - 10.0.14393.0 (rs1_release.160715-1616)
           Base cryptographic API DLL
[73C90000] C:\Windows\System32\SspiCli.dll
           6.2.14393.2580 - 10.0.14393.2580 (rs1_release_inmarket.181009-1745)
           Security Support Provider Interface
[73D10000] C:\Windows\System32\gdi32full.dll
           6.2.14393.3143 - 10.0.14393.3143 (rs1_release.190725-1725)
           GDI Client DLL
[73E70000] C:\Windows\System32\windows.storage.dll
           6.2.14393.3115 - 10.0.14393.0 (rs1_release.160715-1616)
           API хранения Microsoft WinRT
[743E0000] C:\Windows\System32\cfgmgr32.dll
           6.2.14393.0 - 10.0.14393.0 (rs1_release.160715-1616)
           Configuration Manager DLL
[74420000] C:\Windows\System32\imagehlp.dll
           6.2.14393.0 - 10.0.14393.0 (rs1_release.160715-1616)
           Windows NT Image Helper
[74440000] C:\Windows\System32\powrprof.dll
           6.2.14393.0 - 10.0.14393.0 (rs1_release.160715-1616)
           DLL модуля поддержки профиля управления питанием
[74490000] C:\Windows\System32\OLEAUT32.dll
           6.2.14393.3143 - 10.0.14393.3143 (rs1_release.190725-1725)
           OLEAUT32.DLL
[74530000] C:\Windows\System32\bcryptPrimitives.dll
           6.2.14393.2828 - 10.0.14393.2828 (rs1_release_inmarket.190216-1457)
           Windows Cryptographic Primitives Library
[749A0000] C:\Windows\System32\profapi.dll
           6.2.14393.0 - 10.0.14393.0 (rs1_release.160715-1616)
           User Profile Basic API
[74A00000] C:\Windows\System32\SHELL32.dll
           6.2.14393.3085 - 10.0.14393.0 (rs1_release.160715-1616)
           Общая библиотека оболочки Windows
[75DE0000] C:\Windows\System32\kernel.appcore.dll
           6.2.14393.2312 - 10.0.14393.2312 (rs1_release.180607-1919)
           AppModel API Host
[75FC0000] C:\Windows\System32\sechost.dll
           6.2.14393.2515 - 10.0.14393.0 (rs1_release.160715-1616)
           Host for SCM/SDDL/LSA Lookup APIs
[76010000] C:\Windows\System32\ucrtbase.dll
           6.2.14393.2999 - 10.0.14393.2999 (rs1_release_inmarket.190520-1518)
           Microsoft® C Runtime Library
[760F0000] C:\Windows\System32\KERNEL32.DLL
           6.2.14393.2969 - 10.0.14393.2430 (rs1_release_inmarket_aim.180806-1810)
           Библиотека клиента Windows NT BASE API
[761D0000] C:\Windows\System32\comdlg32.dll
           6.2.14393.2828 - 10.0.14393.0 (rs1_release.160715-1616)
           Библиотека общих диалоговых окон
[762C0000] C:\Windows\System32\KERNELBASE.dll
           6.2.14393.3085 - 10.0.14393.2430 (rs1_release_inmarket_aim.180806-1810)
           Библиотека клиента Windows NT BASE API
[76470000] C:\Windows\System32\USER32.dll
           6.2.14393.2273 - 10.0.14393.0 (rs1_release.160715-1616)
           Многопользовательская библиотека клиента USER API Windows
[765D0000] C:\Windows\System32\ADVAPI32.dll
           6.2.14393.2515 - 10.0.14393.0 (rs1_release.160715-1616)
           Расширенная библиотека API Windows 32
[76650000] C:\Windows\System32\RPCRT4.dll
           6.2.14393.3115 - 10.0.14393.0 (rs1_release.160715-1616)
           Библиотека удаленного вызова процедур
[76720000] C:\Windows\System32\msvcrt.dll
           7.0.14393.2457 - 7.0.14393.2457 (rs1_release_inmarket.180822-1743)
           Windows NT CRT DLL
[767E0000] C:\Windows\System32\ole32.dll
           6.2.14393.3053 - 10.0.14393.1198 (rs1_release_sec.170427-1353)
           Microsoft OLE для Windows
[76920000] C:\Windows\System32\clbcatq.dll
           2001.12.10941.16384 - 2001.12.10941.16384 (rs1_release.160715-1616)
           COM+ Configuration Catalog
[769B0000] C:\Windows\System32\GDI32.dll
           6.2.14393.2848 - 10.0.14393.2848 (rs1_release.190305-1856)
           GDI Client DLL
[769F0000] C:\Windows\System32\IMM32.DLL
           6.2.14393.0 - 10.0.14393.0 (rs1_release.160715-1616)
           Multi-User Windows IMM32 API Client DLL
[76A20000] C:\Windows\System32\SHLWAPI.dll
           6.2.14393.0 - 10.0.14393.0 (rs1_release.160715-1616)
           Библиотека небольших программ оболочки
[76A70000] C:\Windows\System32\PSAPI.dll
           6.2.14393.0 - 10.0.14393.0 (rs1_release.160715-1616)
           Process Status Helper
[76A80000] C:\Windows\System32\NSI.dll
           6.2.14393.2515 - 10.0.14393.2515 (rs1_release_1.180830-1044)
           NSI User-mode interface DLL
[76A90000] C:\Windows\System32\crypt32.dll
           6.2.14393.2214 - 10.0.14393.0 (rs1_release.160715-1616)
           API32 криптографии
[76C10000] C:\Windows\System32\WS2_32.dll
           6.2.14393.206 - 10.0.14393.0 (rs1_release.160715-1616)
           32-разрядная библиотека Windows Socket 2.0
[76C80000] C:\Windows\System32\combase.dll
           6.2.14393.3085 - 10.0.14393.1198 (rs1_release_sec.170427-1353)
           Microsoft COM для Windows
[76E90000] C:\Windows\System32\MSCTF.dll
           6.2.14393.3143 - 10.0.14393.0 (rs1_release.160715-1616)
           Серверная библиотека MSCTF
[77070000] C:\Windows\System32\msvcp_win.dll
           6.2.14393.2999 - 10.0.14393.2999 (rs1_release_inmarket.190520-1518)
           Microsoft® C Runtime Library
[770F0000] C:\Windows\System32\MSASN1.dll
           6.2.14393.0 - 10.0.14393.0 (rs1_release.160715-1616)
           ASN.1 Runtime APIs
[77100000] C:\Windows\System32\shcore.dll
           6.2.14393.2969 - 10.0.14393.0 (rs1_release.160715-1616)
           SHCORE
[77190000] C:\Windows\System32\win32u.dll
           6.2.14393.51 - 10.0.14393.51 (rs1_release_inmarket.160801-1836)
           Win32u
[771B0000] C:\Windows\SYSTEM32\ntdll.dll
           6.2.14393.2969 - 10.0.14393.2430 (rs1_release_inmarket_aim.180806-1810)
           Системная библиотека NT
------------------------------------------------------------------------------
Active Controls hierarchy:
TJvDBUltimGrid "JvDBUltimGrid1"
TTabSheet "TabSheet1"
TPageControl "PageControl1"
TMainForm "MainForm"
------------------------------------------------------------------------------
