==============================================================================
= 15.08.2023 12:40:12                                                        =
==============================================================================
There was an error during the execution of this program.
The application might become unstable and even useless.
It's recommended that you save your work and close this application.

Access violation at address 00AD4B83 in module 'AlphaSklad.exe'. Read of address 00000040.

------------------------------------------------------------------------------
Exception log with detailed tech info. Generated on 15.08.2023 12:40:11.
You may send it to the application vendor, helping him to understand what had happened.
 Application title: Альфа-Склад
 Application file: E:\Users\YandexDisk\AlphaSklad23\win32\debug\AlphaSklad.exe
------------------------------------------------------------------------------
Exception class: EAccessViolation
Exception message: Access violation at address 00AD4B83 in module 'AlphaSklad.exe'. Read of address 00000040.
Exception address: 00AD4B83
------------------------------------------------------------------------------
Main thread ID = 26988
Exception thread ID = 26988
------------------------------------------------------------------------------
Call stack for main thread
Stack list, generated 15.08.2023 12:40:12
[778C245C]{ntdll.dll   } ZwGetContextThread
------------------------------------------------------------------------------
System   : Windows Server 2019 Server, Version: 10.0, Build: 4563, ""
Processor: Intel, Intel(R) Xeon(R) Silver 4214R CPU @ 2.40GHz, 2390 MHz MMX SSE SSE2 SSE3 SSSE3 SSE41 SSE42 64 bits DEP
Memory: 32766; free 17042
Display  : 2514x1324 pixels, 32 bpp
------------------------------------------------------------------------------
List of loaded modules:
[00400000] E:\Users\YandexDisk\AlphaSklad23\win32\debug\AlphaSklad.exe
           2.0.1.157 - 2.0.1.157
           Альфа-Склад
           Unit versioning information:
             JCL\source\common $URL$ $Revision$ $Date$
[02BB0000] C:\Windows\System32\RPCRT4.dll
           10.0.17763.4644 - 10.0.17763.4131 (WinBuild.160101.0800)
           Библиотека удаленного вызова процедур
[07B80000] C:\Windows\SYSTEM32\cpsspap.dll
           4.0.6094.0 - 4.0.6094.0
           Модуль поддержки SSL в SSP/AP
[39670000] C:\Windows\System32\1033\SQLNCLIR11.RLL
           2011.110.2100.60 - 2011.0110.2100.060 ((SQL11_RTM).120210-1846 )
           Microsoft SQL Server Native Client 11.0
[46480000] C:\Windows\system32\security.dll
           10.0.17763.1 - 10.0.17763.1 (WinBuild.160101.0800)
           Security Support Provider Interface
[54F50000] C:\Windows\system32\RESUTILS.DLL
           10.0.17763.4644 - 10.0.17763.1 (WinBuild.160101.0800)
           Библиотека DLL служебной программы ресурсов кластера (Майкрософт)
[54FD0000] C:\Windows\system32\CLUSAPI.DLL
           10.0.17763.4644 - 10.0.17763.1 (WinBuild.160101.0800)
           Библиотека API кластера
[550A0000] C:\Windows\SYSTEM32\netbios.dll
           10.0.17763.1 - 10.0.17763.1 (WinBuild.160101.0800)
           NetBIOS Interface Library
[550B0000] C:\Windows\System32\MSVCR100.dll
           10.0.40219.325 - 10.00.40219.325
           Microsoft® C Runtime Library
[55170000] C:\Windows\System32\sqlncli11.dll
           2011.110.7462.6 - 2011.0110.7462.06 ((SQL11_PCU_Main).180105-2153 )
           Microsoft SQL Server Native Client 11.0
[55B70000] C:\Windows\SYSTEM32\MSDART.DLL
           10.0.17763.1 - 10.0.17763.1 (WinBuild.160101.0800)
           OLE DB Runtime Routines
[55BA0000] C:\Program Files (x86)\Common Files\System\ado\msado15.dll
           10.0.17763.1697 - 10.0.17763.1697 (WinBuild.160101.0800)
           ActiveX Data Objects
[5D430000] C:\Program Files (x86)\Common Files\microsoft shared\ink\tiptsf.dll
           10.0.17763.2989 - 10.0.17763.1 (WinBuild.160101.0800)
           Инфраструктура текстовых служб сенсорной клавиатуры и панели рукописного ввода
[5DB30000] C:\Windows\SYSTEM32\CoreUIComponents.dll
           10.0.17763.1554 - 10.0.17763.1554
           Microsoft Core UI Components Dll
[5DDA0000] C:\Windows\SYSTEM32\CoreMessaging.dll
           10.0.17763.2931 - 10.0.17763.2931
           Microsoft CoreMessaging Dll
[5DE30000] C:\Windows\SYSTEM32\TextInputFramework.dll
           10.0.17763.4492 - 10.0.17763.4492 (WinBuild.160101.0800)
           "TextInputFramework.DYNLINK"
[63AB0000] C:\Windows\SYSTEM32\odbccp32.dll
           10.0.17763.1 - 10.0.17763.1 (WinBuild.160101.0800)
           ODBC Installer
[63D60000] C:\Windows\SYSTEM32\DSPARSE.DLL
           10.0.17763.3887 - 10.0.17763.3887 (WinBuild.160101.0800)
           Active Directory Domain Services API
[65240000] C:\Program Files (x86)\Common Files\Crypto Pro\AppCompat\cpkrb.dll
           4.0.5523.0 - 4.0.5523.0
           Модуль исправления функционирования Kerberos
[65260000] C:\Windows\System32\Kerberos.DLL
           10.0.17763.4720 - 10.0.17763.1 (WinBuild.160101.0800)
           Пакет безопасности Kerberos
[68EC0000] C:\Windows\system32\windowscodecs.dll
           10.0.17763.2989 - 10.0.17763.2989 (WinBuild.160101.0800)
           Microsoft Windows Codecs Library
[69040000] C:\Windows\system32\dwmapi.dll
           10.0.17763.2989 - 10.0.17763.1 (WinBuild.160101.0800)
           Интерфейс API диспетчера окон рабочего стола (Майкрософт)
[69210000] C:\Windows\system32\ncryptsslp.dll
           10.0.17763.4252 - 10.0.17763.4252 (WinBuild.160101.0800)
           Microsoft SChannel Provider
[69230000] C:\Windows\SYSTEM32\mskeyprotect.dll
           10.0.17763.4252 - 10.0.17763.1 (WinBuild.160101.0800)
           Поставщик защиты ключей (Майкрософт)
[69240000] C:\Program Files (x86)\Common Files\Crypto Pro\Shared\pkivalidator.dll
           1.3.13080.0 - 1.3.13080.0
           Модуль проверки корректности различных условий для объектов PKI
[692C0000] C:\Program Files (x86)\Common Files\Crypto Pro\AppCompat\cpschan.dll
           4.0.5087.0 - 4.0.5087.0
           Модуль исправления функционирования SChannel
[692D0000] C:\Windows\System32\schannel.dll
           10.0.17763.4377 - 10.0.17763.1 (WinBuild.160101.0800)
           Поставщик безопасности TLS/SSL
[698E0000] C:\Windows\SYSTEM32\odbc32.dll
           10.0.17763.4492 - 10.0.17763.4492 (WinBuild.160101.0800)
           ODBC Driver Manager
[6EA30000] C:\Windows\SYSTEM32\WINSTA.dll
           10.0.17763.771 - 10.0.17763.771 (WinBuild.160101.0800)
           Winstation Library
[6F840000] C:\Windows\SYSTEM32\wintypes.dll
           10.0.17763.4377 - 10.0.17763.1 (WinBuild.160101.0800)
           Библиотека DLL основных типов Windows
[71B70000] C:\Windows\SYSTEM32\DPAPI.DLL
           10.0.17763.1 - 10.0.17763.1 (WinBuild.160101.0800)
           Data Protection API
[71B80000] C:\Windows\SYSTEM32\cryptdll.dll
           10.0.17763.503 - 10.0.17763.503 (WinBuild.160101.0800)
           Cryptography Manager
[71BA0000] C:\Windows\SYSTEM32\NtlmShared.dll
           10.0.17763.4252 - 10.0.17763.4252 (WinBuild.160101.0800)
           NTLM Shared Functionality
[71BB0000] C:\Windows\System32\msv1_0.DLL
           10.0.17763.4492 - 10.0.17763.1 (WinBuild.160101.0800)
           Microsoft Authentication Package v1.0
[71F00000] C:\Windows\SYSTEM32\DNSAPI.dll
           10.0.17763.2989 - 10.0.17763.1554 (WinBuild.160101.0800)
           Динамическая библиотека API DNS-клиента
[728F0000] C:\Windows\system32\mswsock.dll
           10.0.17763.1192 - 10.0.17763.1 (WinBuild.160101.0800)
           Расширение поставщика службы API Microsoft Windows Sockets 2.0
[73010000] C:\Program Files (x86)\Common Files\Crypto Pro\AppCompat\cpmsi.dll
           4.0.180.0 - 4.0.180.0
           Модуль исправления функционирования Windows Installer
[736B0000] C:\Windows\SYSTEM32\msi.dll
           5.0.17763.4644 - 5.0.17763.4644
           Windows Installer
[73A80000] C:\Windows\SYSTEM32\NTASN1.dll
           10.0.17763.1 - 10.0.17763.1 (WinBuild.160101.0800)
           Microsoft ASN.1 API
[73AB0000] C:\Windows\SYSTEM32\ncrypt.dll
           10.0.17763.4252 - 10.0.17763.3650 (WinBuild.160101.0800)
           Маршрутизатор Windows NCrypt
[73B20000] C:\Windows\system32\ntdsapi.dll
           10.0.17763.3887 - 10.0.17763.3887 (WinBuild.160101.0800)
           Active Directory Domain Services API
[73B80000] C:\Windows\System32\dbghelp.dll
           10.0.17763.1999 - 10.0.17763.1999 (WinBuild.160101.0800)
           Windows Image Helper
[73D10000] C:\Windows\system32\secur32.dll
           10.0.17763.1 - 10.0.17763.1 (WinBuild.160101.0800)
           Security Support Provider Interface
[73D20000] C:\Windows\WinSxS\x86_microsoft.windows.common-controls_6595b64144ccf1df_5.82.17763.4737_none_b4b806856e71c5e8\COMCTL32.dll
           5.82.17763.4737 - 5.82 (WinBuild.160101.0800)
           Библиотека общих элементов управления
[73DD0000] C:\Windows\SYSTEM32\ntmarta.dll
           10.0.17763.1 - 10.0.17763.1 (WinBuild.160101.0800)
           Поставщик Windows NT MARTA
[73E40000] C:\Program Files (x86)\Common Files\Crypto Pro\AppCompat\cpcrypt.dll
           4.0.5247.0 - 4.0.5247.0
           Модуль исправления функционирования crypt32
[73E60000] C:\Program Files (x86)\Common Files\Crypto Pro\AppCompat\detoured.dll
           2.1.331.0 - 2.1.331.0
           Marks process affected by Microsoft Research Detours Package
[73E70000] C:\Program Files (x86)\Common Files\Crypto Pro\AppCompat\cpadvai.dll
           4.0.5250.0 - 4.0.5250.0
           Модуль исправления функционирования advapi32
[73EA0000] C:\Windows\SYSTEM32\LOGONCLI.DLL
           10.0.17763.4644 - 10.0.17763.4644 (WinBuild.160101.0800)
           Net Logon Client DLL
[73FA0000] C:\Windows\SYSTEM32\NETUTILS.DLL
           10.0.17763.1 - 10.0.17763.1 (WinBuild.160101.0800)
           Net Win32 API Helpers DLL
[74470000] C:\Windows\SYSTEM32\WINMMBASE.dll
           10.0.17763.1 - 10.0.17763.1 (WinBuild.160101.0800)
           Base Multimedia Extension API DLL
[744A0000] C:\Windows\SYSTEM32\IPHLPAPI.DLL
           10.0.17763.2989 - 10.0.17763.1 (WinBuild.160101.0800)
           API вспомогательного приложения IP
[744E0000] C:\Windows\SYSTEM32\PROPSYS.dll
           7.0.17763.2989 - 7.0.17763.1 (WinBuild.160101.0800)
           Система страниц свойств (Майкрософт)
[74660000] C:\Windows\SYSTEM32\oleacc.dll
           7.2.17763.1697 - 7.2.17763.1697 (WinBuild.160101.0800)
           Active Accessibility Core Component
[74880000] C:\Windows\SYSTEM32\wtsapi32.dll
           10.0.17763.1 - 10.0.17763.1 (WinBuild.160101.0800)
           Windows Remote Desktop Session Host Server SDK APIs
[74890000] C:\Windows\SYSTEM32\SHFolder.dll
           10.0.17763.1 - 10.0.17763.1 (WinBuild.160101.0800)
           Shell Folder Service
[748A0000] C:\Windows\system32\uxtheme.dll
           10.0.17763.3532 - 10.0.17763.1 (WinBuild.160101.0800)
           Библиотека тем UxTheme (Microsoft)
[74920000] C:\Windows\SYSTEM32\wsock32.dll
           10.0.17763.1 - 10.0.17763.1 (WinBuild.160101.0800)
           Windows Socket 32-Bit DLL
[74930000] C:\Windows\SYSTEM32\winmm.dll
           10.0.17763.1 - 10.0.17763.1 (WinBuild.160101.0800)
           MCI API DLL
[74A20000] C:\Windows\SYSTEM32\winspool.drv
           10.0.17763.4131 - 10.0.17763.1971 (WinBuild.160101.0800)
           Драйвер диспетчера очереди Windows
[74AD0000] C:\Windows\SYSTEM32\netapi32.dll
           10.0.17763.3532 - 10.0.17763.3532 (WinBuild.160101.0800)
           Net Win32 API DLL
[74AF0000] C:\Windows\SYSTEM32\mpr.dll
           10.0.17763.404 - 10.0.17763.1 (WinBuild.160101.0800)
           Библиотека маршрутизации для нескольких служб доступа
[74B40000] C:\Windows\WinSxS\x86_microsoft.windows.common-controls_6595b64144ccf1df_6.0.17763.4737_none_261d7f6d67c85f91\comctl32.DLL
           6.10.17763.4737 - 6.10 (WinBuild.160101.0800)
           Библиотека элементов управления взаимодействия с пользователем
[74D50000] C:\Windows\SYSTEM32\version.dll
           10.0.17763.1 - 10.0.17763.1 (WinBuild.160101.0800)
           Version Checking and File Installation Libraries
[74E60000] C:\Windows\System32\CRYPTBASE.dll
           10.0.17763.1 - 10.0.17763.1 (WinBuild.160101.0800)
           Base cryptographic API DLL
[74E70000] C:\Windows\System32\SspiCli.dll
           10.0.17763.3532 - 10.0.17763.3532 (WinBuild.160101.0800)
           Security Support Provider Interface
[74E90000] C:\Windows\System32\gdi32full.dll
           10.0.17763.4720 - 10.0.17763.4720 (WinBuild.160101.0800)
           GDI Client DLL
[75010000] C:\Windows\System32\USER32.dll
           10.0.17763.3887 - 10.0.17763.1 (WinBuild.160101.0800)
           Многопользовательская библиотека клиента USER API Windows
[751B0000] C:\Windows\System32\windows.storage.dll
           10.0.17763.4720 - 10.0.17763.1 (WinBuild.160101.0800)
           API хранения Microsoft WinRT
[757B0000] C:\Windows\System32\profapi.dll
           10.0.17763.2989 - 10.0.17763.2989 (WinBuild.160101.0800)
           User Profile Basic API
[75820000] C:\Windows\System32\shcore.dll
           10.0.17763.2989 - 10.0.17763.1 (WinBuild.160101.0800)
           SHCORE
[758C0000] C:\Windows\System32\KERNELBASE.dll
           10.0.17763.4720 - 10.0.17763.4252 (WinBuild.160101.0800)
           Библиотека клиента Windows NT BASE API
[75AD0000] C:\Windows\System32\msvcp_win.dll
           10.0.17763.1 - 10.0.17763.1 (WinBuild.160101.0800)
           Microsoft® C Runtime Library
[75B50000] C:\Windows\System32\KERNEL32.DLL
           10.0.17763.4720 - 10.0.17763.4252 (WinBuild.160101.0800)
           Библиотека клиента Windows NT BASE API
[75C30000] C:\Windows\System32\MSASN1.dll
           10.0.17763.3650 - 10.0.17763.3650 (WinBuild.160101.0800)
           ASN.1 Runtime APIs
[75E10000] C:\Windows\System32\GDI32.dll
           10.0.17763.4720 - 10.0.17763.4720 (WinBuild.160101.0800)
           GDI Client DLL
[75E40000] C:\Windows\System32\OLEAUT32.dll
           10.0.17763.4644 - 10.0.17763.4644 (WinBuild.160101.0800)
           OLEAUT32.DLL
[75EE0000] C:\Windows\System32\comdlg32.dll
           10.0.17763.3469 - 10.0.17763.1 (WinBuild.160101.0800)
           Библиотека общих диалоговых окон
[75FE0000] C:\Windows\System32\bcrypt.dll
           10.0.17763.4644 - 10.0.17763.1 (WinBuild.160101.0800)
           Библиотека криптографических примитивов Windows
[76000000] C:\Windows\System32\powrprof.dll
           10.0.17763.1 - 10.0.17763.1 (WinBuild.160101.0800)
           DLL модуля поддержки профиля управления питанием
[76060000] C:\Windows\System32\WS2_32.dll
           10.0.17763.2028 - 10.0.17763.2028 (WinBuild.160101.0800)
           32-разрядная библиотека Windows Socket 2.0
[760C0000] C:\Windows\System32\cryptsp.dll
           10.0.17763.3650 - 10.0.17763.3650 (WinBuild.160101.0800)
           Cryptographic Service Provider API
[760E0000] C:\Windows\System32\cfgmgr32.dll
           10.0.17763.1 - 10.0.17763.1 (WinBuild.160101.0800)
           Configuration Manager DLL
[76120000] C:\Windows\System32\CRYPT32.dll
           10.0.17763.4720 - 10.0.17763.1 (WinBuild.160101.0800)
           API32 криптографии
[762E0000] C:\Windows\System32\SHELL32.dll
           10.0.17763.4720 - 10.0.17763.2145 (WinBuild.160101.0800)
           Общая библиотека оболочки Windows
[768A0000] C:\Windows\System32\combase.dll
           10.0.17763.4377 - 10.0.17763.2145 (WinBuild.160101.0800)
           Microsoft COM для Windows
[76B20000] C:\Windows\System32\imagehlp.dll
           10.0.17763.1 - 10.0.17763.1 (WinBuild.160101.0800)
           Windows NT Image Helper
[76B40000] C:\Windows\System32\Msctf.dll
           10.0.17763.4644 - 10.0.17763.1 (WinBuild.160101.0800)
           Серверная библиотека MSCTF
[76C80000] C:\Windows\System32\ole32.dll
           10.0.17763.4377 - 10.0.17763.2213 (WinBuild.160101.0800)
           Microsoft OLE для Windows
[76EA0000] C:\Windows\System32\ucrtbase.dll
           10.0.17763.1490 - 10.0.17763.1490 (WinBuild.160101.0800)
           Microsoft® C Runtime Library
[76FD0000] C:\Windows\System32\IMM32.DLL
           10.0.17763.719 - 10.0.17763.719 (WinBuild.160101.0800)
           Multi-User Windows IMM32 API Client DLL
[77000000] C:\Windows\System32\win32u.dll
           10.0.17763.4720 - 10.0.17763.4720 (WinBuild.160101.0800)
           Win32u
[77020000] C:\Windows\System32\PSAPI.DLL
           10.0.17763.1 - 10.0.17763.1 (WinBuild.160101.0800)
           Process Status Helper
[77030000] C:\Windows\System32\sechost.dll
           10.0.17763.4720 - 10.0.17763.1 (WinBuild.160101.0800)
           Host for SCM/SDDL/LSA Lookup APIs
[770B0000] C:\Windows\System32\bcryptPrimitives.dll
           10.0.17763.3887 - 10.0.17763.3887 (WinBuild.160101.0800)
           Windows Cryptographic Primitives Library
[77120000] C:\Windows\System32\SHLWAPI.dll
           10.0.17763.3469 - 10.0.17763.1 (WinBuild.160101.0800)
           Библиотека небольших программ оболочки
[77170000] C:\Windows\System32\kernel.appcore.dll
           10.0.17763.1 - 10.0.17763.1 (WinBuild.160101.0800)
           AppModel API Host
[77180000] C:\Windows\System32\NSI.dll
           10.0.17763.1554 - 10.0.17763.1554 (WinBuild.160101.0800)
           NSI User-mode interface DLL
[77190000] C:\Windows\System32\clbcatq.dll
           2001.12.10941.16384 - 2001.12.10941.16384 (WinBuild.160101.0800)
           COM+ Configuration Catalog
[77220000] C:\Windows\System32\msvcrt.dll
           7.0.17763.475 - 7.0.17763.475 (WinBuild.160101.0800)
           Windows NT CRT DLL
[772E0000] C:\Windows\System32\ADVAPI32.dll
           10.0.17763.4720 - 10.0.17763.1 (WinBuild.160101.0800)
           Расширенная библиотека API Windows 32
[77850000] C:\Windows\SYSTEM32\ntdll.dll
           10.0.17763.4720 - 10.0.17763.4252 (WinBuild.160101.0800)
           Системная библиотека NT
------------------------------------------------------------------------------
Active Controls hierarchy:
TJvDBUltimGrid "JvDBUltimGrid2"
TTabSheet "TabSheet2"
TPageControl "PageControl1"
TMainForm "MainForm"
------------------------------------------------------------------------------
