==============================================================================
= 25.02.2020 10:12:32                                                        =
==============================================================================
There was an error during the execution of this program.
The application might become unstable and even useless.
It's recommended that you save your work and close this application.

Операция не допускается, если объект открыт.

------------------------------------------------------------------------------
Exception log with detailed tech info. Generated on 25.02.2020 10:12:32.
You may send it to the application vendor, helping him to understand what had happened.
 Application title: Альфа-Склад
 Application file: D:\Users\Admin\YandexDisk\AlphaSklad23\win32\debug\AlphaSklad.exe
------------------------------------------------------------------------------
Exception class: EOleException
Exception message: Операция не допускается, если объект открыт.
Exception address: 00790A9D
------------------------------------------------------------------------------
Main thread ID = 4960
Exception thread ID = 4960
------------------------------------------------------------------------------
Call stack for main thread
Stack list, generated 25.02.2020 10:12:32
[7701FBCC]{ntdll.dll   } ZwGetContextThread
------------------------------------------------------------------------------
System   : Windows Server 2016 Server, Version: 6.2, Build: 23F0, ""
Processor: Intel,      Intel(R) Xeon(R) CPU E3-1220L V2 @ 2.30GHz, 2300 MHz MMX SSE SSE2 SSE3 SSSE3 SSE41 SSE42 64 bits DEP
Memory: 16221; free 8802
Display  : 1696x905 pixels, 32 bpp
------------------------------------------------------------------------------
List of loaded modules:
[00400000] D:\Users\Admin\YandexDisk\AlphaSklad23\win32\debug\AlphaSklad.exe
           2.0.1.157 - 2.0.1.157
           Альфа-Склад
           Unit versioning information:
             JCL\source\common JclUnitVersioningProviders.pas 30b46b307c41c5832a4c12ebc44521872bc2145e 2011-09-02 22:07:50 +0000
[0F400000] C:\Program Files (x86)\Common Files\microsoft shared\ink\tiptsf.dll
           6.2.14393.3471 - 10.0.14393.0 (rs1_release.160715-1616)
           Инфраструктура текстовых служб сенсорной клавиатуры и панели рукописного ввода
[0F8A0000] C:\Windows\SYSTEM32\odbc32.dll
           6.2.14393.3471 - 10.0.14393.3471 (rs1_release_1.191218-1729)
           ODBC Driver Manager
[0F9F0000] C:\Windows\SYSTEM32\odbccp32.dll
           6.2.14393.0 - 10.0.14393.0 (rs1_release.160715-1616)
           ODBC Installer
[39670000] C:\Windows\System32\1033\SQLNCLIR11.RLL
           2011.110.2100.60 - 2011.0110.2100.060 ((SQL11_RTM).120210-1846 )
           Microsoft SQL Server Native Client 11.0
[46480000] C:\Windows\system32\security.dll
           6.2.14393.0 - 10.0.14393.0 (rs1_release.160715-1616)
           Security Support Provider Interface
[48060000] C:\Program Files (x86)\Microsoft SQL Server\90\Shared\instapi.dll
           2005.90.1399.0 - 2005.090.1399.00
           SQL Server Instance API DLL
[5E9C0000] C:\Windows\SYSTEM32\browcli.dll
           6.2.14393.0 - 10.0.14393.0 (rs1_release.160715-1616)
           Browser Service Client DLL
[625C0000] C:\Windows\SYSTEM32\oleacc.dll
           7.2.14393.2969 - 7.2.14393.2969 (rs1_release.190503-1820)
           Active Accessibility Core Component
[6DFA0000] C:\Windows\SYSTEM32\iertutil.dll
           11.0.14393.3471 - 11.00.14393.0 (rs1_release.160715-1616)
           Служебная программа времени выполнения для Internet Explorer
[6E340000] C:\Windows\SYSTEM32\urlmon.dll
           11.0.14393.3471 - 11.00.14393.0 (rs1_release.160715-1616)
           Расширения OLE32 для Win32
[6EF10000] C:\Windows\SYSTEM32\tsappcmp.dll
           6.2.14393.0 - 10.0.14393.0 (rs1_release.160715-1616)
           DLL-библиотека совместимости приложения служб удаленных рабочих столов
[6EF70000] C:\Windows\SYSTEM32\samcli.dll
           6.2.14393.0 - 10.0.14393.0 (rs1_release.160715-1616)
           Security Accounts Manager Client DLL
[6FD20000] C:\Windows\system32\RESUTILS.DLL
           6.2.14393.2879 - 10.0.14393.0 (rs1_release.160715-1616)
           Библиотека DLL служебной программы ресурсов кластера (Майкрософт)
[6FD70000] C:\Windows\SYSTEM32\DSPARSE.DLL
           6.2.14393.0 - 10.0.14393.0 (rs1_release.160715-1616)
           Active Directory Domain Services API
[6FD80000] C:\Windows\system32\ntdsapi.dll
           6.2.14393.0 - 10.0.14393.0 (rs1_release.160715-1616)
           Active Directory Domain Services API
[6FDA0000] C:\Windows\SYSTEM32\cryptdll.dll
           6.2.14393.2969 - 10.0.14393.2969 (rs1_release.190503-1820)
           Cryptography Manager
[6FDC0000] C:\Windows\System32\msv1_0.DLL
           6.2.14393.3321 - 10.0.14393.0 (rs1_release.160715-1616)
           Microsoft Authentication Package v1.0
[6FE20000] C:\Windows\System32\Kerberos.DLL
           6.2.14393.3503 - 10.0.14393.0 (rs1_release.160715-1616)
           Пакет безопасности Kerberos
[6FEF0000] C:\Windows\System32\MSVCR100.dll
           10.0.40219.473 - 10.00.40219.473
           Microsoft® C Runtime Library
[6FFB0000] C:\Windows\System32\sqlncli11.dll
           2011.110.2100.60 - 2011.0110.2100.060 ((SQL11_RTM).120210-1846 )
           Microsoft SQL Server Native Client 11.0
[70290000] C:\Windows\System32\comsvcs.dll
           2001.12.10941.16384 - 2001.12.10941.16384 (rs1_release_inmarket.190313-1855)
           COM+ Services
[703E0000] C:\Program Files (x86)\Common Files\System\Ole DB\oledb32.dll
           6.2.14393.2758 - 10.0.14393.2758 (rs1_release_1.190104-1904)
           OLE DB Core Services
[704B0000] C:\Windows\SYSTEM32\MSDART.DLL
           6.2.14393.0 - 10.0.14393.0 (rs1_release.160715-1616)
           OLE DB Runtime Routines
[704E0000] C:\Windows\system32\ncryptsslp.dll
           6.2.14393.2457 - 10.0.14393.2457 (rs1_release_inmarket.180822-1743)
           Microsoft SChannel Provider
[70500000] C:\Windows\SYSTEM32\NTASN1.dll
           6.2.14393.0 - 10.0.14393.0 (rs1_release.160715-1616)
           Microsoft ASN.1 API
[70530000] C:\Windows\SYSTEM32\ncrypt.dll
           6.2.14393.2457 - 10.0.14393.0 (rs1_release.160715-1616)
           Маршрутизатор Windows NCrypt
[70550000] C:\Windows\SYSTEM32\mskeyprotect.dll
           6.2.14393.2457 - 10.0.14393.0 (rs1_release.160715-1616)
           Поставщик защиты ключей (Майкрософт)
[70DC0000] C:\Windows\SYSTEM32\NtlmShared.dll
           6.2.14393.3269 - 10.0.14393.3269 (rs1_release.190929-1234)
           NTLM Shared Functionality
[70DE0000] C:\Program Files (x86)\Common Files\System\ado\msado15.dll
           6.2.14393.3024 - 10.0.14393.3024 (rs1_release.190530-2002)
           ActiveX Data Objects
[713C0000] C:\Windows\SYSTEM32\dwmapi.dll
           6.2.14393.206 - 10.0.14393.0 (rs1_release.160715-1616)
           Интерфейс API диспетчера окон рабочего стола (Майкрософт)
[718A0000] C:\Windows\SYSTEM32\cscapi.dll
           6.2.14393.0 - 10.0.14393.0 (rs1_release.160715-1616)
           Offline Files Win32 API
[71960000] C:\Windows\System32\LOGONCLI.DLL
           6.2.14393.3471 - 10.0.14393.3471 (rs1_release_1.191218-1729)
           Net Logon Client DLL
[71990000] C:\Windows\system32\CLUSAPI.DLL
           6.2.14393.2879 - 10.0.14393.0 (rs1_release.160715-1616)
           Библиотека API кластера
[71E60000] C:\Windows\SYSTEM32\DPAPI.dll
           6.2.14393.0 - 10.0.14393.0 (rs1_release.160715-1616)
           Data Protection API
[71EC0000] C:\Windows\System32\rasadhlp.dll
           6.2.14393.0 - 10.0.14393.0 (rs1_release.160715-1616)
           Remote Access AutoDial Helper
[71FF0000] C:\Windows\SYSTEM32\DNSAPI.dll
           6.2.14393.2999 - 10.0.14393.0 (rs1_release.160715-1616)
           Динамическая библиотека API DNS-клиента
[720C0000] C:\Windows\system32\mswsock.dll
           6.2.14393.0 - 10.0.14393.0 (rs1_release.160715-1616)
           Расширение поставщика службы API Microsoft Windows Sockets 2.0
[72120000] C:\Windows\System32\dbghelp.dll
           6.2.14321.1024 - 10.0.14321.1024 (rs1_release.160715-1616)
           Windows Image Helper
[72520000] C:\Windows\System32\fwpuclnt.dll
           6.2.14393.0 - 10.0.14393.0 (rs1_release.160715-1616)
           API пользовательского режима FWP/IPsec
[72B10000] C:\Windows\SYSTEM32\UxTheme.dll
           6.2.14393.3297 - 10.0.14393.0 (rs1_release.160715-1616)
           Библиотека тем UxTheme (Microsoft)
[72B90000] C:\Windows\SYSTEM32\WINSTA.dll
           6.2.14393.0 - 10.0.14393.0 (rs1_release.160715-1616)
           Winstation Library
[72BE0000] C:\Windows\SYSTEM32\wtsapi32.dll
           6.2.14393.0 - 10.0.14393.0 (rs1_release.160715-1616)
           Windows Remote Desktop Session Host Server SDK APIs
[72BF0000] C:\Windows\system32\apphelp.dll
           6.2.14393.0 - 10.0.14393.0 (rs1_release.160715-1616)
           Клиентская библиотека совместимости приложений
[72C90000] C:\Windows\System32\schannel.dll
           6.2.14393.3269 - 10.0.14393.0 (rs1_release.160715-1616)
           Поставщик безопасности TLS/SSL
[72D00000] C:\Windows\system32\secur32.dll
           6.2.14393.2273 - 10.0.14393.2273 (rs1_release_1.180427-1811)
           Security Support Provider Interface
[72D10000] C:\Windows\System32\NETUTILS.DLL
           6.2.14393.0 - 10.0.14393.0 (rs1_release.160715-1616)
           Net Win32 API Helpers DLL
[72D20000] C:\Windows\SYSTEM32\MSACM32.dll
           6.2.14393.0 - 10.0.14393.0 (rs1_release.160715-1616)
           Фильтр диспетчера аудиосжатия Microsoft
[72DF0000] C:\Windows\SYSTEM32\IPHLPAPI.DLL
           6.2.14393.2339 - 10.0.14393.0 (rs1_release.160715-1616)
           API вспомогательного приложения IP
[72EC0000] C:\Windows\SYSTEM32\WINMMBASE.dll
           6.2.14393.0 - 10.0.14393.0 (rs1_release.160715-1616)
           Base Multimedia Extension API DLL
[73050000] C:\Windows\WinSxS\x86_microsoft.windows.common-controls_6595b64144ccf1df_6.0.14393.3053_none_c58d796d97be2a63\comctl32.dll
           6.10.14393.3053 - 6.10 (rs1_release_inmarket.190612-1836)
           Библиотека элементов управления взаимодействия с пользователем
[73260000] C:\Windows\SYSTEM32\MPR.dll
           6.2.14393.2879 - 10.0.14393.0 (rs1_release.160715-1616)
           Библиотека маршрутизации для нескольких служб доступа
[73280000] C:\Windows\SYSTEM32\bcrypt.dll
           6.2.14393.2969 - 10.0.14393.0 (rs1_release.160715-1616)
           Библиотека криптографических примитивов Windows
[732A0000] C:\Windows\SYSTEM32\WINSPOOL.DRV
           6.2.14393.2848 - 10.0.14393.1715 (rs1_release_inmarket.170906-1810)
           Драйвер диспетчера очереди Windows
[736D0000] C:\Windows\SYSTEM32\USERENV.dll
           6.2.14393.3297 - 10.0.14393.0 (rs1_release.160715-1616)
           Userenv
[736F0000] C:\Windows\SYSTEM32\WINMM.dll
           6.2.14393.0 - 10.0.14393.0 (rs1_release.160715-1616)
           MCI API DLL
[73720000] C:\Windows\SYSTEM32\wsock32.dll
           6.2.14393.0 - 10.0.14393.0 (rs1_release.160715-1616)
           Windows Socket 32-Bit DLL
[738A0000] C:\Windows\SYSTEM32\VERSION.dll
           6.2.14393.0 - 10.0.14393.0 (rs1_release.160715-1616)
           Version Checking and File Installation Libraries
[738B0000] C:\Windows\System32\NETAPI32.dll
           6.2.14393.0 - 10.0.14393.0 (rs1_release.160715-1616)
           Net Win32 API DLL
[73A80000] C:\Windows\System32\CRYPTBASE.dll
           6.2.14393.0 - 10.0.14393.0 (rs1_release.160715-1616)
           Base cryptographic API DLL
[73A90000] C:\Windows\System32\SspiCli.dll
           6.2.14393.2580 - 10.0.14393.2580 (rs1_release_inmarket.181009-1745)
           Security Support Provider Interface
[73AB0000] C:\Windows\System32\GDI32.dll
           6.2.14393.2848 - 10.0.14393.2848 (rs1_release.190305-1856)
           GDI Client DLL
[73AE0000] C:\Windows\System32\cfgmgr32.dll
           6.2.14393.0 - 10.0.14393.0 (rs1_release.160715-1616)
           Configuration Manager DLL
[73B20000] C:\Windows\System32\powrprof.dll
           6.2.14393.0 - 10.0.14393.0 (rs1_release.160715-1616)
           DLL модуля поддержки профиля управления питанием
[73B70000] C:\Windows\System32\PSAPI.dll
           6.2.14393.0 - 10.0.14393.0 (rs1_release.160715-1616)
           Process Status Helper
[73B80000] C:\Windows\System32\bcryptPrimitives.dll
           6.2.14393.2828 - 10.0.14393.2828 (rs1_release_inmarket.190216-1457)
           Windows Cryptographic Primitives Library
[73BE0000] C:\Windows\System32\ucrtbase.dll
           6.2.14393.2999 - 10.0.14393.2999 (rs1_release_inmarket.190520-1518)
           Microsoft® C Runtime Library
[73CC0000] C:\Windows\System32\crypt32.dll
           6.2.14393.3442 - 10.0.14393.0 (rs1_release.160715-1616)
           API32 криптографии
[74000000] C:\Windows\System32\MSASN1.dll
           6.2.14393.0 - 10.0.14393.0 (rs1_release.160715-1616)
           ASN.1 Runtime APIs
[74010000] C:\Windows\System32\ADVAPI32.dll
           6.2.14393.2515 - 10.0.14393.0 (rs1_release.160715-1616)
           Расширенная библиотека API Windows 32
[740A0000] C:\Windows\System32\imagehlp.dll
           6.2.14393.0 - 10.0.14393.0 (rs1_release.160715-1616)
           Windows NT Image Helper
[740C0000] C:\Windows\System32\OLEAUT32.dll
           6.2.14393.3383 - 10.0.14393.3383 (rs1_release.191125-1816)
           OLEAUT32.DLL
[74570000] C:\Windows\System32\KERNEL32.DLL
           6.2.14393.2969 - 10.0.14393.2430 (rs1_release_inmarket_aim.180806-1810)
           Библиотека клиента Windows NT BASE API
[74650000] C:\Windows\System32\KERNELBASE.dll
           6.2.14393.3383 - 10.0.14393.2430 (rs1_release_inmarket_aim.180806-1810)
           Библиотека клиента Windows NT BASE API
[74800000] C:\Windows\System32\sechost.dll
           6.2.14393.2515 - 10.0.14393.0 (rs1_release.160715-1616)
           Host for SCM/SDDL/LSA Lookup APIs
[74850000] C:\Windows\System32\comdlg32.dll
           6.2.14393.2828 - 10.0.14393.0 (rs1_release.160715-1616)
           Библиотека общих диалоговых окон
[74940000] C:\Windows\System32\NSI.dll
           6.2.14393.3297 - 10.0.14393.3297 (rs1_release_1.191001-1045)
           NSI User-mode interface DLL
[74950000] C:\Windows\System32\msvcp_win.dll
           6.2.14393.2999 - 10.0.14393.2999 (rs1_release_inmarket.190520-1518)
           Microsoft® C Runtime Library
[74A70000] C:\Windows\System32\msvcrt.dll
           7.0.14393.2457 - 7.0.14393.2457 (rs1_release_inmarket.180822-1743)
           Windows NT CRT DLL
[74B80000] C:\Windows\System32\kernel.appcore.dll
           6.2.14393.2312 - 10.0.14393.2312 (rs1_release.180607-1919)
           AppModel API Host
[74B90000] C:\Windows\System32\MSCTF.dll
           6.2.14393.3471 - 10.0.14393.0 (rs1_release.160715-1616)
           Серверная библиотека MSCTF
[74CD0000] C:\Windows\System32\SHLWAPI.dll
           6.2.14393.0 - 10.0.14393.0 (rs1_release.160715-1616)
           Библиотека небольших программ оболочки
[74D20000] C:\Windows\System32\win32u.dll
           6.2.14393.51 - 10.0.14393.51 (rs1_release_inmarket.160801-1836)
           Win32u
[74D40000] C:\Windows\System32\WS2_32.dll
           6.2.14393.3241 - 10.0.14393.0 (rs1_release.160715-1616)
           32-разрядная библиотека Windows Socket 2.0
[74DB0000] C:\Windows\System32\RPCRT4.dll
           6.2.14393.3321 - 10.0.14393.0 (rs1_release.160715-1616)
           Библиотека удаленного вызова процедур
[74E80000] C:\Windows\System32\IMM32.DLL
           6.2.14393.0 - 10.0.14393.0 (rs1_release.160715-1616)
           Multi-User Windows IMM32 API Client DLL
[74EB0000] C:\Windows\System32\combase.dll
           6.2.14393.3503 - 10.0.14393.1198 (rs1_release_sec.170427-1353)
           Microsoft COM для Windows
[750C0000] C:\Windows\System32\profapi.dll
           6.2.14393.0 - 10.0.14393.0 (rs1_release.160715-1616)
           User Profile Basic API
[75130000] C:\Windows\System32\clbcatq.dll
           2001.12.10941.16384 - 2001.12.10941.16384 (rs1_release.160715-1616)
           COM+ Configuration Catalog
[751C0000] C:\Windows\System32\windows.storage.dll
           6.2.14393.3503 - 10.0.14393.0 (rs1_release.160715-1616)
           API хранения Microsoft WinRT
[75790000] C:\Windows\System32\USER32.dll
           6.2.14393.3503 - 10.0.14393.0 (rs1_release.160715-1616)
           Многопользовательская библиотека клиента USER API Windows
[758F0000] C:\Windows\System32\gdi32full.dll
           6.2.14393.3442 - 10.0.14393.3442 (rs1_release.191219-1727)
           GDI Client DLL
[75A50000] C:\Windows\System32\shcore.dll
           6.2.14393.2969 - 10.0.14393.0 (rs1_release.160715-1616)
           SHCORE
[75AE0000] C:\Windows\System32\SHELL32.dll
           6.2.14393.3503 - 10.0.14393.0 (rs1_release.160715-1616)
           Общая библиотека оболочки Windows
[76EC0000] C:\Windows\System32\ole32.dll
           6.2.14393.3053 - 10.0.14393.1198 (rs1_release_sec.170427-1353)
           Microsoft OLE для Windows
[76FB0000] C:\Windows\SYSTEM32\ntdll.dll
           6.2.14393.3503 - 10.0.14393.2430 (rs1_release_inmarket_aim.180806-1810)
           Системная библиотека NT
[77F90000] C:\Windows\WinSxS\x86_microsoft.vc80.crt_1fc8b3b9a1e18e3b_8.0.50727.9268_none_d08e1538442a243e\MSVCR80.dll
           8.0.50727.9268 - 8.00.50727.9268
           Microsoft® C Runtime Library
[78D00000] C:\Windows\AppPatch\AcGenral.DLL
           6.2.14393.3053 - 10.0.14393.3053 (rs1_release_inmarket.190612-1836)
           Windows Compatibility DLL
------------------------------------------------------------------------------
Active Controls hierarchy:
TButton "btn3"
TFormDBConnection "FormDBConnection"
------------------------------------------------------------------------------

==============================================================================
= 25.02.2020 10:17:24                                                        =
==============================================================================
There was an error during the execution of this program.
The application might become unstable and even useless.
It's recommended that you save your work and close this application.

Object factory for class {3E9B315B-F456-4175-A864-B2573C4A2201} is missing. To register it, you can drop component [TFDGUIxWaitCursor] into your project.

------------------------------------------------------------------------------
Exception log with detailed tech info. Generated on 25.02.2020 10:17:24.
You may send it to the application vendor, helping him to understand what had happened.
 Application title: Альфа-Склад
 Application file: D:\Users\Admin\YandexDisk\AlphaSklad23\Win32\Debug\AlphaSklad.exe
------------------------------------------------------------------------------
Exception class: Exception
Exception message: Object factory for class {3E9B315B-F456-4175-A864-B2573C4A2201} is missing. To register it, you can drop component [TFDGUIxWaitCursor] into your project.
Exception address: 007E20CC
------------------------------------------------------------------------------
Main thread ID = 8148
Exception thread ID = 8148
------------------------------------------------------------------------------
Exception stack
Stack list, generated 25.02.2020 10:17:22
[007E20C7]{AlphaSklad.exe} JvAppStorage.TJvCustomAppStorage.HasSubStorage (Line 1818, "JvAppStorage.pas" + 5)
[007E2718]{AlphaSklad.exe} JvAppStorage.TJvCustomAppStorage.WriteFloatInt (Line 1928, "JvAppStorage.pas" + 2)
[007E288A]{AlphaSklad.exe} JvAppStorage.TJvCustomAppStorage.WriteStringInt (Line 1951, "JvAppStorage.pas" + 1)
[008051CC]{AlphaSklad.exe} ExcelXP..TExcelApplication (Line 1365, "" + 0)
[008081DA]{AlphaSklad.exe} ExcelXP..TExcelApplication (Line 1365, "" + 0)
[00776550]{AlphaSklad.exe} FireDAC.Comp.Client..TFDLocalSQLDataSets
[00776453]{AlphaSklad.exe} FireDAC.Comp.Client..TFDLocalSQLDataSet
[0080517B]{AlphaSklad.exe} ExcelXP..TExcelApplication (Line 1365, "" + 0)
[004D3DC3]{AlphaSklad.exe} System.Classes..{System.Generics.Collections}TList<System.Classes.TThread>
[004D3C70]{AlphaSklad.exe} System.Classes..{System.Generics.Collections}TList<System.Classes.TThread>
[004D3C4E]{AlphaSklad.exe} System.Classes..{System.Generics.Collections}TList<System.Classes.TThread>
[0063ECBA]{AlphaSklad.exe} JclSynch..TJclDispatcherObject
[00B21F6E]{AlphaSklad.exe} AlphaSklad.AlphaSklad (Line 94, "" + 56)
------------------------------------------------------------------------------
Call stack for main thread
Stack list, generated 25.02.2020 10:17:24
[7701FBCC]{ntdll.dll   } ZwGetContextThread
------------------------------------------------------------------------------
System   : Windows Server 2016 Server, Version: 6.2, Build: 23F0, ""
Processor: Intel,      Intel(R) Xeon(R) CPU E3-1220L V2 @ 2.30GHz, 2300 MHz MMX SSE SSE2 SSE3 SSSE3 SSE41 SSE42 64 bits DEP
Memory: 16221; free 8705
Display  : 1696x905 pixels, 32 bpp
------------------------------------------------------------------------------
List of loaded modules:
[00400000] D:\Users\Admin\YandexDisk\AlphaSklad23\Win32\Debug\AlphaSklad.exe
           2.0.1.157 - 2.0.1.157
           Альфа-Склад
           Unit versioning information:
             JCL\source\common JclUnitVersioningProviders.pas 30b46b307c41c5832a4c12ebc44521872bc2145e 2011-09-02 22:07:50 +0000
[0F250000] C:\Windows\SYSTEM32\DUser.dll
           6.2.14393.0 - 10.0.14393.0 (rs1_release.160715-1616)
           Windows DirectUser Engine
[0F400000] C:\Program Files (x86)\Common Files\microsoft shared\ink\tiptsf.dll
           6.2.14393.3471 - 10.0.14393.0 (rs1_release.160715-1616)
           Инфраструктура текстовых служб сенсорной клавиатуры и панели рукописного ввода
[0F8A0000] C:\Windows\SYSTEM32\odbc32.dll
           6.2.14393.3471 - 10.0.14393.3471 (rs1_release_1.191218-1729)
           ODBC Driver Manager
[0F9F0000] C:\Windows\SYSTEM32\odbccp32.dll
           6.2.14393.0 - 10.0.14393.0 (rs1_release.160715-1616)
           ODBC Installer
[39670000] C:\Windows\System32\1033\SQLNCLIR11.RLL
           2011.110.2100.60 - 2011.0110.2100.060 ((SQL11_RTM).120210-1846 )
           Microsoft SQL Server Native Client 11.0
[46480000] C:\Windows\system32\security.dll
           6.2.14393.0 - 10.0.14393.0 (rs1_release.160715-1616)
           Security Support Provider Interface
[48060000] C:\Program Files (x86)\Microsoft SQL Server\90\Shared\instapi.dll
           2005.90.1399.0 - 2005.090.1399.00
           SQL Server Instance API DLL
[5E9C0000] C:\Windows\SYSTEM32\browcli.dll
           6.2.14393.0 - 10.0.14393.0 (rs1_release.160715-1616)
           Browser Service Client DLL
[625C0000] C:\Windows\SYSTEM32\oleacc.dll
           7.2.14393.2969 - 7.2.14393.2969 (rs1_release.190503-1820)
           Active Accessibility Core Component
[6EF10000] C:\Windows\SYSTEM32\tsappcmp.dll
           6.2.14393.0 - 10.0.14393.0 (rs1_release.160715-1616)
           DLL-библиотека совместимости приложения служб удаленных рабочих столов
[6F960000] C:\Windows\SYSTEM32\atlthunk.dll
           6.2.14393.2457 - 10.0.14393.2457 (rs1_release_inmarket.180822-1743)
           atlthunk.dll
[6FD20000] C:\Windows\system32\RESUTILS.DLL
           6.2.14393.2879 - 10.0.14393.0 (rs1_release.160715-1616)
           Библиотека DLL служебной программы ресурсов кластера (Майкрософт)
[6FD70000] C:\Windows\SYSTEM32\DSPARSE.DLL
           6.2.14393.0 - 10.0.14393.0 (rs1_release.160715-1616)
           Active Directory Domain Services API
[6FD80000] C:\Windows\system32\ntdsapi.dll
           6.2.14393.0 - 10.0.14393.0 (rs1_release.160715-1616)
           Active Directory Domain Services API
[6FDA0000] C:\Windows\SYSTEM32\cryptdll.dll
           6.2.14393.2969 - 10.0.14393.2969 (rs1_release.190503-1820)
           Cryptography Manager
[6FDC0000] C:\Windows\System32\msv1_0.DLL
           6.2.14393.3321 - 10.0.14393.0 (rs1_release.160715-1616)
           Microsoft Authentication Package v1.0
[6FE20000] C:\Windows\System32\Kerberos.DLL
           6.2.14393.3503 - 10.0.14393.0 (rs1_release.160715-1616)
           Пакет безопасности Kerberos
[6FEF0000] C:\Windows\System32\MSVCR100.dll
           10.0.40219.473 - 10.00.40219.473
           Microsoft® C Runtime Library
[6FFB0000] C:\Windows\System32\sqlncli11.dll
           2011.110.2100.60 - 2011.0110.2100.060 ((SQL11_RTM).120210-1846 )
           Microsoft SQL Server Native Client 11.0
[70290000] C:\Windows\System32\comsvcs.dll
           2001.12.10941.16384 - 2001.12.10941.16384 (rs1_release_inmarket.190313-1855)
           COM+ Services
[703E0000] C:\Program Files (x86)\Common Files\System\Ole DB\oledb32.dll
           6.2.14393.2758 - 10.0.14393.2758 (rs1_release_1.190104-1904)
           OLE DB Core Services
[704B0000] C:\Windows\SYSTEM32\MSDART.DLL
           6.2.14393.0 - 10.0.14393.0 (rs1_release.160715-1616)
           OLE DB Runtime Routines
[704E0000] C:\Windows\system32\ncryptsslp.dll
           6.2.14393.2457 - 10.0.14393.2457 (rs1_release_inmarket.180822-1743)
           Microsoft SChannel Provider
[70500000] C:\Windows\SYSTEM32\NTASN1.dll
           6.2.14393.0 - 10.0.14393.0 (rs1_release.160715-1616)
           Microsoft ASN.1 API
[70530000] C:\Windows\SYSTEM32\ncrypt.dll
           6.2.14393.2457 - 10.0.14393.0 (rs1_release.160715-1616)
           Маршрутизатор Windows NCrypt
[70550000] C:\Windows\SYSTEM32\mskeyprotect.dll
           6.2.14393.2457 - 10.0.14393.0 (rs1_release.160715-1616)
           Поставщик защиты ключей (Майкрософт)
[70DC0000] C:\Windows\SYSTEM32\NtlmShared.dll
           6.2.14393.3269 - 10.0.14393.3269 (rs1_release.190929-1234)
           NTLM Shared Functionality
[70DE0000] C:\Program Files (x86)\Common Files\System\ado\msado15.dll
           6.2.14393.3024 - 10.0.14393.3024 (rs1_release.190530-2002)
           ActiveX Data Objects
[713C0000] C:\Windows\system32\dwmapi.dll
           6.2.14393.206 - 10.0.14393.0 (rs1_release.160715-1616)
           Интерфейс API диспетчера окон рабочего стола (Майкрософт)
[718A0000] C:\Windows\SYSTEM32\cscapi.dll
           6.2.14393.0 - 10.0.14393.0 (rs1_release.160715-1616)
           Offline Files Win32 API
[71960000] C:\Windows\System32\LOGONCLI.DLL
           6.2.14393.3471 - 10.0.14393.3471 (rs1_release_1.191218-1729)
           Net Logon Client DLL
[71990000] C:\Windows\system32\CLUSAPI.DLL
           6.2.14393.2879 - 10.0.14393.0 (rs1_release.160715-1616)
           Библиотека API кластера
[71E60000] C:\Windows\SYSTEM32\DPAPI.dll
           6.2.14393.0 - 10.0.14393.0 (rs1_release.160715-1616)
           Data Protection API
[71EC0000] C:\Windows\System32\rasadhlp.dll
           6.2.14393.0 - 10.0.14393.0 (rs1_release.160715-1616)
           Remote Access AutoDial Helper
[71FF0000] C:\Windows\SYSTEM32\DNSAPI.dll
           6.2.14393.2999 - 10.0.14393.0 (rs1_release.160715-1616)
           Динамическая библиотека API DNS-клиента
[720C0000] C:\Windows\system32\mswsock.dll
           6.2.14393.0 - 10.0.14393.0 (rs1_release.160715-1616)
           Расширение поставщика службы API Microsoft Windows Sockets 2.0
[72120000] C:\Windows\System32\dbghelp.dll
           6.2.14321.1024 - 10.0.14321.1024 (rs1_release.160715-1616)
           Windows Image Helper
[72520000] C:\Windows\System32\fwpuclnt.dll
           6.2.14393.0 - 10.0.14393.0 (rs1_release.160715-1616)
           API пользовательского режима FWP/IPsec
[72B10000] C:\Windows\system32\uxtheme.dll
           6.2.14393.3297 - 10.0.14393.0 (rs1_release.160715-1616)
           Библиотека тем UxTheme (Microsoft)
[72B90000] C:\Windows\SYSTEM32\WINSTA.dll
           6.2.14393.0 - 10.0.14393.0 (rs1_release.160715-1616)
           Winstation Library
[72BE0000] C:\Windows\SYSTEM32\wtsapi32.dll
           6.2.14393.0 - 10.0.14393.0 (rs1_release.160715-1616)
           Windows Remote Desktop Session Host Server SDK APIs
[72C90000] C:\Windows\System32\schannel.dll
           6.2.14393.3269 - 10.0.14393.0 (rs1_release.160715-1616)
           Поставщик безопасности TLS/SSL
[72D00000] C:\Windows\system32\secur32.dll
           6.2.14393.2273 - 10.0.14393.2273 (rs1_release_1.180427-1811)
           Security Support Provider Interface
[72D10000] C:\Windows\System32\NETUTILS.DLL
           6.2.14393.0 - 10.0.14393.0 (rs1_release.160715-1616)
           Net Win32 API Helpers DLL
[72DF0000] C:\Windows\SYSTEM32\IPHLPAPI.DLL
           6.2.14393.2339 - 10.0.14393.0 (rs1_release.160715-1616)
           API вспомогательного приложения IP
[72EC0000] C:\Windows\SYSTEM32\WINMMBASE.dll
           6.2.14393.0 - 10.0.14393.0 (rs1_release.160715-1616)
           Base Multimedia Extension API DLL
[73050000] C:\Windows\WinSxS\x86_microsoft.windows.common-controls_6595b64144ccf1df_6.0.14393.3053_none_c58d796d97be2a63\comctl32.dll
           6.10.14393.3053 - 6.10 (rs1_release_inmarket.190612-1836)
           Библиотека элементов управления взаимодействия с пользователем
[73260000] C:\Windows\SYSTEM32\mpr.dll
           6.2.14393.2879 - 10.0.14393.0 (rs1_release.160715-1616)
           Библиотека маршрутизации для нескольких служб доступа
[73280000] C:\Windows\SYSTEM32\bcrypt.dll
           6.2.14393.2969 - 10.0.14393.0 (rs1_release.160715-1616)
           Библиотека криптографических примитивов Windows
[732A0000] C:\Windows\SYSTEM32\winspool.drv
           6.2.14393.2848 - 10.0.14393.1715 (rs1_release_inmarket.170906-1810)
           Драйвер диспетчера очереди Windows
[736F0000] C:\Windows\SYSTEM32\winmm.dll
           6.2.14393.0 - 10.0.14393.0 (rs1_release.160715-1616)
           MCI API DLL
[73720000] C:\Windows\SYSTEM32\wsock32.dll
           6.2.14393.0 - 10.0.14393.0 (rs1_release.160715-1616)
           Windows Socket 32-Bit DLL
[738A0000] C:\Windows\SYSTEM32\version.dll
           6.2.14393.0 - 10.0.14393.0 (rs1_release.160715-1616)
           Version Checking and File Installation Libraries
[738B0000] C:\Windows\System32\NETAPI32.dll
           6.2.14393.0 - 10.0.14393.0 (rs1_release.160715-1616)
           Net Win32 API DLL
[73A80000] C:\Windows\System32\CRYPTBASE.dll
           6.2.14393.0 - 10.0.14393.0 (rs1_release.160715-1616)
           Base cryptographic API DLL
[73A90000] C:\Windows\System32\SspiCli.dll
           6.2.14393.2580 - 10.0.14393.2580 (rs1_release_inmarket.181009-1745)
           Security Support Provider Interface
[73AB0000] C:\Windows\System32\GDI32.dll
           6.2.14393.2848 - 10.0.14393.2848 (rs1_release.190305-1856)
           GDI Client DLL
[73AE0000] C:\Windows\System32\cfgmgr32.dll
           6.2.14393.0 - 10.0.14393.0 (rs1_release.160715-1616)
           Configuration Manager DLL
[73B20000] C:\Windows\System32\powrprof.dll
           6.2.14393.0 - 10.0.14393.0 (rs1_release.160715-1616)
           DLL модуля поддержки профиля управления питанием
[73B70000] C:\Windows\System32\PSAPI.dll
           6.2.14393.0 - 10.0.14393.0 (rs1_release.160715-1616)
           Process Status Helper
[73B80000] C:\Windows\System32\bcryptPrimitives.dll
           6.2.14393.2828 - 10.0.14393.2828 (rs1_release_inmarket.190216-1457)
           Windows Cryptographic Primitives Library
[73BE0000] C:\Windows\System32\ucrtbase.dll
           6.2.14393.2999 - 10.0.14393.2999 (rs1_release_inmarket.190520-1518)
           Microsoft® C Runtime Library
[73CC0000] C:\Windows\System32\crypt32.dll
           6.2.14393.3442 - 10.0.14393.0 (rs1_release.160715-1616)
           API32 криптографии
[74000000] C:\Windows\System32\MSASN1.dll
           6.2.14393.0 - 10.0.14393.0 (rs1_release.160715-1616)
           ASN.1 Runtime APIs
[74010000] C:\Windows\System32\ADVAPI32.dll
           6.2.14393.2515 - 10.0.14393.0 (rs1_release.160715-1616)
           Расширенная библиотека API Windows 32
[740A0000] C:\Windows\System32\imagehlp.dll
           6.2.14393.0 - 10.0.14393.0 (rs1_release.160715-1616)
           Windows NT Image Helper
[740C0000] C:\Windows\System32\oleaut32.dll
           6.2.14393.3383 - 10.0.14393.3383 (rs1_release.191125-1816)
           OLEAUT32.DLL
[74570000] C:\Windows\System32\KERNEL32.DLL
           6.2.14393.2969 - 10.0.14393.2430 (rs1_release_inmarket_aim.180806-1810)
           Библиотека клиента Windows NT BASE API
[74650000] C:\Windows\System32\KERNELBASE.dll
           6.2.14393.3383 - 10.0.14393.2430 (rs1_release_inmarket_aim.180806-1810)
           Библиотека клиента Windows NT BASE API
[74800000] C:\Windows\System32\sechost.dll
           6.2.14393.2515 - 10.0.14393.0 (rs1_release.160715-1616)
           Host for SCM/SDDL/LSA Lookup APIs
[74850000] C:\Windows\System32\comdlg32.dll
           6.2.14393.2828 - 10.0.14393.0 (rs1_release.160715-1616)
           Библиотека общих диалоговых окон
[74940000] C:\Windows\System32\NSI.dll
           6.2.14393.3297 - 10.0.14393.3297 (rs1_release_1.191001-1045)
           NSI User-mode interface DLL
[74950000] C:\Windows\System32\msvcp_win.dll
           6.2.14393.2999 - 10.0.14393.2999 (rs1_release_inmarket.190520-1518)
           Microsoft® C Runtime Library
[74A70000] C:\Windows\System32\msvcrt.dll
           7.0.14393.2457 - 7.0.14393.2457 (rs1_release_inmarket.180822-1743)
           Windows NT CRT DLL
[74B80000] C:\Windows\System32\kernel.appcore.dll
           6.2.14393.2312 - 10.0.14393.2312 (rs1_release.180607-1919)
           AppModel API Host
[74B90000] C:\Windows\System32\MSCTF.dll
           6.2.14393.3471 - 10.0.14393.0 (rs1_release.160715-1616)
           Серверная библиотека MSCTF
[74CD0000] C:\Windows\System32\shlwapi.dll
           6.2.14393.0 - 10.0.14393.0 (rs1_release.160715-1616)
           Библиотека небольших программ оболочки
[74D20000] C:\Windows\System32\win32u.dll
           6.2.14393.51 - 10.0.14393.51 (rs1_release_inmarket.160801-1836)
           Win32u
[74D40000] C:\Windows\System32\WS2_32.dll
           6.2.14393.3241 - 10.0.14393.0 (rs1_release.160715-1616)
           32-разрядная библиотека Windows Socket 2.0
[74DB0000] C:\Windows\System32\RPCRT4.dll
           6.2.14393.3321 - 10.0.14393.0 (rs1_release.160715-1616)
           Библиотека удаленного вызова процедур
[74E80000] C:\Windows\System32\IMM32.DLL
           6.2.14393.0 - 10.0.14393.0 (rs1_release.160715-1616)
           Multi-User Windows IMM32 API Client DLL
[74EB0000] C:\Windows\System32\combase.dll
           6.2.14393.3503 - 10.0.14393.1198 (rs1_release_sec.170427-1353)
           Microsoft COM для Windows
[750C0000] C:\Windows\System32\profapi.dll
           6.2.14393.0 - 10.0.14393.0 (rs1_release.160715-1616)
           User Profile Basic API
[75130000] C:\Windows\System32\clbcatq.dll
           2001.12.10941.16384 - 2001.12.10941.16384 (rs1_release.160715-1616)
           COM+ Configuration Catalog
[751C0000] C:\Windows\System32\windows.storage.dll
           6.2.14393.3503 - 10.0.14393.0 (rs1_release.160715-1616)
           API хранения Microsoft WinRT
[75790000] C:\Windows\System32\USER32.dll
           6.2.14393.3503 - 10.0.14393.0 (rs1_release.160715-1616)
           Многопользовательская библиотека клиента USER API Windows
[758F0000] C:\Windows\System32\gdi32full.dll
           6.2.14393.3442 - 10.0.14393.3442 (rs1_release.191219-1727)
           GDI Client DLL
[75A50000] C:\Windows\System32\shcore.dll
           6.2.14393.2969 - 10.0.14393.0 (rs1_release.160715-1616)
           SHCORE
[75AE0000] C:\Windows\System32\shell32.dll
           6.2.14393.3503 - 10.0.14393.0 (rs1_release.160715-1616)
           Общая библиотека оболочки Windows
[76EC0000] C:\Windows\System32\ole32.dll
           6.2.14393.3053 - 10.0.14393.1198 (rs1_release_sec.170427-1353)
           Microsoft OLE для Windows
[76FB0000] C:\Windows\SYSTEM32\ntdll.dll
           6.2.14393.3503 - 10.0.14393.2430 (rs1_release_inmarket_aim.180806-1810)
           Системная библиотека NT
[77F90000] C:\Windows\WinSxS\x86_microsoft.vc80.crt_1fc8b3b9a1e18e3b_8.0.50727.9268_none_d08e1538442a243e\MSVCR80.dll
           8.0.50727.9268 - 8.00.50727.9268
           Microsoft® C Runtime Library
------------------------------------------------------------------------------
Active Controls hierarchy:
TLogonForm "LogonForm"
------------------------------------------------------------------------------

==============================================================================
= 25.02.2020 10:18:59                                                        =
==============================================================================
There was an error during the execution of this program.
The application might become unstable and even useless.
It's recommended that you save your work and close this application.

Object factory for class {3E9B315B-F456-4175-A864-B2573C4A2201} is missing. To register it, you can drop component [TFDGUIxWaitCursor] into your project.

------------------------------------------------------------------------------
Exception log with detailed tech info. Generated on 25.02.2020 10:18:59.
You may send it to the application vendor, helping him to understand what had happened.
 Application title: Альфа-Склад
 Application file: D:\Users\Admin\YandexDisk\AlphaSklad23\Win32\Debug\AlphaSklad.exe
------------------------------------------------------------------------------
Exception class: Exception
Exception message: Object factory for class {3E9B315B-F456-4175-A864-B2573C4A2201} is missing. To register it, you can drop component [TFDGUIxWaitCursor] into your project.
Exception address: 007E20CC
------------------------------------------------------------------------------
Main thread ID = 8332
Exception thread ID = 8332
------------------------------------------------------------------------------
Exception stack
Stack list, generated 25.02.2020 10:18:57
[007E20C7]{AlphaSklad.exe} JvAppStorage.TJvCustomAppStorage.HasSubStorage (Line 1818, "JvAppStorage.pas" + 5)
[007E2718]{AlphaSklad.exe} JvAppStorage.TJvCustomAppStorage.WriteFloatInt (Line 1928, "JvAppStorage.pas" + 2)
[007E288A]{AlphaSklad.exe} JvAppStorage.TJvCustomAppStorage.WriteStringInt (Line 1951, "JvAppStorage.pas" + 1)
[008051CC]{AlphaSklad.exe} ExcelXP..TExcelApplication (Line 1365, "" + 0)
[008081DA]{AlphaSklad.exe} ExcelXP..TExcelApplication (Line 1365, "" + 0)
[00776550]{AlphaSklad.exe} FireDAC.Comp.Client..TFDLocalSQLDataSets
[00776453]{AlphaSklad.exe} FireDAC.Comp.Client..TFDLocalSQLDataSet
[0080517B]{AlphaSklad.exe} ExcelXP..TExcelApplication (Line 1365, "" + 0)
[004D3DC3]{AlphaSklad.exe} System.Classes..{System.Generics.Collections}TList<System.Classes.TThread>
[004D3C70]{AlphaSklad.exe} System.Classes..{System.Generics.Collections}TList<System.Classes.TThread>
[004D3C4E]{AlphaSklad.exe} System.Classes..{System.Generics.Collections}TList<System.Classes.TThread>
[0063ECBA]{AlphaSklad.exe} JclSynch..TJclDispatcherObject
[00B21F6E]{AlphaSklad.exe} AlphaSklad.AlphaSklad (Line 94, "" + 56)
------------------------------------------------------------------------------
Call stack for main thread
Stack list, generated 25.02.2020 10:18:59
[7701FBCC]{ntdll.dll   } ZwGetContextThread
------------------------------------------------------------------------------
System   : Windows Server 2016 Server, Version: 6.2, Build: 23F0, ""
Processor: Intel,      Intel(R) Xeon(R) CPU E3-1220L V2 @ 2.30GHz, 2300 MHz MMX SSE SSE2 SSE3 SSSE3 SSE41 SSE42 64 bits DEP
Memory: 16221; free 8700
Display  : 1696x905 pixels, 32 bpp
------------------------------------------------------------------------------
List of loaded modules:
[00400000] D:\Users\Admin\YandexDisk\AlphaSklad23\Win32\Debug\AlphaSklad.exe
           2.0.1.157 - 2.0.1.157
           Альфа-Склад
           Unit versioning information:
             JCL\source\common JclUnitVersioningProviders.pas 30b46b307c41c5832a4c12ebc44521872bc2145e 2011-09-02 22:07:50 +0000
[02570000] C:\Windows\SYSTEM32\WINMMBASE.dll
           6.2.14393.0 - 10.0.14393.0 (rs1_release.160715-1616)
           Base Multimedia Extension API DLL
[0F250000] C:\Windows\SYSTEM32\DUser.dll
           6.2.14393.0 - 10.0.14393.0 (rs1_release.160715-1616)
           Windows DirectUser Engine
[0F400000] C:\Program Files (x86)\Common Files\microsoft shared\ink\tiptsf.dll
           6.2.14393.3471 - 10.0.14393.0 (rs1_release.160715-1616)
           Инфраструктура текстовых служб сенсорной клавиатуры и панели рукописного ввода
[0F8A0000] C:\Windows\SYSTEM32\odbc32.dll
           6.2.14393.3471 - 10.0.14393.3471 (rs1_release_1.191218-1729)
           ODBC Driver Manager
[0F9F0000] C:\Windows\SYSTEM32\odbccp32.dll
           6.2.14393.0 - 10.0.14393.0 (rs1_release.160715-1616)
           ODBC Installer
[39670000] C:\Windows\System32\1033\SQLNCLIR11.RLL
           2011.110.2100.60 - 2011.0110.2100.060 ((SQL11_RTM).120210-1846 )
           Microsoft SQL Server Native Client 11.0
[46480000] C:\Windows\system32\security.dll
           6.2.14393.0 - 10.0.14393.0 (rs1_release.160715-1616)
           Security Support Provider Interface
[48060000] C:\Program Files (x86)\Microsoft SQL Server\90\Shared\instapi.dll
           2005.90.1399.0 - 2005.090.1399.00
           SQL Server Instance API DLL
[5E9C0000] C:\Windows\SYSTEM32\browcli.dll
           6.2.14393.0 - 10.0.14393.0 (rs1_release.160715-1616)
           Browser Service Client DLL
[625C0000] C:\Windows\SYSTEM32\oleacc.dll
           7.2.14393.2969 - 7.2.14393.2969 (rs1_release.190503-1820)
           Active Accessibility Core Component
[6EF10000] C:\Windows\SYSTEM32\tsappcmp.dll
           6.2.14393.0 - 10.0.14393.0 (rs1_release.160715-1616)
           DLL-библиотека совместимости приложения служб удаленных рабочих столов
[6F960000] C:\Windows\SYSTEM32\atlthunk.dll
           6.2.14393.2457 - 10.0.14393.2457 (rs1_release_inmarket.180822-1743)
           atlthunk.dll
[6FD20000] C:\Windows\system32\RESUTILS.DLL
           6.2.14393.2879 - 10.0.14393.0 (rs1_release.160715-1616)
           Библиотека DLL служебной программы ресурсов кластера (Майкрософт)
[6FD70000] C:\Windows\SYSTEM32\DSPARSE.DLL
           6.2.14393.0 - 10.0.14393.0 (rs1_release.160715-1616)
           Active Directory Domain Services API
[6FD80000] C:\Windows\system32\ntdsapi.dll
           6.2.14393.0 - 10.0.14393.0 (rs1_release.160715-1616)
           Active Directory Domain Services API
[6FDA0000] C:\Windows\SYSTEM32\cryptdll.dll
           6.2.14393.2969 - 10.0.14393.2969 (rs1_release.190503-1820)
           Cryptography Manager
[6FDC0000] C:\Windows\System32\msv1_0.DLL
           6.2.14393.3321 - 10.0.14393.0 (rs1_release.160715-1616)
           Microsoft Authentication Package v1.0
[6FE20000] C:\Windows\System32\Kerberos.DLL
           6.2.14393.3503 - 10.0.14393.0 (rs1_release.160715-1616)
           Пакет безопасности Kerberos
[6FEF0000] C:\Windows\System32\MSVCR100.dll
           10.0.40219.473 - 10.00.40219.473
           Microsoft® C Runtime Library
[6FFB0000] C:\Windows\System32\sqlncli11.dll
           2011.110.2100.60 - 2011.0110.2100.060 ((SQL11_RTM).120210-1846 )
           Microsoft SQL Server Native Client 11.0
[70290000] C:\Windows\System32\comsvcs.dll
           2001.12.10941.16384 - 2001.12.10941.16384 (rs1_release_inmarket.190313-1855)
           COM+ Services
[703E0000] C:\Program Files (x86)\Common Files\System\Ole DB\oledb32.dll
           6.2.14393.2758 - 10.0.14393.2758 (rs1_release_1.190104-1904)
           OLE DB Core Services
[704B0000] C:\Windows\SYSTEM32\MSDART.DLL
           6.2.14393.0 - 10.0.14393.0 (rs1_release.160715-1616)
           OLE DB Runtime Routines
[704E0000] C:\Windows\system32\ncryptsslp.dll
           6.2.14393.2457 - 10.0.14393.2457 (rs1_release_inmarket.180822-1743)
           Microsoft SChannel Provider
[70500000] C:\Windows\SYSTEM32\NTASN1.dll
           6.2.14393.0 - 10.0.14393.0 (rs1_release.160715-1616)
           Microsoft ASN.1 API
[70530000] C:\Windows\SYSTEM32\ncrypt.dll
           6.2.14393.2457 - 10.0.14393.0 (rs1_release.160715-1616)
           Маршрутизатор Windows NCrypt
[70550000] C:\Windows\SYSTEM32\mskeyprotect.dll
           6.2.14393.2457 - 10.0.14393.0 (rs1_release.160715-1616)
           Поставщик защиты ключей (Майкрософт)
[70DC0000] C:\Windows\SYSTEM32\NtlmShared.dll
           6.2.14393.3269 - 10.0.14393.3269 (rs1_release.190929-1234)
           NTLM Shared Functionality
[70DE0000] C:\Program Files (x86)\Common Files\System\ado\msado15.dll
           6.2.14393.3024 - 10.0.14393.3024 (rs1_release.190530-2002)
           ActiveX Data Objects
[713C0000] C:\Windows\system32\dwmapi.dll
           6.2.14393.206 - 10.0.14393.0 (rs1_release.160715-1616)
           Интерфейс API диспетчера окон рабочего стола (Майкрософт)
[718A0000] C:\Windows\SYSTEM32\cscapi.dll
           6.2.14393.0 - 10.0.14393.0 (rs1_release.160715-1616)
           Offline Files Win32 API
[71960000] C:\Windows\System32\LOGONCLI.DLL
           6.2.14393.3471 - 10.0.14393.3471 (rs1_release_1.191218-1729)
           Net Logon Client DLL
[71990000] C:\Windows\system32\CLUSAPI.DLL
           6.2.14393.2879 - 10.0.14393.0 (rs1_release.160715-1616)
           Библиотека API кластера
[71E60000] C:\Windows\SYSTEM32\DPAPI.dll
           6.2.14393.0 - 10.0.14393.0 (rs1_release.160715-1616)
           Data Protection API
[71EC0000] C:\Windows\System32\rasadhlp.dll
           6.2.14393.0 - 10.0.14393.0 (rs1_release.160715-1616)
           Remote Access AutoDial Helper
[71FF0000] C:\Windows\SYSTEM32\DNSAPI.dll
           6.2.14393.2999 - 10.0.14393.0 (rs1_release.160715-1616)
           Динамическая библиотека API DNS-клиента
[720C0000] C:\Windows\system32\mswsock.dll
           6.2.14393.0 - 10.0.14393.0 (rs1_release.160715-1616)
           Расширение поставщика службы API Microsoft Windows Sockets 2.0
[72120000] C:\Windows\System32\dbghelp.dll
           6.2.14321.1024 - 10.0.14321.1024 (rs1_release.160715-1616)
           Windows Image Helper
[72520000] C:\Windows\System32\fwpuclnt.dll
           6.2.14393.0 - 10.0.14393.0 (rs1_release.160715-1616)
           API пользовательского режима FWP/IPsec
[72B10000] C:\Windows\system32\uxtheme.dll
           6.2.14393.3297 - 10.0.14393.0 (rs1_release.160715-1616)
           Библиотека тем UxTheme (Microsoft)
[72B90000] C:\Windows\SYSTEM32\WINSTA.dll
           6.2.14393.0 - 10.0.14393.0 (rs1_release.160715-1616)
           Winstation Library
[72BE0000] C:\Windows\SYSTEM32\wtsapi32.dll
           6.2.14393.0 - 10.0.14393.0 (rs1_release.160715-1616)
           Windows Remote Desktop Session Host Server SDK APIs
[72C90000] C:\Windows\System32\schannel.dll
           6.2.14393.3269 - 10.0.14393.0 (rs1_release.160715-1616)
           Поставщик безопасности TLS/SSL
[72D00000] C:\Windows\system32\secur32.dll
           6.2.14393.2273 - 10.0.14393.2273 (rs1_release_1.180427-1811)
           Security Support Provider Interface
[72D10000] C:\Windows\System32\NETUTILS.DLL
           6.2.14393.0 - 10.0.14393.0 (rs1_release.160715-1616)
           Net Win32 API Helpers DLL
[72DF0000] C:\Windows\SYSTEM32\IPHLPAPI.DLL
           6.2.14393.2339 - 10.0.14393.0 (rs1_release.160715-1616)
           API вспомогательного приложения IP
[73050000] C:\Windows\WinSxS\x86_microsoft.windows.common-controls_6595b64144ccf1df_6.0.14393.3053_none_c58d796d97be2a63\comctl32.dll
           6.10.14393.3053 - 6.10 (rs1_release_inmarket.190612-1836)
           Библиотека элементов управления взаимодействия с пользователем
[73260000] C:\Windows\SYSTEM32\mpr.dll
           6.2.14393.2879 - 10.0.14393.0 (rs1_release.160715-1616)
           Библиотека маршрутизации для нескольких служб доступа
[73280000] C:\Windows\SYSTEM32\bcrypt.dll
           6.2.14393.2969 - 10.0.14393.0 (rs1_release.160715-1616)
           Библиотека криптографических примитивов Windows
[732A0000] C:\Windows\SYSTEM32\winspool.drv
           6.2.14393.2848 - 10.0.14393.1715 (rs1_release_inmarket.170906-1810)
           Драйвер диспетчера очереди Windows
[736F0000] C:\Windows\SYSTEM32\winmm.dll
           6.2.14393.0 - 10.0.14393.0 (rs1_release.160715-1616)
           MCI API DLL
[73720000] C:\Windows\SYSTEM32\wsock32.dll
           6.2.14393.0 - 10.0.14393.0 (rs1_release.160715-1616)
           Windows Socket 32-Bit DLL
[738A0000] C:\Windows\SYSTEM32\version.dll
           6.2.14393.0 - 10.0.14393.0 (rs1_release.160715-1616)
           Version Checking and File Installation Libraries
[738B0000] C:\Windows\System32\NETAPI32.dll
           6.2.14393.0 - 10.0.14393.0 (rs1_release.160715-1616)
           Net Win32 API DLL
[73A80000] C:\Windows\System32\CRYPTBASE.dll
           6.2.14393.0 - 10.0.14393.0 (rs1_release.160715-1616)
           Base cryptographic API DLL
[73A90000] C:\Windows\System32\SspiCli.dll
           6.2.14393.2580 - 10.0.14393.2580 (rs1_release_inmarket.181009-1745)
           Security Support Provider Interface
[73AB0000] C:\Windows\System32\GDI32.dll
           6.2.14393.2848 - 10.0.14393.2848 (rs1_release.190305-1856)
           GDI Client DLL
[73AE0000] C:\Windows\System32\cfgmgr32.dll
           6.2.14393.0 - 10.0.14393.0 (rs1_release.160715-1616)
           Configuration Manager DLL
[73B20000] C:\Windows\System32\powrprof.dll
           6.2.14393.0 - 10.0.14393.0 (rs1_release.160715-1616)
           DLL модуля поддержки профиля управления питанием
[73B70000] C:\Windows\System32\PSAPI.dll
           6.2.14393.0 - 10.0.14393.0 (rs1_release.160715-1616)
           Process Status Helper
[73B80000] C:\Windows\System32\bcryptPrimitives.dll
           6.2.14393.2828 - 10.0.14393.2828 (rs1_release_inmarket.190216-1457)
           Windows Cryptographic Primitives Library
[73BE0000] C:\Windows\System32\ucrtbase.dll
           6.2.14393.2999 - 10.0.14393.2999 (rs1_release_inmarket.190520-1518)
           Microsoft® C Runtime Library
[73CC0000] C:\Windows\System32\crypt32.dll
           6.2.14393.3442 - 10.0.14393.0 (rs1_release.160715-1616)
           API32 криптографии
[74000000] C:\Windows\System32\MSASN1.dll
           6.2.14393.0 - 10.0.14393.0 (rs1_release.160715-1616)
           ASN.1 Runtime APIs
[74010000] C:\Windows\System32\ADVAPI32.dll
           6.2.14393.2515 - 10.0.14393.0 (rs1_release.160715-1616)
           Расширенная библиотека API Windows 32
[740A0000] C:\Windows\System32\imagehlp.dll
           6.2.14393.0 - 10.0.14393.0 (rs1_release.160715-1616)
           Windows NT Image Helper
[740C0000] C:\Windows\System32\oleaut32.dll
           6.2.14393.3383 - 10.0.14393.3383 (rs1_release.191125-1816)
           OLEAUT32.DLL
[74570000] C:\Windows\System32\KERNEL32.DLL
           6.2.14393.2969 - 10.0.14393.2430 (rs1_release_inmarket_aim.180806-1810)
           Библиотека клиента Windows NT BASE API
[74650000] C:\Windows\System32\KERNELBASE.dll
           6.2.14393.3383 - 10.0.14393.2430 (rs1_release_inmarket_aim.180806-1810)
           Библиотека клиента Windows NT BASE API
[74800000] C:\Windows\System32\sechost.dll
           6.2.14393.2515 - 10.0.14393.0 (rs1_release.160715-1616)
           Host for SCM/SDDL/LSA Lookup APIs
[74850000] C:\Windows\System32\comdlg32.dll
           6.2.14393.2828 - 10.0.14393.0 (rs1_release.160715-1616)
           Библиотека общих диалоговых окон
[74940000] C:\Windows\System32\NSI.dll
           6.2.14393.3297 - 10.0.14393.3297 (rs1_release_1.191001-1045)
           NSI User-mode interface DLL
[74950000] C:\Windows\System32\msvcp_win.dll
           6.2.14393.2999 - 10.0.14393.2999 (rs1_release_inmarket.190520-1518)
           Microsoft® C Runtime Library
[74A70000] C:\Windows\System32\msvcrt.dll
           7.0.14393.2457 - 7.0.14393.2457 (rs1_release_inmarket.180822-1743)
           Windows NT CRT DLL
[74B80000] C:\Windows\System32\kernel.appcore.dll
           6.2.14393.2312 - 10.0.14393.2312 (rs1_release.180607-1919)
           AppModel API Host
[74B90000] C:\Windows\System32\MSCTF.dll
           6.2.14393.3471 - 10.0.14393.0 (rs1_release.160715-1616)
           Серверная библиотека MSCTF
[74CD0000] C:\Windows\System32\shlwapi.dll
           6.2.14393.0 - 10.0.14393.0 (rs1_release.160715-1616)
           Библиотека небольших программ оболочки
[74D20000] C:\Windows\System32\win32u.dll
           6.2.14393.51 - 10.0.14393.51 (rs1_release_inmarket.160801-1836)
           Win32u
[74D40000] C:\Windows\System32\WS2_32.dll
           6.2.14393.3241 - 10.0.14393.0 (rs1_release.160715-1616)
           32-разрядная библиотека Windows Socket 2.0
[74DB0000] C:\Windows\System32\RPCRT4.dll
           6.2.14393.3321 - 10.0.14393.0 (rs1_release.160715-1616)
           Библиотека удаленного вызова процедур
[74E80000] C:\Windows\System32\IMM32.DLL
           6.2.14393.0 - 10.0.14393.0 (rs1_release.160715-1616)
           Multi-User Windows IMM32 API Client DLL
[74EB0000] C:\Windows\System32\combase.dll
           6.2.14393.3503 - 10.0.14393.1198 (rs1_release_sec.170427-1353)
           Microsoft COM для Windows
[750C0000] C:\Windows\System32\profapi.dll
           6.2.14393.0 - 10.0.14393.0 (rs1_release.160715-1616)
           User Profile Basic API
[75130000] C:\Windows\System32\clbcatq.dll
           2001.12.10941.16384 - 2001.12.10941.16384 (rs1_release.160715-1616)
           COM+ Configuration Catalog
[751C0000] C:\Windows\System32\windows.storage.dll
           6.2.14393.3503 - 10.0.14393.0 (rs1_release.160715-1616)
           API хранения Microsoft WinRT
[75790000] C:\Windows\System32\USER32.dll
           6.2.14393.3503 - 10.0.14393.0 (rs1_release.160715-1616)
           Многопользовательская библиотека клиента USER API Windows
[758F0000] C:\Windows\System32\gdi32full.dll
           6.2.14393.3442 - 10.0.14393.3442 (rs1_release.191219-1727)
           GDI Client DLL
[75A50000] C:\Windows\System32\shcore.dll
           6.2.14393.2969 - 10.0.14393.0 (rs1_release.160715-1616)
           SHCORE
[75AE0000] C:\Windows\System32\shell32.dll
           6.2.14393.3503 - 10.0.14393.0 (rs1_release.160715-1616)
           Общая библиотека оболочки Windows
[76EC0000] C:\Windows\System32\ole32.dll
           6.2.14393.3053 - 10.0.14393.1198 (rs1_release_sec.170427-1353)
           Microsoft OLE для Windows
[76FB0000] C:\Windows\SYSTEM32\ntdll.dll
           6.2.14393.3503 - 10.0.14393.2430 (rs1_release_inmarket_aim.180806-1810)
           Системная библиотека NT
[77F90000] C:\Windows\WinSxS\x86_microsoft.vc80.crt_1fc8b3b9a1e18e3b_8.0.50727.9268_none_d08e1538442a243e\MSVCR80.dll
           8.0.50727.9268 - 8.00.50727.9268
           Microsoft® C Runtime Library
------------------------------------------------------------------------------
Active Controls hierarchy:
TLogonForm "LogonForm"
------------------------------------------------------------------------------

==============================================================================
= 25.02.2020 10:24:37                                                        =
==============================================================================
There was an error during the execution of this program.
The application might become unstable and even useless.
It's recommended that you save your work and close this application.

Object factory for class {3E9B315B-F456-4175-A864-B2573C4A2201} is missing. To register it, you can drop component [TFDGUIxWaitCursor] into your project.

------------------------------------------------------------------------------
Exception log with detailed tech info. Generated on 25.02.2020 10:24:37.
You may send it to the application vendor, helping him to understand what had happened.
 Application title: Альфа-Склад
 Application file: D:\Users\Admin\YandexDisk\AlphaSklad23\win32\debug\AlphaSklad.exe
------------------------------------------------------------------------------
Exception class: Exception
Exception message: Object factory for class {3E9B315B-F456-4175-A864-B2573C4A2201} is missing. To register it, you can drop component [TFDGUIxWaitCursor] into your project.
Exception address: 007E20CC
------------------------------------------------------------------------------
Main thread ID = 7324
Exception thread ID = 7324
------------------------------------------------------------------------------
Exception stack
Stack list, generated 25.02.2020 10:24:35
[007E20C7]{AlphaSklad.exe} JvAppStorage.TJvCustomAppStorage.HasSubStorage (Line 1818, "JvAppStorage.pas" + 5)
[007E2718]{AlphaSklad.exe} JvAppStorage.TJvCustomAppStorage.WriteFloatInt (Line 1928, "JvAppStorage.pas" + 2)
[007E288A]{AlphaSklad.exe} JvAppStorage.TJvCustomAppStorage.WriteStringInt (Line 1951, "JvAppStorage.pas" + 1)
[008051CC]{AlphaSklad.exe} ExcelXP..TExcelApplication (Line 1365, "" + 0)
[008081DA]{AlphaSklad.exe} ExcelXP..TExcelApplication (Line 1365, "" + 0)
[00776550]{AlphaSklad.exe} FireDAC.Comp.Client..TFDLocalSQLDataSets
[00776453]{AlphaSklad.exe} FireDAC.Comp.Client..TFDLocalSQLDataSet
[0080517B]{AlphaSklad.exe} ExcelXP..TExcelApplication (Line 1365, "" + 0)
[004D3DC3]{AlphaSklad.exe} System.Classes..{System.Generics.Collections}TList<System.Classes.TThread>
[004D3C70]{AlphaSklad.exe} System.Classes..{System.Generics.Collections}TList<System.Classes.TThread>
[004D3C4E]{AlphaSklad.exe} System.Classes..{System.Generics.Collections}TList<System.Classes.TThread>
[0063ECBA]{AlphaSklad.exe} JclSynch..TJclDispatcherObject
[00B22F6E]{AlphaSklad.exe} AlphaSklad.AlphaSklad (Line 94, "" + 56)
------------------------------------------------------------------------------
Call stack for main thread
Stack list, generated 25.02.2020 10:24:37
[7701FBCC]{ntdll.dll   } ZwGetContextThread
------------------------------------------------------------------------------
System   : Windows Server 2016 Server, Version: 6.2, Build: 23F0, ""
Processor: Intel,      Intel(R) Xeon(R) CPU E3-1220L V2 @ 2.30GHz, 2300 MHz MMX SSE SSE2 SSE3 SSSE3 SSE41 SSE42 64 bits DEP
Memory: 16221; free 8769
Display  : 1696x905 pixels, 32 bpp
------------------------------------------------------------------------------
List of loaded modules:
[00400000] D:\Users\Admin\YandexDisk\AlphaSklad23\win32\debug\AlphaSklad.exe
           2.0.1.157 - 2.0.1.157
           Альфа-Склад
           Unit versioning information:
             JCL\source\common JclUnitVersioningProviders.pas 30b46b307c41c5832a4c12ebc44521872bc2145e 2011-09-02 22:07:50 +0000
[0F250000] C:\Windows\SYSTEM32\DUser.dll
           6.2.14393.0 - 10.0.14393.0 (rs1_release.160715-1616)
           Windows DirectUser Engine
[0F400000] C:\Program Files (x86)\Common Files\microsoft shared\ink\tiptsf.dll
           6.2.14393.3471 - 10.0.14393.0 (rs1_release.160715-1616)
           Инфраструктура текстовых служб сенсорной клавиатуры и панели рукописного ввода
[0F8A0000] C:\Windows\SYSTEM32\odbc32.dll
           6.2.14393.3471 - 10.0.14393.3471 (rs1_release_1.191218-1729)
           ODBC Driver Manager
[0F9F0000] C:\Windows\SYSTEM32\odbccp32.dll
           6.2.14393.0 - 10.0.14393.0 (rs1_release.160715-1616)
           ODBC Installer
[39670000] C:\Windows\System32\1033\SQLNCLIR11.RLL
           2011.110.2100.60 - 2011.0110.2100.060 ((SQL11_RTM).120210-1846 )
           Microsoft SQL Server Native Client 11.0
[46480000] C:\Windows\system32\security.dll
           6.2.14393.0 - 10.0.14393.0 (rs1_release.160715-1616)
           Security Support Provider Interface
[48060000] C:\Program Files (x86)\Microsoft SQL Server\90\Shared\instapi.dll
           2005.90.1399.0 - 2005.090.1399.00
           SQL Server Instance API DLL
[5E9C0000] C:\Windows\SYSTEM32\browcli.dll
           6.2.14393.0 - 10.0.14393.0 (rs1_release.160715-1616)
           Browser Service Client DLL
[625C0000] C:\Windows\SYSTEM32\oleacc.dll
           7.2.14393.2969 - 7.2.14393.2969 (rs1_release.190503-1820)
           Active Accessibility Core Component
[6DFA0000] C:\Windows\SYSTEM32\iertutil.dll
           11.0.14393.3471 - 11.00.14393.0 (rs1_release.160715-1616)
           Служебная программа времени выполнения для Internet Explorer
[6E340000] C:\Windows\SYSTEM32\urlmon.dll
           11.0.14393.3471 - 11.00.14393.0 (rs1_release.160715-1616)
           Расширения OLE32 для Win32
[6EF10000] C:\Windows\SYSTEM32\tsappcmp.dll
           6.2.14393.0 - 10.0.14393.0 (rs1_release.160715-1616)
           DLL-библиотека совместимости приложения служб удаленных рабочих столов
[6EF70000] C:\Windows\SYSTEM32\samcli.dll
           6.2.14393.0 - 10.0.14393.0 (rs1_release.160715-1616)
           Security Accounts Manager Client DLL
[6F960000] C:\Windows\SYSTEM32\atlthunk.dll
           6.2.14393.2457 - 10.0.14393.2457 (rs1_release_inmarket.180822-1743)
           atlthunk.dll
[6FD20000] C:\Windows\system32\RESUTILS.DLL
           6.2.14393.2879 - 10.0.14393.0 (rs1_release.160715-1616)
           Библиотека DLL служебной программы ресурсов кластера (Майкрософт)
[6FD70000] C:\Windows\SYSTEM32\DSPARSE.DLL
           6.2.14393.0 - 10.0.14393.0 (rs1_release.160715-1616)
           Active Directory Domain Services API
[6FD80000] C:\Windows\system32\ntdsapi.dll
           6.2.14393.0 - 10.0.14393.0 (rs1_release.160715-1616)
           Active Directory Domain Services API
[6FDA0000] C:\Windows\SYSTEM32\cryptdll.dll
           6.2.14393.2969 - 10.0.14393.2969 (rs1_release.190503-1820)
           Cryptography Manager
[6FDC0000] C:\Windows\System32\msv1_0.DLL
           6.2.14393.3321 - 10.0.14393.0 (rs1_release.160715-1616)
           Microsoft Authentication Package v1.0
[6FE20000] C:\Windows\System32\Kerberos.DLL
           6.2.14393.3503 - 10.0.14393.0 (rs1_release.160715-1616)
           Пакет безопасности Kerberos
[6FEF0000] C:\Windows\System32\MSVCR100.dll
           10.0.40219.473 - 10.00.40219.473
           Microsoft® C Runtime Library
[6FFB0000] C:\Windows\System32\sqlncli11.dll
           2011.110.2100.60 - 2011.0110.2100.060 ((SQL11_RTM).120210-1846 )
           Microsoft SQL Server Native Client 11.0
[70290000] C:\Windows\System32\comsvcs.dll
           2001.12.10941.16384 - 2001.12.10941.16384 (rs1_release_inmarket.190313-1855)
           COM+ Services
[703E0000] C:\Program Files (x86)\Common Files\System\Ole DB\oledb32.dll
           6.2.14393.2758 - 10.0.14393.2758 (rs1_release_1.190104-1904)
           OLE DB Core Services
[704B0000] C:\Windows\SYSTEM32\MSDART.DLL
           6.2.14393.0 - 10.0.14393.0 (rs1_release.160715-1616)
           OLE DB Runtime Routines
[704E0000] C:\Windows\system32\ncryptsslp.dll
           6.2.14393.2457 - 10.0.14393.2457 (rs1_release_inmarket.180822-1743)
           Microsoft SChannel Provider
[70500000] C:\Windows\SYSTEM32\NTASN1.dll
           6.2.14393.0 - 10.0.14393.0 (rs1_release.160715-1616)
           Microsoft ASN.1 API
[70530000] C:\Windows\SYSTEM32\ncrypt.dll
           6.2.14393.2457 - 10.0.14393.0 (rs1_release.160715-1616)
           Маршрутизатор Windows NCrypt
[70550000] C:\Windows\SYSTEM32\mskeyprotect.dll
           6.2.14393.2457 - 10.0.14393.0 (rs1_release.160715-1616)
           Поставщик защиты ключей (Майкрософт)
[70DC0000] C:\Windows\SYSTEM32\NtlmShared.dll
           6.2.14393.3269 - 10.0.14393.3269 (rs1_release.190929-1234)
           NTLM Shared Functionality
[70DE0000] C:\Program Files (x86)\Common Files\System\ado\msado15.dll
           6.2.14393.3024 - 10.0.14393.3024 (rs1_release.190530-2002)
           ActiveX Data Objects
[713C0000] C:\Windows\SYSTEM32\dwmapi.dll
           6.2.14393.206 - 10.0.14393.0 (rs1_release.160715-1616)
           Интерфейс API диспетчера окон рабочего стола (Майкрософт)
[718A0000] C:\Windows\SYSTEM32\cscapi.dll
           6.2.14393.0 - 10.0.14393.0 (rs1_release.160715-1616)
           Offline Files Win32 API
[71960000] C:\Windows\System32\LOGONCLI.DLL
           6.2.14393.3471 - 10.0.14393.3471 (rs1_release_1.191218-1729)
           Net Logon Client DLL
[71990000] C:\Windows\system32\CLUSAPI.DLL
           6.2.14393.2879 - 10.0.14393.0 (rs1_release.160715-1616)
           Библиотека API кластера
[71E60000] C:\Windows\SYSTEM32\DPAPI.dll
           6.2.14393.0 - 10.0.14393.0 (rs1_release.160715-1616)
           Data Protection API
[71EC0000] C:\Windows\System32\rasadhlp.dll
           6.2.14393.0 - 10.0.14393.0 (rs1_release.160715-1616)
           Remote Access AutoDial Helper
[71FF0000] C:\Windows\SYSTEM32\DNSAPI.dll
           6.2.14393.2999 - 10.0.14393.0 (rs1_release.160715-1616)
           Динамическая библиотека API DNS-клиента
[720C0000] C:\Windows\system32\mswsock.dll
           6.2.14393.0 - 10.0.14393.0 (rs1_release.160715-1616)
           Расширение поставщика службы API Microsoft Windows Sockets 2.0
[72120000] C:\Windows\System32\dbghelp.dll
           6.2.14321.1024 - 10.0.14321.1024 (rs1_release.160715-1616)
           Windows Image Helper
[72520000] C:\Windows\System32\fwpuclnt.dll
           6.2.14393.0 - 10.0.14393.0 (rs1_release.160715-1616)
           API пользовательского режима FWP/IPsec
[72B10000] C:\Windows\SYSTEM32\UxTheme.dll
           6.2.14393.3297 - 10.0.14393.0 (rs1_release.160715-1616)
           Библиотека тем UxTheme (Microsoft)
[72B90000] C:\Windows\SYSTEM32\WINSTA.dll
           6.2.14393.0 - 10.0.14393.0 (rs1_release.160715-1616)
           Winstation Library
[72BE0000] C:\Windows\SYSTEM32\wtsapi32.dll
           6.2.14393.0 - 10.0.14393.0 (rs1_release.160715-1616)
           Windows Remote Desktop Session Host Server SDK APIs
[72BF0000] C:\Windows\system32\apphelp.dll
           6.2.14393.0 - 10.0.14393.0 (rs1_release.160715-1616)
           Клиентская библиотека совместимости приложений
[72C90000] C:\Windows\System32\schannel.dll
           6.2.14393.3269 - 10.0.14393.0 (rs1_release.160715-1616)
           Поставщик безопасности TLS/SSL
[72D00000] C:\Windows\system32\secur32.dll
           6.2.14393.2273 - 10.0.14393.2273 (rs1_release_1.180427-1811)
           Security Support Provider Interface
[72D10000] C:\Windows\System32\NETUTILS.DLL
           6.2.14393.0 - 10.0.14393.0 (rs1_release.160715-1616)
           Net Win32 API Helpers DLL
[72D20000] C:\Windows\SYSTEM32\MSACM32.dll
           6.2.14393.0 - 10.0.14393.0 (rs1_release.160715-1616)
           Фильтр диспетчера аудиосжатия Microsoft
[72DF0000] C:\Windows\SYSTEM32\IPHLPAPI.DLL
           6.2.14393.2339 - 10.0.14393.0 (rs1_release.160715-1616)
           API вспомогательного приложения IP
[72EC0000] C:\Windows\SYSTEM32\WINMMBASE.dll
           6.2.14393.0 - 10.0.14393.0 (rs1_release.160715-1616)
           Base Multimedia Extension API DLL
[73050000] C:\Windows\WinSxS\x86_microsoft.windows.common-controls_6595b64144ccf1df_6.0.14393.3053_none_c58d796d97be2a63\comctl32.dll
           6.10.14393.3053 - 6.10 (rs1_release_inmarket.190612-1836)
           Библиотека элементов управления взаимодействия с пользователем
[73260000] C:\Windows\SYSTEM32\MPR.dll
           6.2.14393.2879 - 10.0.14393.0 (rs1_release.160715-1616)
           Библиотека маршрутизации для нескольких служб доступа
[73280000] C:\Windows\SYSTEM32\bcrypt.dll
           6.2.14393.2969 - 10.0.14393.0 (rs1_release.160715-1616)
           Библиотека криптографических примитивов Windows
[732A0000] C:\Windows\SYSTEM32\WINSPOOL.DRV
           6.2.14393.2848 - 10.0.14393.1715 (rs1_release_inmarket.170906-1810)
           Драйвер диспетчера очереди Windows
[736D0000] C:\Windows\SYSTEM32\USERENV.dll
           6.2.14393.3297 - 10.0.14393.0 (rs1_release.160715-1616)
           Userenv
[736F0000] C:\Windows\SYSTEM32\WINMM.dll
           6.2.14393.0 - 10.0.14393.0 (rs1_release.160715-1616)
           MCI API DLL
[73720000] C:\Windows\SYSTEM32\wsock32.dll
           6.2.14393.0 - 10.0.14393.0 (rs1_release.160715-1616)
           Windows Socket 32-Bit DLL
[738A0000] C:\Windows\SYSTEM32\VERSION.dll
           6.2.14393.0 - 10.0.14393.0 (rs1_release.160715-1616)
           Version Checking and File Installation Libraries
[738B0000] C:\Windows\System32\NETAPI32.dll
           6.2.14393.0 - 10.0.14393.0 (rs1_release.160715-1616)
           Net Win32 API DLL
[73A80000] C:\Windows\System32\CRYPTBASE.dll
           6.2.14393.0 - 10.0.14393.0 (rs1_release.160715-1616)
           Base cryptographic API DLL
[73A90000] C:\Windows\System32\SspiCli.dll
           6.2.14393.2580 - 10.0.14393.2580 (rs1_release_inmarket.181009-1745)
           Security Support Provider Interface
[73AB0000] C:\Windows\System32\GDI32.dll
           6.2.14393.2848 - 10.0.14393.2848 (rs1_release.190305-1856)
           GDI Client DLL
[73AE0000] C:\Windows\System32\cfgmgr32.dll
           6.2.14393.0 - 10.0.14393.0 (rs1_release.160715-1616)
           Configuration Manager DLL
[73B20000] C:\Windows\System32\powrprof.dll
           6.2.14393.0 - 10.0.14393.0 (rs1_release.160715-1616)
           DLL модуля поддержки профиля управления питанием
[73B70000] C:\Windows\System32\PSAPI.dll
           6.2.14393.0 - 10.0.14393.0 (rs1_release.160715-1616)
           Process Status Helper
[73B80000] C:\Windows\System32\bcryptPrimitives.dll
           6.2.14393.2828 - 10.0.14393.2828 (rs1_release_inmarket.190216-1457)
           Windows Cryptographic Primitives Library
[73BE0000] C:\Windows\System32\ucrtbase.dll
           6.2.14393.2999 - 10.0.14393.2999 (rs1_release_inmarket.190520-1518)
           Microsoft® C Runtime Library
[73CC0000] C:\Windows\System32\crypt32.dll
           6.2.14393.3442 - 10.0.14393.0 (rs1_release.160715-1616)
           API32 криптографии
[74000000] C:\Windows\System32\MSASN1.dll
           6.2.14393.0 - 10.0.14393.0 (rs1_release.160715-1616)
           ASN.1 Runtime APIs
[74010000] C:\Windows\System32\ADVAPI32.dll
           6.2.14393.2515 - 10.0.14393.0 (rs1_release.160715-1616)
           Расширенная библиотека API Windows 32
[740A0000] C:\Windows\System32\imagehlp.dll
           6.2.14393.0 - 10.0.14393.0 (rs1_release.160715-1616)
           Windows NT Image Helper
[740C0000] C:\Windows\System32\OLEAUT32.dll
           6.2.14393.3383 - 10.0.14393.3383 (rs1_release.191125-1816)
           OLEAUT32.DLL
[74570000] C:\Windows\System32\KERNEL32.DLL
           6.2.14393.2969 - 10.0.14393.2430 (rs1_release_inmarket_aim.180806-1810)
           Библиотека клиента Windows NT BASE API
[74650000] C:\Windows\System32\KERNELBASE.dll
           6.2.14393.3383 - 10.0.14393.2430 (rs1_release_inmarket_aim.180806-1810)
           Библиотека клиента Windows NT BASE API
[74800000] C:\Windows\System32\sechost.dll
           6.2.14393.2515 - 10.0.14393.0 (rs1_release.160715-1616)
           Host for SCM/SDDL/LSA Lookup APIs
[74850000] C:\Windows\System32\comdlg32.dll
           6.2.14393.2828 - 10.0.14393.0 (rs1_release.160715-1616)
           Библиотека общих диалоговых окон
[74940000] C:\Windows\System32\NSI.dll
           6.2.14393.3297 - 10.0.14393.3297 (rs1_release_1.191001-1045)
           NSI User-mode interface DLL
[74950000] C:\Windows\System32\msvcp_win.dll
           6.2.14393.2999 - 10.0.14393.2999 (rs1_release_inmarket.190520-1518)
           Microsoft® C Runtime Library
[74A70000] C:\Windows\System32\msvcrt.dll
           7.0.14393.2457 - 7.0.14393.2457 (rs1_release_inmarket.180822-1743)
           Windows NT CRT DLL
[74B80000] C:\Windows\System32\kernel.appcore.dll
           6.2.14393.2312 - 10.0.14393.2312 (rs1_release.180607-1919)
           AppModel API Host
[74B90000] C:\Windows\System32\MSCTF.dll
           6.2.14393.3471 - 10.0.14393.0 (rs1_release.160715-1616)
           Серверная библиотека MSCTF
[74CD0000] C:\Windows\System32\SHLWAPI.dll
           6.2.14393.0 - 10.0.14393.0 (rs1_release.160715-1616)
           Библиотека небольших программ оболочки
[74D20000] C:\Windows\System32\win32u.dll
           6.2.14393.51 - 10.0.14393.51 (rs1_release_inmarket.160801-1836)
           Win32u
[74D40000] C:\Windows\System32\WS2_32.dll
           6.2.14393.3241 - 10.0.14393.0 (rs1_release.160715-1616)
           32-разрядная библиотека Windows Socket 2.0
[74DB0000] C:\Windows\System32\RPCRT4.dll
           6.2.14393.3321 - 10.0.14393.0 (rs1_release.160715-1616)
           Библиотека удаленного вызова процедур
[74E80000] C:\Windows\System32\IMM32.DLL
           6.2.14393.0 - 10.0.14393.0 (rs1_release.160715-1616)
           Multi-User Windows IMM32 API Client DLL
[74EB0000] C:\Windows\System32\combase.dll
           6.2.14393.3503 - 10.0.14393.1198 (rs1_release_sec.170427-1353)
           Microsoft COM для Windows
[750C0000] C:\Windows\System32\profapi.dll
           6.2.14393.0 - 10.0.14393.0 (rs1_release.160715-1616)
           User Profile Basic API
[75130000] C:\Windows\System32\clbcatq.dll
           2001.12.10941.16384 - 2001.12.10941.16384 (rs1_release.160715-1616)
           COM+ Configuration Catalog
[751C0000] C:\Windows\System32\windows.storage.dll
           6.2.14393.3503 - 10.0.14393.0 (rs1_release.160715-1616)
           API хранения Microsoft WinRT
[75790000] C:\Windows\System32\USER32.dll
           6.2.14393.3503 - 10.0.14393.0 (rs1_release.160715-1616)
           Многопользовательская библиотека клиента USER API Windows
[758F0000] C:\Windows\System32\gdi32full.dll
           6.2.14393.3442 - 10.0.14393.3442 (rs1_release.191219-1727)
           GDI Client DLL
[75A50000] C:\Windows\System32\shcore.dll
           6.2.14393.2969 - 10.0.14393.0 (rs1_release.160715-1616)
           SHCORE
[75AE0000] C:\Windows\System32\SHELL32.dll
           6.2.14393.3503 - 10.0.14393.0 (rs1_release.160715-1616)
           Общая библиотека оболочки Windows
[76EC0000] C:\Windows\System32\ole32.dll
           6.2.14393.3053 - 10.0.14393.1198 (rs1_release_sec.170427-1353)
           Microsoft OLE для Windows
[76FB0000] C:\Windows\SYSTEM32\ntdll.dll
           6.2.14393.3503 - 10.0.14393.2430 (rs1_release_inmarket_aim.180806-1810)
           Системная библиотека NT
[77F90000] C:\Windows\WinSxS\x86_microsoft.vc80.crt_1fc8b3b9a1e18e3b_8.0.50727.9268_none_d08e1538442a243e\MSVCR80.dll
           8.0.50727.9268 - 8.00.50727.9268
           Microsoft® C Runtime Library
[78D00000] C:\Windows\AppPatch\AcGenral.DLL
           6.2.14393.3053 - 10.0.14393.3053 (rs1_release_inmarket.190612-1836)
           Windows Compatibility DLL
------------------------------------------------------------------------------
Active Controls hierarchy:
TLogonForm "LogonForm"
------------------------------------------------------------------------------
