==============================================================================
= 09.10.17 19:49:41                                                          =
==============================================================================
There was an error during the execution of this program.
The application might become unstable and even useless.
It's recommended that you save your work and close this application.

'"18' is not a valid floating point value.

------------------------------------------------------------------------------
Exception log with detailed tech info. Generated on 09.10.17 19:49:41.
You may send it to the application vendor, helping him to understand what had happened.
 Application title: Альфа-Склад
 Application file: \\Mac\Home\Yandex.Disk.localized\Проекты\AlphaSklad22\win32\release\AlphaSklad.exe
------------------------------------------------------------------------------
Exception class: EConvertError
Exception message: '"18' is not a valid floating point value.
Exception address: 004248F2
------------------------------------------------------------------------------
Main thread ID = 5700
Exception thread ID = 5700
------------------------------------------------------------------------------
Call stack for main thread
Stack list, generated 09.10.17 19:49:41
[77A10C52]{ntdll.dll   } ZwGetContextThread
------------------------------------------------------------------------------
System   : Windows 7 Professional, Version: 6.1, Build: 1DB1, "Service Pack 1"
Processor: Intel,       Intel(R) Core(TM) i7-3820QM CPU @ 2.70GHz, 2690 MHz MMX SSE SSE2 SSE3 SSSE3 SSE41 SSE42 64 bits DEP
Memory: 5719; free 850
Display  : 1448x905 pixels, 32 bpp
------------------------------------------------------------------------------
List of loaded modules:
[00400000] \\Mac\Home\Yandex.Disk.localized\Проекты\AlphaSklad22\win32\release\AlphaSklad.exe
           2.0.1.164 - 2.0.1.164
           Альфа-Склад
           Unit versioning information:
             JCL\source\common JclResources.pas 3b835be5ed0d4a7843bd3fc6c63afcdb453a0ce1 2016-01-03 22:33:33 +0100
             JCL\source\common JclBase.pas 9b66a8e055529e92628d7f07e6206dae091a7a02 2015-09-15 14:45:45 +0200
             JCL\source\windows JclWin32.pas d624fd26242bda437c36ce9914c9017e02085ce2 2015-09-21 20:19:08 +0200
             JCL\source\common JclLogic.pas 30b46b307c41c5832a4c12ebc44521872bc2145e 2011-09-02 22:07:50 +0000
             JCL\source\common JclStringConversions.pas 93a4cc6becdf2d5fbe6f5fe87eefab812f92043a 2012-05-16 19:09:59 +0000
             JCL\source\common JclCharsets.pas ab0aae09057fbca94755222b3085d97258b2bfb3 2012-08-14 09:25:52 +0000
             JCL\source\common Jcl8087.pas 30b46b307c41c5832a4c12ebc44521872bc2145e 2011-09-02 22:07:50 +0000
             JCL\source\common JclMath.pas d1d02eca6e23d92b9f966e4df26e7a5344d93437 2016-08-03 17:58:09 +0200
             JCL\source\common JclStreams.pas 60084e97bc6231a2d9017924ccb5f60177948a6f 2015-12-08 15:28:27 +0100
             JCL\source\common JclAnsiStrings.pas 3b3d95fec59fb7893d67103965779163169bea75 2016-08-02 18:03:25 +0200
             JCL\source\windows Snmp.pas 30b46b307c41c5832a4c12ebc44521872bc2145e 2011-09-02 22:07:50 +0000
             JCL\source\windows JclShell.pas 30b46b307c41c5832a4c12ebc44521872bc2145e 2011-09-02 22:07:50 +0000
             JCL\source\common JclIniFiles.pas 30b46b307c41c5832a4c12ebc44521872bc2145e 2011-09-02 22:07:50 +0000
             JCL\source\common JclSysInfo.pas 899ac61c5a68ab020ae47709ff112b5485c22dcd 2017-04-09 17:19:12 +0200
             JCL\source\common JclUnicode.pas 05d17d979f6c11a4dda56a5a68bf6ab4af93fba0 2015-12-10 19:40:22 +0100
             JCL\source\common JclWideStrings.pas 97afd495b06d3f0fbd0ce93cc346cc3bca8cc518 2012-03-04 18:39:47 +0000
             JCL\source\common JclStrings.pas 4ec204493293be0630eafae5d57f49acc1073486 2015-11-15 10:52:32 +0100
             JCL\source\windows JclRegistry.pas 5a26dc1cafb60f4dcaf1e677a6fb03cc30db43b3 2013-05-13 21:15:06 +0200
             JCL\source\common JclSynch.pas d624fd26242bda437c36ce9914c9017e02085ce2 2015-09-21 20:19:08 +0200
             JCL\source\windows JclConsole.pas 63ab8fae95c3353f6e97885a1bf4d5668bb07fc0 2012-02-12 22:30:08 +0000
             JCL\source\common JclSysUtils.pas 3850894d3261136797ba7eeb47bd2dd067198af2 2016-08-07 15:22:52 +0200
             JCL\source\common JclUnitVersioning.pas 07287bcbfadfc74e6fb2d99c09f5924a8f35accb 2012-09-04 14:08:04 +0000
             JCL\source\windows JclSecurity.pas 694e34d55a4b8a9ebcb55ddcc66d392e5e794d01 2013-12-01 22:59:37 +0100
             JCL\source\common JclDateTime.pas 30b46b307c41c5832a4c12ebc44521872bc2145e 2011-09-02 22:07:50 +0000
             JCL\source\common JclFileUtils.pas 14e6d6b003f774b2aab7dda32aa5aa66d67e3f2b 2016-08-03 17:32:24 +0200
             JCL\source\windows JclPeImage.pas a684168eb75d2b6dfd6934eacaa241d72b2d1994 2016-08-06 19:44:28 +0200
             JCL\source\windows JclTD32.pas 14e6d6b003f774b2aab7dda32aa5aa66d67e3f2b 2016-08-03 17:32:24 +0200
             JCL\source\windows JclHookExcept.pas 6b59e4b6afb018f1ad13fea584a434e07ad4158f 2015-08-12 23:29:39 +0200
             JCL\source\windows JclDebug.pas 6c057289f77714033adca27c4cfff2d8109c5311 2016-12-29 17:10:20 +0100
             JCL\source\common JclRTTI.pas 98c7a8c5f24e0171e99a8bd56b932f07915ddbe0 2012-10-28 15:50:32 +0000
             JCL\source\common JclMime.pas 1cfd310cb8dc43be89a0e2319b90c31e078888ce 2016-08-02 20:38:08 +0200
             JCL\source\common JclSimpleXml.pas 88d12f98fcf85d6514bf9362508d2ee7dbe940eb 2016-06-29 20:34:27 +0200
             JCL\source\windows JclMapi.pas 5a26dc1cafb60f4dcaf1e677a6fb03cc30db43b3 2013-05-13 21:15:06 +0200
             JCL\source\common JclUnitVersioningProviders.pas 30b46b307c41c5832a4c12ebc44521872bc2145e 2011-09-02 22:07:50 +0000
[076E0000] C:\Windows\system32\comsvcs.dll
<76DE0000> 2001.12.8531.19062 - 2001.12.8531.19062 (win7sp1_gdr.151111-0600)
           COM+ Services
[14790000] C:\Program Files (x86)\Common Files\System\msadc\msadce.dll
           6.1.7601.17514 - 6.1.7601.17514 (win7sp1_rtm.101119-1850)
           OLE DB Cursor Engine
[1ADF0000] C:\Program Files (x86)\Common Files\System\Ole DB\oledb32.dll
           6.1.7601.17514 - 6.1.7601.17514 (win7sp1_rtm.101119-1850)
           OLE DB Core Services
[1CDE0000] C:\Program Files (x86)\Common Files\System\ado\msado15.dll
           6.1.7601.23789 - 6.1.7601.23789 (win7sp1_ldr.170421-0600)
           ActiveX Data Objects
[41000000] C:\Windows\system32\MSDART.DLL
           6.1.7600.16385 - 6.1.7600.16385 (win7_rtm.090713-1255)
           OLE DB Runtime Routines
[48060000] C:\Program Files (x86)\Microsoft SQL Server\90\Shared\instapi.dll
           2005.90.1399.0 - 2005.090.1399.00
           SQL Server Instance API DLL
[59DA0000] C:\Windows\system32\ATL.DLL
           3.5.2284.0 - 3.05.2284
           ATL Module for Windows XP (Unicode)
[5A950000] C:\Program Files (x86)\Common Files\System\Ole DB\OLEDB32R.DLL
           6.1.7600.16385 - 6.1.7600.16385 (win7_rtm.090713-1255)
           Ресурсы основных служб OLE DB
[5A9F0000] c:\progra~1\yandex\browser\protect\wl_hook.dll
           1.10.778.22 - 1.10.778.22
           Yandex Protect Module
[5CB90000] C:\Program Files (x86)\Common Files\System\msadc\msadcer.dll
           6.1.7600.16385 - 6.1.7600.16385 (win7_rtm.090713-1255)
           OLE DB Cursor Engine Resources
[5DD60000] C:\Program Files (x86)\Common Files\System\ado\msader15.dll
           6.1.7600.16385 - 6.1.7600.16385 (win7_rtm.090713-1255)
           ActiveX Data Objects Resources
[5EF70000] C:\Program Files (x86)\Common Files\microsoft shared\ink\tiptsf.dll
           6.1.7601.18984 - 6.1.7600.16385 (win7_rtm.090713-1255)
           Инфраструктура текстовой службы панели ввода планшетного ПК
[645D0000] C:\Windows\system32\uxtheme.dll
           6.1.7600.16385 - 6.1.7600.16385 (win7_rtm.090713-1255)
           Библиотека тем UxTheme (Microsoft)
[67A50000] C:\Windows\SysWOW64\sqlncli11.dll
           2011.110.6538.0 - 2011.0110.6538.00 ((SQL11_PCU_Main).160507-2234 )
           Microsoft SQL Server Native Client 11.0
[68270000] C:\Windows\system32\netbios.dll
           6.1.7600.16385 - 6.1.7600.16385 (win7_rtm.090713-1255)
           NetBIOS Interface Library
[68280000] C:\Windows\SysWOW64\1049\SQLNCLIR11.RLL
           2011.110.2100.60 - 2011.0110.2100.060 ((SQL11_RTM).120210-1846 )
           Microsoft SQL Server Native Client 11.0
[682D0000] C:\Windows\system32\RESUTILS.DLL
           6.1.7601.17514 - 6.1.7601.17514 (win7sp1_rtm.101119-1850)
           Microsoft Cluster Resource Utility DLL
[682F0000] C:\Windows\system32\CLUSAPI.DLL
           6.1.7601.17514 - 6.1.7600.16385 (win7_rtm.090713-1255)
           Библиотека API кластера
[686D0000] C:\Windows\System32\fwpuclnt.dll
           6.1.7601.18283 - 6.1.7600.16385 (win7_rtm.090713-1255)
           API пользовательского режима FWP/IPsec
[68710000] C:\Windows\system32\rasadhlp.dll
           6.1.7600.16385 - 6.1.7600.16385 (win7_rtm.090713-1255)
           Remote Access AutoDial Helper
[68720000] C:\Windows\system32\DNSAPI.dll
           6.1.7601.17570 - 6.1.7600.16385 (win7_rtm.090713-1255)
           Динамическая библиотека API DNS-клиента
[68770000] C:\Windows\system32\ntdsapi.dll
           6.1.7600.16385 - 6.1.7600.16385 (win7_rtm.090713-1255)
           Active Directory Domain Services API
[68790000] C:\Windows\SysWOW64\msv1_0.DLL
           6.1.7601.23889 - 6.1.7600.16385 (win7_rtm.090713-1255)
           Microsoft Authentication Package v1.0
[687E0000] C:\Windows\system32\cryptdll.dll
           6.1.7600.16385 - 6.1.7600.16385 (win7_rtm.090713-1255)
           Cryptography Manager
[68800000] C:\Windows\SysWOW64\Kerberos.DLL
           6.1.7601.23889 - 6.1.7600.16385 (win7_rtm.090713-1255)
           Пакет безопасности Kerberos
[68890000] C:\Windows\SysWOW64\schannel.dll
           6.1.7601.23889 - 6.1.7601.23889 (win7sp1_ldr.170810-1615)
           TLS / SSL Security Provider
[688E0000] C:\Windows\system32\credssp.dll
           6.1.7601.23889 - 6.1.7601.23889 (win7sp1_ldr.170810-1615)
           Credential Delegation Security Package
[688F0000] C:\Windows\system32\security.dll
           6.1.7600.16385 - 6.1.7600.16385 (win7_rtm.090713-1255)
           Security Support Provider Interface
[6ADB0000] C:\Windows\SysWOW64\bcryptprimitives.dll
           6.1.7601.23451 - 6.1.7601.23451 (win7sp1_ldr.160511-0600)
           Windows Cryptographic Primitives Library
[6ADF0000] C:\Windows\system32\ncrypt.dll
           6.1.7601.23889 - 6.1.7600.16385 (win7_rtm.090713-1255)
           Криптографическая библиотека (Windows)
[6C080000] C:\Windows\system32\bcrypt.dll
           6.1.7601.23889 - 6.1.7601.23889 (win7sp1_ldr.170810-1615)
           Windows Cryptographic Primitives Library (Wow64)
[6C2D0000] C:\Windows\system32\WINSTA.dll
           6.1.7601.18540 - 6.1.7601.18540 (win7sp1_gdr.140716-1508)
           Winstation Library
[6C300000] C:\Windows\system32\oleacc.dll
           7.0.0.0 - 7.0.0.0 (win7sp1_gdr.110826-1504)
           Active Accessibility Core Component
[6C340000] C:\Windows\system32\winspool.drv
           6.1.7601.17514 - 6.1.7600.16385 (win7_rtm.090713-1255)
           Драйвер диспетчера очереди Windows
[6C5A0000] C:\Windows\system32\dwmapi.dll
           6.1.7601.18917 - 6.1.7600.16385 (win7_rtm.090713-1255)
           Интерфейс API диспетчера окон рабочего стола (Майкрософт)
[6C5C0000] C:\Windows\syswow64\dbghelp.dll
           6.1.7601.17514 - 6.1.7601.17514 (win7sp1_rtm.101119-1850)
           Windows Image Helper
[6C6D0000] C:\Windows\System32\wship6.dll
           6.1.7600.16385 - 6.1.7600.16385 (win7_rtm.090713-1255)
           Библиотека DLL помощника Winsock2 (TL/IPv6)
[6C6E0000] C:\Windows\System32\wshtcpip.dll
           6.1.7600.16385 - 6.1.7600.16385 (win7_rtm.090713-1255)
           Библиотека DLL помощника службы Winsock2 (TL/IPv4)
[6C6F0000] C:\Windows\system32\mswsock.dll
           6.1.7601.23451 - 6.1.7600.16385 (win7_rtm.090713-1255)
           Расширение поставщика службы API Microsoft Windows Sockets 2.0
[6C7A0000] C:\Windows\WinSxS\x86_microsoft.windows.common-controls_6595b64144ccf1df_6.0.7601.18837_none_41e855142bd5705d\comctl32.dll
           6.10.7601.18837 - 6.10 (win7_rtm.090713-1255)
           Библиотека элементов управления взаимодействия с пользователем
[6CA60000] C:\Windows\system32\wtsapi32.dll
           6.1.7601.17514 - 6.1.7601.17514 (win7sp1_rtm.101119-1850)
           Windows Remote Desktop Session Host Server SDK APIs
[6CAA0000] C:\Windows\system32\LOGONCLI.DLL
           6.1.7601.17514 - 6.1.7601.17514 (win7sp1_rtm.101119-1850)
           Net Logon Client DLL
[6E6F0000] C:\Windows\system32\winmm.dll
           6.1.7601.17514 - 6.1.7600.16385 (win7_rtm.090713-1255)
           MCI API DLL
[6F400000] C:\Windows\system32\secur32.dll
           6.1.7601.23889 - 6.1.7601.23889 (win7sp1_ldr.170810-1615)
           Security Support Provider Interface
[73540000] C:\Windows\SysWOW64\MSVCR100.dll
           10.0.40219.325 - 10.00.40219.325
           Microsoft® C Runtime Library
[73700000] C:\Windows\WinSxS\x86_microsoft.vc80.crt_1fc8b3b9a1e18e3b_8.0.50727.6229_none_d089f796442de10e\MSVCR80.dll
           8.0.50727.6229 - 8.00.50727.6229
           Microsoft® C Runtime Library
[73840000] C:\Windows\system32\mpr.dll
           6.1.7600.16385 - 6.1.7600.16385 (win7_rtm.090713-1255)
           Библиотека маршрутизации для нескольких служб доступа
[738F0000] C:\Windows\system32\RpcRtRemote.dll
           6.1.7601.17514 - 6.1.7601.17514 (win7sp1_rtm.101119-1850)
           Remote RPC Extension
[73900000] C:\Windows\system32\rsaenh.dll
           6.1.7600.16385 - 6.1.7600.16385 (win7_rtm.090713-1255)
           Microsoft Enhanced Cryptographic Provider
[73940000] C:\Windows\system32\CRYPTSP.dll
           6.1.7601.23471 - 6.1.7601.23471 (win7sp1_ldr.160614-0600)
           Cryptographic Service Provider API
[73A00000] C:\Windows\system32\api-ms-win-core-synch-l1-2-0.DLL
           10.0.10586.788 - 10.0.10586.788 (th2_release_sec.170113-1732)
           ApiSet Stub DLL
[73A10000] C:\Windows\system32\version.dll
           6.1.7600.16385 - 6.1.7600.16385 (win7_rtm.090713-1255)
           Version Checking and File Installation Libraries
[73AD0000] C:\Windows\system32\WINNSI.DLL
           6.1.7601.23889 - 6.1.7601.23889 (win7sp1_ldr.170810-1615)
           Network Store Information RPC interface
[73AE0000] C:\Windows\system32\IPHLPAPI.DLL
           6.1.7601.17514 - 6.1.7600.16385 (win7_rtm.090713-1255)
           IP Helper API
[73D50000] C:\Windows\SysWOW64\wkscli.dll
           6.1.7601.17514 - 6.1.7601.17514 (win7sp1_rtm.101119-1850)
           Workstation Service Client DLL
[73D60000] C:\Windows\SysWOW64\srvcli.dll
           6.1.7601.17514 - 6.1.7601.17514 (win7sp1_rtm.101119-1850)
           Server Service Client DLL
[73D80000] C:\Windows\SysWOW64\netutils.dll
           6.1.7601.17514 - 6.1.7601.17514 (win7sp1_rtm.101119-1850)
           Net Win32 API Helpers DLL
[73D90000] C:\Windows\SysWOW64\NETAPI32.dll
           6.1.7601.17887 - 6.1.7601.17887 (win7sp1_gdr.120704-0720)
           Net Win32 API DLL
[75280000] C:\Windows\syswow64\CRYPTBASE.dll
           6.1.7601.23889 - 6.1.7601.23889 (win7sp1_ldr.170810-1615)
           Base cryptographic API DLL
[75290000] C:\Windows\syswow64\SspiCli.dll
           6.1.7601.23889 - 6.1.7601.23889 (win7sp1_ldr.170810-1615)
           Security Support Provider Interface
[75350000] C:\Windows\syswow64\crypt32.dll
           6.1.7601.23769 - 6.1.7601.23769 (win7sp1_ldr.170412-0600)
           API32 криптографии
[75480000] C:\Windows\syswow64\GDI32.dll
           6.1.7601.23807 - 6.1.7601.23807 (win7sp1_ldr.170512-0600)
           GDI Client DLL
[75540000] C:\Windows\syswow64\comdlg32.dll
           6.1.7601.17514 - 6.1.7600.16385 (win7_rtm.090713-1255)
           Библиотека общих диалоговых окон
[755C0000] C:\Windows\syswow64\SHLWAPI.dll
           6.1.7601.17514 - 6.1.7600.16385 (win7_rtm.090713-1255)
           Библиотека небольших программ оболочки
[75620000] C:\Windows\syswow64\CLBCatQ.DLL
           2001.12.8530.16385 - 2001.12.8530.16385 (win7_rtm.090713-1255)
           COM+ Configuration Catalog
[756C0000] C:\Windows\syswow64\USER32.dll
           6.1.7601.23594 - 6.1.7601.17514 (win7sp1_rtm.101119-1850)
           Многопользовательская библиотека клиента USER API Windows
[757D0000] C:\Windows\SysWOW64\sechost.dll
           6.1.7601.18869 - 6.1.7600.16385 (win7_rtm.090713-1255)
           Host for SCM/SDDL/LSA Lookup APIs
[757F0000] C:\Windows\syswow64\shell32.dll
           6.1.7601.23893 - 6.1.7601.17514 (win7sp1_rtm.101119-1850)
           Общая библиотека оболочки Windows
[76520000] C:\Windows\syswow64\PSAPI.DLL
           6.1.7600.16385 - 6.1.7600.16385 (win7_rtm.090713-1255)
           Process Status Helper
[766D0000] C:\Windows\syswow64\RPCRT4.dll
           6.1.7601.23889 - 6.1.7600.16385 (win7_rtm.090713-1255)
           Библиотека удаленного вызова процедур
[767C0000] C:\Windows\syswow64\KERNELBASE.dll
           6.1.7601.23889 - 6.1.7601.18015 (win7sp1_gdr.121129-1432)
           Библиотека клиента Windows NT BASE API
[76840000] C:\Windows\syswow64\USP10.dll
           1.626.7601.23894 - 1.0626.7601.23894 (win7sp1_ldr.170816-0600)
           Uniscribe Unicode script processor
[76DF0000] C:\Windows\syswow64\WS2_32.dll
           6.1.7601.23451 - 6.1.7600.16385 (win7_rtm.090713-1255)
           32-разрядная библиотека Windows Socket 2.0
[76E30000] C:\Windows\syswow64\ADVAPI32.dll
           6.1.7601.23889 - 6.1.7601.23889 (win7sp1_ldr.170810-1615)
           Расширенная библиотека API Windows 32
[76F00000] C:\Windows\syswow64\kernel32.dll
           6.1.7601.23889 - 6.1.7601.18015 (win7sp1_gdr.121129-1432)
           Библиотека клиента Windows NT BASE API
[77020000] C:\Windows\syswow64\msvcrt.dll
           7.0.7601.17744 - 7.0.7601.17744 (win7sp1_gdr.111215-1535)
           Windows NT CRT DLL
[770D0000] C:\Windows\syswow64\NSI.dll
           6.1.7601.23889 - 6.1.7601.23889 (win7sp1_ldr.170810-1615)
           NSI User-mode interface DLL
[77110000] C:\Windows\syswow64\LPK.dll
           6.1.7601.23807 - 6.1.7601.23807 (win7sp1_ldr.170512-0600)
           Language Pack
[77120000] C:\Windows\syswow64\ole32.dll
           6.1.7601.23889 - 6.1.7601.23889 (win7sp1_ldr.170810-1615)
           Microsoft OLE для  Windows
[77280000] C:\Windows\syswow64\oleaut32.dll
           6.1.7601.23775 - 6.1.7601.23775
[77320000] C:\Windows\syswow64\MSASN1.dll
           6.1.7601.17514 - 6.1.7601.17514 (win7sp1_rtm.101119-1850)
           ASN.1 Runtime APIs
[77330000] C:\Windows\system32\IMM32.DLL
           6.1.7601.17514 - 6.1.7601.17514 (win7sp1_rtm.101119-1850)
           Multi-User Windows IMM32 API Client DLL
[77390000] C:\Windows\syswow64\MSCTF.dll
           6.1.7601.23572 - 6.1.7600.16385 (win7_rtm.090713-1255)
           Серверная библиотека MSCTF
[775C0000] C:\Windows\syswow64\imagehlp.dll
           6.1.7601.18288 - 6.1.7601.18288 (win7sp1_gdr.131018-1533)
           Windows NT Image Helper
[779F0000] C:\Windows\SysWOW64\ntdll.dll
           6.1.7601.23889 - 6.1.7600.16385 (win7_rtm.090713-1255)
           Системная библиотека NT
------------------------------------------------------------------------------
Active Controls hierarchy:
TJvDBUltimGrid "JvDBUltimGrid1"
TTabSheet "TabSheet1"
TPageControl "PageControl1"
TMainForm "MainForm"
------------------------------------------------------------------------------

==============================================================================
= 09.10.17 19:49:58                                                          =
==============================================================================
There was an error during the execution of this program.
The application might become unstable and even useless.
It's recommended that you save your work and close this application.

'"18' is not a valid floating point value.

------------------------------------------------------------------------------
Exception log with detailed tech info. Generated on 09.10.17 19:49:58.
You may send it to the application vendor, helping him to understand what had happened.
 Application title: Альфа-Склад
 Application file: \\Mac\Home\Yandex.Disk.localized\Проекты\AlphaSklad22\win32\release\AlphaSklad.exe
------------------------------------------------------------------------------
Exception class: EConvertError
Exception message: '"18' is not a valid floating point value.
Exception address: 004248F2
------------------------------------------------------------------------------
Main thread ID = 5700
Exception thread ID = 5700
------------------------------------------------------------------------------
Exception stack
Stack list, generated 09.10.17 19:49:41
[77A10C52]{ntdll.dll   } ZwGetContextThread
------------------------------------------------------------------------------
Call stack for main thread
Stack list, generated 09.10.17 19:49:58
[77A10C52]{ntdll.dll   } ZwGetContextThread
------------------------------------------------------------------------------
System   : Windows 7 Professional, Version: 6.1, Build: 1DB1, "Service Pack 1"
Processor: Intel,       Intel(R) Core(TM) i7-3820QM CPU @ 2.70GHz, 2700 MHz MMX SSE SSE2 SSE3 SSSE3 SSE41 SSE42 64 bits DEP
Memory: 5719; free 846
Display  : 1448x905 pixels, 32 bpp
------------------------------------------------------------------------------
List of loaded modules:
[00400000] \\Mac\Home\Yandex.Disk.localized\Проекты\AlphaSklad22\win32\release\AlphaSklad.exe
           2.0.1.164 - 2.0.1.164
           Альфа-Склад
           Unit versioning information:
             JCL\source\common JclResources.pas 3b835be5ed0d4a7843bd3fc6c63afcdb453a0ce1 2016-01-03 22:33:33 +0100
             JCL\source\common JclBase.pas 9b66a8e055529e92628d7f07e6206dae091a7a02 2015-09-15 14:45:45 +0200
             JCL\source\windows JclWin32.pas d624fd26242bda437c36ce9914c9017e02085ce2 2015-09-21 20:19:08 +0200
             JCL\source\common JclLogic.pas 30b46b307c41c5832a4c12ebc44521872bc2145e 2011-09-02 22:07:50 +0000
             JCL\source\common JclStringConversions.pas 93a4cc6becdf2d5fbe6f5fe87eefab812f92043a 2012-05-16 19:09:59 +0000
             JCL\source\common JclCharsets.pas ab0aae09057fbca94755222b3085d97258b2bfb3 2012-08-14 09:25:52 +0000
             JCL\source\common Jcl8087.pas 30b46b307c41c5832a4c12ebc44521872bc2145e 2011-09-02 22:07:50 +0000
             JCL\source\common JclMath.pas d1d02eca6e23d92b9f966e4df26e7a5344d93437 2016-08-03 17:58:09 +0200
             JCL\source\common JclStreams.pas 60084e97bc6231a2d9017924ccb5f60177948a6f 2015-12-08 15:28:27 +0100
             JCL\source\common JclAnsiStrings.pas 3b3d95fec59fb7893d67103965779163169bea75 2016-08-02 18:03:25 +0200
             JCL\source\windows Snmp.pas 30b46b307c41c5832a4c12ebc44521872bc2145e 2011-09-02 22:07:50 +0000
             JCL\source\windows JclShell.pas 30b46b307c41c5832a4c12ebc44521872bc2145e 2011-09-02 22:07:50 +0000
             JCL\source\common JclIniFiles.pas 30b46b307c41c5832a4c12ebc44521872bc2145e 2011-09-02 22:07:50 +0000
             JCL\source\common JclSysInfo.pas 899ac61c5a68ab020ae47709ff112b5485c22dcd 2017-04-09 17:19:12 +0200
             JCL\source\common JclUnicode.pas 05d17d979f6c11a4dda56a5a68bf6ab4af93fba0 2015-12-10 19:40:22 +0100
             JCL\source\common JclWideStrings.pas 97afd495b06d3f0fbd0ce93cc346cc3bca8cc518 2012-03-04 18:39:47 +0000
             JCL\source\common JclStrings.pas 4ec204493293be0630eafae5d57f49acc1073486 2015-11-15 10:52:32 +0100
             JCL\source\windows JclRegistry.pas 5a26dc1cafb60f4dcaf1e677a6fb03cc30db43b3 2013-05-13 21:15:06 +0200
             JCL\source\common JclSynch.pas d624fd26242bda437c36ce9914c9017e02085ce2 2015-09-21 20:19:08 +0200
             JCL\source\windows JclConsole.pas 63ab8fae95c3353f6e97885a1bf4d5668bb07fc0 2012-02-12 22:30:08 +0000
             JCL\source\common JclSysUtils.pas 3850894d3261136797ba7eeb47bd2dd067198af2 2016-08-07 15:22:52 +0200
             JCL\source\common JclUnitVersioning.pas 07287bcbfadfc74e6fb2d99c09f5924a8f35accb 2012-09-04 14:08:04 +0000
             JCL\source\windows JclSecurity.pas 694e34d55a4b8a9ebcb55ddcc66d392e5e794d01 2013-12-01 22:59:37 +0100
             JCL\source\common JclDateTime.pas 30b46b307c41c5832a4c12ebc44521872bc2145e 2011-09-02 22:07:50 +0000
             JCL\source\common JclFileUtils.pas 14e6d6b003f774b2aab7dda32aa5aa66d67e3f2b 2016-08-03 17:32:24 +0200
             JCL\source\windows JclPeImage.pas a684168eb75d2b6dfd6934eacaa241d72b2d1994 2016-08-06 19:44:28 +0200
             JCL\source\windows JclTD32.pas 14e6d6b003f774b2aab7dda32aa5aa66d67e3f2b 2016-08-03 17:32:24 +0200
             JCL\source\windows JclHookExcept.pas 6b59e4b6afb018f1ad13fea584a434e07ad4158f 2015-08-12 23:29:39 +0200
             JCL\source\windows JclDebug.pas 6c057289f77714033adca27c4cfff2d8109c5311 2016-12-29 17:10:20 +0100
             JCL\source\common JclRTTI.pas 98c7a8c5f24e0171e99a8bd56b932f07915ddbe0 2012-10-28 15:50:32 +0000
             JCL\source\common JclMime.pas 1cfd310cb8dc43be89a0e2319b90c31e078888ce 2016-08-02 20:38:08 +0200
             JCL\source\common JclSimpleXml.pas 88d12f98fcf85d6514bf9362508d2ee7dbe940eb 2016-06-29 20:34:27 +0200
             JCL\source\windows JclMapi.pas 5a26dc1cafb60f4dcaf1e677a6fb03cc30db43b3 2013-05-13 21:15:06 +0200
             JCL\source\common JclUnitVersioningProviders.pas 30b46b307c41c5832a4c12ebc44521872bc2145e 2011-09-02 22:07:50 +0000
[076E0000] C:\Windows\system32\comsvcs.dll
<76DE0000> 2001.12.8531.19062 - 2001.12.8531.19062 (win7sp1_gdr.151111-0600)
           COM+ Services
[14790000] C:\Program Files (x86)\Common Files\System\msadc\msadce.dll
           6.1.7601.17514 - 6.1.7601.17514 (win7sp1_rtm.101119-1850)
           OLE DB Cursor Engine
[1ADF0000] C:\Program Files (x86)\Common Files\System\Ole DB\oledb32.dll
           6.1.7601.17514 - 6.1.7601.17514 (win7sp1_rtm.101119-1850)
           OLE DB Core Services
[1CDE0000] C:\Program Files (x86)\Common Files\System\ado\msado15.dll
           6.1.7601.23789 - 6.1.7601.23789 (win7sp1_ldr.170421-0600)
           ActiveX Data Objects
[41000000] C:\Windows\system32\MSDART.DLL
           6.1.7600.16385 - 6.1.7600.16385 (win7_rtm.090713-1255)
           OLE DB Runtime Routines
[48060000] C:\Program Files (x86)\Microsoft SQL Server\90\Shared\instapi.dll
           2005.90.1399.0 - 2005.090.1399.00
           SQL Server Instance API DLL
[59DA0000] C:\Windows\system32\ATL.DLL
           3.5.2284.0 - 3.05.2284
           ATL Module for Windows XP (Unicode)
[5A950000] C:\Program Files (x86)\Common Files\System\Ole DB\OLEDB32R.DLL
           6.1.7600.16385 - 6.1.7600.16385 (win7_rtm.090713-1255)
           Ресурсы основных служб OLE DB
[5A9F0000] c:\progra~1\yandex\browser\protect\wl_hook.dll
           1.10.778.22 - 1.10.778.22
           Yandex Protect Module
[5CB90000] C:\Program Files (x86)\Common Files\System\msadc\msadcer.dll
           6.1.7600.16385 - 6.1.7600.16385 (win7_rtm.090713-1255)
           OLE DB Cursor Engine Resources
[5DD60000] C:\Program Files (x86)\Common Files\System\ado\msader15.dll
           6.1.7600.16385 - 6.1.7600.16385 (win7_rtm.090713-1255)
           ActiveX Data Objects Resources
[5EF70000] C:\Program Files (x86)\Common Files\microsoft shared\ink\tiptsf.dll
           6.1.7601.18984 - 6.1.7600.16385 (win7_rtm.090713-1255)
           Инфраструктура текстовой службы панели ввода планшетного ПК
[645D0000] C:\Windows\system32\uxtheme.dll
           6.1.7600.16385 - 6.1.7600.16385 (win7_rtm.090713-1255)
           Библиотека тем UxTheme (Microsoft)
[67A50000] C:\Windows\SysWOW64\sqlncli11.dll
           2011.110.6538.0 - 2011.0110.6538.00 ((SQL11_PCU_Main).160507-2234 )
           Microsoft SQL Server Native Client 11.0
[68270000] C:\Windows\system32\netbios.dll
           6.1.7600.16385 - 6.1.7600.16385 (win7_rtm.090713-1255)
           NetBIOS Interface Library
[68280000] C:\Windows\SysWOW64\1049\SQLNCLIR11.RLL
           2011.110.2100.60 - 2011.0110.2100.060 ((SQL11_RTM).120210-1846 )
           Microsoft SQL Server Native Client 11.0
[682D0000] C:\Windows\system32\RESUTILS.DLL
           6.1.7601.17514 - 6.1.7601.17514 (win7sp1_rtm.101119-1850)
           Microsoft Cluster Resource Utility DLL
[682F0000] C:\Windows\system32\CLUSAPI.DLL
           6.1.7601.17514 - 6.1.7600.16385 (win7_rtm.090713-1255)
           Библиотека API кластера
[686D0000] C:\Windows\System32\fwpuclnt.dll
           6.1.7601.18283 - 6.1.7600.16385 (win7_rtm.090713-1255)
           API пользовательского режима FWP/IPsec
[68710000] C:\Windows\system32\rasadhlp.dll
           6.1.7600.16385 - 6.1.7600.16385 (win7_rtm.090713-1255)
           Remote Access AutoDial Helper
[68720000] C:\Windows\system32\DNSAPI.dll
           6.1.7601.17570 - 6.1.7600.16385 (win7_rtm.090713-1255)
           Динамическая библиотека API DNS-клиента
[68770000] C:\Windows\system32\ntdsapi.dll
           6.1.7600.16385 - 6.1.7600.16385 (win7_rtm.090713-1255)
           Active Directory Domain Services API
[68790000] C:\Windows\SysWOW64\msv1_0.DLL
           6.1.7601.23889 - 6.1.7600.16385 (win7_rtm.090713-1255)
           Microsoft Authentication Package v1.0
[687E0000] C:\Windows\system32\cryptdll.dll
           6.1.7600.16385 - 6.1.7600.16385 (win7_rtm.090713-1255)
           Cryptography Manager
[68800000] C:\Windows\SysWOW64\Kerberos.DLL
           6.1.7601.23889 - 6.1.7600.16385 (win7_rtm.090713-1255)
           Пакет безопасности Kerberos
[68890000] C:\Windows\SysWOW64\schannel.dll
           6.1.7601.23889 - 6.1.7601.23889 (win7sp1_ldr.170810-1615)
           TLS / SSL Security Provider
[688E0000] C:\Windows\system32\credssp.dll
           6.1.7601.23889 - 6.1.7601.23889 (win7sp1_ldr.170810-1615)
           Credential Delegation Security Package
[688F0000] C:\Windows\system32\security.dll
           6.1.7600.16385 - 6.1.7600.16385 (win7_rtm.090713-1255)
           Security Support Provider Interface
[6ADB0000] C:\Windows\SysWOW64\bcryptprimitives.dll
           6.1.7601.23451 - 6.1.7601.23451 (win7sp1_ldr.160511-0600)
           Windows Cryptographic Primitives Library
[6ADF0000] C:\Windows\system32\ncrypt.dll
           6.1.7601.23889 - 6.1.7600.16385 (win7_rtm.090713-1255)
           Криптографическая библиотека (Windows)
[6C080000] C:\Windows\system32\bcrypt.dll
           6.1.7601.23889 - 6.1.7601.23889 (win7sp1_ldr.170810-1615)
           Windows Cryptographic Primitives Library (Wow64)
[6C2D0000] C:\Windows\system32\WINSTA.dll
           6.1.7601.18540 - 6.1.7601.18540 (win7sp1_gdr.140716-1508)
           Winstation Library
[6C300000] C:\Windows\system32\oleacc.dll
           7.0.0.0 - 7.0.0.0 (win7sp1_gdr.110826-1504)
           Active Accessibility Core Component
[6C340000] C:\Windows\system32\winspool.drv
           6.1.7601.17514 - 6.1.7600.16385 (win7_rtm.090713-1255)
           Драйвер диспетчера очереди Windows
[6C5A0000] C:\Windows\system32\dwmapi.dll
           6.1.7601.18917 - 6.1.7600.16385 (win7_rtm.090713-1255)
           Интерфейс API диспетчера окон рабочего стола (Майкрософт)
[6C5C0000] C:\Windows\syswow64\dbghelp.dll
           6.1.7601.17514 - 6.1.7601.17514 (win7sp1_rtm.101119-1850)
           Windows Image Helper
[6C6D0000] C:\Windows\System32\wship6.dll
           6.1.7600.16385 - 6.1.7600.16385 (win7_rtm.090713-1255)
           Библиотека DLL помощника Winsock2 (TL/IPv6)
[6C6E0000] C:\Windows\System32\wshtcpip.dll
           6.1.7600.16385 - 6.1.7600.16385 (win7_rtm.090713-1255)
           Библиотека DLL помощника службы Winsock2 (TL/IPv4)
[6C6F0000] C:\Windows\system32\mswsock.dll
           6.1.7601.23451 - 6.1.7600.16385 (win7_rtm.090713-1255)
           Расширение поставщика службы API Microsoft Windows Sockets 2.0
[6C7A0000] C:\Windows\WinSxS\x86_microsoft.windows.common-controls_6595b64144ccf1df_6.0.7601.18837_none_41e855142bd5705d\comctl32.dll
           6.10.7601.18837 - 6.10 (win7_rtm.090713-1255)
           Библиотека элементов управления взаимодействия с пользователем
[6CA60000] C:\Windows\system32\wtsapi32.dll
           6.1.7601.17514 - 6.1.7601.17514 (win7sp1_rtm.101119-1850)
           Windows Remote Desktop Session Host Server SDK APIs
[6CAA0000] C:\Windows\system32\LOGONCLI.DLL
           6.1.7601.17514 - 6.1.7601.17514 (win7sp1_rtm.101119-1850)
           Net Logon Client DLL
[6E6F0000] C:\Windows\system32\winmm.dll
           6.1.7601.17514 - 6.1.7600.16385 (win7_rtm.090713-1255)
           MCI API DLL
[6F400000] C:\Windows\system32\secur32.dll
           6.1.7601.23889 - 6.1.7601.23889 (win7sp1_ldr.170810-1615)
           Security Support Provider Interface
[73540000] C:\Windows\SysWOW64\MSVCR100.dll
           10.0.40219.325 - 10.00.40219.325
           Microsoft® C Runtime Library
[73700000] C:\Windows\WinSxS\x86_microsoft.vc80.crt_1fc8b3b9a1e18e3b_8.0.50727.6229_none_d089f796442de10e\MSVCR80.dll
           8.0.50727.6229 - 8.00.50727.6229
           Microsoft® C Runtime Library
[73840000] C:\Windows\system32\mpr.dll
           6.1.7600.16385 - 6.1.7600.16385 (win7_rtm.090713-1255)
           Библиотека маршрутизации для нескольких служб доступа
[738F0000] C:\Windows\system32\RpcRtRemote.dll
           6.1.7601.17514 - 6.1.7601.17514 (win7sp1_rtm.101119-1850)
           Remote RPC Extension
[73900000] C:\Windows\system32\rsaenh.dll
           6.1.7600.16385 - 6.1.7600.16385 (win7_rtm.090713-1255)
           Microsoft Enhanced Cryptographic Provider
[73940000] C:\Windows\system32\CRYPTSP.dll
           6.1.7601.23471 - 6.1.7601.23471 (win7sp1_ldr.160614-0600)
           Cryptographic Service Provider API
[73A00000] C:\Windows\system32\api-ms-win-core-synch-l1-2-0.DLL
           10.0.10586.788 - 10.0.10586.788 (th2_release_sec.170113-1732)
           ApiSet Stub DLL
[73A10000] C:\Windows\system32\version.dll
           6.1.7600.16385 - 6.1.7600.16385 (win7_rtm.090713-1255)
           Version Checking and File Installation Libraries
[73AD0000] C:\Windows\system32\WINNSI.DLL
           6.1.7601.23889 - 6.1.7601.23889 (win7sp1_ldr.170810-1615)
           Network Store Information RPC interface
[73AE0000] C:\Windows\system32\IPHLPAPI.DLL
           6.1.7601.17514 - 6.1.7600.16385 (win7_rtm.090713-1255)
           IP Helper API
[73D50000] C:\Windows\SysWOW64\wkscli.dll
           6.1.7601.17514 - 6.1.7601.17514 (win7sp1_rtm.101119-1850)
           Workstation Service Client DLL
[73D60000] C:\Windows\SysWOW64\srvcli.dll
           6.1.7601.17514 - 6.1.7601.17514 (win7sp1_rtm.101119-1850)
           Server Service Client DLL
[73D80000] C:\Windows\SysWOW64\netutils.dll
           6.1.7601.17514 - 6.1.7601.17514 (win7sp1_rtm.101119-1850)
           Net Win32 API Helpers DLL
[73D90000] C:\Windows\SysWOW64\NETAPI32.dll
           6.1.7601.17887 - 6.1.7601.17887 (win7sp1_gdr.120704-0720)
           Net Win32 API DLL
[75280000] C:\Windows\syswow64\CRYPTBASE.dll
           6.1.7601.23889 - 6.1.7601.23889 (win7sp1_ldr.170810-1615)
           Base cryptographic API DLL
[75290000] C:\Windows\syswow64\SspiCli.dll
           6.1.7601.23889 - 6.1.7601.23889 (win7sp1_ldr.170810-1615)
           Security Support Provider Interface
[75350000] C:\Windows\syswow64\crypt32.dll
           6.1.7601.23769 - 6.1.7601.23769 (win7sp1_ldr.170412-0600)
           API32 криптографии
[75480000] C:\Windows\syswow64\GDI32.dll
           6.1.7601.23807 - 6.1.7601.23807 (win7sp1_ldr.170512-0600)
           GDI Client DLL
[75540000] C:\Windows\syswow64\comdlg32.dll
           6.1.7601.17514 - 6.1.7600.16385 (win7_rtm.090713-1255)
           Библиотека общих диалоговых окон
[755C0000] C:\Windows\syswow64\SHLWAPI.dll
           6.1.7601.17514 - 6.1.7600.16385 (win7_rtm.090713-1255)
           Библиотека небольших программ оболочки
[75620000] C:\Windows\syswow64\CLBCatQ.DLL
           2001.12.8530.16385 - 2001.12.8530.16385 (win7_rtm.090713-1255)
           COM+ Configuration Catalog
[756C0000] C:\Windows\syswow64\USER32.dll
           6.1.7601.23594 - 6.1.7601.17514 (win7sp1_rtm.101119-1850)
           Многопользовательская библиотека клиента USER API Windows
[757D0000] C:\Windows\SysWOW64\sechost.dll
           6.1.7601.18869 - 6.1.7600.16385 (win7_rtm.090713-1255)
           Host for SCM/SDDL/LSA Lookup APIs
[757F0000] C:\Windows\syswow64\shell32.dll
           6.1.7601.23893 - 6.1.7601.17514 (win7sp1_rtm.101119-1850)
           Общая библиотека оболочки Windows
[76520000] C:\Windows\syswow64\PSAPI.DLL
           6.1.7600.16385 - 6.1.7600.16385 (win7_rtm.090713-1255)
           Process Status Helper
[766D0000] C:\Windows\syswow64\RPCRT4.dll
           6.1.7601.23889 - 6.1.7600.16385 (win7_rtm.090713-1255)
           Библиотека удаленного вызова процедур
[767C0000] C:\Windows\syswow64\KERNELBASE.dll
           6.1.7601.23889 - 6.1.7601.18015 (win7sp1_gdr.121129-1432)
           Библиотека клиента Windows NT BASE API
[76840000] C:\Windows\syswow64\USP10.dll
           1.626.7601.23894 - 1.0626.7601.23894 (win7sp1_ldr.170816-0600)
           Uniscribe Unicode script processor
[76DF0000] C:\Windows\syswow64\WS2_32.dll
           6.1.7601.23451 - 6.1.7600.16385 (win7_rtm.090713-1255)
           32-разрядная библиотека Windows Socket 2.0
[76E30000] C:\Windows\syswow64\ADVAPI32.dll
           6.1.7601.23889 - 6.1.7601.23889 (win7sp1_ldr.170810-1615)
           Расширенная библиотека API Windows 32
[76F00000] C:\Windows\syswow64\kernel32.dll
           6.1.7601.23889 - 6.1.7601.18015 (win7sp1_gdr.121129-1432)
           Библиотека клиента Windows NT BASE API
[77020000] C:\Windows\syswow64\msvcrt.dll
           7.0.7601.17744 - 7.0.7601.17744 (win7sp1_gdr.111215-1535)
           Windows NT CRT DLL
[770D0000] C:\Windows\syswow64\NSI.dll
           6.1.7601.23889 - 6.1.7601.23889 (win7sp1_ldr.170810-1615)
           NSI User-mode interface DLL
[77110000] C:\Windows\syswow64\LPK.dll
           6.1.7601.23807 - 6.1.7601.23807 (win7sp1_ldr.170512-0600)
           Language Pack
[77120000] C:\Windows\syswow64\ole32.dll
           6.1.7601.23889 - 6.1.7601.23889 (win7sp1_ldr.170810-1615)
           Microsoft OLE для  Windows
[77280000] C:\Windows\syswow64\oleaut32.dll
           6.1.7601.23775 - 6.1.7601.23775
[77320000] C:\Windows\syswow64\MSASN1.dll
           6.1.7601.17514 - 6.1.7601.17514 (win7sp1_rtm.101119-1850)
           ASN.1 Runtime APIs
[77330000] C:\Windows\system32\IMM32.DLL
           6.1.7601.17514 - 6.1.7601.17514 (win7sp1_rtm.101119-1850)
           Multi-User Windows IMM32 API Client DLL
[77390000] C:\Windows\syswow64\MSCTF.dll
           6.1.7601.23572 - 6.1.7600.16385 (win7_rtm.090713-1255)
           Серверная библиотека MSCTF
[775C0000] C:\Windows\syswow64\imagehlp.dll
           6.1.7601.18288 - 6.1.7601.18288 (win7sp1_gdr.131018-1533)
           Windows NT Image Helper
[779F0000] C:\Windows\SysWOW64\ntdll.dll
           6.1.7601.23889 - 6.1.7600.16385 (win7_rtm.090713-1255)
           Системная библиотека NT
------------------------------------------------------------------------------
Active Controls hierarchy:
TJvDBUltimGrid "JvDBUltimGrid1"
TTabSheet "TabSheet1"
TPageControl "PageControl1"
TMainForm "MainForm"
------------------------------------------------------------------------------

==============================================================================
= 09.10.17 19:50:57                                                          =
==============================================================================
There was an error during the execution of this program.
The application might become unstable and even useless.
It's recommended that you save your work and close this application.

'"18' is not a valid floating point value.

------------------------------------------------------------------------------
Exception log with detailed tech info. Generated on 09.10.17 19:50:57.
You may send it to the application vendor, helping him to understand what had happened.
 Application title: Альфа-Склад
 Application file: \\Mac\Home\Yandex.Disk.localized\Проекты\AlphaSklad22\win32\release\AlphaSklad.exe
------------------------------------------------------------------------------
Exception class: EConvertError
Exception message: '"18' is not a valid floating point value.
Exception address: 004248F2
------------------------------------------------------------------------------
Main thread ID = 5700
Exception thread ID = 5700
------------------------------------------------------------------------------
Exception stack
Stack list, generated 09.10.17 19:49:58
[77A10C52]{ntdll.dll   } ZwGetContextThread
------------------------------------------------------------------------------
Call stack for main thread
Stack list, generated 09.10.17 19:50:57
[77A10C52]{ntdll.dll   } ZwGetContextThread
------------------------------------------------------------------------------
System   : Windows 7 Professional, Version: 6.1, Build: 1DB1, "Service Pack 1"
Processor: Intel,       Intel(R) Core(TM) i7-3820QM CPU @ 2.70GHz, 2690 MHz MMX SSE SSE2 SSE3 SSSE3 SSE41 SSE42 64 bits DEP
Memory: 5719; free 848
Display  : 1448x905 pixels, 32 bpp
------------------------------------------------------------------------------
List of loaded modules:
[00400000] \\Mac\Home\Yandex.Disk.localized\Проекты\AlphaSklad22\win32\release\AlphaSklad.exe
           2.0.1.164 - 2.0.1.164
           Альфа-Склад
           Unit versioning information:
             JCL\source\common JclResources.pas 3b835be5ed0d4a7843bd3fc6c63afcdb453a0ce1 2016-01-03 22:33:33 +0100
             JCL\source\common JclBase.pas 9b66a8e055529e92628d7f07e6206dae091a7a02 2015-09-15 14:45:45 +0200
             JCL\source\windows JclWin32.pas d624fd26242bda437c36ce9914c9017e02085ce2 2015-09-21 20:19:08 +0200
             JCL\source\common JclLogic.pas 30b46b307c41c5832a4c12ebc44521872bc2145e 2011-09-02 22:07:50 +0000
             JCL\source\common JclStringConversions.pas 93a4cc6becdf2d5fbe6f5fe87eefab812f92043a 2012-05-16 19:09:59 +0000
             JCL\source\common JclCharsets.pas ab0aae09057fbca94755222b3085d97258b2bfb3 2012-08-14 09:25:52 +0000
             JCL\source\common Jcl8087.pas 30b46b307c41c5832a4c12ebc44521872bc2145e 2011-09-02 22:07:50 +0000
             JCL\source\common JclMath.pas d1d02eca6e23d92b9f966e4df26e7a5344d93437 2016-08-03 17:58:09 +0200
             JCL\source\common JclStreams.pas 60084e97bc6231a2d9017924ccb5f60177948a6f 2015-12-08 15:28:27 +0100
             JCL\source\common JclAnsiStrings.pas 3b3d95fec59fb7893d67103965779163169bea75 2016-08-02 18:03:25 +0200
             JCL\source\windows Snmp.pas 30b46b307c41c5832a4c12ebc44521872bc2145e 2011-09-02 22:07:50 +0000
             JCL\source\windows JclShell.pas 30b46b307c41c5832a4c12ebc44521872bc2145e 2011-09-02 22:07:50 +0000
             JCL\source\common JclIniFiles.pas 30b46b307c41c5832a4c12ebc44521872bc2145e 2011-09-02 22:07:50 +0000
             JCL\source\common JclSysInfo.pas 899ac61c5a68ab020ae47709ff112b5485c22dcd 2017-04-09 17:19:12 +0200
             JCL\source\common JclUnicode.pas 05d17d979f6c11a4dda56a5a68bf6ab4af93fba0 2015-12-10 19:40:22 +0100
             JCL\source\common JclWideStrings.pas 97afd495b06d3f0fbd0ce93cc346cc3bca8cc518 2012-03-04 18:39:47 +0000
             JCL\source\common JclStrings.pas 4ec204493293be0630eafae5d57f49acc1073486 2015-11-15 10:52:32 +0100
             JCL\source\windows JclRegistry.pas 5a26dc1cafb60f4dcaf1e677a6fb03cc30db43b3 2013-05-13 21:15:06 +0200
             JCL\source\common JclSynch.pas d624fd26242bda437c36ce9914c9017e02085ce2 2015-09-21 20:19:08 +0200
             JCL\source\windows JclConsole.pas 63ab8fae95c3353f6e97885a1bf4d5668bb07fc0 2012-02-12 22:30:08 +0000
             JCL\source\common JclSysUtils.pas 3850894d3261136797ba7eeb47bd2dd067198af2 2016-08-07 15:22:52 +0200
             JCL\source\common JclUnitVersioning.pas 07287bcbfadfc74e6fb2d99c09f5924a8f35accb 2012-09-04 14:08:04 +0000
             JCL\source\windows JclSecurity.pas 694e34d55a4b8a9ebcb55ddcc66d392e5e794d01 2013-12-01 22:59:37 +0100
             JCL\source\common JclDateTime.pas 30b46b307c41c5832a4c12ebc44521872bc2145e 2011-09-02 22:07:50 +0000
             JCL\source\common JclFileUtils.pas 14e6d6b003f774b2aab7dda32aa5aa66d67e3f2b 2016-08-03 17:32:24 +0200
             JCL\source\windows JclPeImage.pas a684168eb75d2b6dfd6934eacaa241d72b2d1994 2016-08-06 19:44:28 +0200
             JCL\source\windows JclTD32.pas 14e6d6b003f774b2aab7dda32aa5aa66d67e3f2b 2016-08-03 17:32:24 +0200
             JCL\source\windows JclHookExcept.pas 6b59e4b6afb018f1ad13fea584a434e07ad4158f 2015-08-12 23:29:39 +0200
             JCL\source\windows JclDebug.pas 6c057289f77714033adca27c4cfff2d8109c5311 2016-12-29 17:10:20 +0100
             JCL\source\common JclRTTI.pas 98c7a8c5f24e0171e99a8bd56b932f07915ddbe0 2012-10-28 15:50:32 +0000
             JCL\source\common JclMime.pas 1cfd310cb8dc43be89a0e2319b90c31e078888ce 2016-08-02 20:38:08 +0200
             JCL\source\common JclSimpleXml.pas 88d12f98fcf85d6514bf9362508d2ee7dbe940eb 2016-06-29 20:34:27 +0200
             JCL\source\windows JclMapi.pas 5a26dc1cafb60f4dcaf1e677a6fb03cc30db43b3 2013-05-13 21:15:06 +0200
             JCL\source\common JclUnitVersioningProviders.pas 30b46b307c41c5832a4c12ebc44521872bc2145e 2011-09-02 22:07:50 +0000
[076E0000] C:\Windows\system32\comsvcs.dll
<76DE0000> 2001.12.8531.19062 - 2001.12.8531.19062 (win7sp1_gdr.151111-0600)
           COM+ Services
[14790000] C:\Program Files (x86)\Common Files\System\msadc\msadce.dll
           6.1.7601.17514 - 6.1.7601.17514 (win7sp1_rtm.101119-1850)
           OLE DB Cursor Engine
[1ADF0000] C:\Program Files (x86)\Common Files\System\Ole DB\oledb32.dll
           6.1.7601.17514 - 6.1.7601.17514 (win7sp1_rtm.101119-1850)
           OLE DB Core Services
[1CDE0000] C:\Program Files (x86)\Common Files\System\ado\msado15.dll
           6.1.7601.23789 - 6.1.7601.23789 (win7sp1_ldr.170421-0600)
           ActiveX Data Objects
[41000000] C:\Windows\system32\MSDART.DLL
           6.1.7600.16385 - 6.1.7600.16385 (win7_rtm.090713-1255)
           OLE DB Runtime Routines
[48060000] C:\Program Files (x86)\Microsoft SQL Server\90\Shared\instapi.dll
           2005.90.1399.0 - 2005.090.1399.00
           SQL Server Instance API DLL
[59DA0000] C:\Windows\system32\ATL.DLL
           3.5.2284.0 - 3.05.2284
           ATL Module for Windows XP (Unicode)
[5A950000] C:\Program Files (x86)\Common Files\System\Ole DB\OLEDB32R.DLL
           6.1.7600.16385 - 6.1.7600.16385 (win7_rtm.090713-1255)
           Ресурсы основных служб OLE DB
[5A9F0000] c:\progra~1\yandex\browser\protect\wl_hook.dll
           1.10.778.22 - 1.10.778.22
           Yandex Protect Module
[5CB90000] C:\Program Files (x86)\Common Files\System\msadc\msadcer.dll
           6.1.7600.16385 - 6.1.7600.16385 (win7_rtm.090713-1255)
           OLE DB Cursor Engine Resources
[5DD60000] C:\Program Files (x86)\Common Files\System\ado\msader15.dll
           6.1.7600.16385 - 6.1.7600.16385 (win7_rtm.090713-1255)
           ActiveX Data Objects Resources
[5EF70000] C:\Program Files (x86)\Common Files\microsoft shared\ink\tiptsf.dll
           6.1.7601.18984 - 6.1.7600.16385 (win7_rtm.090713-1255)
           Инфраструктура текстовой службы панели ввода планшетного ПК
[645D0000] C:\Windows\system32\uxtheme.dll
           6.1.7600.16385 - 6.1.7600.16385 (win7_rtm.090713-1255)
           Библиотека тем UxTheme (Microsoft)
[67A50000] C:\Windows\SysWOW64\sqlncli11.dll
           2011.110.6538.0 - 2011.0110.6538.00 ((SQL11_PCU_Main).160507-2234 )
           Microsoft SQL Server Native Client 11.0
[68270000] C:\Windows\system32\netbios.dll
           6.1.7600.16385 - 6.1.7600.16385 (win7_rtm.090713-1255)
           NetBIOS Interface Library
[68280000] C:\Windows\SysWOW64\1049\SQLNCLIR11.RLL
           2011.110.2100.60 - 2011.0110.2100.060 ((SQL11_RTM).120210-1846 )
           Microsoft SQL Server Native Client 11.0
[682D0000] C:\Windows\system32\RESUTILS.DLL
           6.1.7601.17514 - 6.1.7601.17514 (win7sp1_rtm.101119-1850)
           Microsoft Cluster Resource Utility DLL
[682F0000] C:\Windows\system32\CLUSAPI.DLL
           6.1.7601.17514 - 6.1.7600.16385 (win7_rtm.090713-1255)
           Библиотека API кластера
[686D0000] C:\Windows\System32\fwpuclnt.dll
           6.1.7601.18283 - 6.1.7600.16385 (win7_rtm.090713-1255)
           API пользовательского режима FWP/IPsec
[68710000] C:\Windows\system32\rasadhlp.dll
           6.1.7600.16385 - 6.1.7600.16385 (win7_rtm.090713-1255)
           Remote Access AutoDial Helper
[68720000] C:\Windows\system32\DNSAPI.dll
           6.1.7601.17570 - 6.1.7600.16385 (win7_rtm.090713-1255)
           Динамическая библиотека API DNS-клиента
[68770000] C:\Windows\system32\ntdsapi.dll
           6.1.7600.16385 - 6.1.7600.16385 (win7_rtm.090713-1255)
           Active Directory Domain Services API
[68790000] C:\Windows\SysWOW64\msv1_0.DLL
           6.1.7601.23889 - 6.1.7600.16385 (win7_rtm.090713-1255)
           Microsoft Authentication Package v1.0
[687E0000] C:\Windows\system32\cryptdll.dll
           6.1.7600.16385 - 6.1.7600.16385 (win7_rtm.090713-1255)
           Cryptography Manager
[68800000] C:\Windows\SysWOW64\Kerberos.DLL
           6.1.7601.23889 - 6.1.7600.16385 (win7_rtm.090713-1255)
           Пакет безопасности Kerberos
[68890000] C:\Windows\SysWOW64\schannel.dll
           6.1.7601.23889 - 6.1.7601.23889 (win7sp1_ldr.170810-1615)
           TLS / SSL Security Provider
[688E0000] C:\Windows\system32\credssp.dll
           6.1.7601.23889 - 6.1.7601.23889 (win7sp1_ldr.170810-1615)
           Credential Delegation Security Package
[688F0000] C:\Windows\system32\security.dll
           6.1.7600.16385 - 6.1.7600.16385 (win7_rtm.090713-1255)
           Security Support Provider Interface
[6ADB0000] C:\Windows\SysWOW64\bcryptprimitives.dll
           6.1.7601.23451 - 6.1.7601.23451 (win7sp1_ldr.160511-0600)
           Windows Cryptographic Primitives Library
[6ADF0000] C:\Windows\system32\ncrypt.dll
           6.1.7601.23889 - 6.1.7600.16385 (win7_rtm.090713-1255)
           Криптографическая библиотека (Windows)
[6C080000] C:\Windows\system32\bcrypt.dll
           6.1.7601.23889 - 6.1.7601.23889 (win7sp1_ldr.170810-1615)
           Windows Cryptographic Primitives Library (Wow64)
[6C2D0000] C:\Windows\system32\WINSTA.dll
           6.1.7601.18540 - 6.1.7601.18540 (win7sp1_gdr.140716-1508)
           Winstation Library
[6C300000] C:\Windows\system32\oleacc.dll
           7.0.0.0 - 7.0.0.0 (win7sp1_gdr.110826-1504)
           Active Accessibility Core Component
[6C340000] C:\Windows\system32\winspool.drv
           6.1.7601.17514 - 6.1.7600.16385 (win7_rtm.090713-1255)
           Драйвер диспетчера очереди Windows
[6C5A0000] C:\Windows\system32\dwmapi.dll
           6.1.7601.18917 - 6.1.7600.16385 (win7_rtm.090713-1255)
           Интерфейс API диспетчера окон рабочего стола (Майкрософт)
[6C5C0000] C:\Windows\syswow64\dbghelp.dll
           6.1.7601.17514 - 6.1.7601.17514 (win7sp1_rtm.101119-1850)
           Windows Image Helper
[6C6D0000] C:\Windows\System32\wship6.dll
           6.1.7600.16385 - 6.1.7600.16385 (win7_rtm.090713-1255)
           Библиотека DLL помощника Winsock2 (TL/IPv6)
[6C6E0000] C:\Windows\System32\wshtcpip.dll
           6.1.7600.16385 - 6.1.7600.16385 (win7_rtm.090713-1255)
           Библиотека DLL помощника службы Winsock2 (TL/IPv4)
[6C6F0000] C:\Windows\system32\mswsock.dll
           6.1.7601.23451 - 6.1.7600.16385 (win7_rtm.090713-1255)
           Расширение поставщика службы API Microsoft Windows Sockets 2.0
[6C7A0000] C:\Windows\WinSxS\x86_microsoft.windows.common-controls_6595b64144ccf1df_6.0.7601.18837_none_41e855142bd5705d\comctl32.dll
           6.10.7601.18837 - 6.10 (win7_rtm.090713-1255)
           Библиотека элементов управления взаимодействия с пользователем
[6CA60000] C:\Windows\system32\wtsapi32.dll
           6.1.7601.17514 - 6.1.7601.17514 (win7sp1_rtm.101119-1850)
           Windows Remote Desktop Session Host Server SDK APIs
[6CAA0000] C:\Windows\system32\LOGONCLI.DLL
           6.1.7601.17514 - 6.1.7601.17514 (win7sp1_rtm.101119-1850)
           Net Logon Client DLL
[6E6F0000] C:\Windows\system32\winmm.dll
           6.1.7601.17514 - 6.1.7600.16385 (win7_rtm.090713-1255)
           MCI API DLL
[6F400000] C:\Windows\system32\secur32.dll
           6.1.7601.23889 - 6.1.7601.23889 (win7sp1_ldr.170810-1615)
           Security Support Provider Interface
[73540000] C:\Windows\SysWOW64\MSVCR100.dll
           10.0.40219.325 - 10.00.40219.325
           Microsoft® C Runtime Library
[73700000] C:\Windows\WinSxS\x86_microsoft.vc80.crt_1fc8b3b9a1e18e3b_8.0.50727.6229_none_d089f796442de10e\MSVCR80.dll
           8.0.50727.6229 - 8.00.50727.6229
           Microsoft® C Runtime Library
[73840000] C:\Windows\system32\mpr.dll
           6.1.7600.16385 - 6.1.7600.16385 (win7_rtm.090713-1255)
           Библиотека маршрутизации для нескольких служб доступа
[738F0000] C:\Windows\system32\RpcRtRemote.dll
           6.1.7601.17514 - 6.1.7601.17514 (win7sp1_rtm.101119-1850)
           Remote RPC Extension
[73900000] C:\Windows\system32\rsaenh.dll
           6.1.7600.16385 - 6.1.7600.16385 (win7_rtm.090713-1255)
           Microsoft Enhanced Cryptographic Provider
[73940000] C:\Windows\system32\CRYPTSP.dll
           6.1.7601.23471 - 6.1.7601.23471 (win7sp1_ldr.160614-0600)
           Cryptographic Service Provider API
[73A00000] C:\Windows\system32\api-ms-win-core-synch-l1-2-0.DLL
           10.0.10586.788 - 10.0.10586.788 (th2_release_sec.170113-1732)
           ApiSet Stub DLL
[73A10000] C:\Windows\system32\version.dll
           6.1.7600.16385 - 6.1.7600.16385 (win7_rtm.090713-1255)
           Version Checking and File Installation Libraries
[73AD0000] C:\Windows\system32\WINNSI.DLL
           6.1.7601.23889 - 6.1.7601.23889 (win7sp1_ldr.170810-1615)
           Network Store Information RPC interface
[73AE0000] C:\Windows\system32\IPHLPAPI.DLL
           6.1.7601.17514 - 6.1.7600.16385 (win7_rtm.090713-1255)
           IP Helper API
[73D50000] C:\Windows\SysWOW64\wkscli.dll
           6.1.7601.17514 - 6.1.7601.17514 (win7sp1_rtm.101119-1850)
           Workstation Service Client DLL
[73D60000] C:\Windows\SysWOW64\srvcli.dll
           6.1.7601.17514 - 6.1.7601.17514 (win7sp1_rtm.101119-1850)
           Server Service Client DLL
[73D80000] C:\Windows\SysWOW64\netutils.dll
           6.1.7601.17514 - 6.1.7601.17514 (win7sp1_rtm.101119-1850)
           Net Win32 API Helpers DLL
[73D90000] C:\Windows\SysWOW64\NETAPI32.dll
           6.1.7601.17887 - 6.1.7601.17887 (win7sp1_gdr.120704-0720)
           Net Win32 API DLL
[75280000] C:\Windows\syswow64\CRYPTBASE.dll
           6.1.7601.23889 - 6.1.7601.23889 (win7sp1_ldr.170810-1615)
           Base cryptographic API DLL
[75290000] C:\Windows\syswow64\SspiCli.dll
           6.1.7601.23889 - 6.1.7601.23889 (win7sp1_ldr.170810-1615)
           Security Support Provider Interface
[75350000] C:\Windows\syswow64\crypt32.dll
           6.1.7601.23769 - 6.1.7601.23769 (win7sp1_ldr.170412-0600)
           API32 криптографии
[75480000] C:\Windows\syswow64\GDI32.dll
           6.1.7601.23807 - 6.1.7601.23807 (win7sp1_ldr.170512-0600)
           GDI Client DLL
[75540000] C:\Windows\syswow64\comdlg32.dll
           6.1.7601.17514 - 6.1.7600.16385 (win7_rtm.090713-1255)
           Библиотека общих диалоговых окон
[755C0000] C:\Windows\syswow64\SHLWAPI.dll
           6.1.7601.17514 - 6.1.7600.16385 (win7_rtm.090713-1255)
           Библиотека небольших программ оболочки
[75620000] C:\Windows\syswow64\CLBCatQ.DLL
           2001.12.8530.16385 - 2001.12.8530.16385 (win7_rtm.090713-1255)
           COM+ Configuration Catalog
[756C0000] C:\Windows\syswow64\USER32.dll
           6.1.7601.23594 - 6.1.7601.17514 (win7sp1_rtm.101119-1850)
           Многопользовательская библиотека клиента USER API Windows
[757D0000] C:\Windows\SysWOW64\sechost.dll
           6.1.7601.18869 - 6.1.7600.16385 (win7_rtm.090713-1255)
           Host for SCM/SDDL/LSA Lookup APIs
[757F0000] C:\Windows\syswow64\shell32.dll
           6.1.7601.23893 - 6.1.7601.17514 (win7sp1_rtm.101119-1850)
           Общая библиотека оболочки Windows
[76520000] C:\Windows\syswow64\PSAPI.DLL
           6.1.7600.16385 - 6.1.7600.16385 (win7_rtm.090713-1255)
           Process Status Helper
[766D0000] C:\Windows\syswow64\RPCRT4.dll
           6.1.7601.23889 - 6.1.7600.16385 (win7_rtm.090713-1255)
           Библиотека удаленного вызова процедур
[767C0000] C:\Windows\syswow64\KERNELBASE.dll
           6.1.7601.23889 - 6.1.7601.18015 (win7sp1_gdr.121129-1432)
           Библиотека клиента Windows NT BASE API
[76840000] C:\Windows\syswow64\USP10.dll
           1.626.7601.23894 - 1.0626.7601.23894 (win7sp1_ldr.170816-0600)
           Uniscribe Unicode script processor
[76DF0000] C:\Windows\syswow64\WS2_32.dll
           6.1.7601.23451 - 6.1.7600.16385 (win7_rtm.090713-1255)
           32-разрядная библиотека Windows Socket 2.0
[76E30000] C:\Windows\syswow64\ADVAPI32.dll
           6.1.7601.23889 - 6.1.7601.23889 (win7sp1_ldr.170810-1615)
           Расширенная библиотека API Windows 32
[76F00000] C:\Windows\syswow64\kernel32.dll
           6.1.7601.23889 - 6.1.7601.18015 (win7sp1_gdr.121129-1432)
           Библиотека клиента Windows NT BASE API
[77020000] C:\Windows\syswow64\msvcrt.dll
           7.0.7601.17744 - 7.0.7601.17744 (win7sp1_gdr.111215-1535)
           Windows NT CRT DLL
[770D0000] C:\Windows\syswow64\NSI.dll
           6.1.7601.23889 - 6.1.7601.23889 (win7sp1_ldr.170810-1615)
           NSI User-mode interface DLL
[77110000] C:\Windows\syswow64\LPK.dll
           6.1.7601.23807 - 6.1.7601.23807 (win7sp1_ldr.170512-0600)
           Language Pack
[77120000] C:\Windows\syswow64\ole32.dll
           6.1.7601.23889 - 6.1.7601.23889 (win7sp1_ldr.170810-1615)
           Microsoft OLE для  Windows
[77280000] C:\Windows\syswow64\oleaut32.dll
           6.1.7601.23775 - 6.1.7601.23775
[77320000] C:\Windows\syswow64\MSASN1.dll
           6.1.7601.17514 - 6.1.7601.17514 (win7sp1_rtm.101119-1850)
           ASN.1 Runtime APIs
[77330000] C:\Windows\system32\IMM32.DLL
           6.1.7601.17514 - 6.1.7601.17514 (win7sp1_rtm.101119-1850)
           Multi-User Windows IMM32 API Client DLL
[77390000] C:\Windows\syswow64\MSCTF.dll
           6.1.7601.23572 - 6.1.7600.16385 (win7_rtm.090713-1255)
           Серверная библиотека MSCTF
[775C0000] C:\Windows\syswow64\imagehlp.dll
           6.1.7601.18288 - 6.1.7601.18288 (win7sp1_gdr.131018-1533)
           Windows NT Image Helper
[779F0000] C:\Windows\SysWOW64\ntdll.dll
           6.1.7601.23889 - 6.1.7600.16385 (win7_rtm.090713-1255)
           Системная библиотека NT
------------------------------------------------------------------------------
Active Controls hierarchy:
TJvDBUltimGrid "JvDBUltimGrid1"
TTabSheet "TabSheet1"
TPageControl "PageControl1"
TMainForm "MainForm"
------------------------------------------------------------------------------

==============================================================================
= 09.10.17 20:12:51                                                          =
==============================================================================
There was an error during the execution of this program.
The application might become unstable and even useless.
It's recommended that you save your work and close this application.

'1005"' is not a valid floating point value.

------------------------------------------------------------------------------
Exception log with detailed tech info. Generated on 09.10.17 20:12:51.
You may send it to the application vendor, helping him to understand what had happened.
 Application title: Альфа-Склад
 Application file: \\Mac\Home\Yandex.Disk.localized\Проекты\AlphaSklad22\win32\release\AlphaSklad.exe
------------------------------------------------------------------------------
Exception class: EConvertError
Exception message: '1005"' is not a valid floating point value.
Exception address: 004248F2
------------------------------------------------------------------------------
Main thread ID = 4112
Exception thread ID = 4112
------------------------------------------------------------------------------
Call stack for main thread
Stack list, generated 09.10.17 20:12:51
[77A10C52]{ntdll.dll   } ZwGetContextThread
------------------------------------------------------------------------------
System   : Windows 7 Professional, Version: 6.1, Build: 1DB1, "Service Pack 1"
Processor: Intel,       Intel(R) Core(TM) i7-3820QM CPU @ 2.70GHz, 2690 MHz MMX SSE SSE2 SSE3 SSSE3 SSE41 SSE42 64 bits DEP
Memory: 5719; free 912
Display  : 1448x905 pixels, 32 bpp
------------------------------------------------------------------------------
List of loaded modules:
[00400000] \\Mac\Home\Yandex.Disk.localized\Проекты\AlphaSklad22\win32\release\AlphaSklad.exe
           2.0.1.164 - 2.0.1.164
           Альфа-Склад
           Unit versioning information:
             JCL\source\common JclResources.pas 3b835be5ed0d4a7843bd3fc6c63afcdb453a0ce1 2016-01-03 22:33:33 +0100
             JCL\source\common JclBase.pas 9b66a8e055529e92628d7f07e6206dae091a7a02 2015-09-15 14:45:45 +0200
             JCL\source\windows JclWin32.pas d624fd26242bda437c36ce9914c9017e02085ce2 2015-09-21 20:19:08 +0200
             JCL\source\common JclLogic.pas 30b46b307c41c5832a4c12ebc44521872bc2145e 2011-09-02 22:07:50 +0000
             JCL\source\common JclStringConversions.pas 93a4cc6becdf2d5fbe6f5fe87eefab812f92043a 2012-05-16 19:09:59 +0000
             JCL\source\common JclCharsets.pas ab0aae09057fbca94755222b3085d97258b2bfb3 2012-08-14 09:25:52 +0000
             JCL\source\common Jcl8087.pas 30b46b307c41c5832a4c12ebc44521872bc2145e 2011-09-02 22:07:50 +0000
             JCL\source\common JclMath.pas d1d02eca6e23d92b9f966e4df26e7a5344d93437 2016-08-03 17:58:09 +0200
             JCL\source\common JclStreams.pas 60084e97bc6231a2d9017924ccb5f60177948a6f 2015-12-08 15:28:27 +0100
             JCL\source\common JclAnsiStrings.pas 3b3d95fec59fb7893d67103965779163169bea75 2016-08-02 18:03:25 +0200
             JCL\source\windows Snmp.pas 30b46b307c41c5832a4c12ebc44521872bc2145e 2011-09-02 22:07:50 +0000
             JCL\source\windows JclShell.pas 30b46b307c41c5832a4c12ebc44521872bc2145e 2011-09-02 22:07:50 +0000
             JCL\source\common JclIniFiles.pas 30b46b307c41c5832a4c12ebc44521872bc2145e 2011-09-02 22:07:50 +0000
             JCL\source\common JclSysInfo.pas 899ac61c5a68ab020ae47709ff112b5485c22dcd 2017-04-09 17:19:12 +0200
             JCL\source\common JclUnicode.pas 05d17d979f6c11a4dda56a5a68bf6ab4af93fba0 2015-12-10 19:40:22 +0100
             JCL\source\common JclWideStrings.pas 97afd495b06d3f0fbd0ce93cc346cc3bca8cc518 2012-03-04 18:39:47 +0000
             JCL\source\common JclStrings.pas 4ec204493293be0630eafae5d57f49acc1073486 2015-11-15 10:52:32 +0100
             JCL\source\windows JclRegistry.pas 5a26dc1cafb60f4dcaf1e677a6fb03cc30db43b3 2013-05-13 21:15:06 +0200
             JCL\source\common JclSynch.pas d624fd26242bda437c36ce9914c9017e02085ce2 2015-09-21 20:19:08 +0200
             JCL\source\windows JclConsole.pas 63ab8fae95c3353f6e97885a1bf4d5668bb07fc0 2012-02-12 22:30:08 +0000
             JCL\source\common JclSysUtils.pas 3850894d3261136797ba7eeb47bd2dd067198af2 2016-08-07 15:22:52 +0200
             JCL\source\common JclUnitVersioning.pas 07287bcbfadfc74e6fb2d99c09f5924a8f35accb 2012-09-04 14:08:04 +0000
             JCL\source\windows JclSecurity.pas 694e34d55a4b8a9ebcb55ddcc66d392e5e794d01 2013-12-01 22:59:37 +0100
             JCL\source\common JclDateTime.pas 30b46b307c41c5832a4c12ebc44521872bc2145e 2011-09-02 22:07:50 +0000
             JCL\source\common JclFileUtils.pas 14e6d6b003f774b2aab7dda32aa5aa66d67e3f2b 2016-08-03 17:32:24 +0200
             JCL\source\windows JclPeImage.pas a684168eb75d2b6dfd6934eacaa241d72b2d1994 2016-08-06 19:44:28 +0200
             JCL\source\windows JclTD32.pas 14e6d6b003f774b2aab7dda32aa5aa66d67e3f2b 2016-08-03 17:32:24 +0200
             JCL\source\windows JclHookExcept.pas 6b59e4b6afb018f1ad13fea584a434e07ad4158f 2015-08-12 23:29:39 +0200
             JCL\source\windows JclDebug.pas 6c057289f77714033adca27c4cfff2d8109c5311 2016-12-29 17:10:20 +0100
             JCL\source\common JclRTTI.pas 98c7a8c5f24e0171e99a8bd56b932f07915ddbe0 2012-10-28 15:50:32 +0000
             JCL\source\common JclMime.pas 1cfd310cb8dc43be89a0e2319b90c31e078888ce 2016-08-02 20:38:08 +0200
             JCL\source\common JclSimpleXml.pas 88d12f98fcf85d6514bf9362508d2ee7dbe940eb 2016-06-29 20:34:27 +0200
             JCL\source\windows JclMapi.pas 5a26dc1cafb60f4dcaf1e677a6fb03cc30db43b3 2013-05-13 21:15:06 +0200
             JCL\source\common JclUnitVersioningProviders.pas 30b46b307c41c5832a4c12ebc44521872bc2145e 2011-09-02 22:07:50 +0000
[023A0000] C:\Program Files (x86)\Common Files\System\ado\msader15.dll
<013A0000> 6.1.7600.16385 - 6.1.7600.16385 (win7_rtm.090713-1255)
           ActiveX Data Objects Resources
[04E40000] C:\Windows\system32\comsvcs.dll
<76DE0000> 2001.12.8531.19062 - 2001.12.8531.19062 (win7sp1_gdr.151111-0600)
           COM+ Services
[14790000] C:\Program Files (x86)\Common Files\System\msadc\msadce.dll
           6.1.7601.17514 - 6.1.7601.17514 (win7sp1_rtm.101119-1850)
           OLE DB Cursor Engine
[1ADF0000] C:\Program Files (x86)\Common Files\System\Ole DB\oledb32.dll
           6.1.7601.17514 - 6.1.7601.17514 (win7sp1_rtm.101119-1850)
           OLE DB Core Services
[1CDE0000] C:\Program Files (x86)\Common Files\System\ado\msado15.dll
           6.1.7601.23789 - 6.1.7601.23789 (win7sp1_ldr.170421-0600)
           ActiveX Data Objects
[41000000] C:\Windows\system32\MSDART.DLL
           6.1.7600.16385 - 6.1.7600.16385 (win7_rtm.090713-1255)
           OLE DB Runtime Routines
[48060000] C:\Program Files (x86)\Microsoft SQL Server\90\Shared\instapi.dll
           2005.90.1399.0 - 2005.090.1399.00
           SQL Server Instance API DLL
[59DA0000] C:\Windows\system32\ATL.DLL
           3.5.2284.0 - 3.05.2284
           ATL Module for Windows XP (Unicode)
[5A950000] C:\Program Files (x86)\Common Files\System\Ole DB\OLEDB32R.DLL
           6.1.7600.16385 - 6.1.7600.16385 (win7_rtm.090713-1255)
           Ресурсы основных служб OLE DB
[5A9F0000] c:\progra~1\yandex\browser\protect\wl_hook.dll
           1.10.778.22 - 1.10.778.22
           Yandex Protect Module
[5CB90000] C:\Program Files (x86)\Common Files\System\msadc\msadcer.dll
           6.1.7600.16385 - 6.1.7600.16385 (win7_rtm.090713-1255)
           OLE DB Cursor Engine Resources
[5EF70000] C:\Program Files (x86)\Common Files\microsoft shared\ink\tiptsf.dll
           6.1.7601.18984 - 6.1.7600.16385 (win7_rtm.090713-1255)
           Инфраструктура текстовой службы панели ввода планшетного ПК
[645D0000] C:\Windows\system32\uxtheme.dll
           6.1.7600.16385 - 6.1.7600.16385 (win7_rtm.090713-1255)
           Библиотека тем UxTheme (Microsoft)
[67A50000] C:\Windows\SysWOW64\sqlncli11.dll
           2011.110.6538.0 - 2011.0110.6538.00 ((SQL11_PCU_Main).160507-2234 )
           Microsoft SQL Server Native Client 11.0
[68270000] C:\Windows\system32\netbios.dll
           6.1.7600.16385 - 6.1.7600.16385 (win7_rtm.090713-1255)
           NetBIOS Interface Library
[68280000] C:\Windows\SysWOW64\1049\SQLNCLIR11.RLL
           2011.110.2100.60 - 2011.0110.2100.060 ((SQL11_RTM).120210-1846 )
           Microsoft SQL Server Native Client 11.0
[682D0000] C:\Windows\system32\RESUTILS.DLL
           6.1.7601.17514 - 6.1.7601.17514 (win7sp1_rtm.101119-1850)
           Microsoft Cluster Resource Utility DLL
[682F0000] C:\Windows\system32\CLUSAPI.DLL
           6.1.7601.17514 - 6.1.7600.16385 (win7_rtm.090713-1255)
           Библиотека API кластера
[686D0000] C:\Windows\System32\fwpuclnt.dll
           6.1.7601.18283 - 6.1.7600.16385 (win7_rtm.090713-1255)
           API пользовательского режима FWP/IPsec
[68710000] C:\Windows\system32\rasadhlp.dll
           6.1.7600.16385 - 6.1.7600.16385 (win7_rtm.090713-1255)
           Remote Access AutoDial Helper
[68720000] C:\Windows\system32\DNSAPI.dll
           6.1.7601.17570 - 6.1.7600.16385 (win7_rtm.090713-1255)
           Динамическая библиотека API DNS-клиента
[68770000] C:\Windows\system32\ntdsapi.dll
           6.1.7600.16385 - 6.1.7600.16385 (win7_rtm.090713-1255)
           Active Directory Domain Services API
[68790000] C:\Windows\SysWOW64\msv1_0.DLL
           6.1.7601.23889 - 6.1.7600.16385 (win7_rtm.090713-1255)
           Microsoft Authentication Package v1.0
[687E0000] C:\Windows\system32\cryptdll.dll
           6.1.7600.16385 - 6.1.7600.16385 (win7_rtm.090713-1255)
           Cryptography Manager
[68800000] C:\Windows\SysWOW64\Kerberos.DLL
           6.1.7601.23889 - 6.1.7600.16385 (win7_rtm.090713-1255)
           Пакет безопасности Kerberos
[68890000] C:\Windows\SysWOW64\schannel.dll
           6.1.7601.23889 - 6.1.7601.23889 (win7sp1_ldr.170810-1615)
           TLS / SSL Security Provider
[688E0000] C:\Windows\system32\credssp.dll
           6.1.7601.23889 - 6.1.7601.23889 (win7sp1_ldr.170810-1615)
           Credential Delegation Security Package
[688F0000] C:\Windows\system32\security.dll
           6.1.7600.16385 - 6.1.7600.16385 (win7_rtm.090713-1255)
           Security Support Provider Interface
[6ADB0000] C:\Windows\SysWOW64\bcryptprimitives.dll
           6.1.7601.23451 - 6.1.7601.23451 (win7sp1_ldr.160511-0600)
           Windows Cryptographic Primitives Library
[6ADF0000] C:\Windows\system32\ncrypt.dll
           6.1.7601.23889 - 6.1.7600.16385 (win7_rtm.090713-1255)
           Криптографическая библиотека (Windows)
[6C080000] C:\Windows\system32\bcrypt.dll
           6.1.7601.23889 - 6.1.7601.23889 (win7sp1_ldr.170810-1615)
           Windows Cryptographic Primitives Library (Wow64)
[6C2D0000] C:\Windows\system32\WINSTA.dll
           6.1.7601.18540 - 6.1.7601.18540 (win7sp1_gdr.140716-1508)
           Winstation Library
[6C300000] C:\Windows\system32\oleacc.dll
           7.0.0.0 - 7.0.0.0 (win7sp1_gdr.110826-1504)
           Active Accessibility Core Component
[6C340000] C:\Windows\system32\winspool.drv
           6.1.7601.17514 - 6.1.7600.16385 (win7_rtm.090713-1255)
           Драйвер диспетчера очереди Windows
[6C5A0000] C:\Windows\system32\dwmapi.dll
           6.1.7601.18917 - 6.1.7600.16385 (win7_rtm.090713-1255)
           Интерфейс API диспетчера окон рабочего стола (Майкрософт)
[6C5C0000] C:\Windows\syswow64\dbghelp.dll
           6.1.7601.17514 - 6.1.7601.17514 (win7sp1_rtm.101119-1850)
           Windows Image Helper
[6C6D0000] C:\Windows\System32\wship6.dll
           6.1.7600.16385 - 6.1.7600.16385 (win7_rtm.090713-1255)
           Библиотека DLL помощника Winsock2 (TL/IPv6)
[6C6E0000] C:\Windows\System32\wshtcpip.dll
           6.1.7600.16385 - 6.1.7600.16385 (win7_rtm.090713-1255)
           Библиотека DLL помощника службы Winsock2 (TL/IPv4)
[6C6F0000] C:\Windows\system32\mswsock.dll
           6.1.7601.23451 - 6.1.7600.16385 (win7_rtm.090713-1255)
           Расширение поставщика службы API Microsoft Windows Sockets 2.0
[6C7A0000] C:\Windows\WinSxS\x86_microsoft.windows.common-controls_6595b64144ccf1df_6.0.7601.18837_none_41e855142bd5705d\comctl32.dll
           6.10.7601.18837 - 6.10 (win7_rtm.090713-1255)
           Библиотека элементов управления взаимодействия с пользователем
[6CA60000] C:\Windows\system32\wtsapi32.dll
           6.1.7601.17514 - 6.1.7601.17514 (win7sp1_rtm.101119-1850)
           Windows Remote Desktop Session Host Server SDK APIs
[6CAA0000] C:\Windows\system32\LOGONCLI.DLL
           6.1.7601.17514 - 6.1.7601.17514 (win7sp1_rtm.101119-1850)
           Net Logon Client DLL
[6E6F0000] C:\Windows\system32\winmm.dll
           6.1.7601.17514 - 6.1.7600.16385 (win7_rtm.090713-1255)
           MCI API DLL
[6F400000] C:\Windows\system32\secur32.dll
           6.1.7601.23889 - 6.1.7601.23889 (win7sp1_ldr.170810-1615)
           Security Support Provider Interface
[73540000] C:\Windows\SysWOW64\MSVCR100.dll
           10.0.40219.325 - 10.00.40219.325
           Microsoft® C Runtime Library
[73700000] C:\Windows\WinSxS\x86_microsoft.vc80.crt_1fc8b3b9a1e18e3b_8.0.50727.6229_none_d089f796442de10e\MSVCR80.dll
           8.0.50727.6229 - 8.00.50727.6229
           Microsoft® C Runtime Library
[73840000] C:\Windows\system32\mpr.dll
           6.1.7600.16385 - 6.1.7600.16385 (win7_rtm.090713-1255)
           Библиотека маршрутизации для нескольких служб доступа
[738F0000] C:\Windows\system32\RpcRtRemote.dll
           6.1.7601.17514 - 6.1.7601.17514 (win7sp1_rtm.101119-1850)
           Remote RPC Extension
[73900000] C:\Windows\system32\rsaenh.dll
           6.1.7600.16385 - 6.1.7600.16385 (win7_rtm.090713-1255)
           Microsoft Enhanced Cryptographic Provider
[73940000] C:\Windows\system32\CRYPTSP.dll
           6.1.7601.23471 - 6.1.7601.23471 (win7sp1_ldr.160614-0600)
           Cryptographic Service Provider API
[73A00000] C:\Windows\system32\api-ms-win-core-synch-l1-2-0.DLL
           10.0.10586.788 - 10.0.10586.788 (th2_release_sec.170113-1732)
           ApiSet Stub DLL
[73A10000] C:\Windows\system32\version.dll
           6.1.7600.16385 - 6.1.7600.16385 (win7_rtm.090713-1255)
           Version Checking and File Installation Libraries
[73AD0000] C:\Windows\system32\WINNSI.DLL
           6.1.7601.23889 - 6.1.7601.23889 (win7sp1_ldr.170810-1615)
           Network Store Information RPC interface
[73AE0000] C:\Windows\system32\IPHLPAPI.DLL
           6.1.7601.17514 - 6.1.7600.16385 (win7_rtm.090713-1255)
           IP Helper API
[73D50000] C:\Windows\SysWOW64\wkscli.dll
           6.1.7601.17514 - 6.1.7601.17514 (win7sp1_rtm.101119-1850)
           Workstation Service Client DLL
[73D60000] C:\Windows\SysWOW64\srvcli.dll
           6.1.7601.17514 - 6.1.7601.17514 (win7sp1_rtm.101119-1850)
           Server Service Client DLL
[73D80000] C:\Windows\SysWOW64\netutils.dll
           6.1.7601.17514 - 6.1.7601.17514 (win7sp1_rtm.101119-1850)
           Net Win32 API Helpers DLL
[73D90000] C:\Windows\SysWOW64\NETAPI32.dll
           6.1.7601.17887 - 6.1.7601.17887 (win7sp1_gdr.120704-0720)
           Net Win32 API DLL
[75280000] C:\Windows\syswow64\CRYPTBASE.dll
           6.1.7601.23889 - 6.1.7601.23889 (win7sp1_ldr.170810-1615)
           Base cryptographic API DLL
[75290000] C:\Windows\syswow64\SspiCli.dll
           6.1.7601.23889 - 6.1.7601.23889 (win7sp1_ldr.170810-1615)
           Security Support Provider Interface
[75350000] C:\Windows\syswow64\crypt32.dll
           6.1.7601.23769 - 6.1.7601.23769 (win7sp1_ldr.170412-0600)
           API32 криптографии
[75480000] C:\Windows\syswow64\GDI32.dll
           6.1.7601.23807 - 6.1.7601.23807 (win7sp1_ldr.170512-0600)
           GDI Client DLL
[75540000] C:\Windows\syswow64\comdlg32.dll
           6.1.7601.17514 - 6.1.7600.16385 (win7_rtm.090713-1255)
           Библиотека общих диалоговых окон
[755C0000] C:\Windows\syswow64\SHLWAPI.dll
           6.1.7601.17514 - 6.1.7600.16385 (win7_rtm.090713-1255)
           Библиотека небольших программ оболочки
[75620000] C:\Windows\syswow64\CLBCatQ.DLL
           2001.12.8530.16385 - 2001.12.8530.16385 (win7_rtm.090713-1255)
           COM+ Configuration Catalog
[756C0000] C:\Windows\syswow64\USER32.dll
           6.1.7601.23594 - 6.1.7601.17514 (win7sp1_rtm.101119-1850)
           Многопользовательская библиотека клиента USER API Windows
[757D0000] C:\Windows\SysWOW64\sechost.dll
           6.1.7601.18869 - 6.1.7600.16385 (win7_rtm.090713-1255)
           Host for SCM/SDDL/LSA Lookup APIs
[757F0000] C:\Windows\syswow64\shell32.dll
           6.1.7601.23893 - 6.1.7601.17514 (win7sp1_rtm.101119-1850)
           Общая библиотека оболочки Windows
[76520000] C:\Windows\syswow64\PSAPI.DLL
           6.1.7600.16385 - 6.1.7600.16385 (win7_rtm.090713-1255)
           Process Status Helper
[766D0000] C:\Windows\syswow64\RPCRT4.dll
           6.1.7601.23889 - 6.1.7600.16385 (win7_rtm.090713-1255)
           Библиотека удаленного вызова процедур
[767C0000] C:\Windows\syswow64\KERNELBASE.dll
           6.1.7601.23889 - 6.1.7601.18015 (win7sp1_gdr.121129-1432)
           Библиотека клиента Windows NT BASE API
[76840000] C:\Windows\syswow64\USP10.dll
           1.626.7601.23894 - 1.0626.7601.23894 (win7sp1_ldr.170816-0600)
           Uniscribe Unicode script processor
[76DF0000] C:\Windows\syswow64\WS2_32.dll
           6.1.7601.23451 - 6.1.7600.16385 (win7_rtm.090713-1255)
           32-разрядная библиотека Windows Socket 2.0
[76E30000] C:\Windows\syswow64\ADVAPI32.dll
           6.1.7601.23889 - 6.1.7601.23889 (win7sp1_ldr.170810-1615)
           Расширенная библиотека API Windows 32
[76F00000] C:\Windows\syswow64\kernel32.dll
           6.1.7601.23889 - 6.1.7601.18015 (win7sp1_gdr.121129-1432)
           Библиотека клиента Windows NT BASE API
[77020000] C:\Windows\syswow64\msvcrt.dll
           7.0.7601.17744 - 7.0.7601.17744 (win7sp1_gdr.111215-1535)
           Windows NT CRT DLL
[770D0000] C:\Windows\syswow64\NSI.dll
           6.1.7601.23889 - 6.1.7601.23889 (win7sp1_ldr.170810-1615)
           NSI User-mode interface DLL
[77110000] C:\Windows\syswow64\LPK.dll
           6.1.7601.23807 - 6.1.7601.23807 (win7sp1_ldr.170512-0600)
           Language Pack
[77120000] C:\Windows\syswow64\ole32.dll
           6.1.7601.23889 - 6.1.7601.23889 (win7sp1_ldr.170810-1615)
           Microsoft OLE для  Windows
[77280000] C:\Windows\syswow64\oleaut32.dll
           6.1.7601.23775 - 6.1.7601.23775
[77320000] C:\Windows\syswow64\MSASN1.dll
           6.1.7601.17514 - 6.1.7601.17514 (win7sp1_rtm.101119-1850)
           ASN.1 Runtime APIs
[77330000] C:\Windows\system32\IMM32.DLL
           6.1.7601.17514 - 6.1.7601.17514 (win7sp1_rtm.101119-1850)
           Multi-User Windows IMM32 API Client DLL
[77390000] C:\Windows\syswow64\MSCTF.dll
           6.1.7601.23572 - 6.1.7600.16385 (win7_rtm.090713-1255)
           Серверная библиотека MSCTF
[775C0000] C:\Windows\syswow64\imagehlp.dll
           6.1.7601.18288 - 6.1.7601.18288 (win7sp1_gdr.131018-1533)
           Windows NT Image Helper
[779F0000] C:\Windows\SysWOW64\ntdll.dll
           6.1.7601.23889 - 6.1.7600.16385 (win7_rtm.090713-1255)
           Системная библиотека NT
------------------------------------------------------------------------------
Active Controls hierarchy:
TJvDBUltimGrid "JvDBUltimGrid1"
TTabSheet "TabSheet1"
TPageControl "PageControl1"
TMainForm "MainForm"
------------------------------------------------------------------------------
